[ 2018-01-17T18:20:02+08:00 ] 115.216.15.245 /test/index.php/Active/adver_cert_sort.html
INFO: [ app_init ] --START--
INFO: Run Behavior\BuildLiteBehavior [ RunTime:0.000010s ]
INFO: [ app_init ] --END-- [ RunTime:0.000272s ]
ERR: 无法加载模块:Active

[ 2018-01-17T18:20:09+08:00 ] 115.216.15.245 /test/index.php/Active/adver_cert_sort.html
INFO: [ app_init ] --START--
INFO: Run Behavior\BuildLiteBehavior [ RunTime:0.000009s ]
INFO: [ app_init ] --END-- [ RunTime:0.000208s ]
ERR: 无法加载模块:Active

[ 2018-01-17T18:20:31+08:00 ] 115.216.15.245 /test/index.php/Active/adver_cert_sort.html
INFO: [ app_init ] --START--
INFO: Run Behavior\BuildLiteBehavior [ RunTime:0.000009s ]
INFO: [ app_init ] --END-- [ RunTime:0.000222s ]
ERR: 无法加载模块:Active

[ 2018-01-17T18:21:22+08:00 ] 115.216.15.245 /test/index.php/Active/adver_cert_sort.html
INFO: [ app_init ] --START--
INFO: Run Behavior\BuildLiteBehavior [ RunTime:0.000010s ]
INFO: [ app_init ] --END-- [ RunTime:0.000209s ]
ERR: 无法加载模块:Active

