[ 2018-01-03T22:36:21+08:00 ] 60.255.39.8 /test/index.php/Activity/MobileList/getloanh5?jsoncallback=jsonp2
INFO: [ app_init ] --START--
INFO: Run Behavior\BuildLiteBehavior [ RunTime:0.000008s ]
INFO: [ app_init ] --END-- [ RunTime:0.000203s ]
INFO: [ app_begin ] --START--
INFO: Run Behavior\ReadHtmlCacheBehavior [ RunTime:0.000276s ]
INFO: [ app_begin ] --END-- [ RunTime:0.000309s ]
SQL: SHOW COLUMNS FROM `dy_coupon_loan` [ RunTime:0.0004s ]
SQL: SELECT * FROM dy_coupon_loan a INNER JOIN dy_coupon_loancate b on a.cate=b.id   [ RunTime:0.0002s ]
INFO: [ app_end ] --START--
INFO: Run Behavior\ShowPageTraceBehavior [ RunTime:0.000298s ]
INFO: [ app_end ] --END-- [ RunTime:0.000335s ]

[ 2018-01-03T22:36:59+08:00 ] 223.104.186.3 /test/index.php/Activity/MobileList/getcardh5?jsoncallback=jsonp1
INFO: [ app_init ] --START--
INFO: Run Behavior\BuildLiteBehavior [ RunTime:0.000009s ]
INFO: [ app_init ] --END-- [ RunTime:0.000215s ]
INFO: [ app_begin ] --START--
INFO: Run Behavior\ReadHtmlCacheBehavior [ RunTime:0.000275s ]
INFO: [ app_begin ] --END-- [ RunTime:0.000306s ]
SQL: SHOW COLUMNS FROM `dy_coupon_card` [ RunTime:0.0005s ]
SQL: SELECT * FROM `dy_coupon_card` ORDER BY handlingtime desc LIMIT 3   [ RunTime:0.0002s ]
INFO: [ app_end ] --START--
INFO: Run Behavior\ShowPageTraceBehavior [ RunTime:0.000299s ]
INFO: [ app_end ] --END-- [ RunTime:0.000332s ]

[ 2018-01-03T22:36:59+08:00 ] 223.104.186.3 /test/index.php/Activity/MobileList/getloanh5?jsoncallback=jsonp2
INFO: [ app_init ] --START--
INFO: Run Behavior\BuildLiteBehavior [ RunTime:0.000007s ]
INFO: [ app_init ] --END-- [ RunTime:0.000204s ]
INFO: [ app_begin ] --START--
INFO: Run Behavior\ReadHtmlCacheBehavior [ RunTime:0.000268s ]
INFO: [ app_begin ] --END-- [ RunTime:0.000302s ]
SQL: SHOW COLUMNS FROM `dy_coupon_loan` [ RunTime:0.0004s ]
SQL: SELECT * FROM dy_coupon_loan a INNER JOIN dy_coupon_loancate b on a.cate=b.id   [ RunTime:0.0002s ]
INFO: [ app_end ] --START--
INFO: Run Behavior\ShowPageTraceBehavior [ RunTime:0.000321s ]
INFO: [ app_end ] --END-- [ RunTime:0.000357s ]

[ 2018-01-03T22:41:49+08:00 ] 112.17.244.104 /test/index.php/Activity/MobileList/getcardh5?jsoncallback=jsonp1
INFO: [ app_init ] --START--
INFO: Run Behavior\BuildLiteBehavior [ RunTime:0.000010s ]
INFO: [ app_init ] --END-- [ RunTime:0.000224s ]
INFO: [ app_begin ] --START--
INFO: Run Behavior\ReadHtmlCacheBehavior [ RunTime:0.000321s ]
INFO: [ app_begin ] --END-- [ RunTime:0.000358s ]
SQL: SHOW COLUMNS FROM `dy_coupon_card` [ RunTime:0.0005s ]
SQL: SELECT * FROM `dy_coupon_card` ORDER BY handlingtime desc LIMIT 3   [ RunTime:0.0002s ]
INFO: [ app_end ] --START--
INFO: Run Behavior\ShowPageTraceBehavior [ RunTime:0.000307s ]
INFO: [ app_end ] --END-- [ RunTime:0.000341s ]

[ 2018-01-03T22:41:49+08:00 ] 112.17.244.104 /test/index.php/Activity/MobileList/getloanh5?jsoncallback=jsonp2
INFO: [ app_init ] --START--
INFO: Run Behavior\BuildLiteBehavior [ RunTime:0.000009s ]
INFO: [ app_init ] --END-- [ RunTime:0.000221s ]
INFO: [ app_begin ] --START--
INFO: Run Behavior\ReadHtmlCacheBehavior [ RunTime:0.000266s ]
INFO: [ app_begin ] --END-- [ RunTime:0.000296s ]
SQL: SHOW COLUMNS FROM `dy_coupon_loan` [ RunTime:0.0005s ]
SQL: SELECT * FROM dy_coupon_loan a INNER JOIN dy_coupon_loancate b on a.cate=b.id   [ RunTime:0.0003s ]
INFO: [ app_end ] --START--
INFO: Run Behavior\ShowPageTraceBehavior [ RunTime:0.000295s ]
INFO: [ app_end ] --END-- [ RunTime:0.000331s ]

[ 2018-01-03T22:42:06+08:00 ] 101.247.213.68 /test/index.php/Activity/MobileList/getloanh5?jsoncallback=jsonp2
INFO: [ app_init ] --START--
INFO: Run Behavior\BuildLiteBehavior [ RunTime:0.000008s ]
INFO: [ app_init ] --END-- [ RunTime:0.000227s ]
INFO: [ app_begin ] --START--
INFO: Run Behavior\ReadHtmlCacheBehavior [ RunTime:0.000287s ]
INFO: [ app_begin ] --END-- [ RunTime:0.000322s ]
SQL: SHOW COLUMNS FROM `dy_coupon_loan` [ RunTime:0.0004s ]
SQL: SELECT * FROM dy_coupon_loan a INNER JOIN dy_coupon_loancate b on a.cate=b.id   [ RunTime:0.0003s ]
INFO: [ app_end ] --START--
INFO: Run Behavior\ShowPageTraceBehavior [ RunTime:0.000315s ]
INFO: [ app_end ] --END-- [ RunTime:0.000355s ]

[ 2018-01-03T22:42:06+08:00 ] 101.247.213.68 /test/index.php/Activity/MobileList/getcardh5?jsoncallback=jsonp1
INFO: [ app_init ] --START--
INFO: Run Behavior\BuildLiteBehavior [ RunTime:0.000011s ]
INFO: [ app_init ] --END-- [ RunTime:0.000233s ]
INFO: [ app_begin ] --START--
INFO: Run Behavior\ReadHtmlCacheBehavior [ RunTime:0.000276s ]
INFO: [ app_begin ] --END-- [ RunTime:0.000318s ]
SQL: SHOW COLUMNS FROM `dy_coupon_card` [ RunTime:0.0007s ]
SQL: SELECT * FROM `dy_coupon_card` ORDER BY handlingtime desc LIMIT 3   [ RunTime:0.0025s ]
INFO: [ app_end ] --START--
INFO: Run Behavior\ShowPageTraceBehavior [ RunTime:0.000333s ]
INFO: [ app_end ] --END-- [ RunTime:0.000373s ]

[ 2018-01-03T22:42:23+08:00 ] 120.239.123.25 /test/index.php/Activity/MobileList/getcardh5?jsoncallback=jsonp1
INFO: [ app_init ] --START--
INFO: Run Behavior\BuildLiteBehavior [ RunTime:0.000008s ]
INFO: [ app_init ] --END-- [ RunTime:0.000198s ]
INFO: [ app_begin ] --START--
INFO: Run Behavior\ReadHtmlCacheBehavior [ RunTime:0.000274s ]
INFO: [ app_begin ] --END-- [ RunTime:0.000305s ]
SQL: SHOW COLUMNS FROM `dy_coupon_card` [ RunTime:0.0005s ]
SQL: SELECT * FROM `dy_coupon_card` ORDER BY handlingtime desc LIMIT 3   [ RunTime:0.0011s ]
INFO: [ app_end ] --START--
INFO: Run Behavior\ShowPageTraceBehavior [ RunTime:0.000317s ]
INFO: [ app_end ] --END-- [ RunTime:0.000354s ]

[ 2018-01-03T22:42:23+08:00 ] 120.239.123.25 /test/index.php/Activity/MobileList/getloanh5?jsoncallback=jsonp2
INFO: [ app_init ] --START--
INFO: Run Behavior\BuildLiteBehavior [ RunTime:0.000012s ]
INFO: [ app_init ] --END-- [ RunTime:0.000267s ]
INFO: [ app_begin ] --START--
INFO: Run Behavior\ReadHtmlCacheBehavior [ RunTime:0.000294s ]
INFO: [ app_begin ] --END-- [ RunTime:0.000331s ]
SQL: SHOW COLUMNS FROM `dy_coupon_loan` [ RunTime:0.0004s ]
SQL: SELECT * FROM dy_coupon_loan a INNER JOIN dy_coupon_loancate b on a.cate=b.id   [ RunTime:0.0019s ]
INFO: [ app_end ] --START--
INFO: Run Behavior\ShowPageTraceBehavior [ RunTime:0.000349s ]
INFO: [ app_end ] --END-- [ RunTime:0.000394s ]

[ 2018-01-03T22:43:35+08:00 ] 111.50.105.99 /test/index.php/Activity/MobileList/getcardh5?jsoncallback=jsonp1
INFO: [ app_init ] --START--
INFO: Run Behavior\BuildLiteBehavior [ RunTime:0.000010s ]
INFO: [ app_init ] --END-- [ RunTime:0.000237s ]
INFO: [ app_begin ] --START--
INFO: Run Behavior\ReadHtmlCacheBehavior [ RunTime:0.000347s ]
INFO: [ app_begin ] --END-- [ RunTime:0.000379s ]
SQL: SHOW COLUMNS FROM `dy_coupon_card` [ RunTime:0.0006s ]
SQL: SELECT * FROM `dy_coupon_card` ORDER BY handlingtime desc LIMIT 3   [ RunTime:0.0002s ]
INFO: [ app_end ] --START--
INFO: Run Behavior\ShowPageTraceBehavior [ RunTime:0.000336s ]
INFO: [ app_end ] --END-- [ RunTime:0.000373s ]

[ 2018-01-03T22:43:35+08:00 ] 111.50.105.99 /test/index.php/Activity/MobileList/getloanh5?jsoncallback=jsonp2
INFO: [ app_init ] --START--
INFO: Run Behavior\BuildLiteBehavior [ RunTime:0.000008s ]
INFO: [ app_init ] --END-- [ RunTime:0.000207s ]
INFO: [ app_begin ] --START--
INFO: Run Behavior\ReadHtmlCacheBehavior [ RunTime:0.000296s ]
INFO: [ app_begin ] --END-- [ RunTime:0.000331s ]
SQL: SHOW COLUMNS FROM `dy_coupon_loan` [ RunTime:0.0004s ]
SQL: SELECT * FROM dy_coupon_loan a INNER JOIN dy_coupon_loancate b on a.cate=b.id   [ RunTime:0.0003s ]
INFO: [ app_end ] --START--
INFO: Run Behavior\ShowPageTraceBehavior [ RunTime:0.000300s ]
INFO: [ app_end ] --END-- [ RunTime:0.000338s ]

[ 2018-01-03T22:50:52+08:00 ] 221.13.63.24 /test/index.php/Activity/MobileList/getcardh5?jsoncallback=jsonp1
INFO: [ app_init ] --START--
INFO: Run Behavior\BuildLiteBehavior [ RunTime:0.000011s ]
INFO: [ app_init ] --END-- [ RunTime:0.000252s ]
INFO: [ app_begin ] --START--
INFO: Run Behavior\ReadHtmlCacheBehavior [ RunTime:0.000320s ]
INFO: [ app_begin ] --END-- [ RunTime:0.000355s ]
SQL: SHOW COLUMNS FROM `dy_coupon_card` [ RunTime:0.0005s ]
SQL: SELECT * FROM `dy_coupon_card` ORDER BY handlingtime desc LIMIT 3   [ RunTime:0.0002s ]
INFO: [ app_end ] --START--
INFO: Run Behavior\ShowPageTraceBehavior [ RunTime:0.000296s ]
INFO: [ app_end ] --END-- [ RunTime:0.000329s ]

[ 2018-01-03T22:50:52+08:00 ] 221.13.63.24 /test/index.php/Activity/MobileList/getloanh5?jsoncallback=jsonp2
INFO: [ app_init ] --START--
INFO: Run Behavior\BuildLiteBehavior [ RunTime:0.000008s ]
INFO: [ app_init ] --END-- [ RunTime:0.000223s ]
INFO: [ app_begin ] --START--
INFO: Run Behavior\ReadHtmlCacheBehavior [ RunTime:0.000291s ]
INFO: [ app_begin ] --END-- [ RunTime:0.000325s ]
SQL: SHOW COLUMNS FROM `dy_coupon_loan` [ RunTime:0.0004s ]
SQL: SELECT * FROM dy_coupon_loan a INNER JOIN dy_coupon_loancate b on a.cate=b.id   [ RunTime:0.0002s ]
INFO: [ app_end ] --START--
INFO: Run Behavior\ShowPageTraceBehavior [ RunTime:0.000313s ]
INFO: [ app_end ] --END-- [ RunTime:0.000353s ]

[ 2018-01-03T22:52:45+08:00 ] 211.161.114.220 /test/index.php/Activity/MobileList/getcardh5?jsoncallback=jsonp1
INFO: [ app_init ] --START--
INFO: Run Behavior\BuildLiteBehavior [ RunTime:0.000010s ]
INFO: [ app_init ] --END-- [ RunTime:0.000234s ]
INFO: [ app_begin ] --START--
INFO: Run Behavior\ReadHtmlCacheBehavior [ RunTime:0.000267s ]
INFO: [ app_begin ] --END-- [ RunTime:0.000299s ]
SQL: SHOW COLUMNS FROM `dy_coupon_card` [ RunTime:0.0006s ]
SQL: SELECT * FROM `dy_coupon_card` ORDER BY handlingtime desc LIMIT 3   [ RunTime:0.0002s ]
INFO: [ app_end ] --START--
INFO: Run Behavior\ShowPageTraceBehavior [ RunTime:0.000330s ]
INFO: [ app_end ] --END-- [ RunTime:0.000367s ]

[ 2018-01-03T22:52:45+08:00 ] 211.161.114.220 /test/index.php/Activity/MobileList/getloanh5?jsoncallback=jsonp2
INFO: [ app_init ] --START--
INFO: Run Behavior\BuildLiteBehavior [ RunTime:0.000011s ]
INFO: [ app_init ] --END-- [ RunTime:0.000261s ]
INFO: [ app_begin ] --START--
INFO: Run Behavior\ReadHtmlCacheBehavior [ RunTime:0.000344s ]
INFO: [ app_begin ] --END-- [ RunTime:0.000381s ]
SQL: SHOW COLUMNS FROM `dy_coupon_loan` [ RunTime:0.0005s ]
SQL: SELECT * FROM dy_coupon_loan a INNER JOIN dy_coupon_loancate b on a.cate=b.id   [ RunTime:0.0003s ]
INFO: [ app_end ] --START--
INFO: Run Behavior\ShowPageTraceBehavior [ RunTime:0.000307s ]
INFO: [ app_end ] --END-- [ RunTime:0.000345s ]

[ 2018-01-03T22:53:48+08:00 ] 223.104.95.122 /test/index.php/Activity/MobileList/getcardh5?jsoncallback=jsonp1
INFO: [ app_init ] --START--
INFO: Run Behavior\BuildLiteBehavior [ RunTime:0.000011s ]
INFO: [ app_init ] --END-- [ RunTime:0.000241s ]
INFO: [ app_begin ] --START--
INFO: Run Behavior\ReadHtmlCacheBehavior [ RunTime:0.000275s ]
INFO: [ app_begin ] --END-- [ RunTime:0.000310s ]
SQL: SHOW COLUMNS FROM `dy_coupon_card` [ RunTime:0.0006s ]
SQL: SELECT * FROM `dy_coupon_card` ORDER BY handlingtime desc LIMIT 3   [ RunTime:0.0002s ]
INFO: [ app_end ] --START--
INFO: Run Behavior\ShowPageTraceBehavior [ RunTime:0.000309s ]
INFO: [ app_end ] --END-- [ RunTime:0.000361s ]

[ 2018-01-03T22:53:48+08:00 ] 223.104.95.122 /test/index.php/Activity/MobileList/getloanh5?jsoncallback=jsonp2
INFO: [ app_init ] --START--
INFO: Run Behavior\BuildLiteBehavior [ RunTime:0.000010s ]
INFO: [ app_init ] --END-- [ RunTime:0.000236s ]
INFO: [ app_begin ] --START--
INFO: Run Behavior\ReadHtmlCacheBehavior [ RunTime:0.000277s ]
INFO: [ app_begin ] --END-- [ RunTime:0.000310s ]
SQL: SHOW COLUMNS FROM `dy_coupon_loan` [ RunTime:0.0005s ]
SQL: SELECT * FROM dy_coupon_loan a INNER JOIN dy_coupon_loancate b on a.cate=b.id   [ RunTime:0.0003s ]
INFO: [ app_end ] --START--
INFO: Run Behavior\ShowPageTraceBehavior [ RunTime:0.000303s ]
INFO: [ app_end ] --END-- [ RunTime:0.000344s ]

[ 2018-01-03T22:54:55+08:00 ] 223.12.96.15 /test/index.php/Activity/MobileList/getcardh5?jsoncallback=jsonp1
INFO: [ app_init ] --START--
INFO: Run Behavior\BuildLiteBehavior [ RunTime:0.000011s ]
INFO: [ app_init ] --END-- [ RunTime:0.000243s ]
INFO: [ app_begin ] --START--
INFO: Run Behavior\ReadHtmlCacheBehavior [ RunTime:0.000318s ]
INFO: [ app_begin ] --END-- [ RunTime:0.000351s ]
SQL: SHOW COLUMNS FROM `dy_coupon_card` [ RunTime:0.0006s ]
SQL: SELECT * FROM `dy_coupon_card` ORDER BY handlingtime desc LIMIT 3   [ RunTime:0.0002s ]
INFO: [ app_end ] --START--
INFO: Run Behavior\ShowPageTraceBehavior [ RunTime:0.000340s ]
INFO: [ app_end ] --END-- [ RunTime:0.000383s ]

[ 2018-01-03T22:54:55+08:00 ] 223.12.96.15 /test/index.php/Activity/MobileList/getloanh5?jsoncallback=jsonp2
INFO: [ app_init ] --START--
INFO: Run Behavior\BuildLiteBehavior [ RunTime:0.000009s ]
INFO: [ app_init ] --END-- [ RunTime:0.000213s ]
INFO: [ app_begin ] --START--
INFO: Run Behavior\ReadHtmlCacheBehavior [ RunTime:0.000262s ]
INFO: [ app_begin ] --END-- [ RunTime:0.000291s ]
SQL: SHOW COLUMNS FROM `dy_coupon_loan` [ RunTime:0.0005s ]
SQL: SELECT * FROM dy_coupon_loan a INNER JOIN dy_coupon_loancate b on a.cate=b.id   [ RunTime:0.0002s ]
INFO: [ app_end ] --START--
INFO: Run Behavior\ShowPageTraceBehavior [ RunTime:0.000318s ]
INFO: [ app_end ] --END-- [ RunTime:0.000354s ]

[ 2018-01-03T23:04:25+08:00 ] 45.115.218.28 /test/index.php/Activity/MobileList/getcardh5?jsoncallback=jsonp1
INFO: [ app_init ] --START--
INFO: Run Behavior\BuildLiteBehavior [ RunTime:0.000009s ]
INFO: [ app_init ] --END-- [ RunTime:0.000218s ]
INFO: [ app_begin ] --START--
INFO: Run Behavior\ReadHtmlCacheBehavior [ RunTime:0.000270s ]
INFO: [ app_begin ] --END-- [ RunTime:0.000317s ]
SQL: SHOW COLUMNS FROM `dy_coupon_card` [ RunTime:0.0006s ]
SQL: SELECT * FROM `dy_coupon_card` ORDER BY handlingtime desc LIMIT 3   [ RunTime:0.0002s ]
INFO: [ app_end ] --START--
INFO: Run Behavior\ShowPageTraceBehavior [ RunTime:0.000317s ]
INFO: [ app_end ] --END-- [ RunTime:0.000353s ]

[ 2018-01-03T23:04:25+08:00 ] 45.115.218.28 /test/index.php/Activity/MobileList/getloanh5?jsoncallback=jsonp2
INFO: [ app_init ] --START--
INFO: Run Behavior\BuildLiteBehavior [ RunTime:0.000008s ]
INFO: [ app_init ] --END-- [ RunTime:0.000211s ]
INFO: [ app_begin ] --START--
INFO: Run Behavior\ReadHtmlCacheBehavior [ RunTime:0.000266s ]
INFO: [ app_begin ] --END-- [ RunTime:0.000298s ]
SQL: SHOW COLUMNS FROM `dy_coupon_loan` [ RunTime:0.0004s ]
SQL: SELECT * FROM dy_coupon_loan a INNER JOIN dy_coupon_loancate b on a.cate=b.id   [ RunTime:0.0002s ]
INFO: [ app_end ] --START--
INFO: Run Behavior\ShowPageTraceBehavior [ RunTime:0.000285s ]
INFO: [ app_end ] --END-- [ RunTime:0.000319s ]

[ 2018-01-03T23:04:25+08:00 ] 45.115.218.28 /test/index.php/Activity/MobileList/getcardh5?jsoncallback=jsonp1
INFO: [ app_init ] --START--
INFO: Run Behavior\BuildLiteBehavior [ RunTime:0.000010s ]
INFO: [ app_init ] --END-- [ RunTime:0.000236s ]
INFO: [ app_begin ] --START--
INFO: Run Behavior\ReadHtmlCacheBehavior [ RunTime:0.000308s ]
INFO: [ app_begin ] --END-- [ RunTime:0.000344s ]
SQL: SHOW COLUMNS FROM `dy_coupon_card` [ RunTime:0.0006s ]
SQL: SELECT * FROM `dy_coupon_card` ORDER BY handlingtime desc LIMIT 3   [ RunTime:0.0010s ]
INFO: [ app_end ] --START--
INFO: Run Behavior\ShowPageTraceBehavior [ RunTime:0.000351s ]
INFO: [ app_end ] --END-- [ RunTime:0.000396s ]

[ 2018-01-03T23:04:25+08:00 ] 45.115.218.28 /test/index.php/Activity/MobileList/getloanh5?jsoncallback=jsonp2
INFO: [ app_init ] --START--
INFO: Run Behavior\BuildLiteBehavior [ RunTime:0.000010s ]
INFO: [ app_init ] --END-- [ RunTime:0.000215s ]
INFO: [ app_begin ] --START--
INFO: Run Behavior\ReadHtmlCacheBehavior [ RunTime:0.000281s ]
INFO: [ app_begin ] --END-- [ RunTime:0.000327s ]
SQL: SHOW COLUMNS FROM `dy_coupon_loan` [ RunTime:0.0004s ]
SQL: SELECT * FROM dy_coupon_loan a INNER JOIN dy_coupon_loancate b on a.cate=b.id   [ RunTime:0.0022s ]
INFO: [ app_end ] --START--
INFO: Run Behavior\ShowPageTraceBehavior [ RunTime:0.000337s ]
INFO: [ app_end ] --END-- [ RunTime:0.000377s ]

[ 2018-01-03T23:04:41+08:00 ] 59.66.32.94 /test/index.php/Activity/MobileList/getcardh5?jsoncallback=jsonp1
INFO: [ app_init ] --START--
INFO: Run Behavior\BuildLiteBehavior [ RunTime:0.000016s ]
INFO: [ app_init ] --END-- [ RunTime:0.000346s ]
INFO: [ app_begin ] --START--
INFO: Run Behavior\ReadHtmlCacheBehavior [ RunTime:0.000407s ]
INFO: [ app_begin ] --END-- [ RunTime:0.000453s ]
SQL: SHOW COLUMNS FROM `dy_coupon_card` [ RunTime:0.0008s ]
SQL: SELECT * FROM `dy_coupon_card` ORDER BY handlingtime desc LIMIT 3   [ RunTime:0.0003s ]
INFO: [ app_end ] --START--
INFO: Run Behavior\ShowPageTraceBehavior [ RunTime:0.000503s ]
INFO: [ app_end ] --END-- [ RunTime:0.000561s ]

[ 2018-01-03T23:04:41+08:00 ] 59.66.32.94 /test/index.php/Activity/MobileList/getloanh5?jsoncallback=jsonp2
INFO: [ app_init ] --START--
INFO: Run Behavior\BuildLiteBehavior [ RunTime:0.000013s ]
INFO: [ app_init ] --END-- [ RunTime:0.000390s ]
INFO: [ app_begin ] --START--
INFO: Run Behavior\ReadHtmlCacheBehavior [ RunTime:0.000389s ]
INFO: [ app_begin ] --END-- [ RunTime:0.000448s ]
SQL: SHOW COLUMNS FROM `dy_coupon_loan` [ RunTime:0.0007s ]
SQL: SELECT * FROM dy_coupon_loan a INNER JOIN dy_coupon_loancate b on a.cate=b.id   [ RunTime:0.0004s ]
INFO: [ app_end ] --START--
INFO: Run Behavior\ShowPageTraceBehavior [ RunTime:0.000501s ]
INFO: [ app_end ] --END-- [ RunTime:0.000557s ]

[ 2018-01-03T23:06:15+08:00 ] 103.85.144.169 /test/index.php/Activity/MobileList/getcardh5?jsoncallback=jsonp1
INFO: [ app_init ] --START--
INFO: Run Behavior\BuildLiteBehavior [ RunTime:0.000010s ]
INFO: [ app_init ] --END-- [ RunTime:0.000219s ]
INFO: [ app_begin ] --START--
INFO: Run Behavior\ReadHtmlCacheBehavior [ RunTime:0.000290s ]
INFO: [ app_begin ] --END-- [ RunTime:0.000323s ]
SQL: SHOW COLUMNS FROM `dy_coupon_card` [ RunTime:0.0006s ]
SQL: SELECT * FROM `dy_coupon_card` ORDER BY handlingtime desc LIMIT 3   [ RunTime:0.0002s ]
INFO: [ app_end ] --START--
INFO: Run Behavior\ShowPageTraceBehavior [ RunTime:0.000330s ]
INFO: [ app_end ] --END-- [ RunTime:0.000364s ]

[ 2018-01-03T23:06:15+08:00 ] 103.85.144.169 /test/index.php/Activity/MobileList/getloanh5?jsoncallback=jsonp2
INFO: [ app_init ] --START--
INFO: Run Behavior\BuildLiteBehavior [ RunTime:0.000008s ]
INFO: [ app_init ] --END-- [ RunTime:0.000204s ]
INFO: [ app_begin ] --START--
INFO: Run Behavior\ReadHtmlCacheBehavior [ RunTime:0.000272s ]
INFO: [ app_begin ] --END-- [ RunTime:0.000304s ]
SQL: SHOW COLUMNS FROM `dy_coupon_loan` [ RunTime:0.0005s ]
SQL: SELECT * FROM dy_coupon_loan a INNER JOIN dy_coupon_loancate b on a.cate=b.id   [ RunTime:0.0003s ]
INFO: [ app_end ] --START--
INFO: Run Behavior\ShowPageTraceBehavior [ RunTime:0.000297s ]
INFO: [ app_end ] --END-- [ RunTime:0.000335s ]

[ 2018-01-03T23:11:01+08:00 ] 223.11.21.15 /test/index.php/Activity/MobileList/getcardh5?jsoncallback=jsonp1
INFO: [ app_init ] --START--
INFO: Run Behavior\BuildLiteBehavior [ RunTime:0.000010s ]
INFO: [ app_init ] --END-- [ RunTime:0.000245s ]
INFO: [ app_begin ] --START--
INFO: Run Behavior\ReadHtmlCacheBehavior [ RunTime:0.000279s ]
INFO: [ app_begin ] --END-- [ RunTime:0.000314s ]
SQL: SHOW COLUMNS FROM `dy_coupon_card` [ RunTime:0.0006s ]
SQL: SELECT * FROM `dy_coupon_card` ORDER BY handlingtime desc LIMIT 3   [ RunTime:0.0003s ]
INFO: [ app_end ] --START--
INFO: Run Behavior\ShowPageTraceBehavior [ RunTime:0.000313s ]
INFO: [ app_end ] --END-- [ RunTime:0.000349s ]

[ 2018-01-03T23:11:01+08:00 ] 223.11.21.15 /test/index.php/Activity/MobileList/getloanh5?jsoncallback=jsonp2
INFO: [ app_init ] --START--
INFO: Run Behavior\BuildLiteBehavior [ RunTime:0.000013s ]
INFO: [ app_init ] --END-- [ RunTime:0.000331s ]
INFO: [ app_begin ] --START--
INFO: Run Behavior\ReadHtmlCacheBehavior [ RunTime:0.000452s ]
INFO: [ app_begin ] --END-- [ RunTime:0.000512s ]
SQL: SHOW COLUMNS FROM `dy_coupon_loan` [ RunTime:0.0008s ]
SQL: SELECT * FROM dy_coupon_loan a INNER JOIN dy_coupon_loancate b on a.cate=b.id   [ RunTime:0.0004s ]
INFO: [ app_end ] --START--
INFO: Run Behavior\ShowPageTraceBehavior [ RunTime:0.000450s ]
INFO: [ app_end ] --END-- [ RunTime:0.000508s ]

[ 2018-01-03T23:13:35+08:00 ] 110.231.5.119 /test/index.php/Activity/MobileList/getcardh5?jsoncallback=jsonp1
INFO: [ app_init ] --START--
INFO: Run Behavior\BuildLiteBehavior [ RunTime:0.000010s ]
INFO: [ app_init ] --END-- [ RunTime:0.000234s ]
INFO: [ app_begin ] --START--
INFO: Run Behavior\ReadHtmlCacheBehavior [ RunTime:0.000264s ]
INFO: [ app_begin ] --END-- [ RunTime:0.000294s ]
SQL: SHOW COLUMNS FROM `dy_coupon_card` [ RunTime:0.0006s ]
SQL: SELECT * FROM `dy_coupon_card` ORDER BY handlingtime desc LIMIT 3   [ RunTime:0.0002s ]
INFO: [ app_end ] --START--
INFO: Run Behavior\ShowPageTraceBehavior [ RunTime:0.000331s ]
INFO: [ app_end ] --END-- [ RunTime:0.000365s ]

[ 2018-01-03T23:13:35+08:00 ] 110.231.5.119 /test/index.php/Activity/MobileList/getloanh5?jsoncallback=jsonp2
INFO: [ app_init ] --START--
INFO: Run Behavior\BuildLiteBehavior [ RunTime:0.000009s ]
INFO: [ app_init ] --END-- [ RunTime:0.000207s ]
INFO: [ app_begin ] --START--
INFO: Run Behavior\ReadHtmlCacheBehavior [ RunTime:0.000254s ]
INFO: [ app_begin ] --END-- [ RunTime:0.000284s ]
SQL: SHOW COLUMNS FROM `dy_coupon_loan` [ RunTime:0.0005s ]
SQL: SELECT * FROM dy_coupon_loan a INNER JOIN dy_coupon_loancate b on a.cate=b.id   [ RunTime:0.0003s ]
INFO: [ app_end ] --START--
INFO: Run Behavior\ShowPageTraceBehavior [ RunTime:0.000294s ]
INFO: [ app_end ] --END-- [ RunTime:0.000328s ]

[ 2018-01-03T23:14:02+08:00 ] 117.136.46.198 /test/index.php/Activity/MobileList/getcardh5?jsoncallback=jsonp1
INFO: [ app_init ] --START--
INFO: Run Behavior\BuildLiteBehavior [ RunTime:0.000010s ]
INFO: [ app_init ] --END-- [ RunTime:0.000225s ]
INFO: [ app_begin ] --START--
INFO: Run Behavior\ReadHtmlCacheBehavior [ RunTime:0.000259s ]
INFO: [ app_begin ] --END-- [ RunTime:0.000289s ]
SQL: SHOW COLUMNS FROM `dy_coupon_card` [ RunTime:0.0006s ]
SQL: SELECT * FROM `dy_coupon_card` ORDER BY handlingtime desc LIMIT 3   [ RunTime:0.0002s ]
INFO: [ app_end ] --START--
INFO: Run Behavior\ShowPageTraceBehavior [ RunTime:0.000319s ]
INFO: [ app_end ] --END-- [ RunTime:0.000350s ]

[ 2018-01-03T23:14:02+08:00 ] 117.136.46.198 /test/index.php/Activity/MobileList/getloanh5?jsoncallback=jsonp2
INFO: [ app_init ] --START--
INFO: Run Behavior\BuildLiteBehavior [ RunTime:0.000009s ]
INFO: [ app_init ] --END-- [ RunTime:0.000213s ]
INFO: [ app_begin ] --START--
INFO: Run Behavior\ReadHtmlCacheBehavior [ RunTime:0.000284s ]
INFO: [ app_begin ] --END-- [ RunTime:0.000317s ]
SQL: SHOW COLUMNS FROM `dy_coupon_loan` [ RunTime:0.0005s ]
SQL: SELECT * FROM dy_coupon_loan a INNER JOIN dy_coupon_loancate b on a.cate=b.id   [ RunTime:0.0003s ]
INFO: [ app_end ] --START--
INFO: Run Behavior\ShowPageTraceBehavior [ RunTime:0.000303s ]
INFO: [ app_end ] --END-- [ RunTime:0.000353s ]

[ 2018-01-03T23:14:27+08:00 ] 110.231.5.119 /test/index.php/Activity/MobileList/getcardh5?jsoncallback=jsonp1
INFO: [ app_init ] --START--
INFO: Run Behavior\BuildLiteBehavior [ RunTime:0.000010s ]
INFO: [ app_init ] --END-- [ RunTime:0.000234s ]
INFO: [ app_begin ] --START--
INFO: Run Behavior\ReadHtmlCacheBehavior [ RunTime:0.000293s ]
INFO: [ app_begin ] --END-- [ RunTime:0.000324s ]
SQL: SHOW COLUMNS FROM `dy_coupon_card` [ RunTime:0.0081s ]
SQL: SELECT * FROM `dy_coupon_card` ORDER BY handlingtime desc LIMIT 3   [ RunTime:0.0002s ]
INFO: [ app_end ] --START--
INFO: Run Behavior\ShowPageTraceBehavior [ RunTime:0.000320s ]
INFO: [ app_end ] --END-- [ RunTime:0.000364s ]

[ 2018-01-03T23:14:28+08:00 ] 110.231.5.119 /test/index.php/Activity/MobileList/getloanh5?jsoncallback=jsonp2
INFO: [ app_init ] --START--
INFO: Run Behavior\BuildLiteBehavior [ RunTime:0.000008s ]
INFO: [ app_init ] --END-- [ RunTime:0.000194s ]
INFO: [ app_begin ] --START--
INFO: Run Behavior\ReadHtmlCacheBehavior [ RunTime:0.000327s ]
INFO: [ app_begin ] --END-- [ RunTime:0.000358s ]
SQL: SHOW COLUMNS FROM `dy_coupon_loan` [ RunTime:0.0004s ]
SQL: SELECT * FROM dy_coupon_loan a INNER JOIN dy_coupon_loancate b on a.cate=b.id   [ RunTime:0.0002s ]
INFO: [ app_end ] --START--
INFO: Run Behavior\ShowPageTraceBehavior [ RunTime:0.000295s ]
INFO: [ app_end ] --END-- [ RunTime:0.000330s ]

[ 2018-01-03T23:18:52+08:00 ] 110.231.5.119 /test/index.php/Activity/MobileList/getcardh5?jsoncallback=jsonp1
INFO: [ app_init ] --START--
INFO: Run Behavior\BuildLiteBehavior [ RunTime:0.000010s ]
INFO: [ app_init ] --END-- [ RunTime:0.000207s ]
INFO: [ app_begin ] --START--
INFO: Run Behavior\ReadHtmlCacheBehavior [ RunTime:0.000281s ]
INFO: [ app_begin ] --END-- [ RunTime:0.000321s ]
SQL: SHOW COLUMNS FROM `dy_coupon_card` [ RunTime:0.0005s ]
SQL: SELECT * FROM `dy_coupon_card` ORDER BY handlingtime desc LIMIT 3   [ RunTime:0.0002s ]
INFO: [ app_end ] --START--
INFO: Run Behavior\ShowPageTraceBehavior [ RunTime:0.000297s ]
INFO: [ app_end ] --END-- [ RunTime:0.000332s ]

[ 2018-01-03T23:18:52+08:00 ] 110.231.5.119 /test/index.php/Activity/MobileList/getloanh5?jsoncallback=jsonp2
INFO: [ app_init ] --START--
INFO: Run Behavior\BuildLiteBehavior [ RunTime:0.000008s ]
INFO: [ app_init ] --END-- [ RunTime:0.000229s ]
INFO: [ app_begin ] --START--
INFO: Run Behavior\ReadHtmlCacheBehavior [ RunTime:0.000292s ]
INFO: [ app_begin ] --END-- [ RunTime:0.000323s ]
SQL: SHOW COLUMNS FROM `dy_coupon_loan` [ RunTime:0.0005s ]
SQL: SELECT * FROM dy_coupon_loan a INNER JOIN dy_coupon_loancate b on a.cate=b.id   [ RunTime:0.0003s ]
INFO: [ app_end ] --START--
INFO: Run Behavior\ShowPageTraceBehavior [ RunTime:0.000306s ]
INFO: [ app_end ] --END-- [ RunTime:0.000340s ]

[ 2018-01-03T23:24:53+08:00 ] 223.11.21.15 /test/index.php/Activity/MobileList/getcardh5?jsoncallback=jsonp1
INFO: [ app_init ] --START--
INFO: Run Behavior\BuildLiteBehavior [ RunTime:0.000011s ]
INFO: [ app_init ] --END-- [ RunTime:0.000251s ]
INFO: [ app_begin ] --START--
INFO: Run Behavior\ReadHtmlCacheBehavior [ RunTime:0.000282s ]
INFO: [ app_begin ] --END-- [ RunTime:0.000315s ]
SQL: SHOW COLUMNS FROM `dy_coupon_card` [ RunTime:0.0006s ]
SQL: SELECT * FROM `dy_coupon_card` ORDER BY handlingtime desc LIMIT 3   [ RunTime:0.0002s ]
INFO: [ app_end ] --START--
INFO: Run Behavior\ShowPageTraceBehavior [ RunTime:0.000300s ]
INFO: [ app_end ] --END-- [ RunTime:0.000341s ]

[ 2018-01-03T23:24:53+08:00 ] 223.11.21.15 /test/index.php/Activity/MobileList/getloanh5?jsoncallback=jsonp2
INFO: [ app_init ] --START--
INFO: Run Behavior\BuildLiteBehavior [ RunTime:0.000008s ]
INFO: [ app_init ] --END-- [ RunTime:0.000208s ]
INFO: [ app_begin ] --START--
INFO: Run Behavior\ReadHtmlCacheBehavior [ RunTime:0.000281s ]
INFO: [ app_begin ] --END-- [ RunTime:0.000315s ]
SQL: SHOW COLUMNS FROM `dy_coupon_loan` [ RunTime:0.0004s ]
SQL: SELECT * FROM dy_coupon_loan a INNER JOIN dy_coupon_loancate b on a.cate=b.id   [ RunTime:0.0003s ]
INFO: [ app_end ] --START--
INFO: Run Behavior\ShowPageTraceBehavior [ RunTime:0.000287s ]
INFO: [ app_end ] --END-- [ RunTime:0.000324s ]

[ 2018-01-03T23:25:11+08:00 ] 123.132.142.174 /test/index.php/Activity/MobileList/getcardh5?jsoncallback=jsonp1
INFO: [ app_init ] --START--
INFO: Run Behavior\BuildLiteBehavior [ RunTime:0.000012s ]
INFO: [ app_init ] --END-- [ RunTime:0.000254s ]
INFO: [ app_begin ] --START--
INFO: Run Behavior\ReadHtmlCacheBehavior [ RunTime:0.000314s ]
INFO: [ app_begin ] --END-- [ RunTime:0.000350s ]
SQL: SHOW COLUMNS FROM `dy_coupon_card` [ RunTime:0.0006s ]
SQL: SELECT * FROM `dy_coupon_card` ORDER BY handlingtime desc LIMIT 3   [ RunTime:0.0002s ]
INFO: [ app_end ] --START--
INFO: Run Behavior\ShowPageTraceBehavior [ RunTime:0.000352s ]
INFO: [ app_end ] --END-- [ RunTime:0.000397s ]

[ 2018-01-03T23:25:11+08:00 ] 123.132.142.174 /test/index.php/Activity/MobileList/getloanh5?jsoncallback=jsonp2
INFO: [ app_init ] --START--
INFO: Run Behavior\BuildLiteBehavior [ RunTime:0.000010s ]
INFO: [ app_init ] --END-- [ RunTime:0.000233s ]
INFO: [ app_begin ] --START--
INFO: Run Behavior\ReadHtmlCacheBehavior [ RunTime:0.000306s ]
INFO: [ app_begin ] --END-- [ RunTime:0.000342s ]
SQL: SHOW COLUMNS FROM `dy_coupon_loan` [ RunTime:0.0004s ]
SQL: SELECT * FROM dy_coupon_loan a INNER JOIN dy_coupon_loancate b on a.cate=b.id   [ RunTime:0.0003s ]
INFO: [ app_end ] --START--
INFO: Run Behavior\ShowPageTraceBehavior [ RunTime:0.000361s ]
INFO: [ app_end ] --END-- [ RunTime:0.000404s ]

[ 2018-01-03T23:25:17+08:00 ] 223.104.14.77 /test/index.php/Activity/MobileList/getcardh5?jsoncallback=jsonp1
INFO: [ app_init ] --START--
INFO: Run Behavior\BuildLiteBehavior [ RunTime:0.000010s ]
INFO: [ app_init ] --END-- [ RunTime:0.000245s ]
INFO: [ app_begin ] --START--
INFO: Run Behavior\ReadHtmlCacheBehavior [ RunTime:0.000281s ]
INFO: [ app_begin ] --END-- [ RunTime:0.000321s ]
SQL: SHOW COLUMNS FROM `dy_coupon_card` [ RunTime:0.0006s ]
SQL: SELECT * FROM `dy_coupon_card` ORDER BY handlingtime desc LIMIT 3   [ RunTime:0.0002s ]
INFO: [ app_end ] --START--
INFO: Run Behavior\ShowPageTraceBehavior [ RunTime:0.000342s ]
INFO: [ app_end ] --END-- [ RunTime:0.000380s ]

[ 2018-01-03T23:25:17+08:00 ] 223.104.14.77 /test/index.php/Activity/MobileList/getloanh5?jsoncallback=jsonp2
INFO: [ app_init ] --START--
INFO: Run Behavior\BuildLiteBehavior [ RunTime:0.000009s ]
INFO: [ app_init ] --END-- [ RunTime:0.000218s ]
INFO: [ app_begin ] --START--
INFO: Run Behavior\ReadHtmlCacheBehavior [ RunTime:0.000278s ]
INFO: [ app_begin ] --END-- [ RunTime:0.000312s ]
SQL: SHOW COLUMNS FROM `dy_coupon_loan` [ RunTime:0.0004s ]
SQL: SELECT * FROM dy_coupon_loan a INNER JOIN dy_coupon_loancate b on a.cate=b.id   [ RunTime:0.0003s ]
INFO: [ app_end ] --START--
INFO: Run Behavior\ShowPageTraceBehavior [ RunTime:0.000330s ]
INFO: [ app_end ] --END-- [ RunTime:0.000369s ]

[ 2018-01-03T23:28:36+08:00 ] 123.245.146.78 /test/index.php/Activity/MobileList/getcardh5?jsoncallback=jsonp1
INFO: [ app_init ] --START--
INFO: Run Behavior\BuildLiteBehavior [ RunTime:0.000011s ]
INFO: [ app_init ] --END-- [ RunTime:0.000250s ]
INFO: [ app_begin ] --START--
INFO: Run Behavior\ReadHtmlCacheBehavior [ RunTime:0.000293s ]
INFO: [ app_begin ] --END-- [ RunTime:0.000341s ]
SQL: SHOW COLUMNS FROM `dy_coupon_card` [ RunTime:0.0006s ]
SQL: SELECT * FROM `dy_coupon_card` ORDER BY handlingtime desc LIMIT 3   [ RunTime:0.0002s ]
INFO: [ app_end ] --START--
INFO: Run Behavior\ShowPageTraceBehavior [ RunTime:0.000307s ]
INFO: [ app_end ] --END-- [ RunTime:0.000351s ]

[ 2018-01-03T23:28:36+08:00 ] 123.245.148.78 /test/index.php/Activity/MobileList/getloanh5?jsoncallback=jsonp2
INFO: [ app_init ] --START--
INFO: Run Behavior\BuildLiteBehavior [ RunTime:0.000008s ]
INFO: [ app_init ] --END-- [ RunTime:0.000211s ]
INFO: [ app_begin ] --START--
INFO: Run Behavior\ReadHtmlCacheBehavior [ RunTime:0.000309s ]
INFO: [ app_begin ] --END-- [ RunTime:0.000340s ]
SQL: SHOW COLUMNS FROM `dy_coupon_loan` [ RunTime:0.0004s ]
SQL: SELECT * FROM dy_coupon_loan a INNER JOIN dy_coupon_loancate b on a.cate=b.id   [ RunTime:0.0002s ]
INFO: [ app_end ] --START--
INFO: Run Behavior\ShowPageTraceBehavior [ RunTime:0.000311s ]
INFO: [ app_end ] --END-- [ RunTime:0.000345s ]

[ 2018-01-03T23:28:44+08:00 ] 123.245.146.78 /test/index.php/Activity/MobileList/getcardh5?jsoncallback=jsonp1
INFO: [ app_init ] --START--
INFO: Run Behavior\BuildLiteBehavior [ RunTime:0.000013s ]
INFO: [ app_init ] --END-- [ RunTime:0.000286s ]
INFO: [ app_begin ] --START--
INFO: Run Behavior\ReadHtmlCacheBehavior [ RunTime:0.000289s ]
INFO: [ app_begin ] --END-- [ RunTime:0.000324s ]
SQL: SHOW COLUMNS FROM `dy_coupon_card` [ RunTime:0.0006s ]
SQL: SELECT * FROM `dy_coupon_card` ORDER BY handlingtime desc LIMIT 3   [ RunTime:0.0002s ]
INFO: [ app_end ] --START--
INFO: Run Behavior\ShowPageTraceBehavior [ RunTime:0.000301s ]
INFO: [ app_end ] --END-- [ RunTime:0.000346s ]

[ 2018-01-03T23:28:44+08:00 ] 123.245.148.78 /test/index.php/Activity/MobileList/getloanh5?jsoncallback=jsonp2
INFO: [ app_init ] --START--
INFO: Run Behavior\BuildLiteBehavior [ RunTime:0.000008s ]
INFO: [ app_init ] --END-- [ RunTime:0.000203s ]
INFO: [ app_begin ] --START--
INFO: Run Behavior\ReadHtmlCacheBehavior [ RunTime:0.000307s ]
INFO: [ app_begin ] --END-- [ RunTime:0.000340s ]
SQL: SHOW COLUMNS FROM `dy_coupon_loan` [ RunTime:0.0005s ]
SQL: SELECT * FROM dy_coupon_loan a INNER JOIN dy_coupon_loancate b on a.cate=b.id   [ RunTime:0.0003s ]
INFO: [ app_end ] --START--
INFO: Run Behavior\ShowPageTraceBehavior [ RunTime:0.000312s ]
INFO: [ app_end ] --END-- [ RunTime:0.000349s ]

[ 2018-01-03T23:28:55+08:00 ] 117.177.204.253 /test/index.php/Activity/MobileList/getcardh5?jsoncallback=jsonp1
INFO: [ app_init ] --START--
INFO: Run Behavior\BuildLiteBehavior [ RunTime:0.000011s ]
INFO: [ app_init ] --END-- [ RunTime:0.000226s ]
INFO: [ app_begin ] --START--
INFO: Run Behavior\ReadHtmlCacheBehavior [ RunTime:0.000295s ]
INFO: [ app_begin ] --END-- [ RunTime:0.000329s ]
SQL: SHOW COLUMNS FROM `dy_coupon_card` [ RunTime:0.0006s ]
SQL: SELECT * FROM `dy_coupon_card` ORDER BY handlingtime desc LIMIT 3   [ RunTime:0.0002s ]
INFO: [ app_end ] --START--
INFO: Run Behavior\ShowPageTraceBehavior [ RunTime:0.000318s ]
INFO: [ app_end ] --END-- [ RunTime:0.000354s ]

[ 2018-01-03T23:28:55+08:00 ] 117.177.204.253 /test/index.php/Activity/MobileList/getloanh5?jsoncallback=jsonp2
INFO: [ app_init ] --START--
INFO: Run Behavior\BuildLiteBehavior [ RunTime:0.000010s ]
INFO: [ app_init ] --END-- [ RunTime:0.000214s ]
INFO: [ app_begin ] --START--
INFO: Run Behavior\ReadHtmlCacheBehavior [ RunTime:0.000292s ]
INFO: [ app_begin ] --END-- [ RunTime:0.000325s ]
SQL: SHOW COLUMNS FROM `dy_coupon_loan` [ RunTime:0.0005s ]
SQL: SELECT * FROM dy_coupon_loan a INNER JOIN dy_coupon_loancate b on a.cate=b.id   [ RunTime:0.0003s ]
INFO: [ app_end ] --START--
INFO: Run Behavior\ShowPageTraceBehavior [ RunTime:0.000307s ]
INFO: [ app_end ] --END-- [ RunTime:0.000344s ]

[ 2018-01-03T23:38:12+08:00 ] 117.132.63.69 /test/index.php/Activity/MobileList/getloanh5?jsoncallback=jsonp2
INFO: [ app_init ] --START--
INFO: Run Behavior\BuildLiteBehavior [ RunTime:0.000009s ]
INFO: [ app_init ] --END-- [ RunTime:0.000205s ]
INFO: [ app_begin ] --START--
INFO: Run Behavior\ReadHtmlCacheBehavior [ RunTime:0.000260s ]
INFO: [ app_begin ] --END-- [ RunTime:0.000291s ]
SQL: SHOW COLUMNS FROM `dy_coupon_loan` [ RunTime:0.0005s ]
SQL: SELECT * FROM dy_coupon_loan a INNER JOIN dy_coupon_loancate b on a.cate=b.id   [ RunTime:0.0003s ]
INFO: [ app_end ] --START--
INFO: Run Behavior\ShowPageTraceBehavior [ RunTime:0.000298s ]
INFO: [ app_end ] --END-- [ RunTime:0.000336s ]

[ 2018-01-03T23:38:12+08:00 ] 117.132.63.69 /test/index.php/Activity/MobileList/getcardh5?jsoncallback=jsonp1
INFO: [ app_init ] --START--
INFO: Run Behavior\BuildLiteBehavior [ RunTime:0.000009s ]
INFO: [ app_init ] --END-- [ RunTime:0.000205s ]
INFO: [ app_begin ] --START--
INFO: Run Behavior\ReadHtmlCacheBehavior [ RunTime:0.000275s ]
INFO: [ app_begin ] --END-- [ RunTime:0.000319s ]
SQL: SHOW COLUMNS FROM `dy_coupon_card` [ RunTime:0.0005s ]
SQL: SELECT * FROM `dy_coupon_card` ORDER BY handlingtime desc LIMIT 3   [ RunTime:0.0002s ]
INFO: [ app_end ] --START--
INFO: Run Behavior\ShowPageTraceBehavior [ RunTime:0.000309s ]
INFO: [ app_end ] --END-- [ RunTime:0.000343s ]

[ 2018-01-03T23:38:24+08:00 ] 112.40.87.120 /test/index.php/Activity/MobileList/getcardh5?jsoncallback=jsonp1
INFO: [ app_init ] --START--
INFO: Run Behavior\BuildLiteBehavior [ RunTime:0.000012s ]
INFO: [ app_init ] --END-- [ RunTime:0.000261s ]
INFO: [ app_begin ] --START--
INFO: Run Behavior\ReadHtmlCacheBehavior [ RunTime:0.000299s ]
INFO: [ app_begin ] --END-- [ RunTime:0.000333s ]
SQL: SHOW COLUMNS FROM `dy_coupon_card` [ RunTime:0.0006s ]
SQL: SELECT * FROM `dy_coupon_card` ORDER BY handlingtime desc LIMIT 3   [ RunTime:0.0002s ]
INFO: [ app_end ] --START--
INFO: Run Behavior\ShowPageTraceBehavior [ RunTime:0.000306s ]
INFO: [ app_end ] --END-- [ RunTime:0.000348s ]

[ 2018-01-03T23:38:24+08:00 ] 112.40.87.120 /test/index.php/Activity/MobileList/getloanh5?jsoncallback=jsonp2
INFO: [ app_init ] --START--
INFO: Run Behavior\BuildLiteBehavior [ RunTime:0.000010s ]
INFO: [ app_init ] --END-- [ RunTime:0.000243s ]
INFO: [ app_begin ] --START--
INFO: Run Behavior\ReadHtmlCacheBehavior [ RunTime:0.000276s ]
INFO: [ app_begin ] --END-- [ RunTime:0.000309s ]
SQL: SHOW COLUMNS FROM `dy_coupon_loan` [ RunTime:0.0004s ]
SQL: SELECT * FROM dy_coupon_loan a INNER JOIN dy_coupon_loancate b on a.cate=b.id   [ RunTime:0.0002s ]
INFO: [ app_end ] --START--
INFO: Run Behavior\ShowPageTraceBehavior [ RunTime:0.000326s ]
INFO: [ app_end ] --END-- [ RunTime:0.000363s ]

[ 2018-01-03T23:40:58+08:00 ] 223.12.96.15 /test/index.php/Activity/MobileList/getcardh5?jsoncallback=jsonp1
INFO: [ app_init ] --START--
INFO: Run Behavior\BuildLiteBehavior [ RunTime:0.000010s ]
INFO: [ app_init ] --END-- [ RunTime:0.000218s ]
INFO: [ app_begin ] --START--
INFO: Run Behavior\ReadHtmlCacheBehavior [ RunTime:0.000294s ]
INFO: [ app_begin ] --END-- [ RunTime:0.000328s ]
SQL: SHOW COLUMNS FROM `dy_coupon_card` [ RunTime:0.0006s ]
SQL: SELECT * FROM `dy_coupon_card` ORDER BY handlingtime desc LIMIT 3   [ RunTime:0.0003s ]
INFO: [ app_end ] --START--
INFO: Run Behavior\ShowPageTraceBehavior [ RunTime:0.000335s ]
INFO: [ app_end ] --END-- [ RunTime:0.000372s ]

[ 2018-01-03T23:40:58+08:00 ] 223.12.96.15 /test/index.php/Activity/MobileList/getloanh5?jsoncallback=jsonp2
INFO: [ app_init ] --START--
INFO: Run Behavior\BuildLiteBehavior [ RunTime:0.000009s ]
INFO: [ app_init ] --END-- [ RunTime:0.000211s ]
INFO: [ app_begin ] --START--
INFO: Run Behavior\ReadHtmlCacheBehavior [ RunTime:0.000281s ]
INFO: [ app_begin ] --END-- [ RunTime:0.000315s ]
SQL: SHOW COLUMNS FROM `dy_coupon_loan` [ RunTime:0.0004s ]
SQL: SELECT * FROM dy_coupon_loan a INNER JOIN dy_coupon_loancate b on a.cate=b.id   [ RunTime:0.0004s ]
INFO: [ app_end ] --START--
INFO: Run Behavior\ShowPageTraceBehavior [ RunTime:0.000303s ]
INFO: [ app_end ] --END-- [ RunTime:0.000340s ]

[ 2018-01-03T23:45:17+08:00 ] 118.247.163.144 /test/index.php/Activity/MobileList/getloanh5?jsoncallback=jsonp2
INFO: [ app_init ] --START--
INFO: Run Behavior\BuildLiteBehavior [ RunTime:0.000008s ]
INFO: [ app_init ] --END-- [ RunTime:0.000215s ]
INFO: [ app_begin ] --START--
INFO: Run Behavior\ReadHtmlCacheBehavior [ RunTime:0.000332s ]
INFO: [ app_begin ] --END-- [ RunTime:0.000367s ]
SQL: SHOW COLUMNS FROM `dy_coupon_loan` [ RunTime:0.0004s ]
SQL: SELECT * FROM dy_coupon_loan a INNER JOIN dy_coupon_loancate b on a.cate=b.id   [ RunTime:0.0003s ]
INFO: [ app_end ] --START--
INFO: Run Behavior\ShowPageTraceBehavior [ RunTime:0.000323s ]
INFO: [ app_end ] --END-- [ RunTime:0.000362s ]

[ 2018-01-03T23:45:17+08:00 ] 118.247.163.144 /test/index.php/Activity/MobileList/getcardh5?jsoncallback=jsonp1
INFO: [ app_init ] --START--
INFO: Run Behavior\BuildLiteBehavior [ RunTime:0.000010s ]
INFO: [ app_init ] --END-- [ RunTime:0.000235s ]
INFO: [ app_begin ] --START--
INFO: Run Behavior\ReadHtmlCacheBehavior [ RunTime:0.000276s ]
INFO: [ app_begin ] --END-- [ RunTime:0.000310s ]
SQL: SHOW COLUMNS FROM `dy_coupon_card` [ RunTime:0.0005s ]
SQL: SELECT * FROM `dy_coupon_card` ORDER BY handlingtime desc LIMIT 3   [ RunTime:0.0027s ]
INFO: [ app_end ] --START--
INFO: Run Behavior\ShowPageTraceBehavior [ RunTime:0.000333s ]
INFO: [ app_end ] --END-- [ RunTime:0.000388s ]

[ 2018-01-03T23:46:16+08:00 ] 183.199.26.212 /test/index.php/Activity/MobileList/getcardh5?jsoncallback=jsonp1
INFO: [ app_init ] --START--
INFO: Run Behavior\BuildLiteBehavior [ RunTime:0.000009s ]
INFO: [ app_init ] --END-- [ RunTime:0.000213s ]
INFO: [ app_begin ] --START--
INFO: Run Behavior\ReadHtmlCacheBehavior [ RunTime:0.000279s ]
INFO: [ app_begin ] --END-- [ RunTime:0.000310s ]
SQL: SHOW COLUMNS FROM `dy_coupon_card` [ RunTime:0.0005s ]
SQL: SELECT * FROM `dy_coupon_card` ORDER BY handlingtime desc LIMIT 3   [ RunTime:0.0003s ]
INFO: [ app_end ] --START--
INFO: Run Behavior\ShowPageTraceBehavior [ RunTime:0.000302s ]
INFO: [ app_end ] --END-- [ RunTime:0.000335s ]

[ 2018-01-03T23:46:16+08:00 ] 183.199.26.212 /test/index.php/Activity/MobileList/getloanh5?jsoncallback=jsonp2
INFO: [ app_init ] --START--
INFO: Run Behavior\BuildLiteBehavior [ RunTime:0.000009s ]
INFO: [ app_init ] --END-- [ RunTime:0.000226s ]
INFO: [ app_begin ] --START--
INFO: Run Behavior\ReadHtmlCacheBehavior [ RunTime:0.000298s ]
INFO: [ app_begin ] --END-- [ RunTime:0.000339s ]
SQL: SHOW COLUMNS FROM `dy_coupon_loan` [ RunTime:0.0005s ]
SQL: SELECT * FROM dy_coupon_loan a INNER JOIN dy_coupon_loancate b on a.cate=b.id   [ RunTime:0.0003s ]
INFO: [ app_end ] --START--
INFO: Run Behavior\ShowPageTraceBehavior [ RunTime:0.000316s ]
INFO: [ app_end ] --END-- [ RunTime:0.000361s ]

[ 2018-01-03T23:48:31+08:00 ] 117.136.69.146 /test/index.php/Activity/MobileList/getcardh5?jsoncallback=jsonp1
INFO: [ app_init ] --START--
INFO: Run Behavior\BuildLiteBehavior [ RunTime:0.000010s ]
INFO: [ app_init ] --END-- [ RunTime:0.000225s ]
INFO: [ app_begin ] --START--
INFO: Run Behavior\ReadHtmlCacheBehavior [ RunTime:0.000274s ]
INFO: [ app_begin ] --END-- [ RunTime:0.000309s ]
SQL: SHOW COLUMNS FROM `dy_coupon_card` [ RunTime:0.0005s ]
SQL: SELECT * FROM `dy_coupon_card` ORDER BY handlingtime desc LIMIT 3   [ RunTime:0.0002s ]
INFO: [ app_end ] --START--
INFO: Run Behavior\ShowPageTraceBehavior [ RunTime:0.000301s ]
INFO: [ app_end ] --END-- [ RunTime:0.000336s ]

[ 2018-01-03T23:48:31+08:00 ] 117.136.69.146 /test/index.php/Activity/MobileList/getloanh5?jsoncallback=jsonp2
INFO: [ app_init ] --START--
INFO: Run Behavior\BuildLiteBehavior [ RunTime:0.000009s ]
INFO: [ app_init ] --END-- [ RunTime:0.000213s ]
INFO: [ app_begin ] --START--
INFO: Run Behavior\ReadHtmlCacheBehavior [ RunTime:0.000285s ]
INFO: [ app_begin ] --END-- [ RunTime:0.000316s ]
SQL: SHOW COLUMNS FROM `dy_coupon_loan` [ RunTime:0.0005s ]
SQL: SELECT * FROM dy_coupon_loan a INNER JOIN dy_coupon_loancate b on a.cate=b.id   [ RunTime:0.0003s ]
INFO: [ app_end ] --START--
INFO: Run Behavior\ShowPageTraceBehavior [ RunTime:0.000293s ]
INFO: [ app_end ] --END-- [ RunTime:0.000331s ]

[ 2018-01-03T23:49:03+08:00 ] 36.103.25.35 /test/index.php/Activity/MobileList/getcardh5?jsoncallback=jsonp1
INFO: [ app_init ] --START--
INFO: Run Behavior\BuildLiteBehavior [ RunTime:0.000010s ]
INFO: [ app_init ] --END-- [ RunTime:0.000219s ]
INFO: [ app_begin ] --START--
INFO: Run Behavior\ReadHtmlCacheBehavior [ RunTime:0.000264s ]
INFO: [ app_begin ] --END-- [ RunTime:0.000294s ]
SQL: SHOW COLUMNS FROM `dy_coupon_card` [ RunTime:0.0006s ]
SQL: SELECT * FROM `dy_coupon_card` ORDER BY handlingtime desc LIMIT 3   [ RunTime:0.0002s ]
INFO: [ app_end ] --START--
INFO: Run Behavior\ShowPageTraceBehavior [ RunTime:0.000322s ]
INFO: [ app_end ] --END-- [ RunTime:0.000373s ]

[ 2018-01-03T23:49:03+08:00 ] 36.103.25.35 /test/index.php/Activity/MobileList/getloanh5?jsoncallback=jsonp2
INFO: [ app_init ] --START--
INFO: Run Behavior\BuildLiteBehavior [ RunTime:0.000010s ]
INFO: [ app_init ] --END-- [ RunTime:0.000228s ]
INFO: [ app_begin ] --START--
INFO: Run Behavior\ReadHtmlCacheBehavior [ RunTime:0.000275s ]
INFO: [ app_begin ] --END-- [ RunTime:0.000307s ]
SQL: SHOW COLUMNS FROM `dy_coupon_loan` [ RunTime:0.0006s ]
SQL: SELECT * FROM dy_coupon_loan a INNER JOIN dy_coupon_loancate b on a.cate=b.id   [ RunTime:0.0003s ]
INFO: [ app_end ] --START--
INFO: Run Behavior\ShowPageTraceBehavior [ RunTime:0.000304s ]
INFO: [ app_end ] --END-- [ RunTime:0.000342s ]

[ 2018-01-03T23:49:55+08:00 ] 42.92.55.144 /test/index.php/Activity/MobileList/getcardh5?jsoncallback=jsonp1
INFO: [ app_init ] --START--
INFO: Run Behavior\BuildLiteBehavior [ RunTime:0.000011s ]
INFO: [ app_init ] --END-- [ RunTime:0.000241s ]
INFO: [ app_begin ] --START--
INFO: Run Behavior\ReadHtmlCacheBehavior [ RunTime:0.000298s ]
INFO: [ app_begin ] --END-- [ RunTime:0.000332s ]
SQL: SHOW COLUMNS FROM `dy_coupon_card` [ RunTime:0.0006s ]
SQL: SELECT * FROM `dy_coupon_card` ORDER BY handlingtime desc LIMIT 3   [ RunTime:0.0003s ]
INFO: [ app_end ] --START--
INFO: Run Behavior\ShowPageTraceBehavior [ RunTime:0.000322s ]
INFO: [ app_end ] --END-- [ RunTime:0.000370s ]

[ 2018-01-03T23:49:55+08:00 ] 42.92.55.144 /test/index.php/Activity/MobileList/getloanh5?jsoncallback=jsonp2
INFO: [ app_init ] --START--
INFO: Run Behavior\BuildLiteBehavior [ RunTime:0.000010s ]
INFO: [ app_init ] --END-- [ RunTime:0.000249s ]
INFO: [ app_begin ] --START--
INFO: Run Behavior\ReadHtmlCacheBehavior [ RunTime:0.000292s ]
INFO: [ app_begin ] --END-- [ RunTime:0.000327s ]
SQL: SHOW COLUMNS FROM `dy_coupon_loan` [ RunTime:0.0004s ]
SQL: SELECT * FROM dy_coupon_loan a INNER JOIN dy_coupon_loancate b on a.cate=b.id   [ RunTime:0.0003s ]
INFO: [ app_end ] --START--
INFO: Run Behavior\ShowPageTraceBehavior [ RunTime:0.000323s ]
INFO: [ app_end ] --END-- [ RunTime:0.000365s ]

[ 2018-01-03T23:51:59+08:00 ] 223.104.63.243 /test/index.php/Activity/MobileList/getcardh5?jsoncallback=jsonp1
INFO: [ app_init ] --START--
INFO: Run Behavior\BuildLiteBehavior [ RunTime:0.000012s ]
INFO: [ app_init ] --END-- [ RunTime:0.000276s ]
INFO: [ app_begin ] --START--
INFO: Run Behavior\ReadHtmlCacheBehavior [ RunTime:0.011435s ]
INFO: [ app_begin ] --END-- [ RunTime:0.011474s ]
SQL: SHOW COLUMNS FROM `dy_coupon_card` [ RunTime:0.0006s ]
SQL: SELECT * FROM `dy_coupon_card` ORDER BY handlingtime desc LIMIT 3   [ RunTime:0.0003s ]
INFO: [ app_end ] --START--
INFO: Run Behavior\ShowPageTraceBehavior [ RunTime:0.000306s ]
INFO: [ app_end ] --END-- [ RunTime:0.000351s ]

[ 2018-01-03T23:51:59+08:00 ] 223.104.63.243 /test/index.php/Activity/MobileList/getloanh5?jsoncallback=jsonp2
INFO: [ app_init ] --START--
INFO: Run Behavior\BuildLiteBehavior [ RunTime:0.000008s ]
INFO: [ app_init ] --END-- [ RunTime:0.000213s ]
INFO: [ app_begin ] --START--
INFO: Run Behavior\ReadHtmlCacheBehavior [ RunTime:0.000264s ]
INFO: [ app_begin ] --END-- [ RunTime:0.000293s ]
SQL: SHOW COLUMNS FROM `dy_coupon_loan` [ RunTime:0.0004s ]
SQL: SELECT * FROM dy_coupon_loan a INNER JOIN dy_coupon_loancate b on a.cate=b.id   [ RunTime:0.0003s ]
INFO: [ app_end ] --START--
INFO: Run Behavior\ShowPageTraceBehavior [ RunTime:0.000300s ]
INFO: [ app_end ] --END-- [ RunTime:0.000337s ]

[ 2018-01-03T23:52:03+08:00 ] 223.96.135.85 /test/index.php/Activity/MobileList/getcardh5?jsoncallback=jsonp1
INFO: [ app_init ] --START--
INFO: Run Behavior\BuildLiteBehavior [ RunTime:0.000009s ]
INFO: [ app_init ] --END-- [ RunTime:0.000232s ]
INFO: [ app_begin ] --START--
INFO: Run Behavior\ReadHtmlCacheBehavior [ RunTime:0.000294s ]
INFO: [ app_begin ] --END-- [ RunTime:0.000326s ]
SQL: SHOW COLUMNS FROM `dy_coupon_card` [ RunTime:0.0005s ]
SQL: SELECT * FROM `dy_coupon_card` ORDER BY handlingtime desc LIMIT 3   [ RunTime:0.0002s ]
INFO: [ app_end ] --START--
INFO: Run Behavior\ShowPageTraceBehavior [ RunTime:0.000297s ]
INFO: [ app_end ] --END-- [ RunTime:0.000330s ]

[ 2018-01-03T23:52:03+08:00 ] 223.96.135.85 /test/index.php/Activity/MobileList/getloanh5?jsoncallback=jsonp2
INFO: [ app_init ] --START--
INFO: Run Behavior\BuildLiteBehavior [ RunTime:0.000010s ]
INFO: [ app_init ] --END-- [ RunTime:0.000244s ]
INFO: [ app_begin ] --START--
INFO: Run Behavior\ReadHtmlCacheBehavior [ RunTime:0.000307s ]
INFO: [ app_begin ] --END-- [ RunTime:0.000342s ]
SQL: SHOW COLUMNS FROM `dy_coupon_loan` [ RunTime:0.0006s ]
SQL: SELECT * FROM dy_coupon_loan a INNER JOIN dy_coupon_loancate b on a.cate=b.id   [ RunTime:0.0003s ]
INFO: [ app_end ] --START--
INFO: Run Behavior\ShowPageTraceBehavior [ RunTime:0.000308s ]
INFO: [ app_end ] --END-- [ RunTime:0.000347s ]

[ 2018-01-03T23:52:49+08:00 ] 171.9.114.15 /test/index.php/Activity/MobileList/getcardh5?jsoncallback=jsonp1
INFO: [ app_init ] --START--
INFO: Run Behavior\BuildLiteBehavior [ RunTime:0.000010s ]
INFO: [ app_init ] --END-- [ RunTime:0.000207s ]
INFO: [ app_begin ] --START--
INFO: Run Behavior\ReadHtmlCacheBehavior [ RunTime:0.000292s ]
INFO: [ app_begin ] --END-- [ RunTime:0.000323s ]
SQL: SHOW COLUMNS FROM `dy_coupon_card` [ RunTime:0.0006s ]
SQL: SELECT * FROM `dy_coupon_card` ORDER BY handlingtime desc LIMIT 3   [ RunTime:0.0011s ]
INFO: [ app_end ] --START--
INFO: Run Behavior\ShowPageTraceBehavior [ RunTime:0.000343s ]
INFO: [ app_end ] --END-- [ RunTime:0.000379s ]

[ 2018-01-03T23:52:49+08:00 ] 171.9.114.15 /test/index.php/Activity/MobileList/getloanh5?jsoncallback=jsonp2
INFO: [ app_init ] --START--
INFO: Run Behavior\BuildLiteBehavior [ RunTime:0.000009s ]
INFO: [ app_init ] --END-- [ RunTime:0.000217s ]
INFO: [ app_begin ] --START--
INFO: Run Behavior\ReadHtmlCacheBehavior [ RunTime:0.000282s ]
INFO: [ app_begin ] --END-- [ RunTime:0.000314s ]
SQL: SHOW COLUMNS FROM `dy_coupon_loan` [ RunTime:0.0004s ]
SQL: SELECT * FROM dy_coupon_loan a INNER JOIN dy_coupon_loancate b on a.cate=b.id   [ RunTime:0.0022s ]
INFO: [ app_end ] --START--
INFO: Run Behavior\ShowPageTraceBehavior [ RunTime:0.000310s ]
INFO: [ app_end ] --END-- [ RunTime:0.000350s ]

[ 2018-01-03T23:52:49+08:00 ] 171.9.114.15 /test/index.php/Activity/MobileList/getloanh5?jsoncallback=jsonp2
INFO: [ app_init ] --START--
INFO: Run Behavior\BuildLiteBehavior [ RunTime:0.000010s ]
INFO: [ app_init ] --END-- [ RunTime:0.000205s ]
INFO: [ app_begin ] --START--
INFO: Run Behavior\ReadHtmlCacheBehavior [ RunTime:0.000282s ]
INFO: [ app_begin ] --END-- [ RunTime:0.000322s ]
SQL: SHOW COLUMNS FROM `dy_coupon_loan` [ RunTime:0.0006s ]
SQL: SELECT * FROM dy_coupon_loan a INNER JOIN dy_coupon_loancate b on a.cate=b.id   [ RunTime:0.0003s ]
INFO: [ app_end ] --START--
INFO: Run Behavior\ShowPageTraceBehavior [ RunTime:0.000350s ]
INFO: [ app_end ] --END-- [ RunTime:0.000389s ]

[ 2018-01-03T23:52:49+08:00 ] 171.9.114.15 /test/index.php/Activity/MobileList/getcardh5?jsoncallback=jsonp1
INFO: [ app_init ] --START--
INFO: Run Behavior\BuildLiteBehavior [ RunTime:0.000010s ]
INFO: [ app_init ] --END-- [ RunTime:0.000246s ]
INFO: [ app_begin ] --START--
INFO: Run Behavior\ReadHtmlCacheBehavior [ RunTime:0.000285s ]
INFO: [ app_begin ] --END-- [ RunTime:0.000321s ]
SQL: SHOW COLUMNS FROM `dy_coupon_card` [ RunTime:0.0004s ]
SQL: SELECT * FROM `dy_coupon_card` ORDER BY handlingtime desc LIMIT 3   [ RunTime:0.0003s ]
INFO: [ app_end ] --START--
INFO: Run Behavior\ShowPageTraceBehavior [ RunTime:0.000311s ]
INFO: [ app_end ] --END-- [ RunTime:0.000354s ]

[ 2018-01-03T23:52:54+08:00 ] 223.104.63.243 /test/index.php/Activity/MobileList/getcardh5?jsoncallback=jsonp1
INFO: [ app_init ] --START--
INFO: Run Behavior\BuildLiteBehavior [ RunTime:0.000013s ]
INFO: [ app_init ] --END-- [ RunTime:0.000255s ]
INFO: [ app_begin ] --START--
INFO: Run Behavior\ReadHtmlCacheBehavior [ RunTime:0.000282s ]
INFO: [ app_begin ] --END-- [ RunTime:0.000315s ]
SQL: SHOW COLUMNS FROM `dy_coupon_card` [ RunTime:0.0005s ]
SQL: SELECT * FROM `dy_coupon_card` ORDER BY handlingtime desc LIMIT 3   [ RunTime:0.0002s ]
INFO: [ app_end ] --START--
INFO: Run Behavior\ShowPageTraceBehavior [ RunTime:0.000318s ]
INFO: [ app_end ] --END-- [ RunTime:0.000354s ]

[ 2018-01-03T23:52:54+08:00 ] 223.104.63.243 /test/index.php/Activity/MobileList/getloanh5?jsoncallback=jsonp2
INFO: [ app_init ] --START--
INFO: Run Behavior\BuildLiteBehavior [ RunTime:0.000008s ]
INFO: [ app_init ] --END-- [ RunTime:0.000247s ]
INFO: [ app_begin ] --START--
INFO: Run Behavior\ReadHtmlCacheBehavior [ RunTime:0.000287s ]
INFO: [ app_begin ] --END-- [ RunTime:0.000320s ]
SQL: SHOW COLUMNS FROM `dy_coupon_loan` [ RunTime:0.0004s ]
SQL: SELECT * FROM dy_coupon_loan a INNER JOIN dy_coupon_loancate b on a.cate=b.id   [ RunTime:0.0002s ]
INFO: [ app_end ] --START--
INFO: Run Behavior\ShowPageTraceBehavior [ RunTime:0.000287s ]
INFO: [ app_end ] --END-- [ RunTime:0.000325s ]

[ 2018-01-03T23:56:34+08:00 ] 60.255.40.232 /test/index.php/Activity/MobileList/getcardh5?jsoncallback=jsonp1
INFO: [ app_init ] --START--
INFO: Run Behavior\BuildLiteBehavior [ RunTime:0.000009s ]
INFO: [ app_init ] --END-- [ RunTime:0.000219s ]
INFO: [ app_begin ] --START--
INFO: Run Behavior\ReadHtmlCacheBehavior [ RunTime:0.000277s ]
INFO: [ app_begin ] --END-- [ RunTime:0.000312s ]
SQL: SHOW COLUMNS FROM `dy_coupon_card` [ RunTime:0.0006s ]
SQL: SELECT * FROM `dy_coupon_card` ORDER BY handlingtime desc LIMIT 3   [ RunTime:0.0002s ]
INFO: [ app_end ] --START--
INFO: Run Behavior\ShowPageTraceBehavior [ RunTime:0.000350s ]
INFO: [ app_end ] --END-- [ RunTime:0.000389s ]

[ 2018-01-03T23:56:34+08:00 ] 60.255.40.232 /test/index.php/Activity/MobileList/getloanh5?jsoncallback=jsonp2
INFO: [ app_init ] --START--
INFO: Run Behavior\BuildLiteBehavior [ RunTime:0.000009s ]
INFO: [ app_init ] --END-- [ RunTime:0.000215s ]
INFO: [ app_begin ] --START--
INFO: Run Behavior\ReadHtmlCacheBehavior [ RunTime:0.000289s ]
INFO: [ app_begin ] --END-- [ RunTime:0.000323s ]
SQL: SHOW COLUMNS FROM `dy_coupon_loan` [ RunTime:0.0004s ]
SQL: SELECT * FROM dy_coupon_loan a INNER JOIN dy_coupon_loancate b on a.cate=b.id   [ RunTime:0.0002s ]
INFO: [ app_end ] --START--
INFO: Run Behavior\ShowPageTraceBehavior [ RunTime:0.000305s ]
INFO: [ app_end ] --END-- [ RunTime:0.000343s ]

