[ 2018-01-23T23:40:07+08:00 ] 183.156.55.131 /test/index.php/Activity/Game/iffirstlogin
INFO: [ app_init ] --START--
INFO: Run Behavior\BuildLiteBehavior [ RunTime:0.000010s ]
INFO: [ app_init ] --END-- [ RunTime:0.000231s ]
INFO: [ app_begin ] --START--
INFO: Run Behavior\ReadHtmlCacheBehavior [ RunTime:0.000281s ]
INFO: [ app_begin ] --END-- [ RunTime:0.000318s ]
SQL: SHOW COLUMNS FROM `dy_coupon_user` [ RunTime:0.0006s ]
SQL: SELECT `gamesex` FROM `dy_coupon_user` WHERE `id` = 324110 LIMIT 1   [ RunTime:0.0012s ]

[ 2018-01-23T23:40:07+08:00 ] 183.156.55.131 /test/index.php/Activity/Game/getuserinfo
INFO: [ app_init ] --START--
INFO: Run Behavior\BuildLiteBehavior [ RunTime:0.000008s ]
INFO: [ app_init ] --END-- [ RunTime:0.000204s ]
INFO: [ app_begin ] --START--
INFO: Run Behavior\ReadHtmlCacheBehavior [ RunTime:0.000279s ]
INFO: [ app_begin ] --END-- [ RunTime:0.000311s ]
SQL: SHOW COLUMNS FROM `dy_coupon_user` [ RunTime:0.0014s ]
SQL: SELECT `last_login_time` FROM `dy_coupon_user` WHERE ( `last_login_time` >= 1516636800 AND `last_login_time` <= 1516723199  ) AND `id` = '324110' LIMIT 1   [ RunTime:0.0002s ]
SQL: UPDATE `dy_coupon_user` SET `last_login_time`='1516722007' WHERE ( id=324110 ) [ RunTime:0.0015s ]
SQL: SELECT a.nickname,a.gamesex,a.headimg,a.level,a.id,a.experience,a.score as nowscore,b.score,b.share,c.uppic,c.uppic2 FROM dy_coupon_user a INNER JOIN dy_coupon_user_level b on a.level+1=b.level INNER JOIN dy_coupon_user_level c on a.level=c.level  WHERE ( a.id=324110 ) LIMIT 1   [ RunTime:0.0004s ]
SQL: SHOW COLUMNS FROM `dy_coupon_user_level` [ RunTime:0.0003s ]
SQL: SELECT `pic` FROM `dy_coupon_user_level` WHERE ( level=1 ) LIMIT 1   [ RunTime:0.0002s ]
NOTIC: [8] Undefined variable: uv /opt/lampp/htdocs/test/Application/Activity/Controller/GameController.class.php 第 99 行.
SQL: SHOW COLUMNS FROM `dy_active_share` [ RunTime:0.0003s ]
SQL: SELECT COUNT(*) AS tp_count FROM `dy_active_share` WHERE ( member_id=324110 ) LIMIT 1   [ RunTime:0.0002s ]

[ 2018-01-23T23:40:35+08:00 ] 183.156.55.131 /test/index.php/Activity/Game/getuserinfo
INFO: [ app_init ] --START--
INFO: Run Behavior\BuildLiteBehavior [ RunTime:0.000009s ]
INFO: [ app_init ] --END-- [ RunTime:0.000229s ]
INFO: [ app_begin ] --START--
INFO: Run Behavior\ReadHtmlCacheBehavior [ RunTime:0.000284s ]
INFO: [ app_begin ] --END-- [ RunTime:0.000333s ]
SQL: SHOW COLUMNS FROM `dy_coupon_user` [ RunTime:0.0006s ]
SQL: SELECT `last_login_time` FROM `dy_coupon_user` WHERE ( `last_login_time` >= 1516636800 AND `last_login_time` <= 1516723199  ) AND `id` = '324110' LIMIT 1   [ RunTime:0.0002s ]
SQL: UPDATE `dy_coupon_user` SET `last_login_time`='1516722035' WHERE ( id=324110 ) [ RunTime:0.0002s ]
SQL: SELECT a.nickname,a.gamesex,a.headimg,a.level,a.id,a.experience,a.score as nowscore,b.score,b.share,c.uppic,c.uppic2 FROM dy_coupon_user a INNER JOIN dy_coupon_user_level b on a.level+1=b.level INNER JOIN dy_coupon_user_level c on a.level=c.level  WHERE ( a.id=324110 ) LIMIT 1   [ RunTime:0.0003s ]
SQL: SHOW COLUMNS FROM `dy_coupon_user_level` [ RunTime:0.0004s ]
SQL: SELECT `pic` FROM `dy_coupon_user_level` WHERE ( level=1 ) LIMIT 1   [ RunTime:0.0002s ]
NOTIC: [8] Undefined variable: uv /opt/lampp/htdocs/test/Application/Activity/Controller/GameController.class.php 第 99 行.
SQL: SHOW COLUMNS FROM `dy_active_share` [ RunTime:0.0003s ]
SQL: SELECT COUNT(*) AS tp_count FROM `dy_active_share` WHERE ( member_id=324110 ) LIMIT 1   [ RunTime:0.0002s ]

[ 2018-01-23T23:40:36+08:00 ] 183.156.55.131 /test/index.php/Activity/Game/iffirstlogin
INFO: [ app_init ] --START--
INFO: Run Behavior\BuildLiteBehavior [ RunTime:0.000014s ]
INFO: [ app_init ] --END-- [ RunTime:0.000302s ]
INFO: [ app_begin ] --START--
INFO: Run Behavior\ReadHtmlCacheBehavior [ RunTime:0.000310s ]
INFO: [ app_begin ] --END-- [ RunTime:0.000358s ]
SQL: SHOW COLUMNS FROM `dy_coupon_user` [ RunTime:0.0006s ]
SQL: SELECT `gamesex` FROM `dy_coupon_user` WHERE `id` = 324110 LIMIT 1   [ RunTime:0.0002s ]

[ 2018-01-23T23:40:41+08:00 ] 183.156.55.131 /test/index.php/Activity/Game/getactive
INFO: [ app_init ] --START--
INFO: Run Behavior\BuildLiteBehavior [ RunTime:0.000010s ]
INFO: [ app_init ] --END-- [ RunTime:0.000240s ]
INFO: [ app_begin ] --START--
INFO: Run Behavior\ReadHtmlCacheBehavior [ RunTime:0.000282s ]
INFO: [ app_begin ] --END-- [ RunTime:0.000318s ]
NOTIC: [8] Undefined index: uid /opt/lampp/htdocs/test/Application/Activity/Controller/GameController.class.php 第 450 行.
SQL: SHOW COLUMNS FROM `dy_active_temp_item` [ RunTime:0.0006s ]
SQL: SELECT `id`,`title`,`pic`,`icon`,`content` FROM `dy_active_temp_item` WHERE `status` = 1 AND `type2` = 1  [ RunTime:0.0003s ]

[ 2018-01-23T23:40:41+08:00 ] 183.156.55.131 /test/index.php/Activity/Game/getactive
INFO: [ app_init ] --START--
INFO: Run Behavior\BuildLiteBehavior [ RunTime:0.000009s ]
INFO: [ app_init ] --END-- [ RunTime:0.000216s ]
INFO: [ app_begin ] --START--
INFO: Run Behavior\ReadHtmlCacheBehavior [ RunTime:0.000299s ]
INFO: [ app_begin ] --END-- [ RunTime:0.000335s ]
NOTIC: [8] Undefined index: uid /opt/lampp/htdocs/test/Application/Activity/Controller/GameController.class.php 第 450 行.
SQL: SHOW COLUMNS FROM `dy_active_temp_item` [ RunTime:0.0004s ]
SQL: SELECT `id`,`title`,`pic`,`icon`,`content` FROM `dy_active_temp_item` WHERE `status` = 1 AND `type2` = 1  [ RunTime:0.0002s ]

[ 2018-01-23T23:40:44+08:00 ] 183.156.55.131 /test/index.php/Activity/Game/iffirstlogin
INFO: [ app_init ] --START--
INFO: Run Behavior\BuildLiteBehavior [ RunTime:0.000009s ]
INFO: [ app_init ] --END-- [ RunTime:0.000209s ]
INFO: [ app_begin ] --START--
INFO: Run Behavior\ReadHtmlCacheBehavior [ RunTime:0.000270s ]
INFO: [ app_begin ] --END-- [ RunTime:0.000301s ]
SQL: SHOW COLUMNS FROM `dy_coupon_user` [ RunTime:0.0014s ]
SQL: SELECT `gamesex` FROM `dy_coupon_user` WHERE `id` = 324110 LIMIT 1   [ RunTime:0.0002s ]

[ 2018-01-23T23:40:44+08:00 ] 183.156.55.131 /test/index.php/Activity/Game/getuserinfo
INFO: [ app_init ] --START--
INFO: Run Behavior\BuildLiteBehavior [ RunTime:0.000008s ]
INFO: [ app_init ] --END-- [ RunTime:0.000209s ]
INFO: [ app_begin ] --START--
INFO: Run Behavior\ReadHtmlCacheBehavior [ RunTime:0.000268s ]
INFO: [ app_begin ] --END-- [ RunTime:0.000312s ]
SQL: SHOW COLUMNS FROM `dy_coupon_user` [ RunTime:0.0006s ]
SQL: SELECT `last_login_time` FROM `dy_coupon_user` WHERE ( `last_login_time` >= 1516636800 AND `last_login_time` <= 1516723199  ) AND `id` = '324110' LIMIT 1   [ RunTime:0.0021s ]
SQL: UPDATE `dy_coupon_user` SET `last_login_time`='1516722044' WHERE ( id=324110 ) [ RunTime:0.0002s ]
SQL: SELECT a.nickname,a.gamesex,a.headimg,a.level,a.id,a.experience,a.score as nowscore,b.score,b.share,c.uppic,c.uppic2 FROM dy_coupon_user a INNER JOIN dy_coupon_user_level b on a.level+1=b.level INNER JOIN dy_coupon_user_level c on a.level=c.level  WHERE ( a.id=324110 ) LIMIT 1   [ RunTime:0.0003s ]
SQL: SHOW COLUMNS FROM `dy_coupon_user_level` [ RunTime:0.0003s ]
SQL: SELECT `pic` FROM `dy_coupon_user_level` WHERE ( level=1 ) LIMIT 1   [ RunTime:0.0001s ]
NOTIC: [8] Undefined variable: uv /opt/lampp/htdocs/test/Application/Activity/Controller/GameController.class.php 第 99 行.
SQL: SHOW COLUMNS FROM `dy_active_share` [ RunTime:0.0003s ]
SQL: SELECT COUNT(*) AS tp_count FROM `dy_active_share` WHERE ( member_id=324110 ) LIMIT 1   [ RunTime:0.0001s ]

[ 2018-01-23T23:41:01+08:00 ] 183.131.24.75 /test/index.php/Activity/register/index?uid=324106&from=groupmessage
INFO: [ app_init ] --START--
INFO: Run Behavior\BuildLiteBehavior [ RunTime:0.000011s ]
INFO: [ app_init ] --END-- [ RunTime:0.000233s ]
INFO: [ app_begin ] --START--
INFO: Run Behavior\ReadHtmlCacheBehavior [ RunTime:0.000297s ]
INFO: [ app_begin ] --END-- [ RunTime:0.000330s ]
SQL: SHOW COLUMNS FROM `dy_coupon_user` [ RunTime:0.0006s ]
SQL: SELECT `invitation_code`,`nickname` FROM `dy_coupon_user` WHERE ( id=324106 ) LIMIT 1   [ RunTime:0.0002s ]
INFO: [ view_parse ] --START--
INFO: [ template_filter ] --START--
INFO: Run Behavior\ContentReplaceBehavior [ RunTime:0.000039s ]
INFO: [ template_filter ] --END-- [ RunTime:0.000074s ]
INFO: Run Behavior\ParseTemplateBehavior [ RunTime:0.003599s ]
INFO: [ view_parse ] --END-- [ RunTime:0.003634s ]
INFO: [ view_filter ] --START--
INFO: Run Behavior\WriteHtmlCacheBehavior [ RunTime:0.000085s ]
INFO: [ view_filter ] --END-- [ RunTime:0.000107s ]
INFO: [ app_end ] --START--
INFO: Run Behavior\ShowPageTraceBehavior [ RunTime:0.000304s ]
INFO: [ app_end ] --END-- [ RunTime:0.000334s ]

[ 2018-01-23T23:43:27+08:00 ] 183.156.55.131 /test/index.php/Activity/Game/iffirstlogin
INFO: [ app_init ] --START--
INFO: Run Behavior\BuildLiteBehavior [ RunTime:0.000009s ]
INFO: [ app_init ] --END-- [ RunTime:0.000209s ]
INFO: [ app_begin ] --START--
INFO: Run Behavior\ReadHtmlCacheBehavior [ RunTime:0.000282s ]
INFO: [ app_begin ] --END-- [ RunTime:0.000315s ]
SQL: SHOW COLUMNS FROM `dy_coupon_user` [ RunTime:0.0006s ]
SQL: SELECT `gamesex` FROM `dy_coupon_user` WHERE `id` = 324110 LIMIT 1   [ RunTime:0.0011s ]

[ 2018-01-23T23:43:27+08:00 ] 183.156.55.131 /test/index.php/Activity/Game/getuserinfo
INFO: [ app_init ] --START--
INFO: Run Behavior\BuildLiteBehavior [ RunTime:0.000010s ]
INFO: [ app_init ] --END-- [ RunTime:0.000224s ]
INFO: [ app_begin ] --START--
INFO: Run Behavior\ReadHtmlCacheBehavior [ RunTime:0.000275s ]
INFO: [ app_begin ] --END-- [ RunTime:0.000327s ]
SQL: SHOW COLUMNS FROM `dy_coupon_user` [ RunTime:0.0004s ]
SQL: SELECT `last_login_time` FROM `dy_coupon_user` WHERE ( `last_login_time` >= 1516636800 AND `last_login_time` <= 1516723199  ) AND `id` = '324110' LIMIT 1   [ RunTime:0.0015s ]
SQL: UPDATE `dy_coupon_user` SET `last_login_time`='1516722207' WHERE ( id=324110 ) [ RunTime:0.0003s ]
SQL: SELECT a.nickname,a.gamesex,a.headimg,a.level,a.id,a.experience,a.score as nowscore,b.score,b.share,c.uppic,c.uppic2 FROM dy_coupon_user a INNER JOIN dy_coupon_user_level b on a.level+1=b.level INNER JOIN dy_coupon_user_level c on a.level=c.level  WHERE ( a.id=324110 ) LIMIT 1   [ RunTime:0.0003s ]
SQL: SHOW COLUMNS FROM `dy_coupon_user_level` [ RunTime:0.0003s ]
SQL: SELECT `pic` FROM `dy_coupon_user_level` WHERE ( level=1 ) LIMIT 1   [ RunTime:0.0002s ]
NOTIC: [8] Undefined variable: uv /opt/lampp/htdocs/test/Application/Activity/Controller/GameController.class.php 第 99 行.
SQL: SHOW COLUMNS FROM `dy_active_share` [ RunTime:0.0004s ]
SQL: SELECT COUNT(*) AS tp_count FROM `dy_active_share` WHERE ( member_id=324110 ) LIMIT 1   [ RunTime:0.0001s ]

[ 2018-01-23T23:49:23+08:00 ] 113.200.49.15 /test/index.php/Activity/MobileList/getcardh5?jsoncallback=jsonp1
INFO: [ app_init ] --START--
INFO: Run Behavior\BuildLiteBehavior [ RunTime:0.000010s ]
INFO: [ app_init ] --END-- [ RunTime:0.000241s ]
INFO: [ app_begin ] --START--
INFO: Run Behavior\ReadHtmlCacheBehavior [ RunTime:0.000284s ]
INFO: [ app_begin ] --END-- [ RunTime:0.000315s ]
SQL: SHOW COLUMNS FROM `dy_coupon_card` [ RunTime:0.0006s ]
SQL: SELECT * FROM `dy_coupon_card` ORDER BY handlingtime desc LIMIT 3   [ RunTime:0.0002s ]
INFO: [ app_end ] --START--
INFO: Run Behavior\ShowPageTraceBehavior [ RunTime:0.000333s ]
INFO: [ app_end ] --END-- [ RunTime:0.000370s ]

[ 2018-01-23T23:49:23+08:00 ] 113.200.49.15 /test/index.php/Activity/MobileList/getloanh5?jsoncallback=jsonp2
INFO: [ app_init ] --START--
INFO: Run Behavior\BuildLiteBehavior [ RunTime:0.000008s ]
INFO: [ app_init ] --END-- [ RunTime:0.000209s ]
INFO: [ app_begin ] --START--
INFO: Run Behavior\ReadHtmlCacheBehavior [ RunTime:0.000289s ]
INFO: [ app_begin ] --END-- [ RunTime:0.000326s ]
SQL: SHOW COLUMNS FROM `dy_coupon_loan` [ RunTime:0.0005s ]
SQL: SELECT * FROM dy_coupon_loan a INNER JOIN dy_coupon_loancate b on a.cate=b.id   [ RunTime:0.0002s ]
INFO: [ app_end ] --START--
INFO: Run Behavior\ShowPageTraceBehavior [ RunTime:0.000381s ]
INFO: [ app_end ] --END-- [ RunTime:0.000423s ]

[ 2018-01-23T23:49:55+08:00 ] 113.200.49.15 /test/index.php/Activity/MobileList/getcardh5?jsoncallback=jsonp1
INFO: [ app_init ] --START--
INFO: Run Behavior\BuildLiteBehavior [ RunTime:0.000014s ]
INFO: [ app_init ] --END-- [ RunTime:0.000236s ]
INFO: [ app_begin ] --START--
INFO: Run Behavior\ReadHtmlCacheBehavior [ RunTime:0.000294s ]
INFO: [ app_begin ] --END-- [ RunTime:0.000338s ]
SQL: SHOW COLUMNS FROM `dy_coupon_card` [ RunTime:0.0006s ]
SQL: SELECT * FROM `dy_coupon_card` ORDER BY handlingtime desc LIMIT 3   [ RunTime:0.0002s ]
INFO: [ app_end ] --START--
INFO: Run Behavior\ShowPageTraceBehavior [ RunTime:0.000325s ]
INFO: [ app_end ] --END-- [ RunTime:0.000363s ]

[ 2018-01-23T23:49:55+08:00 ] 113.200.49.15 /test/index.php/Activity/MobileList/getloanh5?jsoncallback=jsonp2
INFO: [ app_init ] --START--
INFO: Run Behavior\BuildLiteBehavior [ RunTime:0.000009s ]
INFO: [ app_init ] --END-- [ RunTime:0.000208s ]
INFO: [ app_begin ] --START--
INFO: Run Behavior\ReadHtmlCacheBehavior [ RunTime:0.000266s ]
INFO: [ app_begin ] --END-- [ RunTime:0.000298s ]
SQL: SHOW COLUMNS FROM `dy_coupon_loan` [ RunTime:0.0005s ]
SQL: SELECT * FROM dy_coupon_loan a INNER JOIN dy_coupon_loancate b on a.cate=b.id   [ RunTime:0.0003s ]
INFO: [ app_end ] --START--
INFO: Run Behavior\ShowPageTraceBehavior [ RunTime:0.000320s ]
INFO: [ app_end ] --END-- [ RunTime:0.000362s ]

[ 2018-01-23T23:59:35+08:00 ] 39.187.226.136 /test/index.php/Activity/MobileList/getloanh5?jsoncallback=jsonp2
INFO: [ app_init ] --START--
INFO: Run Behavior\BuildLiteBehavior [ RunTime:0.000009s ]
INFO: [ app_init ] --END-- [ RunTime:0.000193s ]
INFO: [ app_begin ] --START--
INFO: Run Behavior\ReadHtmlCacheBehavior [ RunTime:0.000276s ]
INFO: [ app_begin ] --END-- [ RunTime:0.000306s ]
SQL: SHOW COLUMNS FROM `dy_coupon_loan` [ RunTime:0.0006s ]
SQL: SELECT * FROM dy_coupon_loan a INNER JOIN dy_coupon_loancate b on a.cate=b.id   [ RunTime:0.0010s ]
INFO: [ app_end ] --START--
INFO: Run Behavior\ShowPageTraceBehavior [ RunTime:0.000296s ]
INFO: [ app_end ] --END-- [ RunTime:0.000332s ]

[ 2018-01-23T23:59:35+08:00 ] 39.187.226.136 /test/index.php/Activity/MobileList/getcardh5?jsoncallback=jsonp1
INFO: [ app_init ] --START--
INFO: Run Behavior\BuildLiteBehavior [ RunTime:0.000010s ]
INFO: [ app_init ] --END-- [ RunTime:0.000232s ]
INFO: [ app_begin ] --START--
INFO: Run Behavior\ReadHtmlCacheBehavior [ RunTime:0.000271s ]
INFO: [ app_begin ] --END-- [ RunTime:0.000304s ]
SQL: SHOW COLUMNS FROM `dy_coupon_card` [ RunTime:0.0004s ]
SQL: SELECT * FROM `dy_coupon_card` ORDER BY handlingtime desc LIMIT 3   [ RunTime:0.0017s ]
INFO: [ app_end ] --START--
INFO: Run Behavior\ShowPageTraceBehavior [ RunTime:0.000294s ]
INFO: [ app_end ] --END-- [ RunTime:0.000346s ]

