[ 2018-02-18T00:38:07+08:00 ] 223.90.81.70 /test/index.php/Activity/MobileList/getcardh5?jsoncallback=jsonp1
INFO: [ app_init ] --START--
INFO: Run Behavior\BuildLiteBehavior [ RunTime:0.000011s ]
INFO: [ app_init ] --END-- [ RunTime:0.000231s ]
INFO: [ app_begin ] --START--
INFO: Run Behavior\ReadHtmlCacheBehavior [ RunTime:0.000299s ]
INFO: [ app_begin ] --END-- [ RunTime:0.000349s ]
SQL: SHOW COLUMNS FROM `dy_coupon_card` [ RunTime:0.0006s ]
SQL: SELECT * FROM `dy_coupon_card` ORDER BY handlingtime desc LIMIT 3   [ RunTime:0.0002s ]
INFO: [ app_end ] --START--
INFO: Run Behavior\ShowPageTraceBehavior [ RunTime:0.000343s ]
INFO: [ app_end ] --END-- [ RunTime:0.000379s ]

[ 2018-02-18T00:38:07+08:00 ] 223.90.81.70 /test/index.php/Activity/MobileList/getloanh5?jsoncallback=jsonp2
INFO: [ app_init ] --START--
INFO: Run Behavior\BuildLiteBehavior [ RunTime:0.000009s ]
INFO: [ app_init ] --END-- [ RunTime:0.000211s ]
INFO: [ app_begin ] --START--
INFO: Run Behavior\ReadHtmlCacheBehavior [ RunTime:0.000296s ]
INFO: [ app_begin ] --END-- [ RunTime:0.000331s ]
SQL: SHOW COLUMNS FROM `dy_coupon_loan` [ RunTime:0.0005s ]
SQL: SELECT * FROM dy_coupon_loan a INNER JOIN dy_coupon_loancate b on a.cate=b.id   [ RunTime:0.0003s ]
INFO: [ app_end ] --START--
INFO: Run Behavior\ShowPageTraceBehavior [ RunTime:0.000348s ]
INFO: [ app_end ] --END-- [ RunTime:0.000387s ]

[ 2018-02-18T03:01:44+08:00 ] 183.210.187.142 /test/index.php/Activity/MobileList/getcardh5?jsoncallback=jsonp1
INFO: [ app_init ] --START--
INFO: Run Behavior\BuildLiteBehavior [ RunTime:0.000024s ]
INFO: [ app_init ] --END-- [ RunTime:0.000275s ]
INFO: [ app_begin ] --START--
INFO: Run Behavior\ReadHtmlCacheBehavior [ RunTime:0.000284s ]
INFO: [ app_begin ] --END-- [ RunTime:0.000319s ]
SQL: SHOW COLUMNS FROM `dy_coupon_card` [ RunTime:0.0006s ]
SQL: SELECT * FROM `dy_coupon_card` ORDER BY handlingtime desc LIMIT 3   [ RunTime:0.0002s ]
INFO: [ app_end ] --START--
INFO: Run Behavior\ShowPageTraceBehavior [ RunTime:0.000331s ]
INFO: [ app_end ] --END-- [ RunTime:0.000374s ]

[ 2018-02-18T03:01:44+08:00 ] 183.210.187.142 /test/index.php/Activity/MobileList/getloanh5?jsoncallback=jsonp2
INFO: [ app_init ] --START--
INFO: Run Behavior\BuildLiteBehavior [ RunTime:0.000012s ]
INFO: [ app_init ] --END-- [ RunTime:0.000245s ]
INFO: [ app_begin ] --START--
INFO: Run Behavior\ReadHtmlCacheBehavior [ RunTime:0.000331s ]
INFO: [ app_begin ] --END-- [ RunTime:0.000372s ]
SQL: SHOW COLUMNS FROM `dy_coupon_loan` [ RunTime:0.0006s ]
SQL: SELECT * FROM dy_coupon_loan a INNER JOIN dy_coupon_loancate b on a.cate=b.id   [ RunTime:0.0003s ]
INFO: [ app_end ] --START--
INFO: Run Behavior\ShowPageTraceBehavior [ RunTime:0.000339s ]
INFO: [ app_end ] --END-- [ RunTime:0.000384s ]

[ 2018-02-18T07:02:45+08:00 ] 221.192.179.182 /test/index.php/Activity/MobileList/getcardh5?jsoncallback=jsonp1
INFO: [ app_init ] --START--
INFO: Run Behavior\BuildLiteBehavior [ RunTime:0.000010s ]
INFO: [ app_init ] --END-- [ RunTime:0.000224s ]
INFO: [ app_begin ] --START--
INFO: Run Behavior\ReadHtmlCacheBehavior [ RunTime:0.000294s ]
INFO: [ app_begin ] --END-- [ RunTime:0.000327s ]
SQL: SHOW COLUMNS FROM `dy_coupon_card` [ RunTime:0.0006s ]
SQL: SELECT * FROM `dy_coupon_card` ORDER BY handlingtime desc LIMIT 3   [ RunTime:0.0002s ]
INFO: [ app_end ] --START--
INFO: Run Behavior\ShowPageTraceBehavior [ RunTime:0.000370s ]
INFO: [ app_end ] --END-- [ RunTime:0.000418s ]

[ 2018-02-18T07:02:45+08:00 ] 221.192.179.182 /test/index.php/Activity/MobileList/getloanh5?jsoncallback=jsonp2
INFO: [ app_init ] --START--
INFO: Run Behavior\BuildLiteBehavior [ RunTime:0.000009s ]
INFO: [ app_init ] --END-- [ RunTime:0.000216s ]
INFO: [ app_begin ] --START--
INFO: Run Behavior\ReadHtmlCacheBehavior [ RunTime:0.000282s ]
INFO: [ app_begin ] --END-- [ RunTime:0.000327s ]
SQL: SHOW COLUMNS FROM `dy_coupon_loan` [ RunTime:0.0004s ]
SQL: SELECT * FROM dy_coupon_loan a INNER JOIN dy_coupon_loancate b on a.cate=b.id   [ RunTime:0.0003s ]
INFO: [ app_end ] --START--
INFO: Run Behavior\ShowPageTraceBehavior [ RunTime:0.000336s ]
INFO: [ app_end ] --END-- [ RunTime:0.000372s ]

[ 2018-02-18T08:10:14+08:00 ] 39.68.148.35 /test/index.php/Activity/MobileList/getloanh5?jsoncallback=jsonp2
INFO: [ app_init ] --START--
INFO: Run Behavior\BuildLiteBehavior [ RunTime:0.000010s ]
INFO: [ app_init ] --END-- [ RunTime:0.000247s ]
INFO: [ app_begin ] --START--
INFO: Run Behavior\ReadHtmlCacheBehavior [ RunTime:0.000296s ]
INFO: [ app_begin ] --END-- [ RunTime:0.000331s ]
SQL: SHOW COLUMNS FROM `dy_coupon_loan` [ RunTime:0.0006s ]
SQL: SELECT * FROM dy_coupon_loan a INNER JOIN dy_coupon_loancate b on a.cate=b.id   [ RunTime:0.0010s ]
INFO: [ app_end ] --START--
INFO: Run Behavior\ShowPageTraceBehavior [ RunTime:0.000328s ]
INFO: [ app_end ] --END-- [ RunTime:0.000368s ]

[ 2018-02-18T08:10:14+08:00 ] 39.68.148.35 /test/index.php/Activity/MobileList/getcardh5?jsoncallback=jsonp1
INFO: [ app_init ] --START--
INFO: Run Behavior\BuildLiteBehavior [ RunTime:0.000010s ]
INFO: [ app_init ] --END-- [ RunTime:0.000212s ]
INFO: [ app_begin ] --START--
INFO: Run Behavior\ReadHtmlCacheBehavior [ RunTime:0.000294s ]
INFO: [ app_begin ] --END-- [ RunTime:0.000326s ]
SQL: SHOW COLUMNS FROM `dy_coupon_card` [ RunTime:0.0004s ]
SQL: SELECT * FROM `dy_coupon_card` ORDER BY handlingtime desc LIMIT 3   [ RunTime:0.0023s ]
INFO: [ app_end ] --START--
INFO: Run Behavior\ShowPageTraceBehavior [ RunTime:0.000314s ]
INFO: [ app_end ] --END-- [ RunTime:0.000352s ]

[ 2018-02-18T08:10:31+08:00 ] 39.68.148.35 /test/index.php/Activity/MobileList/getcardh5?jsoncallback=jsonp1
INFO: [ app_init ] --START--
INFO: Run Behavior\BuildLiteBehavior [ RunTime:0.000011s ]
INFO: [ app_init ] --END-- [ RunTime:0.000216s ]
INFO: [ app_begin ] --START--
INFO: Run Behavior\ReadHtmlCacheBehavior [ RunTime:0.000293s ]
INFO: [ app_begin ] --END-- [ RunTime:0.000325s ]
SQL: SHOW COLUMNS FROM `dy_coupon_card` [ RunTime:0.0006s ]
SQL: SELECT * FROM `dy_coupon_card` ORDER BY handlingtime desc LIMIT 3   [ RunTime:0.0002s ]
INFO: [ app_end ] --START--
INFO: Run Behavior\ShowPageTraceBehavior [ RunTime:0.000298s ]
INFO: [ app_end ] --END-- [ RunTime:0.000331s ]

[ 2018-02-18T08:10:31+08:00 ] 39.68.148.35 /test/index.php/Activity/MobileList/getloanh5?jsoncallback=jsonp2
INFO: [ app_init ] --START--
INFO: Run Behavior\BuildLiteBehavior [ RunTime:0.000008s ]
INFO: [ app_init ] --END-- [ RunTime:0.000200s ]
INFO: [ app_begin ] --START--
INFO: Run Behavior\ReadHtmlCacheBehavior [ RunTime:0.000268s ]
INFO: [ app_begin ] --END-- [ RunTime:0.000308s ]
SQL: SHOW COLUMNS FROM `dy_coupon_loan` [ RunTime:0.0004s ]
SQL: SELECT * FROM dy_coupon_loan a INNER JOIN dy_coupon_loancate b on a.cate=b.id   [ RunTime:0.0003s ]
INFO: [ app_end ] --START--
INFO: Run Behavior\ShowPageTraceBehavior [ RunTime:0.000313s ]
INFO: [ app_end ] --END-- [ RunTime:0.000347s ]

[ 2018-02-18T08:22:03+08:00 ] 113.220.57.193 /test/index.php/Activity/MobileList/getcardh5?jsoncallback=jsonp1
INFO: [ app_init ] --START--
INFO: Run Behavior\BuildLiteBehavior [ RunTime:0.000010s ]
INFO: [ app_init ] --END-- [ RunTime:0.000244s ]
INFO: [ app_begin ] --START--
INFO: Run Behavior\ReadHtmlCacheBehavior [ RunTime:0.000268s ]
INFO: [ app_begin ] --END-- [ RunTime:0.000311s ]
SQL: SHOW COLUMNS FROM `dy_coupon_card` [ RunTime:0.0006s ]
SQL: SELECT * FROM `dy_coupon_card` ORDER BY handlingtime desc LIMIT 3   [ RunTime:0.0004s ]
INFO: [ app_end ] --START--
INFO: Run Behavior\ShowPageTraceBehavior [ RunTime:0.000315s ]
INFO: [ app_end ] --END-- [ RunTime:0.000352s ]

[ 2018-02-18T08:22:03+08:00 ] 113.220.57.193 /test/index.php/Activity/MobileList/getloanh5?jsoncallback=jsonp2
INFO: [ app_init ] --START--
INFO: Run Behavior\BuildLiteBehavior [ RunTime:0.000009s ]
INFO: [ app_init ] --END-- [ RunTime:0.000216s ]
INFO: [ app_begin ] --START--
INFO: Run Behavior\ReadHtmlCacheBehavior [ RunTime:0.000262s ]
INFO: [ app_begin ] --END-- [ RunTime:0.000292s ]
SQL: SHOW COLUMNS FROM `dy_coupon_loan` [ RunTime:0.0021s ]
SQL: SELECT * FROM dy_coupon_loan a INNER JOIN dy_coupon_loancate b on a.cate=b.id   [ RunTime:0.0004s ]
INFO: [ app_end ] --START--
INFO: Run Behavior\ShowPageTraceBehavior [ RunTime:0.000310s ]
INFO: [ app_end ] --END-- [ RunTime:0.000340s ]

[ 2018-02-18T09:13:45+08:00 ] 42.49.19.33 /test/index.php/Activity/MobileList/getcardh5?jsoncallback=jsonp1
INFO: [ app_init ] --START--
INFO: Run Behavior\BuildLiteBehavior [ RunTime:0.000011s ]
INFO: [ app_init ] --END-- [ RunTime:0.000249s ]
INFO: [ app_begin ] --START--
INFO: Run Behavior\ReadHtmlCacheBehavior [ RunTime:0.000290s ]
INFO: [ app_begin ] --END-- [ RunTime:0.000340s ]
SQL: SHOW COLUMNS FROM `dy_coupon_card` [ RunTime:0.0006s ]
SQL: SELECT * FROM `dy_coupon_card` ORDER BY handlingtime desc LIMIT 3   [ RunTime:0.0002s ]
INFO: [ app_end ] --START--
INFO: Run Behavior\ShowPageTraceBehavior [ RunTime:0.000314s ]
INFO: [ app_end ] --END-- [ RunTime:0.000360s ]

[ 2018-02-18T09:13:45+08:00 ] 42.49.19.33 /test/index.php/Activity/MobileList/getloanh5?jsoncallback=jsonp2
INFO: [ app_init ] --START--
INFO: Run Behavior\BuildLiteBehavior [ RunTime:0.000009s ]
INFO: [ app_init ] --END-- [ RunTime:0.000215s ]
INFO: [ app_begin ] --START--
INFO: Run Behavior\ReadHtmlCacheBehavior [ RunTime:0.000292s ]
INFO: [ app_begin ] --END-- [ RunTime:0.000327s ]
SQL: SHOW COLUMNS FROM `dy_coupon_loan` [ RunTime:0.0004s ]
SQL: SELECT * FROM dy_coupon_loan a INNER JOIN dy_coupon_loancate b on a.cate=b.id   [ RunTime:0.0003s ]
INFO: [ app_end ] --START--
INFO: Run Behavior\ShowPageTraceBehavior [ RunTime:0.000319s ]
INFO: [ app_end ] --END-- [ RunTime:0.000355s ]

[ 2018-02-18T09:19:24+08:00 ] 183.205.0.145 /test/index.php/Activity/MobileList/getcardh5?jsoncallback=jsonp1
INFO: [ app_init ] --START--
INFO: Run Behavior\BuildLiteBehavior [ RunTime:0.000012s ]
INFO: [ app_init ] --END-- [ RunTime:0.000270s ]
INFO: [ app_begin ] --START--
INFO: Run Behavior\ReadHtmlCacheBehavior [ RunTime:0.000292s ]
INFO: [ app_begin ] --END-- [ RunTime:0.000328s ]
SQL: SHOW COLUMNS FROM `dy_coupon_card` [ RunTime:0.0006s ]
SQL: SELECT * FROM `dy_coupon_card` ORDER BY handlingtime desc LIMIT 3   [ RunTime:0.0010s ]
INFO: [ app_end ] --START--
INFO: Run Behavior\ShowPageTraceBehavior [ RunTime:0.000347s ]
INFO: [ app_end ] --END-- [ RunTime:0.000397s ]

[ 2018-02-18T09:19:24+08:00 ] 183.205.0.145 /test/index.php/Activity/MobileList/getloanh5?jsoncallback=jsonp2
INFO: [ app_init ] --START--
INFO: Run Behavior\BuildLiteBehavior [ RunTime:0.000011s ]
INFO: [ app_init ] --END-- [ RunTime:0.000236s ]
INFO: [ app_begin ] --START--
INFO: Run Behavior\ReadHtmlCacheBehavior [ RunTime:0.000287s ]
INFO: [ app_begin ] --END-- [ RunTime:0.000322s ]
SQL: SHOW COLUMNS FROM `dy_coupon_loan` [ RunTime:0.0004s ]
SQL: SELECT * FROM dy_coupon_loan a INNER JOIN dy_coupon_loancate b on a.cate=b.id   [ RunTime:0.0023s ]
INFO: [ app_end ] --START--
INFO: Run Behavior\ShowPageTraceBehavior [ RunTime:0.000326s ]
INFO: [ app_end ] --END-- [ RunTime:0.000364s ]

[ 2018-02-18T09:19:28+08:00 ] 183.205.0.145 /test/index.php/Activity/MobileList/getcardh5?jsoncallback=jsonp1
INFO: [ app_init ] --START--
INFO: Run Behavior\BuildLiteBehavior [ RunTime:0.000011s ]
INFO: [ app_init ] --END-- [ RunTime:0.000233s ]
INFO: [ app_begin ] --START--
INFO: Run Behavior\ReadHtmlCacheBehavior [ RunTime:0.000259s ]
INFO: [ app_begin ] --END-- [ RunTime:0.000289s ]
SQL: SHOW COLUMNS FROM `dy_coupon_card` [ RunTime:0.0006s ]
SQL: SELECT * FROM `dy_coupon_card` ORDER BY handlingtime desc LIMIT 3   [ RunTime:0.0002s ]
INFO: [ app_end ] --START--
INFO: Run Behavior\ShowPageTraceBehavior [ RunTime:0.000331s ]
INFO: [ app_end ] --END-- [ RunTime:0.000367s ]

[ 2018-02-18T09:19:28+08:00 ] 183.205.0.145 /test/index.php/Activity/MobileList/getloanh5?jsoncallback=jsonp2
INFO: [ app_init ] --START--
INFO: Run Behavior\BuildLiteBehavior [ RunTime:0.000008s ]
INFO: [ app_init ] --END-- [ RunTime:0.000203s ]
INFO: [ app_begin ] --START--
INFO: Run Behavior\ReadHtmlCacheBehavior [ RunTime:0.000267s ]
INFO: [ app_begin ] --END-- [ RunTime:0.000299s ]
SQL: SHOW COLUMNS FROM `dy_coupon_loan` [ RunTime:0.0004s ]
SQL: SELECT * FROM dy_coupon_loan a INNER JOIN dy_coupon_loancate b on a.cate=b.id   [ RunTime:0.0003s ]
INFO: [ app_end ] --START--
INFO: Run Behavior\ShowPageTraceBehavior [ RunTime:0.000297s ]
INFO: [ app_end ] --END-- [ RunTime:0.000334s ]

[ 2018-02-18T09:19:30+08:00 ] 183.205.0.145 /test/index.php/Activity/MobileList/getcardh5?jsoncallback=jsonp1
INFO: [ app_init ] --START--
INFO: Run Behavior\BuildLiteBehavior [ RunTime:0.000010s ]
INFO: [ app_init ] --END-- [ RunTime:0.000230s ]
INFO: [ app_begin ] --START--
INFO: Run Behavior\ReadHtmlCacheBehavior [ RunTime:0.000268s ]
INFO: [ app_begin ] --END-- [ RunTime:0.000299s ]
SQL: SHOW COLUMNS FROM `dy_coupon_card` [ RunTime:0.0006s ]
SQL: SELECT * FROM `dy_coupon_card` ORDER BY handlingtime desc LIMIT 3   [ RunTime:0.0002s ]
INFO: [ app_end ] --START--
INFO: Run Behavior\ShowPageTraceBehavior [ RunTime:0.000308s ]
INFO: [ app_end ] --END-- [ RunTime:0.000343s ]

[ 2018-02-18T09:19:30+08:00 ] 183.205.0.145 /test/index.php/Activity/MobileList/getloanh5?jsoncallback=jsonp2
INFO: [ app_init ] --START--
INFO: Run Behavior\BuildLiteBehavior [ RunTime:0.000008s ]
INFO: [ app_init ] --END-- [ RunTime:0.000213s ]
INFO: [ app_begin ] --START--
INFO: Run Behavior\ReadHtmlCacheBehavior [ RunTime:0.000290s ]
INFO: [ app_begin ] --END-- [ RunTime:0.000320s ]
SQL: SHOW COLUMNS FROM `dy_coupon_loan` [ RunTime:0.0004s ]
SQL: SELECT * FROM dy_coupon_loan a INNER JOIN dy_coupon_loancate b on a.cate=b.id   [ RunTime:0.0003s ]
INFO: [ app_end ] --START--
INFO: Run Behavior\ShowPageTraceBehavior [ RunTime:0.000304s ]
INFO: [ app_end ] --END-- [ RunTime:0.000343s ]

[ 2018-02-18T09:57:27+08:00 ] 120.231.145.82 /test/index.php/Activity/MobileList/getcardh5?jsoncallback=jsonp1
INFO: [ app_init ] --START--
INFO: Run Behavior\BuildLiteBehavior [ RunTime:0.000012s ]
INFO: [ app_init ] --END-- [ RunTime:0.000295s ]
INFO: [ app_begin ] --START--
INFO: Run Behavior\ReadHtmlCacheBehavior [ RunTime:0.000330s ]
INFO: [ app_begin ] --END-- [ RunTime:0.000368s ]
SQL: SHOW COLUMNS FROM `dy_coupon_card` [ RunTime:0.0006s ]
SQL: SELECT * FROM `dy_coupon_card` ORDER BY handlingtime desc LIMIT 3   [ RunTime:0.0002s ]
INFO: [ app_end ] --START--
INFO: Run Behavior\ShowPageTraceBehavior [ RunTime:0.000335s ]
INFO: [ app_end ] --END-- [ RunTime:0.000383s ]

[ 2018-02-18T09:57:27+08:00 ] 120.231.145.82 /test/index.php/Activity/MobileList/getloanh5?jsoncallback=jsonp2
INFO: [ app_init ] --START--
INFO: Run Behavior\BuildLiteBehavior [ RunTime:0.000010s ]
INFO: [ app_init ] --END-- [ RunTime:0.000202s ]
INFO: [ app_begin ] --START--
INFO: Run Behavior\ReadHtmlCacheBehavior [ RunTime:0.000260s ]
INFO: [ app_begin ] --END-- [ RunTime:0.000299s ]
SQL: SHOW COLUMNS FROM `dy_coupon_loan` [ RunTime:0.0005s ]
SQL: SELECT * FROM dy_coupon_loan a INNER JOIN dy_coupon_loancate b on a.cate=b.id   [ RunTime:0.0003s ]
INFO: [ app_end ] --START--
INFO: Run Behavior\ShowPageTraceBehavior [ RunTime:0.000290s ]
INFO: [ app_end ] --END-- [ RunTime:0.000320s ]

[ 2018-02-18T09:57:28+08:00 ] 120.231.145.82 /test/index.php/Activity/MobileList/getcardh5?jsoncallback=jsonp1
INFO: [ app_init ] --START--
INFO: Run Behavior\BuildLiteBehavior [ RunTime:0.000009s ]
INFO: [ app_init ] --END-- [ RunTime:0.000204s ]
INFO: [ app_begin ] --START--
INFO: Run Behavior\ReadHtmlCacheBehavior [ RunTime:0.000274s ]
INFO: [ app_begin ] --END-- [ RunTime:0.000304s ]
SQL: SHOW COLUMNS FROM `dy_coupon_card` [ RunTime:0.0006s ]
SQL: SELECT * FROM `dy_coupon_card` ORDER BY handlingtime desc LIMIT 3   [ RunTime:0.0002s ]
INFO: [ app_end ] --START--
INFO: Run Behavior\ShowPageTraceBehavior [ RunTime:0.000306s ]
INFO: [ app_end ] --END-- [ RunTime:0.000337s ]

[ 2018-02-18T09:57:28+08:00 ] 120.231.145.82 /test/index.php/Activity/MobileList/getloanh5?jsoncallback=jsonp2
INFO: [ app_init ] --START--
INFO: Run Behavior\BuildLiteBehavior [ RunTime:0.000008s ]
INFO: [ app_init ] --END-- [ RunTime:0.000201s ]
INFO: [ app_begin ] --START--
INFO: Run Behavior\ReadHtmlCacheBehavior [ RunTime:0.000257s ]
INFO: [ app_begin ] --END-- [ RunTime:0.000287s ]
SQL: SHOW COLUMNS FROM `dy_coupon_loan` [ RunTime:0.0004s ]
SQL: SELECT * FROM dy_coupon_loan a INNER JOIN dy_coupon_loancate b on a.cate=b.id   [ RunTime:0.0002s ]
INFO: [ app_end ] --START--
INFO: Run Behavior\ShowPageTraceBehavior [ RunTime:0.000316s ]
INFO: [ app_end ] --END-- [ RunTime:0.000349s ]

[ 2018-02-18T10:14:11+08:00 ] 117.136.9.169 /test/index.php/Activity/MobileList/getcardh5?jsoncallback=jsonp1
INFO: [ app_init ] --START--
INFO: Run Behavior\BuildLiteBehavior [ RunTime:0.000010s ]
INFO: [ app_init ] --END-- [ RunTime:0.000212s ]
INFO: [ app_begin ] --START--
INFO: Run Behavior\ReadHtmlCacheBehavior [ RunTime:0.000264s ]
INFO: [ app_begin ] --END-- [ RunTime:0.000294s ]
SQL: SHOW COLUMNS FROM `dy_coupon_card` [ RunTime:0.0006s ]
SQL: SELECT * FROM `dy_coupon_card` ORDER BY handlingtime desc LIMIT 3   [ RunTime:0.0002s ]
INFO: [ app_end ] --START--
INFO: Run Behavior\ShowPageTraceBehavior [ RunTime:0.000343s ]
INFO: [ app_end ] --END-- [ RunTime:0.000380s ]

[ 2018-02-18T10:14:11+08:00 ] 117.136.9.169 /test/index.php/Activity/MobileList/getloanh5?jsoncallback=jsonp2
INFO: [ app_init ] --START--
INFO: Run Behavior\BuildLiteBehavior [ RunTime:0.000008s ]
INFO: [ app_init ] --END-- [ RunTime:0.000212s ]
INFO: [ app_begin ] --START--
INFO: Run Behavior\ReadHtmlCacheBehavior [ RunTime:0.000262s ]
INFO: [ app_begin ] --END-- [ RunTime:0.000291s ]
SQL: SHOW COLUMNS FROM `dy_coupon_loan` [ RunTime:0.0004s ]
SQL: SELECT * FROM dy_coupon_loan a INNER JOIN dy_coupon_loancate b on a.cate=b.id   [ RunTime:0.0003s ]
INFO: [ app_end ] --START--
INFO: Run Behavior\ShowPageTraceBehavior [ RunTime:0.000301s ]
INFO: [ app_end ] --END-- [ RunTime:0.000332s ]

[ 2018-02-18T10:29:42+08:00 ] 117.157.160.1 /test/index.php/Activity/MobileList/getcardh5?jsoncallback=jsonp1
INFO: [ app_init ] --START--
INFO: Run Behavior\BuildLiteBehavior [ RunTime:0.000009s ]
INFO: [ app_init ] --END-- [ RunTime:0.000220s ]
INFO: [ app_begin ] --START--
INFO: Run Behavior\ReadHtmlCacheBehavior [ RunTime:0.000305s ]
INFO: [ app_begin ] --END-- [ RunTime:0.000340s ]
SQL: SHOW COLUMNS FROM `dy_coupon_card` [ RunTime:0.0005s ]
SQL: SELECT * FROM `dy_coupon_card` ORDER BY handlingtime desc LIMIT 3   [ RunTime:0.0010s ]
INFO: [ app_end ] --START--
INFO: Run Behavior\ShowPageTraceBehavior [ RunTime:0.000340s ]
INFO: [ app_end ] --END-- [ RunTime:0.000376s ]

[ 2018-02-18T10:29:42+08:00 ] 117.157.160.1 /test/index.php/Activity/MobileList/getloanh5?jsoncallback=jsonp2
INFO: [ app_init ] --START--
INFO: Run Behavior\BuildLiteBehavior [ RunTime:0.000009s ]
INFO: [ app_init ] --END-- [ RunTime:0.000220s ]
INFO: [ app_begin ] --START--
INFO: Run Behavior\ReadHtmlCacheBehavior [ RunTime:0.000283s ]
INFO: [ app_begin ] --END-- [ RunTime:0.000318s ]
SQL: SHOW COLUMNS FROM `dy_coupon_loan` [ RunTime:0.0004s ]
SQL: SELECT * FROM dy_coupon_loan a INNER JOIN dy_coupon_loancate b on a.cate=b.id   [ RunTime:0.0021s ]
INFO: [ app_end ] --START--
INFO: Run Behavior\ShowPageTraceBehavior [ RunTime:0.000322s ]
INFO: [ app_end ] --END-- [ RunTime:0.000360s ]

[ 2018-02-18T10:55:41+08:00 ] 106.34.196.182 /test/index.php/Activity/MobileList/getcardh5?jsoncallback=jsonp1
INFO: [ app_init ] --START--
INFO: Run Behavior\BuildLiteBehavior [ RunTime:0.000010s ]
INFO: [ app_init ] --END-- [ RunTime:0.000214s ]
INFO: [ app_begin ] --START--
INFO: Run Behavior\ReadHtmlCacheBehavior [ RunTime:0.000290s ]
INFO: [ app_begin ] --END-- [ RunTime:0.000322s ]
SQL: SHOW COLUMNS FROM `dy_coupon_card` [ RunTime:0.0006s ]
SQL: SELECT * FROM `dy_coupon_card` ORDER BY handlingtime desc LIMIT 3   [ RunTime:0.0002s ]
INFO: [ app_end ] --START--
INFO: Run Behavior\ShowPageTraceBehavior [ RunTime:0.000337s ]
INFO: [ app_end ] --END-- [ RunTime:0.000376s ]

[ 2018-02-18T10:55:41+08:00 ] 106.34.196.182 /test/index.php/Activity/MobileList/getloanh5?jsoncallback=jsonp2
INFO: [ app_init ] --START--
INFO: Run Behavior\BuildLiteBehavior [ RunTime:0.000022s ]
INFO: [ app_init ] --END-- [ RunTime:0.000259s ]
INFO: [ app_begin ] --START--
INFO: Run Behavior\ReadHtmlCacheBehavior [ RunTime:0.000295s ]
INFO: [ app_begin ] --END-- [ RunTime:0.000332s ]
SQL: SHOW COLUMNS FROM `dy_coupon_loan` [ RunTime:0.0004s ]
SQL: SELECT * FROM dy_coupon_loan a INNER JOIN dy_coupon_loancate b on a.cate=b.id   [ RunTime:0.0003s ]
INFO: [ app_end ] --START--
INFO: Run Behavior\ShowPageTraceBehavior [ RunTime:0.000318s ]
INFO: [ app_end ] --END-- [ RunTime:0.000359s ]

[ 2018-02-18T10:56:15+08:00 ] 106.34.196.182 /test/index.php/Activity/MobileList/getcardh5?jsoncallback=jsonp1
INFO: [ app_init ] --START--
INFO: Run Behavior\BuildLiteBehavior [ RunTime:0.000009s ]
INFO: [ app_init ] --END-- [ RunTime:0.000206s ]
INFO: [ app_begin ] --START--
INFO: Run Behavior\ReadHtmlCacheBehavior [ RunTime:0.000271s ]
INFO: [ app_begin ] --END-- [ RunTime:0.000301s ]
SQL: SHOW COLUMNS FROM `dy_coupon_card` [ RunTime:0.0006s ]
SQL: SELECT * FROM `dy_coupon_card` ORDER BY handlingtime desc LIMIT 3   [ RunTime:0.0002s ]
INFO: [ app_end ] --START--
INFO: Run Behavior\ShowPageTraceBehavior [ RunTime:0.000310s ]
INFO: [ app_end ] --END-- [ RunTime:0.000340s ]

[ 2018-02-18T10:56:15+08:00 ] 106.34.196.182 /test/index.php/Activity/MobileList/getloanh5?jsoncallback=jsonp2
INFO: [ app_init ] --START--
INFO: Run Behavior\BuildLiteBehavior [ RunTime:0.000008s ]
INFO: [ app_init ] --END-- [ RunTime:0.000191s ]
INFO: [ app_begin ] --START--
INFO: Run Behavior\ReadHtmlCacheBehavior [ RunTime:0.000261s ]
INFO: [ app_begin ] --END-- [ RunTime:0.000291s ]
SQL: SHOW COLUMNS FROM `dy_coupon_loan` [ RunTime:0.0004s ]
SQL: SELECT * FROM dy_coupon_loan a INNER JOIN dy_coupon_loancate b on a.cate=b.id   [ RunTime:0.0002s ]
INFO: [ app_end ] --START--
INFO: Run Behavior\ShowPageTraceBehavior [ RunTime:0.000303s ]
INFO: [ app_end ] --END-- [ RunTime:0.000335s ]

[ 2018-02-18T10:59:39+08:00 ] 223.220.39.107 /test/index.php/Activity/MobileList/getcardh5?jsoncallback=jsonp1
INFO: [ app_init ] --START--
INFO: Run Behavior\BuildLiteBehavior [ RunTime:0.000013s ]
INFO: [ app_init ] --END-- [ RunTime:0.000251s ]
INFO: [ app_begin ] --START--
INFO: Run Behavior\ReadHtmlCacheBehavior [ RunTime:0.000313s ]
INFO: [ app_begin ] --END-- [ RunTime:0.000350s ]
SQL: SHOW COLUMNS FROM `dy_coupon_card` [ RunTime:0.0006s ]
SQL: SELECT * FROM `dy_coupon_card` ORDER BY handlingtime desc LIMIT 3   [ RunTime:0.0002s ]
INFO: [ app_end ] --START--
INFO: Run Behavior\ShowPageTraceBehavior [ RunTime:0.000329s ]
INFO: [ app_end ] --END-- [ RunTime:0.000366s ]

[ 2018-02-18T10:59:39+08:00 ] 223.220.39.107 /test/index.php/Activity/MobileList/getloanh5?jsoncallback=jsonp2
INFO: [ app_init ] --START--
INFO: Run Behavior\BuildLiteBehavior [ RunTime:0.000013s ]
INFO: [ app_init ] --END-- [ RunTime:0.000257s ]
INFO: [ app_begin ] --START--
INFO: Run Behavior\ReadHtmlCacheBehavior [ RunTime:0.000322s ]
INFO: [ app_begin ] --END-- [ RunTime:0.000373s ]
SQL: SHOW COLUMNS FROM `dy_coupon_loan` [ RunTime:0.0006s ]
SQL: SELECT * FROM dy_coupon_loan a INNER JOIN dy_coupon_loancate b on a.cate=b.id   [ RunTime:0.0003s ]
INFO: [ app_end ] --START--
INFO: Run Behavior\ShowPageTraceBehavior [ RunTime:0.000328s ]
INFO: [ app_end ] --END-- [ RunTime:0.000367s ]

[ 2018-02-18T10:59:47+08:00 ] 223.220.39.107 /test/index.php/Activity/MobileList/getcardh5?jsoncallback=jsonp1
INFO: [ app_init ] --START--
INFO: Run Behavior\BuildLiteBehavior [ RunTime:0.000011s ]
INFO: [ app_init ] --END-- [ RunTime:0.000254s ]
INFO: [ app_begin ] --START--
INFO: Run Behavior\ReadHtmlCacheBehavior [ RunTime:0.000289s ]
INFO: [ app_begin ] --END-- [ RunTime:0.000323s ]
SQL: SHOW COLUMNS FROM `dy_coupon_card` [ RunTime:0.0006s ]
SQL: SELECT * FROM `dy_coupon_card` ORDER BY handlingtime desc LIMIT 3   [ RunTime:0.0002s ]
INFO: [ app_end ] --START--
INFO: Run Behavior\ShowPageTraceBehavior [ RunTime:0.000326s ]
INFO: [ app_end ] --END-- [ RunTime:0.000362s ]

[ 2018-02-18T10:59:47+08:00 ] 223.220.39.107 /test/index.php/Activity/MobileList/getloanh5?jsoncallback=jsonp2
INFO: [ app_init ] --START--
INFO: Run Behavior\BuildLiteBehavior [ RunTime:0.000008s ]
INFO: [ app_init ] --END-- [ RunTime:0.000230s ]
INFO: [ app_begin ] --START--
INFO: Run Behavior\ReadHtmlCacheBehavior [ RunTime:0.000266s ]
INFO: [ app_begin ] --END-- [ RunTime:0.000312s ]
SQL: SHOW COLUMNS FROM `dy_coupon_loan` [ RunTime:0.0004s ]
SQL: SELECT * FROM dy_coupon_loan a INNER JOIN dy_coupon_loancate b on a.cate=b.id   [ RunTime:0.0003s ]
INFO: [ app_end ] --START--
INFO: Run Behavior\ShowPageTraceBehavior [ RunTime:0.000308s ]
INFO: [ app_end ] --END-- [ RunTime:0.000341s ]

[ 2018-02-18T11:03:18+08:00 ] 117.136.104.231 /test/index.php/Activity/MobileList/getloanh5?jsoncallback=jsonp2
INFO: [ app_init ] --START--
INFO: Run Behavior\BuildLiteBehavior [ RunTime:0.000009s ]
INFO: [ app_init ] --END-- [ RunTime:0.000197s ]
INFO: [ app_begin ] --START--
INFO: Run Behavior\ReadHtmlCacheBehavior [ RunTime:0.000281s ]
INFO: [ app_begin ] --END-- [ RunTime:0.000312s ]
SQL: SHOW COLUMNS FROM `dy_coupon_loan` [ RunTime:0.0013s ]
SQL: SELECT * FROM dy_coupon_loan a INNER JOIN dy_coupon_loancate b on a.cate=b.id   [ RunTime:0.0003s ]
INFO: [ app_end ] --START--
INFO: Run Behavior\ShowPageTraceBehavior [ RunTime:0.000338s ]
INFO: [ app_end ] --END-- [ RunTime:0.000371s ]

[ 2018-02-18T11:03:18+08:00 ] 117.136.104.231 /test/index.php/Activity/MobileList/getcardh5?jsoncallback=jsonp1
INFO: [ app_init ] --START--
INFO: Run Behavior\BuildLiteBehavior [ RunTime:0.000012s ]
INFO: [ app_init ] --END-- [ RunTime:0.000267s ]
INFO: [ app_begin ] --START--
INFO: Run Behavior\ReadHtmlCacheBehavior [ RunTime:0.000300s ]
INFO: [ app_begin ] --END-- [ RunTime:0.000334s ]
SQL: SHOW COLUMNS FROM `dy_coupon_card` [ RunTime:0.0005s ]
SQL: SELECT * FROM `dy_coupon_card` ORDER BY handlingtime desc LIMIT 3   [ RunTime:0.0027s ]
INFO: [ app_end ] --START--
INFO: Run Behavior\ShowPageTraceBehavior [ RunTime:0.000331s ]
INFO: [ app_end ] --END-- [ RunTime:0.000388s ]

[ 2018-02-18T11:08:37+08:00 ] 140.243.162.115 /test/index.php/Activity/MobileList/getcardh5?jsoncallback=jsonp1
INFO: [ app_init ] --START--
INFO: Run Behavior\BuildLiteBehavior [ RunTime:0.000010s ]
INFO: [ app_init ] --END-- [ RunTime:0.000231s ]
INFO: [ app_begin ] --START--
INFO: Run Behavior\ReadHtmlCacheBehavior [ RunTime:0.000279s ]
INFO: [ app_begin ] --END-- [ RunTime:0.000312s ]
SQL: SHOW COLUMNS FROM `dy_coupon_card` [ RunTime:0.0006s ]
SQL: SELECT * FROM `dy_coupon_card` ORDER BY handlingtime desc LIMIT 3   [ RunTime:0.0002s ]
INFO: [ app_end ] --START--
INFO: Run Behavior\ShowPageTraceBehavior [ RunTime:0.000320s ]
INFO: [ app_end ] --END-- [ RunTime:0.000364s ]

[ 2018-02-18T11:08:37+08:00 ] 140.243.162.115 /test/index.php/Activity/MobileList/getloanh5?jsoncallback=jsonp2
INFO: [ app_init ] --START--
INFO: Run Behavior\BuildLiteBehavior [ RunTime:0.000009s ]
INFO: [ app_init ] --END-- [ RunTime:0.000202s ]
INFO: [ app_begin ] --START--
INFO: Run Behavior\ReadHtmlCacheBehavior [ RunTime:0.000279s ]
INFO: [ app_begin ] --END-- [ RunTime:0.000311s ]
SQL: SHOW COLUMNS FROM `dy_coupon_loan` [ RunTime:0.0004s ]
SQL: SELECT * FROM dy_coupon_loan a INNER JOIN dy_coupon_loancate b on a.cate=b.id   [ RunTime:0.0002s ]
INFO: [ app_end ] --START--
INFO: Run Behavior\ShowPageTraceBehavior [ RunTime:0.000307s ]
INFO: [ app_end ] --END-- [ RunTime:0.000339s ]

[ 2018-02-18T11:10:27+08:00 ] 42.88.83.149 /test/index.php/Activity/MobileList/getcardh5?jsoncallback=jsonp1
INFO: [ app_init ] --START--
INFO: Run Behavior\BuildLiteBehavior [ RunTime:0.000019s ]
INFO: [ app_init ] --END-- [ RunTime:0.000220s ]
INFO: [ app_begin ] --START--
INFO: Run Behavior\ReadHtmlCacheBehavior [ RunTime:0.000286s ]
INFO: [ app_begin ] --END-- [ RunTime:0.000317s ]
SQL: SHOW COLUMNS FROM `dy_coupon_card` [ RunTime:0.0005s ]
SQL: SELECT * FROM `dy_coupon_card` ORDER BY handlingtime desc LIMIT 3   [ RunTime:0.0002s ]
INFO: [ app_end ] --START--
INFO: Run Behavior\ShowPageTraceBehavior [ RunTime:0.000329s ]
INFO: [ app_end ] --END-- [ RunTime:0.000366s ]

[ 2018-02-18T11:10:27+08:00 ] 42.88.83.149 /test/index.php/Activity/MobileList/getloanh5?jsoncallback=jsonp2
INFO: [ app_init ] --START--
INFO: Run Behavior\BuildLiteBehavior [ RunTime:0.000009s ]
INFO: [ app_init ] --END-- [ RunTime:0.000204s ]
INFO: [ app_begin ] --START--
INFO: Run Behavior\ReadHtmlCacheBehavior [ RunTime:0.000274s ]
INFO: [ app_begin ] --END-- [ RunTime:0.000304s ]
SQL: SHOW COLUMNS FROM `dy_coupon_loan` [ RunTime:0.0005s ]
SQL: SELECT * FROM dy_coupon_loan a INNER JOIN dy_coupon_loancate b on a.cate=b.id   [ RunTime:0.0003s ]
INFO: [ app_end ] --START--
INFO: Run Behavior\ShowPageTraceBehavior [ RunTime:0.000309s ]
INFO: [ app_end ] --END-- [ RunTime:0.000339s ]

[ 2018-02-18T11:12:30+08:00 ] 42.88.83.149 /test/index.php/Activity/MobileList/getcardh5?jsoncallback=jsonp1
INFO: [ app_init ] --START--
INFO: Run Behavior\BuildLiteBehavior [ RunTime:0.000010s ]
INFO: [ app_init ] --END-- [ RunTime:0.000227s ]
INFO: [ app_begin ] --START--
INFO: Run Behavior\ReadHtmlCacheBehavior [ RunTime:0.000283s ]
INFO: [ app_begin ] --END-- [ RunTime:0.000317s ]
SQL: SHOW COLUMNS FROM `dy_coupon_card` [ RunTime:0.0006s ]
SQL: SELECT * FROM `dy_coupon_card` ORDER BY handlingtime desc LIMIT 3   [ RunTime:0.0002s ]
INFO: [ app_end ] --START--
INFO: Run Behavior\ShowPageTraceBehavior [ RunTime:0.000310s ]
INFO: [ app_end ] --END-- [ RunTime:0.000354s ]

[ 2018-02-18T11:12:30+08:00 ] 42.88.83.149 /test/index.php/Activity/MobileList/getloanh5?jsoncallback=jsonp2
INFO: [ app_init ] --START--
INFO: Run Behavior\BuildLiteBehavior [ RunTime:0.000009s ]
INFO: [ app_init ] --END-- [ RunTime:0.000240s ]
INFO: [ app_begin ] --START--
INFO: Run Behavior\ReadHtmlCacheBehavior [ RunTime:0.000286s ]
INFO: [ app_begin ] --END-- [ RunTime:0.000319s ]
SQL: SHOW COLUMNS FROM `dy_coupon_loan` [ RunTime:0.0004s ]
SQL: SELECT * FROM dy_coupon_loan a INNER JOIN dy_coupon_loancate b on a.cate=b.id   [ RunTime:0.0003s ]
INFO: [ app_end ] --START--
INFO: Run Behavior\ShowPageTraceBehavior [ RunTime:0.000302s ]
INFO: [ app_end ] --END-- [ RunTime:0.000338s ]

[ 2018-02-18T11:20:52+08:00 ] 106.86.146.177 /test/index.php/Activity/MobileList/getcardh5?jsoncallback=jsonp1
INFO: [ app_init ] --START--
INFO: Run Behavior\BuildLiteBehavior [ RunTime:0.000013s ]
INFO: [ app_init ] --END-- [ RunTime:0.000259s ]
INFO: [ app_begin ] --START--
INFO: Run Behavior\ReadHtmlCacheBehavior [ RunTime:0.000276s ]
INFO: [ app_begin ] --END-- [ RunTime:0.000308s ]
SQL: SHOW COLUMNS FROM `dy_coupon_card` [ RunTime:0.0006s ]
SQL: SELECT * FROM `dy_coupon_card` ORDER BY handlingtime desc LIMIT 3   [ RunTime:0.0002s ]
INFO: [ app_end ] --START--
INFO: Run Behavior\ShowPageTraceBehavior [ RunTime:0.000317s ]
INFO: [ app_end ] --END-- [ RunTime:0.000352s ]

[ 2018-02-18T11:20:52+08:00 ] 106.86.146.177 /test/index.php/Activity/MobileList/getloanh5?jsoncallback=jsonp2
INFO: [ app_init ] --START--
INFO: Run Behavior\BuildLiteBehavior [ RunTime:0.000012s ]
INFO: [ app_init ] --END-- [ RunTime:0.000268s ]
INFO: [ app_begin ] --START--
INFO: Run Behavior\ReadHtmlCacheBehavior [ RunTime:0.000321s ]
INFO: [ app_begin ] --END-- [ RunTime:0.000358s ]
SQL: SHOW COLUMNS FROM `dy_coupon_loan` [ RunTime:0.0006s ]
SQL: SELECT * FROM dy_coupon_loan a INNER JOIN dy_coupon_loancate b on a.cate=b.id   [ RunTime:0.0003s ]
INFO: [ app_end ] --START--
INFO: Run Behavior\ShowPageTraceBehavior [ RunTime:0.000314s ]
INFO: [ app_end ] --END-- [ RunTime:0.000358s ]

[ 2018-02-18T13:01:47+08:00 ] 42.49.19.33 /test/index.php/Activity/MobileList/getcardh5?jsoncallback=jsonp1
INFO: [ app_init ] --START--
INFO: Run Behavior\BuildLiteBehavior [ RunTime:0.000010s ]
INFO: [ app_init ] --END-- [ RunTime:0.000230s ]
INFO: [ app_begin ] --START--
INFO: Run Behavior\ReadHtmlCacheBehavior [ RunTime:0.000291s ]
INFO: [ app_begin ] --END-- [ RunTime:0.000336s ]
SQL: SHOW COLUMNS FROM `dy_coupon_card` [ RunTime:0.0006s ]
SQL: SELECT * FROM `dy_coupon_card` ORDER BY handlingtime desc LIMIT 3   [ RunTime:0.0002s ]
INFO: [ app_end ] --START--
INFO: Run Behavior\ShowPageTraceBehavior [ RunTime:0.000357s ]
INFO: [ app_end ] --END-- [ RunTime:0.000399s ]

[ 2018-02-18T13:01:47+08:00 ] 42.49.19.33 /test/index.php/Activity/MobileList/getloanh5?jsoncallback=jsonp2
INFO: [ app_init ] --START--
INFO: Run Behavior\BuildLiteBehavior [ RunTime:0.000008s ]
INFO: [ app_init ] --END-- [ RunTime:0.000203s ]
INFO: [ app_begin ] --START--
INFO: Run Behavior\ReadHtmlCacheBehavior [ RunTime:0.000316s ]
INFO: [ app_begin ] --END-- [ RunTime:0.000347s ]
SQL: SHOW COLUMNS FROM `dy_coupon_loan` [ RunTime:0.0004s ]
SQL: SELECT * FROM dy_coupon_loan a INNER JOIN dy_coupon_loancate b on a.cate=b.id   [ RunTime:0.0002s ]
INFO: [ app_end ] --START--
INFO: Run Behavior\ShowPageTraceBehavior [ RunTime:0.000368s ]
INFO: [ app_end ] --END-- [ RunTime:0.000399s ]

[ 2018-02-18T13:01:55+08:00 ] 42.49.19.33 /test/index.php/Activity/MobileList/getcardh5?jsoncallback=jsonp1
INFO: [ app_init ] --START--
INFO: Run Behavior\BuildLiteBehavior [ RunTime:0.000011s ]
INFO: [ app_init ] --END-- [ RunTime:0.000249s ]
INFO: [ app_begin ] --START--
INFO: Run Behavior\ReadHtmlCacheBehavior [ RunTime:0.000300s ]
INFO: [ app_begin ] --END-- [ RunTime:0.000335s ]
SQL: SHOW COLUMNS FROM `dy_coupon_card` [ RunTime:0.0006s ]
SQL: SELECT * FROM `dy_coupon_card` ORDER BY handlingtime desc LIMIT 3   [ RunTime:0.0002s ]
INFO: [ app_end ] --START--
INFO: Run Behavior\ShowPageTraceBehavior [ RunTime:0.000320s ]
INFO: [ app_end ] --END-- [ RunTime:0.000362s ]

[ 2018-02-18T13:01:55+08:00 ] 42.49.19.33 /test/index.php/Activity/MobileList/getloanh5?jsoncallback=jsonp2
INFO: [ app_init ] --START--
INFO: Run Behavior\BuildLiteBehavior [ RunTime:0.000011s ]
INFO: [ app_init ] --END-- [ RunTime:0.000247s ]
INFO: [ app_begin ] --START--
INFO: Run Behavior\ReadHtmlCacheBehavior [ RunTime:0.000298s ]
INFO: [ app_begin ] --END-- [ RunTime:0.000332s ]
SQL: SHOW COLUMNS FROM `dy_coupon_loan` [ RunTime:0.0005s ]
SQL: SELECT * FROM dy_coupon_loan a INNER JOIN dy_coupon_loancate b on a.cate=b.id   [ RunTime:0.0003s ]
INFO: [ app_end ] --START--
INFO: Run Behavior\ShowPageTraceBehavior [ RunTime:0.000310s ]
INFO: [ app_end ] --END-- [ RunTime:0.000349s ]

[ 2018-02-18T14:08:03+08:00 ] 117.94.244.116 /test/index.php/Activity/MobileList/getcardh5?jsoncallback=jsonp1
INFO: [ app_init ] --START--
INFO: Run Behavior\BuildLiteBehavior [ RunTime:0.000011s ]
INFO: [ app_init ] --END-- [ RunTime:0.000265s ]
INFO: [ app_begin ] --START--
INFO: Run Behavior\ReadHtmlCacheBehavior [ RunTime:0.000284s ]
INFO: [ app_begin ] --END-- [ RunTime:0.000318s ]
SQL: SHOW COLUMNS FROM `dy_coupon_card` [ RunTime:0.0005s ]
SQL: SELECT * FROM `dy_coupon_card` ORDER BY handlingtime desc LIMIT 3   [ RunTime:0.0002s ]
INFO: [ app_end ] --START--
INFO: Run Behavior\ShowPageTraceBehavior [ RunTime:0.000324s ]
INFO: [ app_end ] --END-- [ RunTime:0.000361s ]

[ 2018-02-18T14:08:03+08:00 ] 117.94.244.116 /test/index.php/Activity/MobileList/getloanh5?jsoncallback=jsonp2
INFO: [ app_init ] --START--
INFO: Run Behavior\BuildLiteBehavior [ RunTime:0.000010s ]
INFO: [ app_init ] --END-- [ RunTime:0.000227s ]
INFO: [ app_begin ] --START--
INFO: Run Behavior\ReadHtmlCacheBehavior [ RunTime:0.000283s ]
INFO: [ app_begin ] --END-- [ RunTime:0.000317s ]
SQL: SHOW COLUMNS FROM `dy_coupon_loan` [ RunTime:0.0004s ]
SQL: SELECT * FROM dy_coupon_loan a INNER JOIN dy_coupon_loancate b on a.cate=b.id   [ RunTime:0.0003s ]
INFO: [ app_end ] --START--
INFO: Run Behavior\ShowPageTraceBehavior [ RunTime:0.000352s ]
INFO: [ app_end ] --END-- [ RunTime:0.000388s ]

[ 2018-02-18T14:52:15+08:00 ] 221.208.21.88 /test/index.php/Activity/MobileList/getcardh5?jsoncallback=jsonp1
INFO: [ app_init ] --START--
INFO: Run Behavior\BuildLiteBehavior [ RunTime:0.000014s ]
INFO: [ app_init ] --END-- [ RunTime:0.000300s ]
INFO: [ app_begin ] --START--
INFO: Run Behavior\ReadHtmlCacheBehavior [ RunTime:0.000425s ]
INFO: [ app_begin ] --END-- [ RunTime:0.000472s ]
SQL: SHOW COLUMNS FROM `dy_coupon_card` [ RunTime:0.0008s ]
SQL: SELECT * FROM `dy_coupon_card` ORDER BY handlingtime desc LIMIT 3   [ RunTime:0.0024s ]
INFO: [ app_end ] --START--
INFO: Run Behavior\ShowPageTraceBehavior [ RunTime:0.000518s ]
INFO: [ app_end ] --END-- [ RunTime:0.000579s ]

[ 2018-02-18T14:52:15+08:00 ] 221.208.21.88 /test/index.php/Activity/MobileList/getloanh5?jsoncallback=jsonp2
INFO: [ app_init ] --START--
INFO: Run Behavior\BuildLiteBehavior [ RunTime:0.000013s ]
INFO: [ app_init ] --END-- [ RunTime:0.000307s ]
INFO: [ app_begin ] --START--
INFO: Run Behavior\ReadHtmlCacheBehavior [ RunTime:0.000438s ]
INFO: [ app_begin ] --END-- [ RunTime:0.000484s ]
SQL: SHOW COLUMNS FROM `dy_coupon_loan` [ RunTime:0.0006s ]
SQL: SELECT * FROM dy_coupon_loan a INNER JOIN dy_coupon_loancate b on a.cate=b.id   [ RunTime:0.0004s ]
INFO: [ app_end ] --START--
INFO: Run Behavior\ShowPageTraceBehavior [ RunTime:0.000471s ]
INFO: [ app_end ] --END-- [ RunTime:0.000530s ]

[ 2018-02-18T15:30:37+08:00 ] 27.109.199.70 /test/index.php/Activity/MobileList/getcardh5?jsoncallback=jsonp1
INFO: [ app_init ] --START--
INFO: Run Behavior\BuildLiteBehavior [ RunTime:0.000012s ]
INFO: [ app_init ] --END-- [ RunTime:0.000276s ]
INFO: [ app_begin ] --START--
INFO: Run Behavior\ReadHtmlCacheBehavior [ RunTime:0.000295s ]
INFO: [ app_begin ] --END-- [ RunTime:0.000331s ]
SQL: SHOW COLUMNS FROM `dy_coupon_card` [ RunTime:0.0006s ]
SQL: SELECT * FROM `dy_coupon_card` ORDER BY handlingtime desc LIMIT 3   [ RunTime:0.0003s ]
INFO: [ app_end ] --START--
INFO: Run Behavior\ShowPageTraceBehavior [ RunTime:0.000329s ]
INFO: [ app_end ] --END-- [ RunTime:0.000374s ]

[ 2018-02-18T15:30:37+08:00 ] 27.109.199.70 /test/index.php/Activity/MobileList/getloanh5?jsoncallback=jsonp2
INFO: [ app_init ] --START--
INFO: Run Behavior\BuildLiteBehavior [ RunTime:0.000009s ]
INFO: [ app_init ] --END-- [ RunTime:0.000207s ]
INFO: [ app_begin ] --START--
INFO: Run Behavior\ReadHtmlCacheBehavior [ RunTime:0.000266s ]
INFO: [ app_begin ] --END-- [ RunTime:0.000298s ]
SQL: SHOW COLUMNS FROM `dy_coupon_loan` [ RunTime:0.0005s ]
SQL: SELECT * FROM dy_coupon_loan a INNER JOIN dy_coupon_loancate b on a.cate=b.id   [ RunTime:0.0003s ]
INFO: [ app_end ] --START--
INFO: Run Behavior\ShowPageTraceBehavior [ RunTime:0.000303s ]
INFO: [ app_end ] --END-- [ RunTime:0.000339s ]

[ 2018-02-18T15:36:02+08:00 ] 117.61.11.121 /test/index.php/Activity/MobileList/getloanh5?jsoncallback=jsonp2
INFO: [ app_init ] --START--
INFO: Run Behavior\BuildLiteBehavior [ RunTime:0.000012s ]
INFO: [ app_init ] --END-- [ RunTime:0.000272s ]
INFO: [ app_begin ] --START--
INFO: Run Behavior\ReadHtmlCacheBehavior [ RunTime:0.000288s ]
INFO: [ app_begin ] --END-- [ RunTime:0.000321s ]
SQL: SHOW COLUMNS FROM `dy_coupon_loan` [ RunTime:0.0007s ]
SQL: SELECT * FROM dy_coupon_loan a INNER JOIN dy_coupon_loancate b on a.cate=b.id   [ RunTime:0.0003s ]
INFO: [ app_end ] --START--
INFO: Run Behavior\ShowPageTraceBehavior [ RunTime:0.000319s ]
INFO: [ app_end ] --END-- [ RunTime:0.000358s ]

[ 2018-02-18T15:36:02+08:00 ] 117.61.11.121 /test/index.php/Activity/MobileList/getcardh5?jsoncallback=jsonp1
INFO: [ app_init ] --START--
INFO: Run Behavior\BuildLiteBehavior [ RunTime:0.000009s ]
INFO: [ app_init ] --END-- [ RunTime:0.000206s ]
INFO: [ app_begin ] --START--
INFO: Run Behavior\ReadHtmlCacheBehavior [ RunTime:0.000271s ]
INFO: [ app_begin ] --END-- [ RunTime:0.000304s ]
SQL: SHOW COLUMNS FROM `dy_coupon_card` [ RunTime:0.0004s ]
SQL: SELECT * FROM `dy_coupon_card` ORDER BY handlingtime desc LIMIT 3   [ RunTime:0.0002s ]
INFO: [ app_end ] --START--
INFO: Run Behavior\ShowPageTraceBehavior [ RunTime:0.000347s ]
INFO: [ app_end ] --END-- [ RunTime:0.000387s ]

[ 2018-02-18T15:39:54+08:00 ] 223.104.188.148 /test/index.php/Activity/MobileList/getcardh5?jsoncallback=jsonp1
INFO: [ app_init ] --START--
INFO: Run Behavior\BuildLiteBehavior [ RunTime:0.000010s ]
INFO: [ app_init ] --END-- [ RunTime:0.000252s ]
INFO: [ app_begin ] --START--
INFO: Run Behavior\ReadHtmlCacheBehavior [ RunTime:0.000264s ]
INFO: [ app_begin ] --END-- [ RunTime:0.000294s ]
SQL: SHOW COLUMNS FROM `dy_coupon_card` [ RunTime:0.0005s ]
SQL: SELECT * FROM `dy_coupon_card` ORDER BY handlingtime desc LIMIT 3   [ RunTime:0.0002s ]
INFO: [ app_end ] --START--
INFO: Run Behavior\ShowPageTraceBehavior [ RunTime:0.000341s ]
INFO: [ app_end ] --END-- [ RunTime:0.000372s ]

[ 2018-02-18T15:39:54+08:00 ] 223.104.188.148 /test/index.php/Activity/MobileList/getloanh5?jsoncallback=jsonp2
INFO: [ app_init ] --START--
INFO: Run Behavior\BuildLiteBehavior [ RunTime:0.000012s ]
INFO: [ app_init ] --END-- [ RunTime:0.000249s ]
INFO: [ app_begin ] --START--
INFO: Run Behavior\ReadHtmlCacheBehavior [ RunTime:0.000285s ]
INFO: [ app_begin ] --END-- [ RunTime:0.000320s ]
SQL: SHOW COLUMNS FROM `dy_coupon_loan` [ RunTime:0.0005s ]
SQL: SELECT * FROM dy_coupon_loan a INNER JOIN dy_coupon_loancate b on a.cate=b.id   [ RunTime:0.0003s ]
INFO: [ app_end ] --START--
INFO: Run Behavior\ShowPageTraceBehavior [ RunTime:0.000330s ]
INFO: [ app_end ] --END-- [ RunTime:0.000368s ]

[ 2018-02-18T15:56:11+08:00 ] 183.225.60.113 /test/index.php/Activity/MobileList/getcardh5?jsoncallback=jsonp1
INFO: [ app_init ] --START--
INFO: Run Behavior\BuildLiteBehavior [ RunTime:0.000010s ]
INFO: [ app_init ] --END-- [ RunTime:0.000216s ]
INFO: [ app_begin ] --START--
INFO: Run Behavior\ReadHtmlCacheBehavior [ RunTime:0.000270s ]
INFO: [ app_begin ] --END-- [ RunTime:0.000303s ]
SQL: SHOW COLUMNS FROM `dy_coupon_card` [ RunTime:0.0006s ]
SQL: SELECT * FROM `dy_coupon_card` ORDER BY handlingtime desc LIMIT 3   [ RunTime:0.0009s ]
INFO: [ app_end ] --START--
INFO: Run Behavior\ShowPageTraceBehavior [ RunTime:0.000329s ]
INFO: [ app_end ] --END-- [ RunTime:0.000383s ]

[ 2018-02-18T15:56:11+08:00 ] 183.225.60.113 /test/index.php/Activity/MobileList/getloanh5?jsoncallback=jsonp2
INFO: [ app_init ] --START--
INFO: Run Behavior\BuildLiteBehavior [ RunTime:0.000008s ]
INFO: [ app_init ] --END-- [ RunTime:0.000202s ]
INFO: [ app_begin ] --START--
INFO: Run Behavior\ReadHtmlCacheBehavior [ RunTime:0.000271s ]
INFO: [ app_begin ] --END-- [ RunTime:0.000303s ]
SQL: SHOW COLUMNS FROM `dy_coupon_loan` [ RunTime:0.0004s ]
SQL: SELECT * FROM dy_coupon_loan a INNER JOIN dy_coupon_loancate b on a.cate=b.id   [ RunTime:0.0020s ]
INFO: [ app_end ] --START--
INFO: Run Behavior\ShowPageTraceBehavior [ RunTime:0.000295s ]
INFO: [ app_end ] --END-- [ RunTime:0.000333s ]

[ 2018-02-18T15:56:14+08:00 ] 183.225.60.113 /test/index.php/Activity/MobileList/getcardh5?jsoncallback=jsonp1
INFO: [ app_init ] --START--
INFO: Run Behavior\BuildLiteBehavior [ RunTime:0.000010s ]
INFO: [ app_init ] --END-- [ RunTime:0.000264s ]
INFO: [ app_begin ] --START--
INFO: Run Behavior\ReadHtmlCacheBehavior [ RunTime:0.000324s ]
INFO: [ app_begin ] --END-- [ RunTime:0.000367s ]
SQL: SHOW COLUMNS FROM `dy_coupon_card` [ RunTime:0.0005s ]
SQL: SELECT * FROM `dy_coupon_card` ORDER BY handlingtime desc LIMIT 3   [ RunTime:0.0002s ]
INFO: [ app_end ] --START--
INFO: Run Behavior\ShowPageTraceBehavior [ RunTime:0.000306s ]
INFO: [ app_end ] --END-- [ RunTime:0.000356s ]

[ 2018-02-18T15:56:14+08:00 ] 183.225.60.113 /test/index.php/Activity/MobileList/getloanh5?jsoncallback=jsonp2
INFO: [ app_init ] --START--
INFO: Run Behavior\BuildLiteBehavior [ RunTime:0.000008s ]
INFO: [ app_init ] --END-- [ RunTime:0.000226s ]
INFO: [ app_begin ] --START--
INFO: Run Behavior\ReadHtmlCacheBehavior [ RunTime:0.000270s ]
INFO: [ app_begin ] --END-- [ RunTime:0.000306s ]
SQL: SHOW COLUMNS FROM `dy_coupon_loan` [ RunTime:0.0004s ]
SQL: SELECT * FROM dy_coupon_loan a INNER JOIN dy_coupon_loancate b on a.cate=b.id   [ RunTime:0.0002s ]
INFO: [ app_end ] --START--
INFO: Run Behavior\ShowPageTraceBehavior [ RunTime:0.000300s ]
INFO: [ app_end ] --END-- [ RunTime:0.000333s ]

[ 2018-02-18T15:56:19+08:00 ] 183.225.60.113 /test/index.php/Activity/MobileList/getcardh5?jsoncallback=jsonp1
INFO: [ app_init ] --START--
INFO: Run Behavior\BuildLiteBehavior [ RunTime:0.000012s ]
INFO: [ app_init ] --END-- [ RunTime:0.000254s ]
INFO: [ app_begin ] --START--
INFO: Run Behavior\ReadHtmlCacheBehavior [ RunTime:0.000289s ]
INFO: [ app_begin ] --END-- [ RunTime:0.000324s ]
SQL: SHOW COLUMNS FROM `dy_coupon_card` [ RunTime:0.0006s ]
SQL: SELECT * FROM `dy_coupon_card` ORDER BY handlingtime desc LIMIT 3   [ RunTime:0.0002s ]
INFO: [ app_end ] --START--
INFO: Run Behavior\ShowPageTraceBehavior [ RunTime:0.000314s ]
INFO: [ app_end ] --END-- [ RunTime:0.000352s ]

[ 2018-02-18T15:56:19+08:00 ] 183.225.60.113 /test/index.php/Activity/MobileList/getloanh5?jsoncallback=jsonp2
INFO: [ app_init ] --START--
INFO: Run Behavior\BuildLiteBehavior [ RunTime:0.000010s ]
INFO: [ app_init ] --END-- [ RunTime:0.000235s ]
INFO: [ app_begin ] --START--
INFO: Run Behavior\ReadHtmlCacheBehavior [ RunTime:0.000302s ]
INFO: [ app_begin ] --END-- [ RunTime:0.000352s ]
SQL: SHOW COLUMNS FROM `dy_coupon_loan` [ RunTime:0.0004s ]
SQL: SELECT * FROM dy_coupon_loan a INNER JOIN dy_coupon_loancate b on a.cate=b.id   [ RunTime:0.0003s ]
INFO: [ app_end ] --START--
INFO: Run Behavior\ShowPageTraceBehavior [ RunTime:0.000315s ]
INFO: [ app_end ] --END-- [ RunTime:0.000352s ]

[ 2018-02-18T16:44:17+08:00 ] 42.90.61.124 /test/index.php/Activity/MobileList/getcardh5?jsoncallback=jsonp1
INFO: [ app_init ] --START--
INFO: Run Behavior\BuildLiteBehavior [ RunTime:0.000011s ]
INFO: [ app_init ] --END-- [ RunTime:0.000215s ]
INFO: [ app_begin ] --START--
INFO: Run Behavior\ReadHtmlCacheBehavior [ RunTime:0.000261s ]
INFO: [ app_begin ] --END-- [ RunTime:0.000291s ]
SQL: SHOW COLUMNS FROM `dy_coupon_card` [ RunTime:0.0005s ]
SQL: SELECT * FROM `dy_coupon_card` ORDER BY handlingtime desc LIMIT 3   [ RunTime:0.0002s ]
INFO: [ app_end ] --START--
INFO: Run Behavior\ShowPageTraceBehavior [ RunTime:0.000300s ]
INFO: [ app_end ] --END-- [ RunTime:0.000331s ]

[ 2018-02-18T16:44:17+08:00 ] 42.90.61.124 /test/index.php/Activity/MobileList/getloanh5?jsoncallback=jsonp2
INFO: [ app_init ] --START--
INFO: Run Behavior\BuildLiteBehavior [ RunTime:0.000013s ]
INFO: [ app_init ] --END-- [ RunTime:0.000223s ]
INFO: [ app_begin ] --START--
INFO: Run Behavior\ReadHtmlCacheBehavior [ RunTime:0.000313s ]
INFO: [ app_begin ] --END-- [ RunTime:0.000344s ]
SQL: SHOW COLUMNS FROM `dy_coupon_loan` [ RunTime:0.0005s ]
SQL: SELECT * FROM dy_coupon_loan a INNER JOIN dy_coupon_loancate b on a.cate=b.id   [ RunTime:0.0003s ]
INFO: [ app_end ] --START--
INFO: Run Behavior\ShowPageTraceBehavior [ RunTime:0.000301s ]
INFO: [ app_end ] --END-- [ RunTime:0.000337s ]

[ 2018-02-18T16:53:04+08:00 ] 222.77.17.208 /test/index.php/Activity/MobileList/getcardh5?jsoncallback=jsonp1
INFO: [ app_init ] --START--
INFO: Run Behavior\BuildLiteBehavior [ RunTime:0.000012s ]
INFO: [ app_init ] --END-- [ RunTime:0.000272s ]
INFO: [ app_begin ] --START--
INFO: Run Behavior\ReadHtmlCacheBehavior [ RunTime:0.000271s ]
INFO: [ app_begin ] --END-- [ RunTime:0.000302s ]
SQL: SHOW COLUMNS FROM `dy_coupon_card` [ RunTime:0.0006s ]
SQL: SELECT * FROM `dy_coupon_card` ORDER BY handlingtime desc LIMIT 3   [ RunTime:0.0002s ]
INFO: [ app_end ] --START--
INFO: Run Behavior\ShowPageTraceBehavior [ RunTime:0.000363s ]
INFO: [ app_end ] --END-- [ RunTime:0.000400s ]

[ 2018-02-18T16:53:04+08:00 ] 222.77.17.208 /test/index.php/Activity/MobileList/getloanh5?jsoncallback=jsonp2
INFO: [ app_init ] --START--
INFO: Run Behavior\BuildLiteBehavior [ RunTime:0.000011s ]
INFO: [ app_init ] --END-- [ RunTime:0.000263s ]
INFO: [ app_begin ] --START--
INFO: Run Behavior\ReadHtmlCacheBehavior [ RunTime:0.000312s ]
INFO: [ app_begin ] --END-- [ RunTime:0.000345s ]
SQL: SHOW COLUMNS FROM `dy_coupon_loan` [ RunTime:0.0006s ]
SQL: SELECT * FROM dy_coupon_loan a INNER JOIN dy_coupon_loancate b on a.cate=b.id   [ RunTime:0.0003s ]
INFO: [ app_end ] --START--
INFO: Run Behavior\ShowPageTraceBehavior [ RunTime:0.000324s ]
INFO: [ app_end ] --END-- [ RunTime:0.000365s ]

[ 2018-02-18T18:17:45+08:00 ] 111.22.145.234 /test/index.php/Activity/MobileList/getcardh5?jsoncallback=jsonp1
INFO: [ app_init ] --START--
INFO: Run Behavior\BuildLiteBehavior [ RunTime:0.000011s ]
INFO: [ app_init ] --END-- [ RunTime:0.000249s ]
INFO: [ app_begin ] --START--
INFO: Run Behavior\ReadHtmlCacheBehavior [ RunTime:0.000338s ]
INFO: [ app_begin ] --END-- [ RunTime:0.000386s ]
SQL: SHOW COLUMNS FROM `dy_coupon_card` [ RunTime:0.0006s ]
SQL: SELECT * FROM `dy_coupon_card` ORDER BY handlingtime desc LIMIT 3   [ RunTime:0.0010s ]
INFO: [ app_end ] --START--
INFO: Run Behavior\ShowPageTraceBehavior [ RunTime:0.000377s ]
INFO: [ app_end ] --END-- [ RunTime:0.000421s ]

[ 2018-02-18T18:17:45+08:00 ] 111.22.149.124 /test/index.php/Activity/MobileList/getloanh5?jsoncallback=jsonp2
INFO: [ app_init ] --START--
INFO: Run Behavior\BuildLiteBehavior [ RunTime:0.000009s ]
INFO: [ app_init ] --END-- [ RunTime:0.000220s ]
INFO: [ app_begin ] --START--
INFO: Run Behavior\ReadHtmlCacheBehavior [ RunTime:0.000332s ]
INFO: [ app_begin ] --END-- [ RunTime:0.000368s ]
SQL: SHOW COLUMNS FROM `dy_coupon_loan` [ RunTime:0.0004s ]
SQL: SELECT * FROM dy_coupon_loan a INNER JOIN dy_coupon_loancate b on a.cate=b.id   [ RunTime:0.0021s ]
INFO: [ app_end ] --START--
INFO: Run Behavior\ShowPageTraceBehavior [ RunTime:0.000301s ]
INFO: [ app_end ] --END-- [ RunTime:0.000335s ]

[ 2018-02-18T18:17:46+08:00 ] 111.22.149.124 /test/index.php/Activity/MobileList/getcardh5?jsoncallback=jsonp1
INFO: [ app_init ] --START--
INFO: Run Behavior\BuildLiteBehavior [ RunTime:0.000009s ]
INFO: [ app_init ] --END-- [ RunTime:0.000203s ]
INFO: [ app_begin ] --START--
INFO: Run Behavior\ReadHtmlCacheBehavior [ RunTime:0.000260s ]
INFO: [ app_begin ] --END-- [ RunTime:0.000305s ]
SQL: SHOW COLUMNS FROM `dy_coupon_card` [ RunTime:0.0005s ]
SQL: SELECT * FROM `dy_coupon_card` ORDER BY handlingtime desc LIMIT 3   [ RunTime:0.0002s ]
INFO: [ app_end ] --START--
INFO: Run Behavior\ShowPageTraceBehavior [ RunTime:0.000302s ]
INFO: [ app_end ] --END-- [ RunTime:0.000334s ]

[ 2018-02-18T18:17:46+08:00 ] 111.22.145.234 /test/index.php/Activity/MobileList/getloanh5?jsoncallback=jsonp2
INFO: [ app_init ] --START--
INFO: Run Behavior\BuildLiteBehavior [ RunTime:0.000008s ]
INFO: [ app_init ] --END-- [ RunTime:0.000203s ]
INFO: [ app_begin ] --START--
INFO: Run Behavior\ReadHtmlCacheBehavior [ RunTime:0.000275s ]
INFO: [ app_begin ] --END-- [ RunTime:0.000307s ]
SQL: SHOW COLUMNS FROM `dy_coupon_loan` [ RunTime:0.0004s ]
SQL: SELECT * FROM dy_coupon_loan a INNER JOIN dy_coupon_loancate b on a.cate=b.id   [ RunTime:0.0003s ]
INFO: [ app_end ] --START--
INFO: Run Behavior\ShowPageTraceBehavior [ RunTime:0.000293s ]
INFO: [ app_end ] --END-- [ RunTime:0.000328s ]

[ 2018-02-18T18:39:58+08:00 ] 42.224.202.208 /test/index.php/Activity/MobileList/getcardh5?jsoncallback=jsonp1
INFO: [ app_init ] --START--
INFO: Run Behavior\BuildLiteBehavior [ RunTime:0.000012s ]
INFO: [ app_init ] --END-- [ RunTime:0.000252s ]
INFO: [ app_begin ] --START--
INFO: Run Behavior\ReadHtmlCacheBehavior [ RunTime:0.000307s ]
INFO: [ app_begin ] --END-- [ RunTime:0.000343s ]
SQL: SHOW COLUMNS FROM `dy_coupon_card` [ RunTime:0.0006s ]
SQL: SELECT * FROM `dy_coupon_card` ORDER BY handlingtime desc LIMIT 3   [ RunTime:0.0002s ]
INFO: [ app_end ] --START--
INFO: Run Behavior\ShowPageTraceBehavior [ RunTime:0.000348s ]
INFO: [ app_end ] --END-- [ RunTime:0.000392s ]

[ 2018-02-18T18:39:58+08:00 ] 42.224.202.208 /test/index.php/Activity/MobileList/getloanh5?jsoncallback=jsonp2
INFO: [ app_init ] --START--
INFO: Run Behavior\BuildLiteBehavior [ RunTime:0.000009s ]
INFO: [ app_init ] --END-- [ RunTime:0.000200s ]
INFO: [ app_begin ] --START--
INFO: Run Behavior\ReadHtmlCacheBehavior [ RunTime:0.000262s ]
INFO: [ app_begin ] --END-- [ RunTime:0.000302s ]
SQL: SHOW COLUMNS FROM `dy_coupon_loan` [ RunTime:0.0004s ]
SQL: SELECT * FROM dy_coupon_loan a INNER JOIN dy_coupon_loancate b on a.cate=b.id   [ RunTime:0.0003s ]
INFO: [ app_end ] --START--
INFO: Run Behavior\ShowPageTraceBehavior [ RunTime:0.000347s ]
INFO: [ app_end ] --END-- [ RunTime:0.000387s ]

[ 2018-02-18T18:39:58+08:00 ] 42.224.202.208 /test/index.php/Activity/MobileList/getloanh5?jsoncallback=jsonp2
INFO: [ app_init ] --START--
INFO: Run Behavior\BuildLiteBehavior [ RunTime:0.000009s ]
INFO: [ app_init ] --END-- [ RunTime:0.000242s ]
INFO: [ app_begin ] --START--
INFO: Run Behavior\ReadHtmlCacheBehavior [ RunTime:0.000288s ]
INFO: [ app_begin ] --END-- [ RunTime:0.000325s ]
SQL: SHOW COLUMNS FROM `dy_coupon_loan` [ RunTime:0.0004s ]
SQL: SELECT * FROM dy_coupon_loan a INNER JOIN dy_coupon_loancate b on a.cate=b.id   [ RunTime:0.0003s ]
INFO: [ app_end ] --START--
INFO: Run Behavior\ShowPageTraceBehavior [ RunTime:0.000323s ]
INFO: [ app_end ] --END-- [ RunTime:0.000361s ]

[ 2018-02-18T18:39:58+08:00 ] 42.224.202.208 /test/index.php/Activity/MobileList/getcardh5?jsoncallback=jsonp1
INFO: [ app_init ] --START--
INFO: Run Behavior\BuildLiteBehavior [ RunTime:0.000010s ]
INFO: [ app_init ] --END-- [ RunTime:0.000209s ]
INFO: [ app_begin ] --START--
INFO: Run Behavior\ReadHtmlCacheBehavior [ RunTime:0.000284s ]
INFO: [ app_begin ] --END-- [ RunTime:0.000317s ]
SQL: SHOW COLUMNS FROM `dy_coupon_card` [ RunTime:0.0006s ]
SQL: SELECT * FROM `dy_coupon_card` ORDER BY handlingtime desc LIMIT 3   [ RunTime:0.0026s ]
INFO: [ app_end ] --START--
INFO: Run Behavior\ShowPageTraceBehavior [ RunTime:0.000358s ]
INFO: [ app_end ] --END-- [ RunTime:0.000394s ]

[ 2018-02-18T18:43:51+08:00 ] 183.25.243.93 /test/index.php/Activity/MobileList/getcardh5?jsoncallback=jsonp1
INFO: [ app_init ] --START--
INFO: Run Behavior\BuildLiteBehavior [ RunTime:0.000010s ]
INFO: [ app_init ] --END-- [ RunTime:0.000238s ]
INFO: [ app_begin ] --START--
INFO: Run Behavior\ReadHtmlCacheBehavior [ RunTime:0.000270s ]
INFO: [ app_begin ] --END-- [ RunTime:0.000304s ]
SQL: SHOW COLUMNS FROM `dy_coupon_card` [ RunTime:0.0013s ]
SQL: SELECT * FROM `dy_coupon_card` ORDER BY handlingtime desc LIMIT 3   [ RunTime:0.0003s ]
INFO: [ app_end ] --START--
INFO: Run Behavior\ShowPageTraceBehavior [ RunTime:0.000350s ]
INFO: [ app_end ] --END-- [ RunTime:0.000388s ]

[ 2018-02-18T18:43:51+08:00 ] 183.25.243.93 /test/index.php/Activity/MobileList/getloanh5?jsoncallback=jsonp2
INFO: [ app_init ] --START--
INFO: Run Behavior\BuildLiteBehavior [ RunTime:0.000008s ]
INFO: [ app_init ] --END-- [ RunTime:0.000200s ]
INFO: [ app_begin ] --START--
INFO: Run Behavior\ReadHtmlCacheBehavior [ RunTime:0.000264s ]
INFO: [ app_begin ] --END-- [ RunTime:0.000295s ]
SQL: SHOW COLUMNS FROM `dy_coupon_loan` [ RunTime:0.0006s ]
SQL: SELECT * FROM dy_coupon_loan a INNER JOIN dy_coupon_loancate b on a.cate=b.id   [ RunTime:0.0030s ]
INFO: [ app_end ] --START--
INFO: Run Behavior\ShowPageTraceBehavior [ RunTime:0.000320s ]
INFO: [ app_end ] --END-- [ RunTime:0.000359s ]

[ 2018-02-18T18:44:08+08:00 ] 183.25.243.93 /test/index.php/Activity/MobileList/getloanh5?jsoncallback=jsonp2
INFO: [ app_init ] --START--
INFO: Run Behavior\BuildLiteBehavior [ RunTime:0.000010s ]
INFO: [ app_init ] --END-- [ RunTime:0.000221s ]
INFO: [ app_begin ] --START--
INFO: Run Behavior\ReadHtmlCacheBehavior [ RunTime:0.000270s ]
INFO: [ app_begin ] --END-- [ RunTime:0.000301s ]
SQL: SHOW COLUMNS FROM `dy_coupon_loan` [ RunTime:0.0006s ]
SQL: SELECT * FROM dy_coupon_loan a INNER JOIN dy_coupon_loancate b on a.cate=b.id   [ RunTime:0.0003s ]
INFO: [ app_end ] --START--
INFO: Run Behavior\ShowPageTraceBehavior [ RunTime:0.000338s ]
INFO: [ app_end ] --END-- [ RunTime:0.000375s ]

[ 2018-02-18T18:44:08+08:00 ] 183.25.243.93 /test/index.php/Activity/MobileList/getcardh5?jsoncallback=jsonp1
INFO: [ app_init ] --START--
INFO: Run Behavior\BuildLiteBehavior [ RunTime:0.000008s ]
INFO: [ app_init ] --END-- [ RunTime:0.000196s ]
INFO: [ app_begin ] --START--
INFO: Run Behavior\ReadHtmlCacheBehavior [ RunTime:0.000334s ]
INFO: [ app_begin ] --END-- [ RunTime:0.000366s ]
SQL: SHOW COLUMNS FROM `dy_coupon_card` [ RunTime:0.0004s ]
SQL: SELECT * FROM `dy_coupon_card` ORDER BY handlingtime desc LIMIT 3   [ RunTime:0.0002s ]
INFO: [ app_end ] --START--
INFO: Run Behavior\ShowPageTraceBehavior [ RunTime:0.000338s ]
INFO: [ app_end ] --END-- [ RunTime:0.000370s ]

[ 2018-02-18T19:16:56+08:00 ] 59.109.154.11 /test/index.php/Activity/MobileList/getloanh5?jsoncallback=jsonp2
INFO: [ app_init ] --START--
INFO: Run Behavior\BuildLiteBehavior [ RunTime:0.000009s ]
INFO: [ app_init ] --END-- [ RunTime:0.000223s ]
INFO: [ app_begin ] --START--
INFO: Run Behavior\ReadHtmlCacheBehavior [ RunTime:0.000271s ]
INFO: [ app_begin ] --END-- [ RunTime:0.000304s ]
SQL: SHOW COLUMNS FROM `dy_coupon_loan` [ RunTime:0.0012s ]
SQL: SELECT * FROM dy_coupon_loan a INNER JOIN dy_coupon_loancate b on a.cate=b.id   [ RunTime:0.0003s ]
INFO: [ app_end ] --START--
INFO: Run Behavior\ShowPageTraceBehavior [ RunTime:0.000340s ]
INFO: [ app_end ] --END-- [ RunTime:0.000378s ]

[ 2018-02-18T19:16:56+08:00 ] 59.109.154.11 /test/index.php/Activity/MobileList/getcardh5?jsoncallback=jsonp1
INFO: [ app_init ] --START--
INFO: Run Behavior\BuildLiteBehavior [ RunTime:0.000016s ]
INFO: [ app_init ] --END-- [ RunTime:0.000324s ]
INFO: [ app_begin ] --START--
INFO: Run Behavior\ReadHtmlCacheBehavior [ RunTime:0.000398s ]
INFO: [ app_begin ] --END-- [ RunTime:0.000433s ]
SQL: SHOW COLUMNS FROM `dy_coupon_card` [ RunTime:0.0007s ]
SQL: SELECT * FROM `dy_coupon_card` ORDER BY handlingtime desc LIMIT 3   [ RunTime:0.0028s ]
INFO: [ app_end ] --START--
INFO: Run Behavior\ShowPageTraceBehavior [ RunTime:0.000345s ]
INFO: [ app_end ] --END-- [ RunTime:0.000382s ]

[ 2018-02-18T19:17:14+08:00 ] 223.104.14.132 /test/index.php/Activity/MobileList/getcardh5?jsoncallback=jsonp1
INFO: [ app_init ] --START--
INFO: Run Behavior\BuildLiteBehavior [ RunTime:0.000011s ]
INFO: [ app_init ] --END-- [ RunTime:0.000227s ]
INFO: [ app_begin ] --START--
INFO: Run Behavior\ReadHtmlCacheBehavior [ RunTime:0.000301s ]
INFO: [ app_begin ] --END-- [ RunTime:0.000335s ]
SQL: SHOW COLUMNS FROM `dy_coupon_card` [ RunTime:0.0006s ]
SQL: SELECT * FROM `dy_coupon_card` ORDER BY handlingtime desc LIMIT 3   [ RunTime:0.0002s ]
INFO: [ app_end ] --START--
INFO: Run Behavior\ShowPageTraceBehavior [ RunTime:0.000296s ]
INFO: [ app_end ] --END-- [ RunTime:0.000327s ]

[ 2018-02-18T19:17:14+08:00 ] 223.104.14.132 /test/index.php/Activity/MobileList/getloanh5?jsoncallback=jsonp2
INFO: [ app_init ] --START--
INFO: Run Behavior\BuildLiteBehavior [ RunTime:0.000011s ]
INFO: [ app_init ] --END-- [ RunTime:0.000213s ]
INFO: [ app_begin ] --START--
INFO: Run Behavior\ReadHtmlCacheBehavior [ RunTime:0.000272s ]
INFO: [ app_begin ] --END-- [ RunTime:0.000316s ]
SQL: SHOW COLUMNS FROM `dy_coupon_loan` [ RunTime:0.0006s ]
SQL: SELECT * FROM dy_coupon_loan a INNER JOIN dy_coupon_loancate b on a.cate=b.id   [ RunTime:0.0003s ]
INFO: [ app_end ] --START--
INFO: Run Behavior\ShowPageTraceBehavior [ RunTime:0.000312s ]
INFO: [ app_end ] --END-- [ RunTime:0.000344s ]

[ 2018-02-18T19:17:18+08:00 ] 223.104.14.132 /test/index.php/Activity/MobileList/getcardh5?jsoncallback=jsonp1
INFO: [ app_init ] --START--
INFO: Run Behavior\BuildLiteBehavior [ RunTime:0.000010s ]
INFO: [ app_init ] --END-- [ RunTime:0.000221s ]
INFO: [ app_begin ] --START--
INFO: Run Behavior\ReadHtmlCacheBehavior [ RunTime:0.000265s ]
INFO: [ app_begin ] --END-- [ RunTime:0.000297s ]
SQL: SHOW COLUMNS FROM `dy_coupon_card` [ RunTime:0.0005s ]
SQL: SELECT * FROM `dy_coupon_card` ORDER BY handlingtime desc LIMIT 3   [ RunTime:0.0002s ]
INFO: [ app_end ] --START--
INFO: Run Behavior\ShowPageTraceBehavior [ RunTime:0.000311s ]
INFO: [ app_end ] --END-- [ RunTime:0.000347s ]

[ 2018-02-18T19:17:18+08:00 ] 223.104.14.132 /test/index.php/Activity/MobileList/getloanh5?jsoncallback=jsonp2
INFO: [ app_init ] --START--
INFO: Run Behavior\BuildLiteBehavior [ RunTime:0.000009s ]
INFO: [ app_init ] --END-- [ RunTime:0.000202s ]
INFO: [ app_begin ] --START--
INFO: Run Behavior\ReadHtmlCacheBehavior [ RunTime:0.000284s ]
INFO: [ app_begin ] --END-- [ RunTime:0.000314s ]
SQL: SHOW COLUMNS FROM `dy_coupon_loan` [ RunTime:0.0005s ]
SQL: SELECT * FROM dy_coupon_loan a INNER JOIN dy_coupon_loancate b on a.cate=b.id   [ RunTime:0.0003s ]
INFO: [ app_end ] --START--
INFO: Run Behavior\ShowPageTraceBehavior [ RunTime:0.000356s ]
INFO: [ app_end ] --END-- [ RunTime:0.000390s ]

[ 2018-02-18T19:17:36+08:00 ] 59.109.154.11 /test/index.php/Activity/MobileList/getcardh5?jsoncallback=jsonp1
INFO: [ app_init ] --START--
INFO: Run Behavior\BuildLiteBehavior [ RunTime:0.000011s ]
INFO: [ app_init ] --END-- [ RunTime:0.000233s ]
INFO: [ app_begin ] --START--
INFO: Run Behavior\ReadHtmlCacheBehavior [ RunTime:0.000318s ]
INFO: [ app_begin ] --END-- [ RunTime:0.000354s ]
SQL: SHOW COLUMNS FROM `dy_coupon_card` [ RunTime:0.0006s ]
SQL: SELECT * FROM `dy_coupon_card` ORDER BY handlingtime desc LIMIT 3   [ RunTime:0.0002s ]
INFO: [ app_end ] --START--
INFO: Run Behavior\ShowPageTraceBehavior [ RunTime:0.000348s ]
INFO: [ app_end ] --END-- [ RunTime:0.000392s ]

[ 2018-02-18T19:17:36+08:00 ] 59.109.154.11 /test/index.php/Activity/MobileList/getloanh5?jsoncallback=jsonp2
INFO: [ app_init ] --START--
INFO: Run Behavior\BuildLiteBehavior [ RunTime:0.000009s ]
INFO: [ app_init ] --END-- [ RunTime:0.000254s ]
INFO: [ app_begin ] --START--
INFO: Run Behavior\ReadHtmlCacheBehavior [ RunTime:0.000282s ]
INFO: [ app_begin ] --END-- [ RunTime:0.000314s ]
SQL: SHOW COLUMNS FROM `dy_coupon_loan` [ RunTime:0.0005s ]
SQL: SELECT * FROM dy_coupon_loan a INNER JOIN dy_coupon_loancate b on a.cate=b.id   [ RunTime:0.0003s ]
INFO: [ app_end ] --START--
INFO: Run Behavior\ShowPageTraceBehavior [ RunTime:0.000354s ]
INFO: [ app_end ] --END-- [ RunTime:0.000390s ]

[ 2018-02-18T19:17:42+08:00 ] 59.109.154.11 /test/index.php/Activity/MobileList/getloanh5?jsoncallback=jsonp2
INFO: [ app_init ] --START--
INFO: Run Behavior\BuildLiteBehavior [ RunTime:0.000012s ]
INFO: [ app_init ] --END-- [ RunTime:0.000260s ]
INFO: [ app_begin ] --START--
INFO: Run Behavior\ReadHtmlCacheBehavior [ RunTime:0.000385s ]
INFO: [ app_begin ] --END-- [ RunTime:0.000420s ]
SQL: SHOW COLUMNS FROM `dy_coupon_loan` [ RunTime:0.0008s ]
SQL: SELECT * FROM dy_coupon_loan a INNER JOIN dy_coupon_loancate b on a.cate=b.id   [ RunTime:0.0004s ]
INFO: [ app_end ] --START--
INFO: Run Behavior\ShowPageTraceBehavior [ RunTime:0.000487s ]
INFO: [ app_end ] --END-- [ RunTime:0.000549s ]

[ 2018-02-18T19:17:42+08:00 ] 59.109.154.11 /test/index.php/Activity/MobileList/getcardh5?jsoncallback=jsonp1
INFO: [ app_init ] --START--
INFO: Run Behavior\BuildLiteBehavior [ RunTime:0.000015s ]
INFO: [ app_init ] --END-- [ RunTime:0.000340s ]
INFO: [ app_begin ] --START--
INFO: Run Behavior\ReadHtmlCacheBehavior [ RunTime:0.000451s ]
INFO: [ app_begin ] --END-- [ RunTime:0.000495s ]
SQL: SHOW COLUMNS FROM `dy_coupon_card` [ RunTime:0.0006s ]
SQL: SELECT * FROM `dy_coupon_card` ORDER BY handlingtime desc LIMIT 3   [ RunTime:0.0003s ]
INFO: [ app_end ] --START--
INFO: Run Behavior\ShowPageTraceBehavior [ RunTime:0.000454s ]
INFO: [ app_end ] --END-- [ RunTime:0.000505s ]

[ 2018-02-18T20:15:24+08:00 ] 43.227.139.38 /test/index.php/Activity/MobileList/getloanh5?jsoncallback=jsonp2
INFO: [ app_init ] --START--
INFO: Run Behavior\BuildLiteBehavior [ RunTime:0.000010s ]
INFO: [ app_init ] --END-- [ RunTime:0.000231s ]
INFO: [ app_begin ] --START--
INFO: Run Behavior\ReadHtmlCacheBehavior [ RunTime:0.000260s ]
INFO: [ app_begin ] --END-- [ RunTime:0.000289s ]
SQL: SHOW COLUMNS FROM `dy_coupon_loan` [ RunTime:0.0006s ]
SQL: SELECT * FROM dy_coupon_loan a INNER JOIN dy_coupon_loancate b on a.cate=b.id   [ RunTime:0.0005s ]
INFO: [ app_end ] --START--
INFO: Run Behavior\ShowPageTraceBehavior [ RunTime:0.000341s ]
INFO: [ app_end ] --END-- [ RunTime:0.000380s ]

[ 2018-02-18T20:15:24+08:00 ] 43.227.139.38 /test/index.php/Activity/MobileList/getcardh5?jsoncallback=jsonp1
INFO: [ app_init ] --START--
INFO: Run Behavior\BuildLiteBehavior [ RunTime:0.000012s ]
INFO: [ app_init ] --END-- [ RunTime:0.000244s ]
INFO: [ app_begin ] --START--
INFO: Run Behavior\ReadHtmlCacheBehavior [ RunTime:0.000301s ]
INFO: [ app_begin ] --END-- [ RunTime:0.000334s ]
SQL: SHOW COLUMNS FROM `dy_coupon_card` [ RunTime:0.0021s ]
SQL: SELECT * FROM `dy_coupon_card` ORDER BY handlingtime desc LIMIT 3   [ RunTime:0.0003s ]
INFO: [ app_end ] --START--
INFO: Run Behavior\ShowPageTraceBehavior [ RunTime:0.000310s ]
INFO: [ app_end ] --END-- [ RunTime:0.000349s ]

[ 2018-02-18T20:48:35+08:00 ] 42.49.19.33 /test/index.php/Activity/MobileList/getcardh5?jsoncallback=jsonp1
INFO: [ app_init ] --START--
INFO: Run Behavior\BuildLiteBehavior [ RunTime:0.000014s ]
INFO: [ app_init ] --END-- [ RunTime:0.000322s ]
INFO: [ app_begin ] --START--
INFO: Run Behavior\ReadHtmlCacheBehavior [ RunTime:0.000409s ]
INFO: [ app_begin ] --END-- [ RunTime:0.000456s ]
SQL: SHOW COLUMNS FROM `dy_coupon_card` [ RunTime:0.0008s ]
SQL: SELECT * FROM `dy_coupon_card` ORDER BY handlingtime desc LIMIT 3   [ RunTime:0.0003s ]
INFO: [ app_end ] --START--
INFO: Run Behavior\ShowPageTraceBehavior [ RunTime:0.000444s ]
INFO: [ app_end ] --END-- [ RunTime:0.000494s ]

[ 2018-02-18T20:48:35+08:00 ] 42.49.19.33 /test/index.php/Activity/MobileList/getloanh5?jsoncallback=jsonp2
INFO: [ app_init ] --START--
INFO: Run Behavior\BuildLiteBehavior [ RunTime:0.000015s ]
INFO: [ app_init ] --END-- [ RunTime:0.000363s ]
INFO: [ app_begin ] --START--
INFO: Run Behavior\ReadHtmlCacheBehavior [ RunTime:0.000432s ]
INFO: [ app_begin ] --END-- [ RunTime:0.000479s ]
SQL: SHOW COLUMNS FROM `dy_coupon_loan` [ RunTime:0.0007s ]
SQL: SELECT * FROM dy_coupon_loan a INNER JOIN dy_coupon_loancate b on a.cate=b.id   [ RunTime:0.0004s ]
INFO: [ app_end ] --START--
INFO: Run Behavior\ShowPageTraceBehavior [ RunTime:0.000448s ]
INFO: [ app_end ] --END-- [ RunTime:0.000519s ]

[ 2018-02-18T20:51:41+08:00 ] 42.49.19.33 /test/index.php/Activity/MobileList/getcardh5?jsoncallback=jsonp1
INFO: [ app_init ] --START--
INFO: Run Behavior\BuildLiteBehavior [ RunTime:0.000011s ]
INFO: [ app_init ] --END-- [ RunTime:0.000229s ]
INFO: [ app_begin ] --START--
INFO: Run Behavior\ReadHtmlCacheBehavior [ RunTime:0.000278s ]
INFO: [ app_begin ] --END-- [ RunTime:0.000311s ]
SQL: SHOW COLUMNS FROM `dy_coupon_card` [ RunTime:0.0006s ]
SQL: SELECT * FROM `dy_coupon_card` ORDER BY handlingtime desc LIMIT 3   [ RunTime:0.0002s ]
INFO: [ app_end ] --START--
INFO: Run Behavior\ShowPageTraceBehavior [ RunTime:0.000323s ]
INFO: [ app_end ] --END-- [ RunTime:0.000357s ]

[ 2018-02-18T20:51:41+08:00 ] 42.49.19.33 /test/index.php/Activity/MobileList/getloanh5?jsoncallback=jsonp2
INFO: [ app_init ] --START--
INFO: Run Behavior\BuildLiteBehavior [ RunTime:0.000009s ]
INFO: [ app_init ] --END-- [ RunTime:0.000204s ]
INFO: [ app_begin ] --START--
INFO: Run Behavior\ReadHtmlCacheBehavior [ RunTime:0.000270s ]
INFO: [ app_begin ] --END-- [ RunTime:0.000301s ]
SQL: SHOW COLUMNS FROM `dy_coupon_loan` [ RunTime:0.0005s ]
SQL: SELECT * FROM dy_coupon_loan a INNER JOIN dy_coupon_loancate b on a.cate=b.id   [ RunTime:0.0003s ]
INFO: [ app_end ] --START--
INFO: Run Behavior\ShowPageTraceBehavior [ RunTime:0.000298s ]
INFO: [ app_end ] --END-- [ RunTime:0.000332s ]

[ 2018-02-18T20:55:15+08:00 ] 42.49.19.33 /test/index.php/Activity/MobileList/getcardh5?jsoncallback=jsonp1
INFO: [ app_init ] --START--
INFO: Run Behavior\BuildLiteBehavior [ RunTime:0.000013s ]
INFO: [ app_init ] --END-- [ RunTime:0.000313s ]
INFO: [ app_begin ] --START--
INFO: Run Behavior\ReadHtmlCacheBehavior [ RunTime:0.000299s ]
INFO: [ app_begin ] --END-- [ RunTime:0.000333s ]
SQL: SHOW COLUMNS FROM `dy_coupon_card` [ RunTime:0.0006s ]
SQL: SELECT * FROM `dy_coupon_card` ORDER BY handlingtime desc LIMIT 3   [ RunTime:0.0002s ]
INFO: [ app_end ] --START--
INFO: Run Behavior\ShowPageTraceBehavior [ RunTime:0.000306s ]
INFO: [ app_end ] --END-- [ RunTime:0.000343s ]

[ 2018-02-18T20:55:15+08:00 ] 42.49.19.33 /test/index.php/Activity/MobileList/getloanh5?jsoncallback=jsonp2
INFO: [ app_init ] --START--
INFO: Run Behavior\BuildLiteBehavior [ RunTime:0.000009s ]
INFO: [ app_init ] --END-- [ RunTime:0.000237s ]
INFO: [ app_begin ] --START--
INFO: Run Behavior\ReadHtmlCacheBehavior [ RunTime:0.000276s ]
INFO: [ app_begin ] --END-- [ RunTime:0.000320s ]
SQL: SHOW COLUMNS FROM `dy_coupon_loan` [ RunTime:0.0004s ]
SQL: SELECT * FROM dy_coupon_loan a INNER JOIN dy_coupon_loancate b on a.cate=b.id   [ RunTime:0.0003s ]
INFO: [ app_end ] --START--
INFO: Run Behavior\ShowPageTraceBehavior [ RunTime:0.000300s ]
INFO: [ app_end ] --END-- [ RunTime:0.000337s ]

[ 2018-02-18T21:53:42+08:00 ] 124.244.254.186 /test/index.php/Activity/MobileList/getcardh5?jsoncallback=jsonp1
INFO: [ app_init ] --START--
INFO: Run Behavior\BuildLiteBehavior [ RunTime:0.000012s ]
INFO: [ app_init ] --END-- [ RunTime:0.000273s ]
INFO: [ app_begin ] --START--
INFO: Run Behavior\ReadHtmlCacheBehavior [ RunTime:0.000305s ]
INFO: [ app_begin ] --END-- [ RunTime:0.000337s ]
SQL: SHOW COLUMNS FROM `dy_coupon_card` [ RunTime:0.0006s ]
SQL: SELECT * FROM `dy_coupon_card` ORDER BY handlingtime desc LIMIT 3   [ RunTime:0.0002s ]
INFO: [ app_end ] --START--
INFO: Run Behavior\ShowPageTraceBehavior [ RunTime:0.000332s ]
INFO: [ app_end ] --END-- [ RunTime:0.000375s ]

[ 2018-02-18T21:53:42+08:00 ] 124.244.254.186 /test/index.php/Activity/MobileList/getloanh5?jsoncallback=jsonp2
INFO: [ app_init ] --START--
INFO: Run Behavior\BuildLiteBehavior [ RunTime:0.000008s ]
INFO: [ app_init ] --END-- [ RunTime:0.000233s ]
INFO: [ app_begin ] --START--
INFO: Run Behavior\ReadHtmlCacheBehavior [ RunTime:0.000297s ]
INFO: [ app_begin ] --END-- [ RunTime:0.000330s ]
SQL: SHOW COLUMNS FROM `dy_coupon_loan` [ RunTime:0.0004s ]
SQL: SELECT * FROM dy_coupon_loan a INNER JOIN dy_coupon_loancate b on a.cate=b.id   [ RunTime:0.0003s ]
INFO: [ app_end ] --START--
INFO: Run Behavior\ShowPageTraceBehavior [ RunTime:0.000340s ]
INFO: [ app_end ] --END-- [ RunTime:0.000376s ]

[ 2018-02-18T22:42:21+08:00 ] 223.104.91.170 /test/index.php/Activity/MobileList/getloanh5?jsoncallback=jsonp2
INFO: [ app_init ] --START--
INFO: Run Behavior\BuildLiteBehavior [ RunTime:0.000011s ]
INFO: [ app_init ] --END-- [ RunTime:0.000219s ]
INFO: [ app_begin ] --START--
INFO: Run Behavior\ReadHtmlCacheBehavior [ RunTime:0.000288s ]
INFO: [ app_begin ] --END-- [ RunTime:0.000333s ]
SQL: SHOW COLUMNS FROM `dy_coupon_loan` [ RunTime:0.0006s ]
SQL: SELECT * FROM dy_coupon_loan a INNER JOIN dy_coupon_loancate b on a.cate=b.id   [ RunTime:0.0010s ]
INFO: [ app_end ] --START--
INFO: Run Behavior\ShowPageTraceBehavior [ RunTime:0.000321s ]
INFO: [ app_end ] --END-- [ RunTime:0.000356s ]

[ 2018-02-18T22:42:21+08:00 ] 223.104.91.170 /test/index.php/Activity/MobileList/getcardh5?jsoncallback=jsonp1
INFO: [ app_init ] --START--
INFO: Run Behavior\BuildLiteBehavior [ RunTime:0.000010s ]
INFO: [ app_init ] --END-- [ RunTime:0.000210s ]
INFO: [ app_begin ] --START--
INFO: Run Behavior\ReadHtmlCacheBehavior [ RunTime:0.000268s ]
INFO: [ app_begin ] --END-- [ RunTime:0.000298s ]
SQL: SHOW COLUMNS FROM `dy_coupon_card` [ RunTime:0.0004s ]
SQL: SELECT * FROM `dy_coupon_card` ORDER BY handlingtime desc LIMIT 3   [ RunTime:0.0022s ]
INFO: [ app_end ] --START--
INFO: Run Behavior\ShowPageTraceBehavior [ RunTime:0.000311s ]
INFO: [ app_end ] --END-- [ RunTime:0.000346s ]

[ 2018-02-18T22:54:02+08:00 ] 183.31.159.235 /test/index.php/Activity/MobileList/getcardh5?jsoncallback=jsonp1
INFO: [ app_init ] --START--
INFO: Run Behavior\BuildLiteBehavior [ RunTime:0.000013s ]
INFO: [ app_init ] --END-- [ RunTime:0.000256s ]
INFO: [ app_begin ] --START--
INFO: Run Behavior\ReadHtmlCacheBehavior [ RunTime:0.000292s ]
INFO: [ app_begin ] --END-- [ RunTime:0.000327s ]
SQL: SHOW COLUMNS FROM `dy_coupon_card` [ RunTime:0.0006s ]
SQL: SELECT * FROM `dy_coupon_card` ORDER BY handlingtime desc LIMIT 3   [ RunTime:0.0010s ]
INFO: [ app_end ] --START--
INFO: Run Behavior\ShowPageTraceBehavior [ RunTime:0.000382s ]
INFO: [ app_end ] --END-- [ RunTime:0.000420s ]

[ 2018-02-18T22:54:02+08:00 ] 183.31.159.235 /test/index.php/Activity/MobileList/getloanh5?jsoncallback=jsonp2
INFO: [ app_init ] --START--
INFO: Run Behavior\BuildLiteBehavior [ RunTime:0.000009s ]
INFO: [ app_init ] --END-- [ RunTime:0.000245s ]
INFO: [ app_begin ] --START--
INFO: Run Behavior\ReadHtmlCacheBehavior [ RunTime:0.000271s ]
INFO: [ app_begin ] --END-- [ RunTime:0.000302s ]
SQL: SHOW COLUMNS FROM `dy_coupon_loan` [ RunTime:0.0004s ]
SQL: SELECT * FROM dy_coupon_loan a INNER JOIN dy_coupon_loancate b on a.cate=b.id   [ RunTime:0.0025s ]
INFO: [ app_end ] --START--
INFO: Run Behavior\ShowPageTraceBehavior [ RunTime:0.000314s ]
INFO: [ app_end ] --END-- [ RunTime:0.000353s ]

[ 2018-02-18T22:54:05+08:00 ] 183.31.159.235 /test/index.php/Activity/MobileList/getcardh5?jsoncallback=jsonp1
INFO: [ app_init ] --START--
INFO: Run Behavior\BuildLiteBehavior [ RunTime:0.000016s ]
INFO: [ app_init ] --END-- [ RunTime:0.000276s ]
INFO: [ app_begin ] --START--
INFO: Run Behavior\ReadHtmlCacheBehavior [ RunTime:0.000293s ]
INFO: [ app_begin ] --END-- [ RunTime:0.000327s ]
SQL: SHOW COLUMNS FROM `dy_coupon_card` [ RunTime:0.0006s ]
SQL: SELECT * FROM `dy_coupon_card` ORDER BY handlingtime desc LIMIT 3   [ RunTime:0.0002s ]
INFO: [ app_end ] --START--
INFO: Run Behavior\ShowPageTraceBehavior [ RunTime:0.000335s ]
INFO: [ app_end ] --END-- [ RunTime:0.000373s ]

[ 2018-02-18T22:54:06+08:00 ] 183.31.159.235 /test/index.php/Activity/MobileList/getloanh5?jsoncallback=jsonp2
INFO: [ app_init ] --START--
INFO: Run Behavior\BuildLiteBehavior [ RunTime:0.000009s ]
INFO: [ app_init ] --END-- [ RunTime:0.000208s ]
INFO: [ app_begin ] --START--
INFO: Run Behavior\ReadHtmlCacheBehavior [ RunTime:0.000337s ]
INFO: [ app_begin ] --END-- [ RunTime:0.000373s ]
SQL: SHOW COLUMNS FROM `dy_coupon_loan` [ RunTime:0.0006s ]
SQL: SELECT * FROM dy_coupon_loan a INNER JOIN dy_coupon_loancate b on a.cate=b.id   [ RunTime:0.0003s ]
INFO: [ app_end ] --START--
INFO: Run Behavior\ShowPageTraceBehavior [ RunTime:0.000301s ]
INFO: [ app_end ] --END-- [ RunTime:0.000337s ]

[ 2018-02-18T22:55:06+08:00 ] 183.31.159.235 /test/index.php/Activity/MobileList/getcardh5?jsoncallback=jsonp1
INFO: [ app_init ] --START--
INFO: Run Behavior\BuildLiteBehavior [ RunTime:0.000011s ]
INFO: [ app_init ] --END-- [ RunTime:0.000215s ]
INFO: [ app_begin ] --START--
INFO: Run Behavior\ReadHtmlCacheBehavior [ RunTime:0.000290s ]
INFO: [ app_begin ] --END-- [ RunTime:0.000328s ]
SQL: SHOW COLUMNS FROM `dy_coupon_card` [ RunTime:0.0005s ]
SQL: SELECT * FROM `dy_coupon_card` ORDER BY handlingtime desc LIMIT 3   [ RunTime:0.0002s ]
INFO: [ app_end ] --START--
INFO: Run Behavior\ShowPageTraceBehavior [ RunTime:0.000297s ]
INFO: [ app_end ] --END-- [ RunTime:0.000329s ]

[ 2018-02-18T22:55:06+08:00 ] 183.31.159.235 /test/index.php/Activity/MobileList/getloanh5?jsoncallback=jsonp2
INFO: [ app_init ] --START--
INFO: Run Behavior\BuildLiteBehavior [ RunTime:0.000010s ]
INFO: [ app_init ] --END-- [ RunTime:0.000234s ]
INFO: [ app_begin ] --START--
INFO: Run Behavior\ReadHtmlCacheBehavior [ RunTime:0.000303s ]
INFO: [ app_begin ] --END-- [ RunTime:0.000338s ]
SQL: SHOW COLUMNS FROM `dy_coupon_loan` [ RunTime:0.0006s ]
SQL: SELECT * FROM dy_coupon_loan a INNER JOIN dy_coupon_loancate b on a.cate=b.id   [ RunTime:0.0003s ]
INFO: [ app_end ] --START--
INFO: Run Behavior\ShowPageTraceBehavior [ RunTime:0.000321s ]
INFO: [ app_end ] --END-- [ RunTime:0.000352s ]

