[ 2018-02-11T00:22:43+08:00 ] 123.125.143.154 /test/index.php/Activity/MobileList/getloanh5?jsoncallback=jsonp2
INFO: [ app_init ] --START--
INFO: Run Behavior\BuildLiteBehavior [ RunTime:0.000009s ]
INFO: [ app_init ] --END-- [ RunTime:0.000230s ]
INFO: [ app_begin ] --START--
INFO: Run Behavior\ReadHtmlCacheBehavior [ RunTime:0.000291s ]
INFO: [ app_begin ] --END-- [ RunTime:0.000325s ]
SQL: SHOW COLUMNS FROM `dy_coupon_loan` [ RunTime:0.0004s ]
SQL: SELECT * FROM dy_coupon_loan a INNER JOIN dy_coupon_loancate b on a.cate=b.id   [ RunTime:0.0003s ]
INFO: [ app_end ] --START--
INFO: Run Behavior\ShowPageTraceBehavior [ RunTime:0.000303s ]
INFO: [ app_end ] --END-- [ RunTime:0.000355s ]

[ 2018-02-11T00:22:43+08:00 ] 123.125.143.140 /test/index.php/Activity/MobileList/getcardh5?jsoncallback=jsonp1
INFO: [ app_init ] --START--
INFO: Run Behavior\BuildLiteBehavior [ RunTime:0.000011s ]
INFO: [ app_init ] --END-- [ RunTime:0.000250s ]
INFO: [ app_begin ] --START--
INFO: Run Behavior\ReadHtmlCacheBehavior [ RunTime:0.000288s ]
INFO: [ app_begin ] --END-- [ RunTime:0.000322s ]
SQL: SHOW COLUMNS FROM `dy_coupon_card` [ RunTime:0.0006s ]
SQL: SELECT * FROM `dy_coupon_card` ORDER BY handlingtime desc LIMIT 3   [ RunTime:0.0027s ]
INFO: [ app_end ] --START--
INFO: Run Behavior\ShowPageTraceBehavior [ RunTime:0.000321s ]
INFO: [ app_end ] --END-- [ RunTime:0.000365s ]

[ 2018-02-11T01:28:28+08:00 ] 103.228.209.163 /test/index.php/Activity/MobileList/getcardh5?jsoncallback=jsonp1
INFO: [ app_init ] --START--
INFO: Run Behavior\BuildLiteBehavior [ RunTime:0.000010s ]
INFO: [ app_init ] --END-- [ RunTime:0.000233s ]
INFO: [ app_begin ] --START--
INFO: Run Behavior\ReadHtmlCacheBehavior [ RunTime:0.000311s ]
INFO: [ app_begin ] --END-- [ RunTime:0.000346s ]
SQL: SHOW COLUMNS FROM `dy_coupon_card` [ RunTime:0.0006s ]
SQL: SELECT * FROM `dy_coupon_card` ORDER BY handlingtime desc LIMIT 3   [ RunTime:0.0004s ]
INFO: [ app_end ] --START--
INFO: Run Behavior\ShowPageTraceBehavior [ RunTime:0.000312s ]
INFO: [ app_end ] --END-- [ RunTime:0.000351s ]

[ 2018-02-11T01:28:28+08:00 ] 103.228.209.163 /test/index.php/Activity/MobileList/getloanh5?jsoncallback=jsonp2
INFO: [ app_init ] --START--
INFO: Run Behavior\BuildLiteBehavior [ RunTime:0.000011s ]
INFO: [ app_init ] --END-- [ RunTime:0.000243s ]
INFO: [ app_begin ] --START--
INFO: Run Behavior\ReadHtmlCacheBehavior [ RunTime:0.000295s ]
INFO: [ app_begin ] --END-- [ RunTime:0.000330s ]
SQL: SHOW COLUMNS FROM `dy_coupon_loan` [ RunTime:0.0023s ]
SQL: SELECT * FROM dy_coupon_loan a INNER JOIN dy_coupon_loancate b on a.cate=b.id   [ RunTime:0.0003s ]
INFO: [ app_end ] --START--
INFO: Run Behavior\ShowPageTraceBehavior [ RunTime:0.000317s ]
INFO: [ app_end ] --END-- [ RunTime:0.000353s ]

[ 2018-02-11T01:34:29+08:00 ] 223.104.108.234 /test/index.php/Activity/MobileList/getcardh5?jsoncallback=jsonp1
INFO: [ app_init ] --START--
INFO: Run Behavior\BuildLiteBehavior [ RunTime:0.000010s ]
INFO: [ app_init ] --END-- [ RunTime:0.000225s ]
INFO: [ app_begin ] --START--
INFO: Run Behavior\ReadHtmlCacheBehavior [ RunTime:0.000312s ]
INFO: [ app_begin ] --END-- [ RunTime:0.000349s ]
SQL: SHOW COLUMNS FROM `dy_coupon_card` [ RunTime:0.0005s ]
SQL: SELECT * FROM `dy_coupon_card` ORDER BY handlingtime desc LIMIT 3   [ RunTime:0.0002s ]
INFO: [ app_end ] --START--
INFO: Run Behavior\ShowPageTraceBehavior [ RunTime:0.000355s ]
INFO: [ app_end ] --END-- [ RunTime:0.000391s ]

[ 2018-02-11T01:34:29+08:00 ] 223.104.108.234 /test/index.php/Activity/MobileList/getloanh5?jsoncallback=jsonp2
INFO: [ app_init ] --START--
INFO: Run Behavior\BuildLiteBehavior [ RunTime:0.000008s ]
INFO: [ app_init ] --END-- [ RunTime:0.000217s ]
INFO: [ app_begin ] --START--
INFO: Run Behavior\ReadHtmlCacheBehavior [ RunTime:0.000268s ]
INFO: [ app_begin ] --END-- [ RunTime:0.000303s ]
SQL: SHOW COLUMNS FROM `dy_coupon_loan` [ RunTime:0.0005s ]
SQL: SELECT * FROM dy_coupon_loan a INNER JOIN dy_coupon_loancate b on a.cate=b.id   [ RunTime:0.0003s ]
INFO: [ app_end ] --START--
INFO: Run Behavior\ShowPageTraceBehavior [ RunTime:0.000330s ]
INFO: [ app_end ] --END-- [ RunTime:0.000367s ]

[ 2018-02-11T03:12:56+08:00 ] 27.152.197.141 /test/index.php/Activity/MobileList/getcardh5?jsoncallback=jsonp1
INFO: [ app_init ] --START--
INFO: Run Behavior\BuildLiteBehavior [ RunTime:0.000011s ]
INFO: [ app_init ] --END-- [ RunTime:0.000245s ]
INFO: [ app_begin ] --START--
INFO: Run Behavior\ReadHtmlCacheBehavior [ RunTime:0.000330s ]
INFO: [ app_begin ] --END-- [ RunTime:0.000368s ]
SQL: SHOW COLUMNS FROM `dy_coupon_card` [ RunTime:0.0006s ]
SQL: SELECT * FROM `dy_coupon_card` ORDER BY handlingtime desc LIMIT 3   [ RunTime:0.0002s ]
INFO: [ app_end ] --START--
INFO: Run Behavior\ShowPageTraceBehavior [ RunTime:0.000326s ]
INFO: [ app_end ] --END-- [ RunTime:0.000362s ]

[ 2018-02-11T03:12:56+08:00 ] 27.152.197.141 /test/index.php/Activity/MobileList/getloanh5?jsoncallback=jsonp2
INFO: [ app_init ] --START--
INFO: Run Behavior\BuildLiteBehavior [ RunTime:0.000009s ]
INFO: [ app_init ] --END-- [ RunTime:0.000222s ]
INFO: [ app_begin ] --START--
INFO: Run Behavior\ReadHtmlCacheBehavior [ RunTime:0.000271s ]
INFO: [ app_begin ] --END-- [ RunTime:0.000306s ]
SQL: SHOW COLUMNS FROM `dy_coupon_loan` [ RunTime:0.0008s ]
SQL: SELECT * FROM dy_coupon_loan a INNER JOIN dy_coupon_loancate b on a.cate=b.id   [ RunTime:0.0003s ]
INFO: [ app_end ] --START--
INFO: Run Behavior\ShowPageTraceBehavior [ RunTime:0.000320s ]
INFO: [ app_end ] --END-- [ RunTime:0.000357s ]

[ 2018-02-11T03:32:06+08:00 ] 36.17.84.32 /test/index.php/Activity/Game/getuserinfo
INFO: [ app_init ] --START--
INFO: Run Behavior\BuildLiteBehavior [ RunTime:0.000015s ]
INFO: [ app_init ] --END-- [ RunTime:0.000283s ]
INFO: [ app_begin ] --START--
INFO: Run Behavior\ReadHtmlCacheBehavior [ RunTime:0.000336s ]
INFO: [ app_begin ] --END-- [ RunTime:0.000372s ]
SQL: SHOW COLUMNS FROM `dy_coupon_user` [ RunTime:0.0007s ]
SQL: SELECT `last_login_time` FROM `dy_coupon_user` WHERE ( `last_login_time` >= 1518278400 AND `last_login_time` <= 1518364799  ) AND `id` = '324195' LIMIT 1   [ RunTime:0.0002s ]
SQL: SELECT `gamesex` FROM `dy_coupon_user` WHERE ( id=324195 ) LIMIT 1   [ RunTime:0.0001s ]
SQL: SHOW COLUMNS FROM `dy_coupon_user_levelup` [ RunTime:0.0004s ]
SQL: SELECT * FROM `dy_coupon_user_levelup` WHERE `uid` = 324195 AND ( `create_time` >= 1518192000 AND `create_time` <= 1518278399  ) ORDER BY new_level desc LIMIT 1   [ RunTime:0.0002s ]
SQL: SHOW COLUMNS FROM `dy_active_user_record` [ RunTime:0.0004s ]
SQL: SELECT COUNT(*) AS tp_count FROM `dy_active_user_record` WHERE `member_id` = 324195 AND ( `get_time` >= 1518192000 AND `get_time` <= 1518278399  ) AND `status` = 1 LIMIT 1   [ RunTime:0.0002s ]
SQL: UPDATE `dy_coupon_user` SET `last_login_time`='1518291126' WHERE ( id=324195 ) [ RunTime:0.0003s ]
SQL: SELECT a.nickname,a.gamesex,a.headimg,a.level,a.id,a.experience,a.score as nowscore,b.score,b.share,c.uppic,c.uppic2 FROM dy_coupon_user a INNER JOIN dy_coupon_user_level b on a.level+1=b.level INNER JOIN dy_coupon_user_level c on a.level=c.level  WHERE ( a.id=324195 ) LIMIT 1   [ RunTime:0.0003s ]
SQL: SHOW COLUMNS FROM `dy_coupon_user_level` [ RunTime:0.0003s ]
SQL: SELECT `pic` FROM `dy_coupon_user_level` WHERE ( level=1 ) LIMIT 1   [ RunTime:0.0001s ]
SQL: SHOW COLUMNS FROM `dy_active_share` [ RunTime:0.0003s ]
SQL: SELECT COUNT(*) AS tp_count FROM `dy_active_share` WHERE ( member_id=324195 ) LIMIT 1   [ RunTime:0.0010s ]

[ 2018-02-11T03:32:06+08:00 ] 36.17.84.32 /test/index.php/Activity/Game/iffirstlogin
INFO: [ app_init ] --START--
INFO: Run Behavior\BuildLiteBehavior [ RunTime:0.000013s ]
INFO: [ app_init ] --END-- [ RunTime:0.000265s ]
INFO: [ app_begin ] --START--
INFO: Run Behavior\ReadHtmlCacheBehavior [ RunTime:0.000382s ]
INFO: [ app_begin ] --END-- [ RunTime:0.000421s ]
SQL: SHOW COLUMNS FROM `dy_coupon_user` [ RunTime:0.0006s ]
SQL: SELECT `gamesex`,`score` FROM `dy_coupon_user` WHERE `id` = 324195 LIMIT 1   [ RunTime:0.0002s ]

[ 2018-02-11T03:32:10+08:00 ] 36.17.84.32 /test/index.php/Activity/Game/showmoneysum
INFO: [ app_init ] --START--
INFO: Run Behavior\BuildLiteBehavior [ RunTime:0.000010s ]
INFO: [ app_init ] --END-- [ RunTime:0.000219s ]
INFO: [ app_begin ] --START--
INFO: Run Behavior\ReadHtmlCacheBehavior [ RunTime:0.000308s ]
INFO: [ app_begin ] --END-- [ RunTime:0.000343s ]
SQL: SHOW COLUMNS FROM `dy_money_num` [ RunTime:0.0005s ]
SQL: SELECT SUM(addmoney) as sum FROM `dy_money_num` LIMIT 1   [ RunTime:0.0002s ]
SQL: SHOW COLUMNS FROM `dy_money_result` [ RunTime:0.0003s ]
SQL: SELECT SUM(money) as consume FROM `dy_money_result` WHERE `type` = '+' LIMIT 1   [ RunTime:0.0005s ]
SQL: SHOW COLUMNS FROM `dy_coupon_user` [ RunTime:0.0004s ]
SQL: SELECT COUNT(*) AS tp_count FROM `dy_coupon_user` LIMIT 1   [ RunTime:0.0001s ]
INFO: [ app_end ] --START--
INFO: Run Behavior\ShowPageTraceBehavior [ RunTime:0.000322s ]
INFO: [ app_end ] --END-- [ RunTime:0.000356s ]

[ 2018-02-11T03:32:10+08:00 ] 36.17.84.32 /test/index.php/Activity/Game/prizeinfo
INFO: [ app_init ] --START--
INFO: Run Behavior\BuildLiteBehavior [ RunTime:0.000014s ]
INFO: [ app_init ] --END-- [ RunTime:0.000299s ]
INFO: [ app_begin ] --START--
INFO: Run Behavior\ReadHtmlCacheBehavior [ RunTime:0.000309s ]
INFO: [ app_begin ] --END-- [ RunTime:0.000343s ]
SQL: SHOW COLUMNS FROM `dy_money_result` [ RunTime:0.0005s ]
SQL: SELECT DISTINCT  b.id as userid,a.*,b.nickname FROM dy_money_result a INNER JOIN dy_coupon_user b on a.uid=b.id  ORDER BY a.create_time desc LIMIT 15   [ RunTime:0.0015s ]
INFO: [ app_end ] --START--
INFO: Run Behavior\ShowPageTraceBehavior [ RunTime:0.000315s ]
INFO: [ app_end ] --END-- [ RunTime:0.000355s ]

[ 2018-02-11T03:32:10+08:00 ] 36.17.84.32 /test/index.php/Activity/Game/getnowscore
INFO: [ app_init ] --START--
INFO: Run Behavior\BuildLiteBehavior [ RunTime:0.000015s ]
INFO: [ app_init ] --END-- [ RunTime:0.000318s ]
INFO: [ app_begin ] --START--
INFO: Run Behavior\ReadHtmlCacheBehavior [ RunTime:0.000372s ]
INFO: [ app_begin ] --END-- [ RunTime:0.000411s ]
SQL: SHOW COLUMNS FROM `dy_coupon_user` [ RunTime:0.0007s ]
SQL: SELECT `score`,`remaining_sum` FROM `dy_coupon_user` WHERE ( id=324195 ) LIMIT 1   [ RunTime:0.0002s ]
SQL: SELECT `last_get_time` FROM `dy_coupon_user` WHERE ( `last_get_time` >= 1518278400 AND `last_get_time` <= 1518364799  ) AND `id` = '324195' LIMIT 1   [ RunTime:0.0001s ]
SQL: UPDATE `dy_coupon_user` SET `last_get_time`='1518291130' WHERE ( id=324195 ) [ RunTime:0.0002s ]
INFO: [ app_end ] --START--
INFO: Run Behavior\ShowPageTraceBehavior [ RunTime:0.000308s ]
INFO: [ app_end ] --END-- [ RunTime:0.000338s ]

[ 2018-02-11T03:32:12+08:00 ] 36.17.84.32 /test/index.php/Activity/Game/lotteryjudge
INFO: [ app_init ] --START--
INFO: Run Behavior\BuildLiteBehavior [ RunTime:0.000009s ]
INFO: [ app_init ] --END-- [ RunTime:0.000251s ]
INFO: [ app_begin ] --START--
INFO: Run Behavior\ReadHtmlCacheBehavior [ RunTime:0.000271s ]
INFO: [ app_begin ] --END-- [ RunTime:0.000305s ]
SQL: SHOW COLUMNS FROM `dy_coupon_user` [ RunTime:0.0007s ]
SQL: SELECT `score` FROM `dy_coupon_user` WHERE ( id=324195 ) LIMIT 1   [ RunTime:0.0002s ]
INFO: [ app_end ] --START--
INFO: Run Behavior\ShowPageTraceBehavior [ RunTime:0.000303s ]
INFO: [ app_end ] --END-- [ RunTime:0.000338s ]

[ 2018-02-11T03:32:15+08:00 ] 36.17.84.32 /test/index.php/Activity/Game/getactive
INFO: [ app_init ] --START--
INFO: Run Behavior\BuildLiteBehavior [ RunTime:0.000015s ]
INFO: [ app_init ] --END-- [ RunTime:0.000308s ]
INFO: [ app_begin ] --START--
INFO: Run Behavior\ReadHtmlCacheBehavior [ RunTime:0.000381s ]
INFO: [ app_begin ] --END-- [ RunTime:0.000421s ]
NOTIC: [8] Undefined index: uid /opt/lampp/htdocs/test/Application/Activity/Controller/GameController.class.php 第 478 行.
SQL: SHOW COLUMNS FROM `dy_active_temp_item` [ RunTime:0.0006s ]
SQL: SELECT `id`,`title`,`pic`,`icon`,`content` FROM `dy_active_temp_item` WHERE `status` = 1 AND `type2` = 1  [ RunTime:0.0002s ]

[ 2018-02-11T03:32:15+08:00 ] 36.17.84.32 /test/index.php/Activity/Game/cartlist
INFO: [ app_init ] --START--
INFO: Run Behavior\BuildLiteBehavior [ RunTime:0.000011s ]
INFO: [ app_init ] --END-- [ RunTime:0.000230s ]
INFO: [ app_begin ] --START--
INFO: Run Behavior\ReadHtmlCacheBehavior [ RunTime:0.000312s ]
INFO: [ app_begin ] --END-- [ RunTime:0.000346s ]
SQL: SHOW COLUMNS FROM `dy_adver_cert` [ RunTime:0.0005s ]
SQL: SELECT `id`,`title`,`pic`,`icon`,`name` FROM `dy_adver_cert` WHERE `isalone` = 1 AND `status` = 1 ORDER BY weight desc  [ RunTime:0.0002s ]

[ 2018-02-11T03:32:15+08:00 ] 36.17.84.32 /test/index.php/Activity/Game/showmoneysum
INFO: [ app_init ] --START--
INFO: Run Behavior\BuildLiteBehavior [ RunTime:0.000007s ]
INFO: [ app_init ] --END-- [ RunTime:0.000198s ]
INFO: [ app_begin ] --START--
INFO: Run Behavior\ReadHtmlCacheBehavior [ RunTime:0.000309s ]
INFO: [ app_begin ] --END-- [ RunTime:0.000343s ]
SQL: SHOW COLUMNS FROM `dy_money_num` [ RunTime:0.0004s ]
SQL: SELECT SUM(addmoney) as sum FROM `dy_money_num` LIMIT 1   [ RunTime:0.0002s ]
SQL: SHOW COLUMNS FROM `dy_money_result` [ RunTime:0.0003s ]
SQL: SELECT SUM(money) as consume FROM `dy_money_result` WHERE `type` = '+' LIMIT 1   [ RunTime:0.0005s ]
SQL: SHOW COLUMNS FROM `dy_coupon_user` [ RunTime:0.0004s ]
SQL: SELECT COUNT(*) AS tp_count FROM `dy_coupon_user` LIMIT 1   [ RunTime:0.0001s ]
INFO: [ app_end ] --START--
INFO: Run Behavior\ShowPageTraceBehavior [ RunTime:0.000294s ]
INFO: [ app_end ] --END-- [ RunTime:0.000327s ]

[ 2018-02-11T03:32:19+08:00 ] 36.17.84.32 /test/index.php/Activity/Game/iffirstlogin
INFO: [ app_init ] --START--
INFO: Run Behavior\BuildLiteBehavior [ RunTime:0.000010s ]
INFO: [ app_init ] --END-- [ RunTime:0.000225s ]
INFO: [ app_begin ] --START--
INFO: Run Behavior\ReadHtmlCacheBehavior [ RunTime:0.000313s ]
INFO: [ app_begin ] --END-- [ RunTime:0.000348s ]
SQL: SHOW COLUMNS FROM `dy_coupon_user` [ RunTime:0.0007s ]
SQL: SELECT `gamesex`,`score` FROM `dy_coupon_user` WHERE `id` = 324195 LIMIT 1   [ RunTime:0.0002s ]

[ 2018-02-11T03:32:19+08:00 ] 36.17.84.32 /test/index.php/Activity/Game/getuserinfo
INFO: [ app_init ] --START--
INFO: Run Behavior\BuildLiteBehavior [ RunTime:0.000025s ]
INFO: [ app_init ] --END-- [ RunTime:0.000242s ]
INFO: [ app_begin ] --START--
INFO: Run Behavior\ReadHtmlCacheBehavior [ RunTime:0.000284s ]
INFO: [ app_begin ] --END-- [ RunTime:0.000320s ]
SQL: SHOW COLUMNS FROM `dy_coupon_user` [ RunTime:0.0005s ]
SQL: SELECT `last_login_time` FROM `dy_coupon_user` WHERE ( `last_login_time` >= 1518278400 AND `last_login_time` <= 1518364799  ) AND `id` = '324195' LIMIT 1   [ RunTime:0.0002s ]
SQL: UPDATE `dy_coupon_user` SET `last_login_time`='1518291139' WHERE ( id=324195 ) [ RunTime:0.0002s ]
SQL: SELECT a.nickname,a.gamesex,a.headimg,a.level,a.id,a.experience,a.score as nowscore,b.score,b.share,c.uppic,c.uppic2 FROM dy_coupon_user a INNER JOIN dy_coupon_user_level b on a.level+1=b.level INNER JOIN dy_coupon_user_level c on a.level=c.level  WHERE ( a.id=324195 ) LIMIT 1   [ RunTime:0.0003s ]
SQL: SHOW COLUMNS FROM `dy_coupon_user_level` [ RunTime:0.0003s ]
SQL: SELECT `pic` FROM `dy_coupon_user_level` WHERE ( level=1 ) LIMIT 1   [ RunTime:0.0002s ]
NOTIC: [8] Undefined variable: uv /opt/lampp/htdocs/test/Application/Activity/Controller/GameController.class.php 第 104 行.
SQL: SHOW COLUMNS FROM `dy_active_share` [ RunTime:0.0004s ]
SQL: SELECT COUNT(*) AS tp_count FROM `dy_active_share` WHERE ( member_id=324195 ) LIMIT 1   [ RunTime:0.0010s ]

[ 2018-02-11T03:32:20+08:00 ] 36.17.84.32 /test/index.php/Activity/Game/showmoneysum
INFO: [ app_init ] --START--
INFO: Run Behavior\BuildLiteBehavior [ RunTime:0.000012s ]
INFO: [ app_init ] --END-- [ RunTime:0.000232s ]
INFO: [ app_begin ] --START--
INFO: Run Behavior\ReadHtmlCacheBehavior [ RunTime:0.000323s ]
INFO: [ app_begin ] --END-- [ RunTime:0.000371s ]
SQL: SHOW COLUMNS FROM `dy_money_num` [ RunTime:0.0006s ]
SQL: SELECT SUM(addmoney) as sum FROM `dy_money_num` LIMIT 1   [ RunTime:0.0002s ]
SQL: SHOW COLUMNS FROM `dy_money_result` [ RunTime:0.0004s ]
SQL: SELECT SUM(money) as consume FROM `dy_money_result` WHERE `type` = '+' LIMIT 1   [ RunTime:0.0005s ]
SQL: SHOW COLUMNS FROM `dy_coupon_user` [ RunTime:0.0005s ]
SQL: SELECT COUNT(*) AS tp_count FROM `dy_coupon_user` LIMIT 1   [ RunTime:0.0001s ]
INFO: [ app_end ] --START--
INFO: Run Behavior\ShowPageTraceBehavior [ RunTime:0.000303s ]
INFO: [ app_end ] --END-- [ RunTime:0.000347s ]

[ 2018-02-11T04:20:12+08:00 ] 183.222.149.217 /test/index.php/Activity/MobileList/getcardh5?jsoncallback=jsonp1
INFO: [ app_init ] --START--
INFO: Run Behavior\BuildLiteBehavior [ RunTime:0.000010s ]
INFO: [ app_init ] --END-- [ RunTime:0.000226s ]
INFO: [ app_begin ] --START--
INFO: Run Behavior\ReadHtmlCacheBehavior [ RunTime:0.000277s ]
INFO: [ app_begin ] --END-- [ RunTime:0.000312s ]
SQL: SHOW COLUMNS FROM `dy_coupon_card` [ RunTime:0.0006s ]
SQL: SELECT * FROM `dy_coupon_card` ORDER BY handlingtime desc LIMIT 3   [ RunTime:0.0002s ]
INFO: [ app_end ] --START--
INFO: Run Behavior\ShowPageTraceBehavior [ RunTime:0.000330s ]
INFO: [ app_end ] --END-- [ RunTime:0.000368s ]

[ 2018-02-11T04:20:12+08:00 ] 183.222.149.217 /test/index.php/Activity/MobileList/getloanh5?jsoncallback=jsonp2
INFO: [ app_init ] --START--
INFO: Run Behavior\BuildLiteBehavior [ RunTime:0.000008s ]
INFO: [ app_init ] --END-- [ RunTime:0.000209s ]
INFO: [ app_begin ] --START--
INFO: Run Behavior\ReadHtmlCacheBehavior [ RunTime:0.000273s ]
INFO: [ app_begin ] --END-- [ RunTime:0.000306s ]
SQL: SHOW COLUMNS FROM `dy_coupon_loan` [ RunTime:0.0004s ]
SQL: SELECT * FROM dy_coupon_loan a INNER JOIN dy_coupon_loancate b on a.cate=b.id   [ RunTime:0.0003s ]
INFO: [ app_end ] --START--
INFO: Run Behavior\ShowPageTraceBehavior [ RunTime:0.000306s ]
INFO: [ app_end ] --END-- [ RunTime:0.000344s ]

[ 2018-02-11T05:15:02+08:00 ] 202.168.163.69 /test/index.php/Activity/MobileList/getcardh5?jsoncallback=jsonp1
INFO: [ app_init ] --START--
INFO: Run Behavior\BuildLiteBehavior [ RunTime:0.000009s ]
INFO: [ app_init ] --END-- [ RunTime:0.000219s ]
INFO: [ app_begin ] --START--
INFO: Run Behavior\ReadHtmlCacheBehavior [ RunTime:0.000266s ]
INFO: [ app_begin ] --END-- [ RunTime:0.000297s ]
SQL: SHOW COLUMNS FROM `dy_coupon_card` [ RunTime:0.0008s ]
SQL: SELECT * FROM `dy_coupon_card` ORDER BY handlingtime desc LIMIT 3   [ RunTime:0.0002s ]
INFO: [ app_end ] --START--
INFO: Run Behavior\ShowPageTraceBehavior [ RunTime:0.000348s ]
INFO: [ app_end ] --END-- [ RunTime:0.000398s ]

[ 2018-02-11T05:15:02+08:00 ] 202.168.163.69 /test/index.php/Activity/MobileList/getloanh5?jsoncallback=jsonp2
INFO: [ app_init ] --START--
INFO: Run Behavior\BuildLiteBehavior [ RunTime:0.000009s ]
INFO: [ app_init ] --END-- [ RunTime:0.000209s ]
INFO: [ app_begin ] --START--
INFO: Run Behavior\ReadHtmlCacheBehavior [ RunTime:0.000297s ]
INFO: [ app_begin ] --END-- [ RunTime:0.000331s ]
SQL: SHOW COLUMNS FROM `dy_coupon_loan` [ RunTime:0.0004s ]
SQL: SELECT * FROM dy_coupon_loan a INNER JOIN dy_coupon_loancate b on a.cate=b.id   [ RunTime:0.0002s ]
INFO: [ app_end ] --START--
INFO: Run Behavior\ShowPageTraceBehavior [ RunTime:0.000311s ]
INFO: [ app_end ] --END-- [ RunTime:0.000356s ]

[ 2018-02-11T06:53:09+08:00 ] 117.170.204.153 /test/index.php/Activity/MobileList/getloanh5?jsoncallback=jsonp2
INFO: [ app_init ] --START--
INFO: Run Behavior\BuildLiteBehavior [ RunTime:0.000008s ]
INFO: [ app_init ] --END-- [ RunTime:0.000211s ]
INFO: [ app_begin ] --START--
INFO: Run Behavior\ReadHtmlCacheBehavior [ RunTime:0.000293s ]
INFO: [ app_begin ] --END-- [ RunTime:0.000325s ]
SQL: SHOW COLUMNS FROM `dy_coupon_loan` [ RunTime:0.0006s ]
SQL: SELECT * FROM dy_coupon_loan a INNER JOIN dy_coupon_loancate b on a.cate=b.id   [ RunTime:0.0003s ]
INFO: [ app_end ] --START--
INFO: Run Behavior\ShowPageTraceBehavior [ RunTime:0.000315s ]
INFO: [ app_end ] --END-- [ RunTime:0.000355s ]

[ 2018-02-11T06:53:09+08:00 ] 117.170.204.153 /test/index.php/Activity/MobileList/getcardh5?jsoncallback=jsonp1
INFO: [ app_init ] --START--
INFO: Run Behavior\BuildLiteBehavior [ RunTime:0.000011s ]
INFO: [ app_init ] --END-- [ RunTime:0.000244s ]
INFO: [ app_begin ] --START--
INFO: Run Behavior\ReadHtmlCacheBehavior [ RunTime:0.000284s ]
INFO: [ app_begin ] --END-- [ RunTime:0.000319s ]
SQL: SHOW COLUMNS FROM `dy_coupon_card` [ RunTime:0.0004s ]
SQL: SELECT * FROM `dy_coupon_card` ORDER BY handlingtime desc LIMIT 3   [ RunTime:0.0002s ]
INFO: [ app_end ] --START--
INFO: Run Behavior\ShowPageTraceBehavior [ RunTime:0.000346s ]
INFO: [ app_end ] --END-- [ RunTime:0.000388s ]

[ 2018-02-11T07:10:49+08:00 ] 117.176.48.124 /test/index.php/Activity/MobileList/getcardh5?jsoncallback=jsonp1
INFO: [ app_init ] --START--
INFO: Run Behavior\BuildLiteBehavior [ RunTime:0.000010s ]
INFO: [ app_init ] --END-- [ RunTime:0.000226s ]
INFO: [ app_begin ] --START--
INFO: Run Behavior\ReadHtmlCacheBehavior [ RunTime:0.000279s ]
INFO: [ app_begin ] --END-- [ RunTime:0.000313s ]
SQL: SHOW COLUMNS FROM `dy_coupon_card` [ RunTime:0.0006s ]
SQL: SELECT * FROM `dy_coupon_card` ORDER BY handlingtime desc LIMIT 3   [ RunTime:0.0010s ]
INFO: [ app_end ] --START--
INFO: Run Behavior\ShowPageTraceBehavior [ RunTime:0.000318s ]
INFO: [ app_end ] --END-- [ RunTime:0.000374s ]

[ 2018-02-11T07:10:49+08:00 ] 117.176.48.124 /test/index.php/Activity/MobileList/getloanh5?jsoncallback=jsonp2
INFO: [ app_init ] --START--
INFO: Run Behavior\BuildLiteBehavior [ RunTime:0.000008s ]
INFO: [ app_init ] --END-- [ RunTime:0.000208s ]
INFO: [ app_begin ] --START--
INFO: Run Behavior\ReadHtmlCacheBehavior [ RunTime:0.000279s ]
INFO: [ app_begin ] --END-- [ RunTime:0.000316s ]
SQL: SHOW COLUMNS FROM `dy_coupon_loan` [ RunTime:0.0004s ]
SQL: SELECT * FROM dy_coupon_loan a INNER JOIN dy_coupon_loancate b on a.cate=b.id   [ RunTime:0.0021s ]
INFO: [ app_end ] --START--
INFO: Run Behavior\ShowPageTraceBehavior [ RunTime:0.000289s ]
INFO: [ app_end ] --END-- [ RunTime:0.000332s ]

[ 2018-02-11T07:11:36+08:00 ] 117.176.48.124 /test/index.php/Activity/MobileList/getcardh5?jsoncallback=jsonp1
INFO: [ app_init ] --START--
INFO: Run Behavior\BuildLiteBehavior [ RunTime:0.000012s ]
INFO: [ app_init ] --END-- [ RunTime:0.000230s ]
INFO: [ app_begin ] --START--
INFO: Run Behavior\ReadHtmlCacheBehavior [ RunTime:0.000286s ]
INFO: [ app_begin ] --END-- [ RunTime:0.000319s ]
SQL: SHOW COLUMNS FROM `dy_coupon_card` [ RunTime:0.0006s ]
SQL: SELECT * FROM `dy_coupon_card` ORDER BY handlingtime desc LIMIT 3   [ RunTime:0.0002s ]
INFO: [ app_end ] --START--
INFO: Run Behavior\ShowPageTraceBehavior [ RunTime:0.000337s ]
INFO: [ app_end ] --END-- [ RunTime:0.000374s ]

[ 2018-02-11T07:11:36+08:00 ] 117.176.48.124 /test/index.php/Activity/MobileList/getloanh5?jsoncallback=jsonp2
INFO: [ app_init ] --START--
INFO: Run Behavior\BuildLiteBehavior [ RunTime:0.000009s ]
INFO: [ app_init ] --END-- [ RunTime:0.000210s ]
INFO: [ app_begin ] --START--
INFO: Run Behavior\ReadHtmlCacheBehavior [ RunTime:0.000297s ]
INFO: [ app_begin ] --END-- [ RunTime:0.000330s ]
SQL: SHOW COLUMNS FROM `dy_coupon_loan` [ RunTime:0.0004s ]
SQL: SELECT * FROM dy_coupon_loan a INNER JOIN dy_coupon_loancate b on a.cate=b.id   [ RunTime:0.0003s ]
INFO: [ app_end ] --START--
INFO: Run Behavior\ShowPageTraceBehavior [ RunTime:0.000295s ]
INFO: [ app_end ] --END-- [ RunTime:0.000331s ]

[ 2018-02-11T07:12:06+08:00 ] 123.151.153.120 /test/index.php/Activity/MobileList/getcardh5?jsoncallback=jsonp1
INFO: [ app_init ] --START--
INFO: Run Behavior\BuildLiteBehavior [ RunTime:0.000012s ]
INFO: [ app_init ] --END-- [ RunTime:0.000274s ]
INFO: [ app_begin ] --START--
INFO: Run Behavior\ReadHtmlCacheBehavior [ RunTime:0.000306s ]
INFO: [ app_begin ] --END-- [ RunTime:0.000342s ]
SQL: SHOW COLUMNS FROM `dy_coupon_card` [ RunTime:0.0006s ]
SQL: SELECT * FROM `dy_coupon_card` ORDER BY handlingtime desc LIMIT 3   [ RunTime:0.0002s ]
INFO: [ app_end ] --START--
INFO: Run Behavior\ShowPageTraceBehavior [ RunTime:0.000333s ]
INFO: [ app_end ] --END-- [ RunTime:0.000376s ]

[ 2018-02-11T07:12:06+08:00 ] 123.151.148.57 /test/index.php/Activity/MobileList/getloanh5?jsoncallback=jsonp2
INFO: [ app_init ] --START--
INFO: Run Behavior\BuildLiteBehavior [ RunTime:0.000011s ]
INFO: [ app_init ] --END-- [ RunTime:0.000256s ]
INFO: [ app_begin ] --START--
INFO: Run Behavior\ReadHtmlCacheBehavior [ RunTime:0.000301s ]
INFO: [ app_begin ] --END-- [ RunTime:0.000338s ]
SQL: SHOW COLUMNS FROM `dy_coupon_loan` [ RunTime:0.0005s ]
SQL: SELECT * FROM dy_coupon_loan a INNER JOIN dy_coupon_loancate b on a.cate=b.id   [ RunTime:0.0003s ]
INFO: [ app_end ] --START--
INFO: Run Behavior\ShowPageTraceBehavior [ RunTime:0.000319s ]
INFO: [ app_end ] --END-- [ RunTime:0.000359s ]

[ 2018-02-11T10:11:08+08:00 ] 112.42.147.122 /test/index.php/Activity/MobileList/getcardh5?jsoncallback=jsonp1
INFO: [ app_init ] --START--
INFO: Run Behavior\BuildLiteBehavior [ RunTime:0.000011s ]
INFO: [ app_init ] --END-- [ RunTime:0.000236s ]
INFO: [ app_begin ] --START--
INFO: Run Behavior\ReadHtmlCacheBehavior [ RunTime:0.000328s ]
INFO: [ app_begin ] --END-- [ RunTime:0.000365s ]
SQL: SHOW COLUMNS FROM `dy_coupon_card` [ RunTime:0.0006s ]
SQL: SELECT * FROM `dy_coupon_card` ORDER BY handlingtime desc LIMIT 3   [ RunTime:0.0002s ]
INFO: [ app_end ] --START--
INFO: Run Behavior\ShowPageTraceBehavior [ RunTime:0.000368s ]
INFO: [ app_end ] --END-- [ RunTime:0.000403s ]

[ 2018-02-11T10:11:08+08:00 ] 112.42.147.122 /test/index.php/Activity/MobileList/getloanh5?jsoncallback=jsonp2
INFO: [ app_init ] --START--
INFO: Run Behavior\BuildLiteBehavior [ RunTime:0.000009s ]
INFO: [ app_init ] --END-- [ RunTime:0.000236s ]
INFO: [ app_begin ] --START--
INFO: Run Behavior\ReadHtmlCacheBehavior [ RunTime:0.000301s ]
INFO: [ app_begin ] --END-- [ RunTime:0.000336s ]
SQL: SHOW COLUMNS FROM `dy_coupon_loan` [ RunTime:0.0005s ]
SQL: SELECT * FROM dy_coupon_loan a INNER JOIN dy_coupon_loancate b on a.cate=b.id   [ RunTime:0.0003s ]
INFO: [ app_end ] --START--
INFO: Run Behavior\ShowPageTraceBehavior [ RunTime:0.000305s ]
INFO: [ app_end ] --END-- [ RunTime:0.000343s ]

[ 2018-02-11T10:11:45+08:00 ] 112.42.147.122 /test/index.php/Activity/MobileList/getcardh5?jsoncallback=jsonp1
INFO: [ app_init ] --START--
INFO: Run Behavior\BuildLiteBehavior [ RunTime:0.000009s ]
INFO: [ app_init ] --END-- [ RunTime:0.000219s ]
INFO: [ app_begin ] --START--
INFO: Run Behavior\ReadHtmlCacheBehavior [ RunTime:0.000281s ]
INFO: [ app_begin ] --END-- [ RunTime:0.000319s ]
SQL: SHOW COLUMNS FROM `dy_coupon_card` [ RunTime:0.0006s ]
SQL: SELECT * FROM `dy_coupon_card` ORDER BY handlingtime desc LIMIT 3   [ RunTime:0.0002s ]
INFO: [ app_end ] --START--
INFO: Run Behavior\ShowPageTraceBehavior [ RunTime:0.000305s ]
INFO: [ app_end ] --END-- [ RunTime:0.000340s ]

[ 2018-02-11T10:11:45+08:00 ] 112.42.147.122 /test/index.php/Activity/MobileList/getloanh5?jsoncallback=jsonp2
INFO: [ app_init ] --START--
INFO: Run Behavior\BuildLiteBehavior [ RunTime:0.000009s ]
INFO: [ app_init ] --END-- [ RunTime:0.000216s ]
INFO: [ app_begin ] --START--
INFO: Run Behavior\ReadHtmlCacheBehavior [ RunTime:0.000261s ]
INFO: [ app_begin ] --END-- [ RunTime:0.000290s ]
SQL: SHOW COLUMNS FROM `dy_coupon_loan` [ RunTime:0.0004s ]
SQL: SELECT * FROM dy_coupon_loan a INNER JOIN dy_coupon_loancate b on a.cate=b.id   [ RunTime:0.0003s ]
INFO: [ app_end ] --START--
INFO: Run Behavior\ShowPageTraceBehavior [ RunTime:0.000295s ]
INFO: [ app_end ] --END-- [ RunTime:0.000330s ]

[ 2018-02-11T10:14:11+08:00 ] 112.42.147.122 /test/index.php/Activity/MobileList/getcardh5?jsoncallback=jsonp1
INFO: [ app_init ] --START--
INFO: Run Behavior\BuildLiteBehavior [ RunTime:0.000010s ]
INFO: [ app_init ] --END-- [ RunTime:0.000235s ]
INFO: [ app_begin ] --START--
INFO: Run Behavior\ReadHtmlCacheBehavior [ RunTime:0.000270s ]
INFO: [ app_begin ] --END-- [ RunTime:0.000306s ]
SQL: SHOW COLUMNS FROM `dy_coupon_card` [ RunTime:0.0006s ]
SQL: SELECT * FROM `dy_coupon_card` ORDER BY handlingtime desc LIMIT 3   [ RunTime:0.0002s ]
INFO: [ app_end ] --START--
INFO: Run Behavior\ShowPageTraceBehavior [ RunTime:0.000322s ]
INFO: [ app_end ] --END-- [ RunTime:0.000358s ]

[ 2018-02-11T10:14:11+08:00 ] 112.42.147.122 /test/index.php/Activity/MobileList/getloanh5?jsoncallback=jsonp2
INFO: [ app_init ] --START--
INFO: Run Behavior\BuildLiteBehavior [ RunTime:0.000010s ]
INFO: [ app_init ] --END-- [ RunTime:0.000235s ]
INFO: [ app_begin ] --START--
INFO: Run Behavior\ReadHtmlCacheBehavior [ RunTime:0.000312s ]
INFO: [ app_begin ] --END-- [ RunTime:0.000347s ]
SQL: SHOW COLUMNS FROM `dy_coupon_loan` [ RunTime:0.0004s ]
SQL: SELECT * FROM dy_coupon_loan a INNER JOIN dy_coupon_loancate b on a.cate=b.id   [ RunTime:0.0003s ]
INFO: [ app_end ] --START--
INFO: Run Behavior\ShowPageTraceBehavior [ RunTime:0.000306s ]
INFO: [ app_end ] --END-- [ RunTime:0.000343s ]

[ 2018-02-11T10:15:56+08:00 ] 112.42.147.122 /test/index.php/Activity/MobileList/getcardh5?jsoncallback=jsonp1
INFO: [ app_init ] --START--
INFO: Run Behavior\BuildLiteBehavior [ RunTime:0.000010s ]
INFO: [ app_init ] --END-- [ RunTime:0.000209s ]
INFO: [ app_begin ] --START--
INFO: Run Behavior\ReadHtmlCacheBehavior [ RunTime:0.000271s ]
INFO: [ app_begin ] --END-- [ RunTime:0.000301s ]
SQL: SHOW COLUMNS FROM `dy_coupon_card` [ RunTime:0.0006s ]
SQL: SELECT * FROM `dy_coupon_card` ORDER BY handlingtime desc LIMIT 3   [ RunTime:0.0002s ]
INFO: [ app_end ] --START--
INFO: Run Behavior\ShowPageTraceBehavior [ RunTime:0.000291s ]
INFO: [ app_end ] --END-- [ RunTime:0.000322s ]

[ 2018-02-11T10:15:56+08:00 ] 112.42.147.122 /test/index.php/Activity/MobileList/getloanh5?jsoncallback=jsonp2
INFO: [ app_init ] --START--
INFO: Run Behavior\BuildLiteBehavior [ RunTime:0.000008s ]
INFO: [ app_init ] --END-- [ RunTime:0.000207s ]
INFO: [ app_begin ] --START--
INFO: Run Behavior\ReadHtmlCacheBehavior [ RunTime:0.000291s ]
INFO: [ app_begin ] --END-- [ RunTime:0.000325s ]
SQL: SHOW COLUMNS FROM `dy_coupon_loan` [ RunTime:0.0005s ]
SQL: SELECT * FROM dy_coupon_loan a INNER JOIN dy_coupon_loancate b on a.cate=b.id   [ RunTime:0.0003s ]
INFO: [ app_end ] --START--
INFO: Run Behavior\ShowPageTraceBehavior [ RunTime:0.000328s ]
INFO: [ app_end ] --END-- [ RunTime:0.000367s ]

[ 2018-02-11T10:18:09+08:00 ] 112.42.147.122 /test/index.php/Activity/MobileList/getloanh5?jsoncallback=jsonp2
INFO: [ app_init ] --START--
INFO: Run Behavior\BuildLiteBehavior [ RunTime:0.000010s ]
INFO: [ app_init ] --END-- [ RunTime:0.000234s ]
INFO: [ app_begin ] --START--
INFO: Run Behavior\ReadHtmlCacheBehavior [ RunTime:0.000304s ]
INFO: [ app_begin ] --END-- [ RunTime:0.000339s ]
SQL: SHOW COLUMNS FROM `dy_coupon_loan` [ RunTime:0.0006s ]
SQL: SELECT * FROM dy_coupon_loan a INNER JOIN dy_coupon_loancate b on a.cate=b.id   [ RunTime:0.0003s ]
INFO: [ app_end ] --START--
INFO: Run Behavior\ShowPageTraceBehavior [ RunTime:0.000308s ]
INFO: [ app_end ] --END-- [ RunTime:0.000347s ]

[ 2018-02-11T10:18:09+08:00 ] 112.42.147.122 /test/index.php/Activity/MobileList/getcardh5?jsoncallback=jsonp1
INFO: [ app_init ] --START--
INFO: Run Behavior\BuildLiteBehavior [ RunTime:0.000011s ]
INFO: [ app_init ] --END-- [ RunTime:0.000234s ]
INFO: [ app_begin ] --START--
INFO: Run Behavior\ReadHtmlCacheBehavior [ RunTime:0.000295s ]
INFO: [ app_begin ] --END-- [ RunTime:0.000336s ]
SQL: SHOW COLUMNS FROM `dy_coupon_card` [ RunTime:0.0006s ]
SQL: SELECT * FROM `dy_coupon_card` ORDER BY handlingtime desc LIMIT 3   [ RunTime:0.0002s ]
INFO: [ app_end ] --START--
INFO: Run Behavior\ShowPageTraceBehavior [ RunTime:0.000309s ]
INFO: [ app_end ] --END-- [ RunTime:0.000346s ]

[ 2018-02-11T10:18:45+08:00 ] 112.42.147.122 /test/index.php/Activity/MobileList/getloanh5?jsoncallback=jsonp2
INFO: [ app_init ] --START--
INFO: Run Behavior\BuildLiteBehavior [ RunTime:0.000009s ]
INFO: [ app_init ] --END-- [ RunTime:0.000219s ]
INFO: [ app_begin ] --START--
INFO: Run Behavior\ReadHtmlCacheBehavior [ RunTime:0.000283s ]
INFO: [ app_begin ] --END-- [ RunTime:0.000316s ]
SQL: SHOW COLUMNS FROM `dy_coupon_loan` [ RunTime:0.0006s ]
SQL: SELECT * FROM dy_coupon_loan a INNER JOIN dy_coupon_loancate b on a.cate=b.id   [ RunTime:0.0003s ]
INFO: [ app_end ] --START--
INFO: Run Behavior\ShowPageTraceBehavior [ RunTime:0.000306s ]
INFO: [ app_end ] --END-- [ RunTime:0.000347s ]

[ 2018-02-11T10:18:45+08:00 ] 112.42.147.122 /test/index.php/Activity/MobileList/getcardh5?jsoncallback=jsonp1
INFO: [ app_init ] --START--
INFO: Run Behavior\BuildLiteBehavior [ RunTime:0.000010s ]
INFO: [ app_init ] --END-- [ RunTime:0.000223s ]
INFO: [ app_begin ] --START--
INFO: Run Behavior\ReadHtmlCacheBehavior [ RunTime:0.000270s ]
INFO: [ app_begin ] --END-- [ RunTime:0.000301s ]
SQL: SHOW COLUMNS FROM `dy_coupon_card` [ RunTime:0.0006s ]
SQL: SELECT * FROM `dy_coupon_card` ORDER BY handlingtime desc LIMIT 3   [ RunTime:0.0003s ]
INFO: [ app_end ] --START--
INFO: Run Behavior\ShowPageTraceBehavior [ RunTime:0.000331s ]
INFO: [ app_end ] --END-- [ RunTime:0.000365s ]

[ 2018-02-11T11:37:21+08:00 ] 219.136.148.154 /test/index.php/Activity/MobileList/getcardh5?jsoncallback=jsonp1
INFO: [ app_init ] --START--
INFO: Run Behavior\BuildLiteBehavior [ RunTime:0.000010s ]
INFO: [ app_init ] --END-- [ RunTime:0.000224s ]
INFO: [ app_begin ] --START--
INFO: Run Behavior\ReadHtmlCacheBehavior [ RunTime:0.000287s ]
INFO: [ app_begin ] --END-- [ RunTime:0.000319s ]
SQL: SHOW COLUMNS FROM `dy_coupon_card` [ RunTime:0.0006s ]
SQL: SELECT * FROM `dy_coupon_card` ORDER BY handlingtime desc LIMIT 3   [ RunTime:0.0002s ]
INFO: [ app_end ] --START--
INFO: Run Behavior\ShowPageTraceBehavior [ RunTime:0.000302s ]
INFO: [ app_end ] --END-- [ RunTime:0.000333s ]

[ 2018-02-11T11:37:21+08:00 ] 219.136.148.154 /test/index.php/Activity/MobileList/getloanh5?jsoncallback=jsonp2
INFO: [ app_init ] --START--
INFO: Run Behavior\BuildLiteBehavior [ RunTime:0.000010s ]
INFO: [ app_init ] --END-- [ RunTime:0.000236s ]
INFO: [ app_begin ] --START--
INFO: Run Behavior\ReadHtmlCacheBehavior [ RunTime:0.000280s ]
INFO: [ app_begin ] --END-- [ RunTime:0.000313s ]
SQL: SHOW COLUMNS FROM `dy_coupon_loan` [ RunTime:0.0006s ]
SQL: SELECT * FROM dy_coupon_loan a INNER JOIN dy_coupon_loancate b on a.cate=b.id   [ RunTime:0.0003s ]
INFO: [ app_end ] --START--
INFO: Run Behavior\ShowPageTraceBehavior [ RunTime:0.000317s ]
INFO: [ app_end ] --END-- [ RunTime:0.000352s ]

[ 2018-02-11T11:53:50+08:00 ] 118.73.186.213 /test/index.php/Activity/MobileList/getcardh5?jsoncallback=jsonp1
INFO: [ app_init ] --START--
INFO: Run Behavior\BuildLiteBehavior [ RunTime:0.000010s ]
INFO: [ app_init ] --END-- [ RunTime:0.000238s ]
INFO: [ app_begin ] --START--
INFO: Run Behavior\ReadHtmlCacheBehavior [ RunTime:0.000333s ]
INFO: [ app_begin ] --END-- [ RunTime:0.000367s ]
SQL: SHOW COLUMNS FROM `dy_coupon_card` [ RunTime:0.0006s ]
SQL: SELECT * FROM `dy_coupon_card` ORDER BY handlingtime desc LIMIT 3   [ RunTime:0.0002s ]
INFO: [ app_end ] --START--
INFO: Run Behavior\ShowPageTraceBehavior [ RunTime:0.000534s ]
INFO: [ app_end ] --END-- [ RunTime:0.000602s ]

[ 2018-02-11T11:53:50+08:00 ] 118.73.186.213 /test/index.php/Activity/MobileList/getloanh5?jsoncallback=jsonp2
INFO: [ app_init ] --START--
INFO: Run Behavior\BuildLiteBehavior [ RunTime:0.000009s ]
INFO: [ app_init ] --END-- [ RunTime:0.000197s ]
INFO: [ app_begin ] --START--
INFO: Run Behavior\ReadHtmlCacheBehavior [ RunTime:0.000270s ]
INFO: [ app_begin ] --END-- [ RunTime:0.000302s ]
SQL: SHOW COLUMNS FROM `dy_coupon_loan` [ RunTime:0.0006s ]
SQL: SELECT * FROM dy_coupon_loan a INNER JOIN dy_coupon_loancate b on a.cate=b.id   [ RunTime:0.0004s ]
INFO: [ app_end ] --START--
INFO: Run Behavior\ShowPageTraceBehavior [ RunTime:0.000309s ]
INFO: [ app_end ] --END-- [ RunTime:0.000343s ]

[ 2018-02-11T12:04:12+08:00 ] 36.157.34.144 /test/index.php/Activity/MobileList/getcardh5?jsoncallback=jsonp1
INFO: [ app_init ] --START--
INFO: Run Behavior\BuildLiteBehavior [ RunTime:0.000012s ]
INFO: [ app_init ] --END-- [ RunTime:0.000251s ]
INFO: [ app_begin ] --START--
INFO: Run Behavior\ReadHtmlCacheBehavior [ RunTime:0.000284s ]
INFO: [ app_begin ] --END-- [ RunTime:0.000318s ]
SQL: SHOW COLUMNS FROM `dy_coupon_card` [ RunTime:0.0006s ]
SQL: SELECT * FROM `dy_coupon_card` ORDER BY handlingtime desc LIMIT 3   [ RunTime:0.0002s ]
INFO: [ app_end ] --START--
INFO: Run Behavior\ShowPageTraceBehavior [ RunTime:0.000332s ]
INFO: [ app_end ] --END-- [ RunTime:0.000387s ]

[ 2018-02-11T12:04:12+08:00 ] 36.157.32.144 /test/index.php/Activity/MobileList/getloanh5?jsoncallback=jsonp2
INFO: [ app_init ] --START--
INFO: Run Behavior\BuildLiteBehavior [ RunTime:0.000010s ]
INFO: [ app_init ] --END-- [ RunTime:0.000230s ]
INFO: [ app_begin ] --START--
INFO: Run Behavior\ReadHtmlCacheBehavior [ RunTime:0.000300s ]
INFO: [ app_begin ] --END-- [ RunTime:0.000334s ]
SQL: SHOW COLUMNS FROM `dy_coupon_loan` [ RunTime:0.0004s ]
SQL: SELECT * FROM dy_coupon_loan a INNER JOIN dy_coupon_loancate b on a.cate=b.id   [ RunTime:0.0004s ]
INFO: [ app_end ] --START--
INFO: Run Behavior\ShowPageTraceBehavior [ RunTime:0.000319s ]
INFO: [ app_end ] --END-- [ RunTime:0.000356s ]

[ 2018-02-11T12:07:42+08:00 ] 42.178.118.176 /test/index.php/Activity/MobileList/getcardh5?jsoncallback=jsonp1
INFO: [ app_init ] --START--
INFO: Run Behavior\BuildLiteBehavior [ RunTime:0.000011s ]
INFO: [ app_init ] --END-- [ RunTime:0.000249s ]
INFO: [ app_begin ] --START--
INFO: Run Behavior\ReadHtmlCacheBehavior [ RunTime:0.000302s ]
INFO: [ app_begin ] --END-- [ RunTime:0.000341s ]
SQL: SHOW COLUMNS FROM `dy_coupon_card` [ RunTime:0.0006s ]
SQL: SELECT * FROM `dy_coupon_card` ORDER BY handlingtime desc LIMIT 3   [ RunTime:0.0002s ]
INFO: [ app_end ] --START--
INFO: Run Behavior\ShowPageTraceBehavior [ RunTime:0.000393s ]
INFO: [ app_end ] --END-- [ RunTime:0.000437s ]

[ 2018-02-11T12:07:42+08:00 ] 42.178.118.176 /test/index.php/Activity/MobileList/getloanh5?jsoncallback=jsonp2
INFO: [ app_init ] --START--
INFO: Run Behavior\BuildLiteBehavior [ RunTime:0.000010s ]
INFO: [ app_init ] --END-- [ RunTime:0.000274s ]
INFO: [ app_begin ] --START--
INFO: Run Behavior\ReadHtmlCacheBehavior [ RunTime:0.000282s ]
INFO: [ app_begin ] --END-- [ RunTime:0.000321s ]
SQL: SHOW COLUMNS FROM `dy_coupon_loan` [ RunTime:0.0005s ]
SQL: SELECT * FROM dy_coupon_loan a INNER JOIN dy_coupon_loancate b on a.cate=b.id   [ RunTime:0.0004s ]
INFO: [ app_end ] --START--
INFO: Run Behavior\ShowPageTraceBehavior [ RunTime:0.000300s ]
INFO: [ app_end ] --END-- [ RunTime:0.000340s ]

[ 2018-02-11T12:10:52+08:00 ] 111.127.106.69 /test/index.php/Activity/MobileList/getcardh5?jsoncallback=jsonp1
INFO: [ app_init ] --START--
INFO: Run Behavior\BuildLiteBehavior [ RunTime:0.000009s ]
INFO: [ app_init ] --END-- [ RunTime:0.000206s ]
INFO: [ app_begin ] --START--
INFO: Run Behavior\ReadHtmlCacheBehavior [ RunTime:0.000265s ]
INFO: [ app_begin ] --END-- [ RunTime:0.000297s ]
SQL: SHOW COLUMNS FROM `dy_coupon_card` [ RunTime:0.0012s ]
SQL: SELECT * FROM `dy_coupon_card` ORDER BY handlingtime desc LIMIT 3   [ RunTime:0.0002s ]
INFO: [ app_end ] --START--
INFO: Run Behavior\ShowPageTraceBehavior [ RunTime:0.000323s ]
INFO: [ app_end ] --END-- [ RunTime:0.000357s ]

[ 2018-02-11T12:10:52+08:00 ] 111.127.106.69 /test/index.php/Activity/MobileList/getloanh5?jsoncallback=jsonp2
INFO: [ app_init ] --START--
INFO: Run Behavior\BuildLiteBehavior [ RunTime:0.000008s ]
INFO: [ app_init ] --END-- [ RunTime:0.000193s ]
INFO: [ app_begin ] --START--
INFO: Run Behavior\ReadHtmlCacheBehavior [ RunTime:0.000260s ]
INFO: [ app_begin ] --END-- [ RunTime:0.000291s ]
SQL: SHOW COLUMNS FROM `dy_coupon_loan` [ RunTime:0.0005s ]
SQL: SELECT * FROM dy_coupon_loan a INNER JOIN dy_coupon_loancate b on a.cate=b.id   [ RunTime:0.0023s ]
INFO: [ app_end ] --START--
INFO: Run Behavior\ShowPageTraceBehavior [ RunTime:0.000297s ]
INFO: [ app_end ] --END-- [ RunTime:0.000327s ]

[ 2018-02-11T12:16:09+08:00 ] 223.104.250.25 /test/index.php/Activity/MobileList/getcardh5?jsoncallback=jsonp1
INFO: [ app_init ] --START--
INFO: Run Behavior\BuildLiteBehavior [ RunTime:0.000009s ]
INFO: [ app_init ] --END-- [ RunTime:0.000214s ]
INFO: [ app_begin ] --START--
INFO: Run Behavior\ReadHtmlCacheBehavior [ RunTime:0.000273s ]
INFO: [ app_begin ] --END-- [ RunTime:0.000320s ]
SQL: SHOW COLUMNS FROM `dy_coupon_card` [ RunTime:0.0013s ]
SQL: SELECT * FROM `dy_coupon_card` ORDER BY handlingtime desc LIMIT 3   [ RunTime:0.0002s ]
INFO: [ app_end ] --START--
INFO: Run Behavior\ShowPageTraceBehavior [ RunTime:0.000330s ]
INFO: [ app_end ] --END-- [ RunTime:0.000365s ]

[ 2018-02-11T12:16:09+08:00 ] 223.104.250.25 /test/index.php/Activity/MobileList/getloanh5?jsoncallback=jsonp2
INFO: [ app_init ] --START--
INFO: Run Behavior\BuildLiteBehavior [ RunTime:0.000010s ]
INFO: [ app_init ] --END-- [ RunTime:0.000246s ]
INFO: [ app_begin ] --START--
INFO: Run Behavior\ReadHtmlCacheBehavior [ RunTime:0.000314s ]
INFO: [ app_begin ] --END-- [ RunTime:0.000349s ]
SQL: SHOW COLUMNS FROM `dy_coupon_loan` [ RunTime:0.0006s ]
SQL: SELECT * FROM dy_coupon_loan a INNER JOIN dy_coupon_loancate b on a.cate=b.id   [ RunTime:0.0025s ]
INFO: [ app_end ] --START--
INFO: Run Behavior\ShowPageTraceBehavior [ RunTime:0.000313s ]
INFO: [ app_end ] --END-- [ RunTime:0.000352s ]

[ 2018-02-11T12:23:58+08:00 ] 106.61.26.90 /test/index.php/Activity/MobileList/getcardh5?jsoncallback=jsonp1
INFO: [ app_init ] --START--
INFO: Run Behavior\BuildLiteBehavior [ RunTime:0.000010s ]
INFO: [ app_init ] --END-- [ RunTime:0.000216s ]
INFO: [ app_begin ] --START--
INFO: Run Behavior\ReadHtmlCacheBehavior [ RunTime:0.000271s ]
INFO: [ app_begin ] --END-- [ RunTime:0.000324s ]
SQL: SHOW COLUMNS FROM `dy_coupon_card` [ RunTime:0.0006s ]
SQL: SELECT * FROM `dy_coupon_card` ORDER BY handlingtime desc LIMIT 3   [ RunTime:0.0002s ]
INFO: [ app_end ] --START--
INFO: Run Behavior\ShowPageTraceBehavior [ RunTime:0.000356s ]
INFO: [ app_end ] --END-- [ RunTime:0.000394s ]

[ 2018-02-11T12:23:58+08:00 ] 106.61.26.90 /test/index.php/Activity/MobileList/getloanh5?jsoncallback=jsonp2
INFO: [ app_init ] --START--
INFO: Run Behavior\BuildLiteBehavior [ RunTime:0.000009s ]
INFO: [ app_init ] --END-- [ RunTime:0.000198s ]
INFO: [ app_begin ] --START--
INFO: Run Behavior\ReadHtmlCacheBehavior [ RunTime:0.000262s ]
INFO: [ app_begin ] --END-- [ RunTime:0.000292s ]
SQL: SHOW COLUMNS FROM `dy_coupon_loan` [ RunTime:0.0004s ]
SQL: SELECT * FROM dy_coupon_loan a INNER JOIN dy_coupon_loancate b on a.cate=b.id   [ RunTime:0.0002s ]
INFO: [ app_end ] --START--
INFO: Run Behavior\ShowPageTraceBehavior [ RunTime:0.000307s ]
INFO: [ app_end ] --END-- [ RunTime:0.000343s ]

[ 2018-02-11T12:47:24+08:00 ] 171.105.116.205 /test/index.php/Activity/MobileList/getcardh5?jsoncallback=jsonp1
INFO: [ app_init ] --START--
INFO: Run Behavior\BuildLiteBehavior [ RunTime:0.000010s ]
INFO: [ app_init ] --END-- [ RunTime:0.000226s ]
INFO: [ app_begin ] --START--
INFO: Run Behavior\ReadHtmlCacheBehavior [ RunTime:0.000269s ]
INFO: [ app_begin ] --END-- [ RunTime:0.000312s ]
SQL: SHOW COLUMNS FROM `dy_coupon_card` [ RunTime:0.0005s ]
SQL: SELECT * FROM `dy_coupon_card` ORDER BY handlingtime desc LIMIT 3   [ RunTime:0.0002s ]
INFO: [ app_end ] --START--
INFO: Run Behavior\ShowPageTraceBehavior [ RunTime:0.000299s ]
INFO: [ app_end ] --END-- [ RunTime:0.000333s ]

[ 2018-02-11T12:47:24+08:00 ] 171.105.116.205 /test/index.php/Activity/MobileList/getloanh5?jsoncallback=jsonp2
INFO: [ app_init ] --START--
INFO: Run Behavior\BuildLiteBehavior [ RunTime:0.000008s ]
INFO: [ app_init ] --END-- [ RunTime:0.000199s ]
INFO: [ app_begin ] --START--
INFO: Run Behavior\ReadHtmlCacheBehavior [ RunTime:0.000273s ]
INFO: [ app_begin ] --END-- [ RunTime:0.000305s ]
SQL: SHOW COLUMNS FROM `dy_coupon_loan` [ RunTime:0.0005s ]
SQL: SELECT * FROM dy_coupon_loan a INNER JOIN dy_coupon_loancate b on a.cate=b.id   [ RunTime:0.0003s ]
INFO: [ app_end ] --START--
INFO: Run Behavior\ShowPageTraceBehavior [ RunTime:0.000296s ]
INFO: [ app_end ] --END-- [ RunTime:0.000330s ]

[ 2018-02-11T12:53:50+08:00 ] 123.180.249.74 /test/index.php/Activity/MobileList/getcardh5?jsoncallback=jsonp1
INFO: [ app_init ] --START--
INFO: Run Behavior\BuildLiteBehavior [ RunTime:0.000009s ]
INFO: [ app_init ] --END-- [ RunTime:0.000227s ]
INFO: [ app_begin ] --START--
INFO: Run Behavior\ReadHtmlCacheBehavior [ RunTime:0.000275s ]
INFO: [ app_begin ] --END-- [ RunTime:0.000308s ]
SQL: SHOW COLUMNS FROM `dy_coupon_card` [ RunTime:0.0005s ]
SQL: SELECT * FROM `dy_coupon_card` ORDER BY handlingtime desc LIMIT 3   [ RunTime:0.0002s ]
INFO: [ app_end ] --START--
INFO: Run Behavior\ShowPageTraceBehavior [ RunTime:0.000317s ]
INFO: [ app_end ] --END-- [ RunTime:0.000352s ]

[ 2018-02-11T12:53:50+08:00 ] 123.180.249.74 /test/index.php/Activity/MobileList/getloanh5?jsoncallback=jsonp2
INFO: [ app_init ] --START--
INFO: Run Behavior\BuildLiteBehavior [ RunTime:0.000021s ]
INFO: [ app_init ] --END-- [ RunTime:0.000209s ]
INFO: [ app_begin ] --START--
INFO: Run Behavior\ReadHtmlCacheBehavior [ RunTime:0.000261s ]
INFO: [ app_begin ] --END-- [ RunTime:0.000291s ]
SQL: SHOW COLUMNS FROM `dy_coupon_loan` [ RunTime:0.0004s ]
SQL: SELECT * FROM dy_coupon_loan a INNER JOIN dy_coupon_loancate b on a.cate=b.id   [ RunTime:0.0002s ]
INFO: [ app_end ] --START--
INFO: Run Behavior\ShowPageTraceBehavior [ RunTime:0.000289s ]
INFO: [ app_end ] --END-- [ RunTime:0.000326s ]

[ 2018-02-11T12:56:06+08:00 ] 1.57.233.135 /test/index.php/Activity/MobileList/getloanh5?jsoncallback=jsonp2
INFO: [ app_init ] --START--
INFO: Run Behavior\BuildLiteBehavior [ RunTime:0.000012s ]
INFO: [ app_init ] --END-- [ RunTime:0.000286s ]
INFO: [ app_begin ] --START--
INFO: Run Behavior\ReadHtmlCacheBehavior [ RunTime:0.000727s ]
INFO: [ app_begin ] --END-- [ RunTime:0.000764s ]
SQL: SHOW COLUMNS FROM `dy_coupon_loan` [ RunTime:0.0007s ]
SQL: SELECT * FROM dy_coupon_loan a INNER JOIN dy_coupon_loancate b on a.cate=b.id   [ RunTime:0.0003s ]
INFO: [ app_end ] --START--
INFO: Run Behavior\ShowPageTraceBehavior [ RunTime:0.000348s ]
INFO: [ app_end ] --END-- [ RunTime:0.000387s ]

[ 2018-02-11T12:56:06+08:00 ] 1.57.233.135 /test/index.php/Activity/MobileList/getcardh5?jsoncallback=jsonp1
INFO: [ app_init ] --START--
INFO: Run Behavior\BuildLiteBehavior [ RunTime:0.000014s ]
INFO: [ app_init ] --END-- [ RunTime:0.000290s ]
INFO: [ app_begin ] --START--
INFO: Run Behavior\ReadHtmlCacheBehavior [ RunTime:0.000364s ]
INFO: [ app_begin ] --END-- [ RunTime:0.000408s ]
SQL: SHOW COLUMNS FROM `dy_coupon_card` [ RunTime:0.0006s ]
SQL: SELECT * FROM `dy_coupon_card` ORDER BY handlingtime desc LIMIT 3   [ RunTime:0.0002s ]
INFO: [ app_end ] --START--
INFO: Run Behavior\ShowPageTraceBehavior [ RunTime:0.000333s ]
INFO: [ app_end ] --END-- [ RunTime:0.000369s ]

[ 2018-02-11T13:51:38+08:00 ] 124.164.45.102 /test/index.php/Activity/MobileList/getloanh5?jsoncallback=jsonp2
INFO: [ app_init ] --START--
INFO: Run Behavior\BuildLiteBehavior [ RunTime:0.000009s ]
INFO: [ app_init ] --END-- [ RunTime:0.000227s ]
INFO: [ app_begin ] --START--
INFO: Run Behavior\ReadHtmlCacheBehavior [ RunTime:0.000291s ]
INFO: [ app_begin ] --END-- [ RunTime:0.000326s ]
SQL: SHOW COLUMNS FROM `dy_coupon_loan` [ RunTime:0.0006s ]
SQL: SELECT * FROM dy_coupon_loan a INNER JOIN dy_coupon_loancate b on a.cate=b.id   [ RunTime:0.0003s ]
INFO: [ app_end ] --START--
INFO: Run Behavior\ShowPageTraceBehavior [ RunTime:0.000346s ]
INFO: [ app_end ] --END-- [ RunTime:0.000382s ]

[ 2018-02-11T13:51:38+08:00 ] 124.164.45.102 /test/index.php/Activity/MobileList/getcardh5?jsoncallback=jsonp1
INFO: [ app_init ] --START--
INFO: Run Behavior\BuildLiteBehavior [ RunTime:0.000011s ]
INFO: [ app_init ] --END-- [ RunTime:0.000242s ]
INFO: [ app_begin ] --START--
INFO: Run Behavior\ReadHtmlCacheBehavior [ RunTime:0.000288s ]
INFO: [ app_begin ] --END-- [ RunTime:0.000322s ]
SQL: SHOW COLUMNS FROM `dy_coupon_card` [ RunTime:0.0004s ]
SQL: SELECT * FROM `dy_coupon_card` ORDER BY handlingtime desc LIMIT 3   [ RunTime:0.0003s ]
INFO: [ app_end ] --START--
INFO: Run Behavior\ShowPageTraceBehavior [ RunTime:0.000304s ]
INFO: [ app_end ] --END-- [ RunTime:0.000338s ]

[ 2018-02-11T13:56:14+08:00 ] 124.160.212.153 /test/index.php/Activity/MobileList/getcardh5?jsoncallback=jsonp1
INFO: [ app_init ] --START--
INFO: Run Behavior\BuildLiteBehavior [ RunTime:0.000010s ]
INFO: [ app_init ] --END-- [ RunTime:0.000226s ]
INFO: [ app_begin ] --START--
INFO: Run Behavior\ReadHtmlCacheBehavior [ RunTime:0.000264s ]
INFO: [ app_begin ] --END-- [ RunTime:0.000295s ]
SQL: SHOW COLUMNS FROM `dy_coupon_card` [ RunTime:0.0005s ]
SQL: SELECT * FROM `dy_coupon_card` ORDER BY handlingtime desc LIMIT 3   [ RunTime:0.0002s ]
INFO: [ app_end ] --START--
INFO: Run Behavior\ShowPageTraceBehavior [ RunTime:0.000321s ]
INFO: [ app_end ] --END-- [ RunTime:0.000358s ]

[ 2018-02-11T13:56:14+08:00 ] 124.160.212.153 /test/index.php/Activity/MobileList/getloanh5?jsoncallback=jsonp2
INFO: [ app_init ] --START--
INFO: Run Behavior\BuildLiteBehavior [ RunTime:0.000010s ]
INFO: [ app_init ] --END-- [ RunTime:0.000235s ]
INFO: [ app_begin ] --START--
INFO: Run Behavior\ReadHtmlCacheBehavior [ RunTime:0.000297s ]
INFO: [ app_begin ] --END-- [ RunTime:0.000332s ]
SQL: SHOW COLUMNS FROM `dy_coupon_loan` [ RunTime:0.0005s ]
SQL: SELECT * FROM dy_coupon_loan a INNER JOIN dy_coupon_loancate b on a.cate=b.id   [ RunTime:0.0003s ]
INFO: [ app_end ] --START--
INFO: Run Behavior\ShowPageTraceBehavior [ RunTime:0.000335s ]
INFO: [ app_end ] --END-- [ RunTime:0.000371s ]

[ 2018-02-11T13:56:32+08:00 ] 124.160.212.153 /test/index.php/Activity/MobileList/getcardh5?jsoncallback=jsonp1
INFO: [ app_init ] --START--
INFO: Run Behavior\BuildLiteBehavior [ RunTime:0.000010s ]
INFO: [ app_init ] --END-- [ RunTime:0.000220s ]
INFO: [ app_begin ] --START--
INFO: Run Behavior\ReadHtmlCacheBehavior [ RunTime:0.000266s ]
INFO: [ app_begin ] --END-- [ RunTime:0.000298s ]
SQL: SHOW COLUMNS FROM `dy_coupon_card` [ RunTime:0.0006s ]
SQL: SELECT * FROM `dy_coupon_card` ORDER BY handlingtime desc LIMIT 3   [ RunTime:0.0002s ]
INFO: [ app_end ] --START--
INFO: Run Behavior\ShowPageTraceBehavior [ RunTime:0.000302s ]
INFO: [ app_end ] --END-- [ RunTime:0.000334s ]

[ 2018-02-11T13:56:32+08:00 ] 124.160.212.153 /test/index.php/Activity/MobileList/getloanh5?jsoncallback=jsonp2
INFO: [ app_init ] --START--
INFO: Run Behavior\BuildLiteBehavior [ RunTime:0.000009s ]
INFO: [ app_init ] --END-- [ RunTime:0.000216s ]
INFO: [ app_begin ] --START--
INFO: Run Behavior\ReadHtmlCacheBehavior [ RunTime:0.000279s ]
INFO: [ app_begin ] --END-- [ RunTime:0.000313s ]
SQL: SHOW COLUMNS FROM `dy_coupon_loan` [ RunTime:0.0004s ]
SQL: SELECT * FROM dy_coupon_loan a INNER JOIN dy_coupon_loancate b on a.cate=b.id   [ RunTime:0.0003s ]
INFO: [ app_end ] --START--
INFO: Run Behavior\ShowPageTraceBehavior [ RunTime:0.000337s ]
INFO: [ app_end ] --END-- [ RunTime:0.000376s ]

[ 2018-02-11T14:02:27+08:00 ] 202.168.163.28 /test/index.php/Activity/MobileList/getcardh5?jsoncallback=jsonp1
INFO: [ app_init ] --START--
INFO: Run Behavior\BuildLiteBehavior [ RunTime:0.000011s ]
INFO: [ app_init ] --END-- [ RunTime:0.000255s ]
INFO: [ app_begin ] --START--
INFO: Run Behavior\ReadHtmlCacheBehavior [ RunTime:0.000333s ]
INFO: [ app_begin ] --END-- [ RunTime:0.000377s ]
SQL: SHOW COLUMNS FROM `dy_coupon_card` [ RunTime:0.0006s ]
SQL: SELECT * FROM `dy_coupon_card` ORDER BY handlingtime desc LIMIT 3   [ RunTime:0.0002s ]
INFO: [ app_end ] --START--
INFO: Run Behavior\ShowPageTraceBehavior [ RunTime:0.000311s ]
INFO: [ app_end ] --END-- [ RunTime:0.000346s ]

[ 2018-02-11T14:02:27+08:00 ] 202.168.163.28 /test/index.php/Activity/MobileList/getloanh5?jsoncallback=jsonp2
INFO: [ app_init ] --START--
INFO: Run Behavior\BuildLiteBehavior [ RunTime:0.000008s ]
INFO: [ app_init ] --END-- [ RunTime:0.000213s ]
INFO: [ app_begin ] --START--
INFO: Run Behavior\ReadHtmlCacheBehavior [ RunTime:0.000272s ]
INFO: [ app_begin ] --END-- [ RunTime:0.000306s ]
SQL: SHOW COLUMNS FROM `dy_coupon_loan` [ RunTime:0.0005s ]
SQL: SELECT * FROM dy_coupon_loan a INNER JOIN dy_coupon_loancate b on a.cate=b.id   [ RunTime:0.0003s ]
INFO: [ app_end ] --START--
INFO: Run Behavior\ShowPageTraceBehavior [ RunTime:0.000297s ]
INFO: [ app_end ] --END-- [ RunTime:0.000335s ]

[ 2018-02-11T14:07:06+08:00 ] 111.37.177.143 /test/index.php/Activity/MobileList/getcardh5?jsoncallback=jsonp1
INFO: [ app_init ] --START--
INFO: Run Behavior\BuildLiteBehavior [ RunTime:0.000010s ]
INFO: [ app_init ] --END-- [ RunTime:0.000217s ]
INFO: [ app_begin ] --START--
INFO: Run Behavior\ReadHtmlCacheBehavior [ RunTime:0.000339s ]
INFO: [ app_begin ] --END-- [ RunTime:0.000375s ]
SQL: SHOW COLUMNS FROM `dy_coupon_card` [ RunTime:0.0006s ]
SQL: SELECT * FROM `dy_coupon_card` ORDER BY handlingtime desc LIMIT 3   [ RunTime:0.0002s ]
INFO: [ app_end ] --START--
INFO: Run Behavior\ShowPageTraceBehavior [ RunTime:0.000315s ]
INFO: [ app_end ] --END-- [ RunTime:0.000353s ]

[ 2018-02-11T14:07:06+08:00 ] 111.37.177.143 /test/index.php/Activity/MobileList/getloanh5?jsoncallback=jsonp2
INFO: [ app_init ] --START--
INFO: Run Behavior\BuildLiteBehavior [ RunTime:0.000008s ]
INFO: [ app_init ] --END-- [ RunTime:0.000197s ]
INFO: [ app_begin ] --START--
INFO: Run Behavior\ReadHtmlCacheBehavior [ RunTime:0.000291s ]
INFO: [ app_begin ] --END-- [ RunTime:0.000324s ]
SQL: SHOW COLUMNS FROM `dy_coupon_loan` [ RunTime:0.0004s ]
SQL: SELECT * FROM dy_coupon_loan a INNER JOIN dy_coupon_loancate b on a.cate=b.id   [ RunTime:0.0002s ]
INFO: [ app_end ] --START--
INFO: Run Behavior\ShowPageTraceBehavior [ RunTime:0.000296s ]
INFO: [ app_end ] --END-- [ RunTime:0.000332s ]

[ 2018-02-11T14:08:44+08:00 ] 124.164.45.102 /test/index.php/Activity/MobileList/getcardh5?jsoncallback=jsonp1
INFO: [ app_init ] --START--
INFO: Run Behavior\BuildLiteBehavior [ RunTime:0.000009s ]
INFO: [ app_init ] --END-- [ RunTime:0.000209s ]
INFO: [ app_begin ] --START--
INFO: Run Behavior\ReadHtmlCacheBehavior [ RunTime:0.000266s ]
INFO: [ app_begin ] --END-- [ RunTime:0.000305s ]
SQL: SHOW COLUMNS FROM `dy_coupon_card` [ RunTime:0.0005s ]
SQL: SELECT * FROM `dy_coupon_card` ORDER BY handlingtime desc LIMIT 3   [ RunTime:0.0002s ]
INFO: [ app_end ] --START--
INFO: Run Behavior\ShowPageTraceBehavior [ RunTime:0.000326s ]
INFO: [ app_end ] --END-- [ RunTime:0.000364s ]

[ 2018-02-11T14:08:44+08:00 ] 124.164.45.102 /test/index.php/Activity/MobileList/getloanh5?jsoncallback=jsonp2
INFO: [ app_init ] --START--
INFO: Run Behavior\BuildLiteBehavior [ RunTime:0.000009s ]
INFO: [ app_init ] --END-- [ RunTime:0.000223s ]
INFO: [ app_begin ] --START--
INFO: Run Behavior\ReadHtmlCacheBehavior [ RunTime:0.000263s ]
INFO: [ app_begin ] --END-- [ RunTime:0.000293s ]
SQL: SHOW COLUMNS FROM `dy_coupon_loan` [ RunTime:0.0005s ]
SQL: SELECT * FROM dy_coupon_loan a INNER JOIN dy_coupon_loancate b on a.cate=b.id   [ RunTime:0.0003s ]
INFO: [ app_end ] --START--
INFO: Run Behavior\ShowPageTraceBehavior [ RunTime:0.000340s ]
INFO: [ app_end ] --END-- [ RunTime:0.000371s ]

[ 2018-02-11T14:17:38+08:00 ] 124.160.212.153 /test/index.php/Activity/MobileList/getcardh5?jsoncallback=jsonp1
INFO: [ app_init ] --START--
INFO: Run Behavior\BuildLiteBehavior [ RunTime:0.000012s ]
INFO: [ app_init ] --END-- [ RunTime:0.000244s ]
INFO: [ app_begin ] --START--
INFO: Run Behavior\ReadHtmlCacheBehavior [ RunTime:0.000270s ]
INFO: [ app_begin ] --END-- [ RunTime:0.000303s ]
SQL: SHOW COLUMNS FROM `dy_coupon_card` [ RunTime:0.0006s ]
SQL: SELECT * FROM `dy_coupon_card` ORDER BY handlingtime desc LIMIT 3   [ RunTime:0.0002s ]
INFO: [ app_end ] --START--
INFO: Run Behavior\ShowPageTraceBehavior [ RunTime:0.000419s ]
INFO: [ app_end ] --END-- [ RunTime:0.000465s ]

[ 2018-02-11T14:17:38+08:00 ] 124.160.212.153 /test/index.php/Activity/MobileList/getloanh5?jsoncallback=jsonp2
INFO: [ app_init ] --START--
INFO: Run Behavior\BuildLiteBehavior [ RunTime:0.000008s ]
INFO: [ app_init ] --END-- [ RunTime:0.000212s ]
INFO: [ app_begin ] --START--
INFO: Run Behavior\ReadHtmlCacheBehavior [ RunTime:0.000268s ]
INFO: [ app_begin ] --END-- [ RunTime:0.000300s ]
SQL: SHOW COLUMNS FROM `dy_coupon_loan` [ RunTime:0.0005s ]
SQL: SELECT * FROM dy_coupon_loan a INNER JOIN dy_coupon_loancate b on a.cate=b.id   [ RunTime:0.0003s ]
INFO: [ app_end ] --START--
INFO: Run Behavior\ShowPageTraceBehavior [ RunTime:0.000312s ]
INFO: [ app_end ] --END-- [ RunTime:0.000351s ]

[ 2018-02-11T15:13:01+08:00 ] 183.141.189.197 /test/index.php/Activity/MobileList/getcardh5?jsoncallback=jsonp1
INFO: [ app_init ] --START--
INFO: Run Behavior\BuildLiteBehavior [ RunTime:0.000010s ]
INFO: [ app_init ] --END-- [ RunTime:0.000206s ]
INFO: [ app_begin ] --START--
INFO: Run Behavior\ReadHtmlCacheBehavior [ RunTime:0.000271s ]
INFO: [ app_begin ] --END-- [ RunTime:0.000316s ]
SQL: SHOW COLUMNS FROM `dy_coupon_card` [ RunTime:0.0004s ]
SQL: SELECT * FROM `dy_coupon_card` ORDER BY handlingtime desc LIMIT 3   [ RunTime:0.0002s ]
INFO: [ app_end ] --START--
INFO: Run Behavior\ShowPageTraceBehavior [ RunTime:0.000386s ]
INFO: [ app_end ] --END-- [ RunTime:0.000422s ]

[ 2018-02-11T15:13:01+08:00 ] 183.141.189.197 /test/index.php/Activity/MobileList/getloanh5?jsoncallback=jsonp2
INFO: [ app_init ] --START--
INFO: Run Behavior\BuildLiteBehavior [ RunTime:0.000009s ]
INFO: [ app_init ] --END-- [ RunTime:0.000222s ]
INFO: [ app_begin ] --START--
INFO: Run Behavior\ReadHtmlCacheBehavior [ RunTime:0.000266s ]
INFO: [ app_begin ] --END-- [ RunTime:0.000297s ]
SQL: SHOW COLUMNS FROM `dy_coupon_loan` [ RunTime:0.0006s ]
SQL: SELECT * FROM dy_coupon_loan a INNER JOIN dy_coupon_loancate b on a.cate=b.id   [ RunTime:0.0026s ]
INFO: [ app_end ] --START--
INFO: Run Behavior\ShowPageTraceBehavior [ RunTime:0.000299s ]
INFO: [ app_end ] --END-- [ RunTime:0.000337s ]

[ 2018-02-11T15:13:46+08:00 ] 183.141.189.197 /test/index.php/Activity/MobileList/getcardh5?jsoncallback=jsonp1
INFO: [ app_init ] --START--
INFO: Run Behavior\BuildLiteBehavior [ RunTime:0.000010s ]
INFO: [ app_init ] --END-- [ RunTime:0.000232s ]
INFO: [ app_begin ] --START--
INFO: Run Behavior\ReadHtmlCacheBehavior [ RunTime:0.000260s ]
INFO: [ app_begin ] --END-- [ RunTime:0.000290s ]
SQL: SHOW COLUMNS FROM `dy_coupon_card` [ RunTime:0.0006s ]
SQL: SELECT * FROM `dy_coupon_card` ORDER BY handlingtime desc LIMIT 3   [ RunTime:0.0002s ]
INFO: [ app_end ] --START--
INFO: Run Behavior\ShowPageTraceBehavior [ RunTime:0.000327s ]
INFO: [ app_end ] --END-- [ RunTime:0.000358s ]

[ 2018-02-11T15:13:46+08:00 ] 183.141.189.197 /test/index.php/Activity/MobileList/getloanh5?jsoncallback=jsonp2
INFO: [ app_init ] --START--
INFO: Run Behavior\BuildLiteBehavior [ RunTime:0.000007s ]
INFO: [ app_init ] --END-- [ RunTime:0.000203s ]
INFO: [ app_begin ] --START--
INFO: Run Behavior\ReadHtmlCacheBehavior [ RunTime:0.000269s ]
INFO: [ app_begin ] --END-- [ RunTime:0.000300s ]
SQL: SHOW COLUMNS FROM `dy_coupon_loan` [ RunTime:0.0005s ]
SQL: SELECT * FROM dy_coupon_loan a INNER JOIN dy_coupon_loancate b on a.cate=b.id   [ RunTime:0.0003s ]
INFO: [ app_end ] --START--
INFO: Run Behavior\ShowPageTraceBehavior [ RunTime:0.000301s ]
INFO: [ app_end ] --END-- [ RunTime:0.000339s ]

[ 2018-02-11T15:36:48+08:00 ] 116.7.66.229 /test/index.php/Activity/MobileList/getcardh5?jsoncallback=jsonp1
INFO: [ app_init ] --START--
INFO: Run Behavior\BuildLiteBehavior [ RunTime:0.000011s ]
INFO: [ app_init ] --END-- [ RunTime:0.000245s ]
INFO: [ app_begin ] --START--
INFO: Run Behavior\ReadHtmlCacheBehavior [ RunTime:0.000311s ]
INFO: [ app_begin ] --END-- [ RunTime:0.000345s ]
SQL: SHOW COLUMNS FROM `dy_coupon_card` [ RunTime:0.0005s ]
SQL: SELECT * FROM `dy_coupon_card` ORDER BY handlingtime desc LIMIT 3   [ RunTime:0.0002s ]
INFO: [ app_end ] --START--
INFO: Run Behavior\ShowPageTraceBehavior [ RunTime:0.000313s ]
INFO: [ app_end ] --END-- [ RunTime:0.000355s ]

[ 2018-02-11T15:36:48+08:00 ] 116.7.66.229 /test/index.php/Activity/MobileList/getloanh5?jsoncallback=jsonp2
INFO: [ app_init ] --START--
INFO: Run Behavior\BuildLiteBehavior [ RunTime:0.000008s ]
INFO: [ app_init ] --END-- [ RunTime:0.000196s ]
INFO: [ app_begin ] --START--
INFO: Run Behavior\ReadHtmlCacheBehavior [ RunTime:0.000263s ]
INFO: [ app_begin ] --END-- [ RunTime:0.000293s ]
SQL: SHOW COLUMNS FROM `dy_coupon_loan` [ RunTime:0.0004s ]
SQL: SELECT * FROM dy_coupon_loan a INNER JOIN dy_coupon_loancate b on a.cate=b.id   [ RunTime:0.0002s ]
INFO: [ app_end ] --START--
INFO: Run Behavior\ShowPageTraceBehavior [ RunTime:0.000291s ]
INFO: [ app_end ] --END-- [ RunTime:0.000334s ]

[ 2018-02-11T15:55:02+08:00 ] 223.104.90.107 /test/index.php/Activity/MobileList/getcardh5?jsoncallback=jsonp1
INFO: [ app_init ] --START--
INFO: Run Behavior\BuildLiteBehavior [ RunTime:0.000009s ]
INFO: [ app_init ] --END-- [ RunTime:0.000205s ]
INFO: [ app_begin ] --START--
INFO: Run Behavior\ReadHtmlCacheBehavior [ RunTime:0.000269s ]
INFO: [ app_begin ] --END-- [ RunTime:0.000299s ]
SQL: SHOW COLUMNS FROM `dy_coupon_card` [ RunTime:0.0005s ]
SQL: SELECT * FROM `dy_coupon_card` ORDER BY handlingtime desc LIMIT 3   [ RunTime:0.0002s ]
INFO: [ app_end ] --START--
INFO: Run Behavior\ShowPageTraceBehavior [ RunTime:0.000286s ]
INFO: [ app_end ] --END-- [ RunTime:0.000317s ]

[ 2018-02-11T15:55:02+08:00 ] 223.104.90.107 /test/index.php/Activity/MobileList/getloanh5?jsoncallback=jsonp2
INFO: [ app_init ] --START--
INFO: Run Behavior\BuildLiteBehavior [ RunTime:0.000008s ]
INFO: [ app_init ] --END-- [ RunTime:0.000194s ]
INFO: [ app_begin ] --START--
INFO: Run Behavior\ReadHtmlCacheBehavior [ RunTime:0.000289s ]
INFO: [ app_begin ] --END-- [ RunTime:0.000322s ]
SQL: SHOW COLUMNS FROM `dy_coupon_loan` [ RunTime:0.0004s ]
SQL: SELECT * FROM dy_coupon_loan a INNER JOIN dy_coupon_loancate b on a.cate=b.id   [ RunTime:0.0003s ]
INFO: [ app_end ] --START--
INFO: Run Behavior\ShowPageTraceBehavior [ RunTime:0.000347s ]
INFO: [ app_end ] --END-- [ RunTime:0.000381s ]

[ 2018-02-11T16:00:42+08:00 ] 43.227.137.116 /test/index.php/Activity/MobileList/getcardh5?jsoncallback=jsonp1
INFO: [ app_init ] --START--
INFO: Run Behavior\BuildLiteBehavior [ RunTime:0.000014s ]
INFO: [ app_init ] --END-- [ RunTime:0.000260s ]
INFO: [ app_begin ] --START--
INFO: Run Behavior\ReadHtmlCacheBehavior [ RunTime:0.000292s ]
INFO: [ app_begin ] --END-- [ RunTime:0.000327s ]
SQL: SHOW COLUMNS FROM `dy_coupon_card` [ RunTime:0.0006s ]
SQL: SELECT * FROM `dy_coupon_card` ORDER BY handlingtime desc LIMIT 3   [ RunTime:0.0010s ]
INFO: [ app_end ] --START--
INFO: Run Behavior\ShowPageTraceBehavior [ RunTime:0.000376s ]
INFO: [ app_end ] --END-- [ RunTime:0.000417s ]

[ 2018-02-11T16:00:42+08:00 ] 43.227.137.116 /test/index.php/Activity/MobileList/getloanh5?jsoncallback=jsonp2
INFO: [ app_init ] --START--
INFO: Run Behavior\BuildLiteBehavior [ RunTime:0.000009s ]
INFO: [ app_init ] --END-- [ RunTime:0.000212s ]
INFO: [ app_begin ] --START--
INFO: Run Behavior\ReadHtmlCacheBehavior [ RunTime:0.000264s ]
INFO: [ app_begin ] --END-- [ RunTime:0.000293s ]
SQL: SHOW COLUMNS FROM `dy_coupon_loan` [ RunTime:0.0004s ]
SQL: SELECT * FROM dy_coupon_loan a INNER JOIN dy_coupon_loancate b on a.cate=b.id   [ RunTime:0.0024s ]
INFO: [ app_end ] --START--
INFO: Run Behavior\ShowPageTraceBehavior [ RunTime:0.000345s ]
INFO: [ app_end ] --END-- [ RunTime:0.000379s ]

[ 2018-02-11T17:23:59+08:00 ] 121.5.140.80 /test/index.php/Activity/MobileList/getloanh5?jsoncallback=jsonp2
INFO: [ app_init ] --START--
INFO: Run Behavior\BuildLiteBehavior [ RunTime:0.000012s ]
INFO: [ app_init ] --END-- [ RunTime:0.000272s ]
INFO: [ app_begin ] --START--
INFO: Run Behavior\ReadHtmlCacheBehavior [ RunTime:0.000307s ]
INFO: [ app_begin ] --END-- [ RunTime:0.000343s ]
SQL: SHOW COLUMNS FROM `dy_coupon_loan` [ RunTime:0.0006s ]
SQL: SELECT * FROM dy_coupon_loan a INNER JOIN dy_coupon_loancate b on a.cate=b.id   [ RunTime:0.0003s ]
INFO: [ app_end ] --START--
INFO: Run Behavior\ShowPageTraceBehavior [ RunTime:0.000308s ]
INFO: [ app_end ] --END-- [ RunTime:0.000344s ]

[ 2018-02-11T17:23:59+08:00 ] 121.5.140.80 /test/index.php/Activity/MobileList/getcardh5?jsoncallback=jsonp1
INFO: [ app_init ] --START--
INFO: Run Behavior\BuildLiteBehavior [ RunTime:0.000010s ]
INFO: [ app_init ] --END-- [ RunTime:0.000218s ]
INFO: [ app_begin ] --START--
INFO: Run Behavior\ReadHtmlCacheBehavior [ RunTime:0.000291s ]
INFO: [ app_begin ] --END-- [ RunTime:0.000321s ]
SQL: SHOW COLUMNS FROM `dy_coupon_card` [ RunTime:0.0006s ]
SQL: SELECT * FROM `dy_coupon_card` ORDER BY handlingtime desc LIMIT 3   [ RunTime:0.0002s ]
INFO: [ app_end ] --START--
INFO: Run Behavior\ShowPageTraceBehavior [ RunTime:0.000326s ]
INFO: [ app_end ] --END-- [ RunTime:0.000356s ]

[ 2018-02-11T17:24:06+08:00 ] 121.5.140.80 /test/index.php/Activity/MobileList/getloanh5?jsoncallback=jsonp2
INFO: [ app_init ] --START--
INFO: Run Behavior\BuildLiteBehavior [ RunTime:0.000012s ]
INFO: [ app_init ] --END-- [ RunTime:0.000292s ]
INFO: [ app_begin ] --START--
INFO: Run Behavior\ReadHtmlCacheBehavior [ RunTime:0.000292s ]
INFO: [ app_begin ] --END-- [ RunTime:0.000327s ]
SQL: SHOW COLUMNS FROM `dy_coupon_loan` [ RunTime:0.0006s ]
SQL: SELECT * FROM dy_coupon_loan a INNER JOIN dy_coupon_loancate b on a.cate=b.id   [ RunTime:0.0003s ]
INFO: [ app_end ] --START--
INFO: Run Behavior\ShowPageTraceBehavior [ RunTime:0.000311s ]
INFO: [ app_end ] --END-- [ RunTime:0.000349s ]

[ 2018-02-11T17:24:06+08:00 ] 121.5.140.80 /test/index.php/Activity/MobileList/getcardh5?jsoncallback=jsonp1
INFO: [ app_init ] --START--
INFO: Run Behavior\BuildLiteBehavior [ RunTime:0.000010s ]
INFO: [ app_init ] --END-- [ RunTime:0.000232s ]
INFO: [ app_begin ] --START--
INFO: Run Behavior\ReadHtmlCacheBehavior [ RunTime:0.000349s ]
INFO: [ app_begin ] --END-- [ RunTime:0.000385s ]
SQL: SHOW COLUMNS FROM `dy_coupon_card` [ RunTime:0.0004s ]
SQL: SELECT * FROM `dy_coupon_card` ORDER BY handlingtime desc LIMIT 3   [ RunTime:0.0002s ]
INFO: [ app_end ] --START--
INFO: Run Behavior\ShowPageTraceBehavior [ RunTime:0.000310s ]
INFO: [ app_end ] --END-- [ RunTime:0.000349s ]

[ 2018-02-11T17:27:26+08:00 ] 223.104.105.208 /test/index.php/Activity/MobileList/getcardh5?jsoncallback=jsonp1
INFO: [ app_init ] --START--
INFO: Run Behavior\BuildLiteBehavior [ RunTime:0.000013s ]
INFO: [ app_init ] --END-- [ RunTime:0.000270s ]
INFO: [ app_begin ] --START--
INFO: Run Behavior\ReadHtmlCacheBehavior [ RunTime:0.000315s ]
INFO: [ app_begin ] --END-- [ RunTime:0.000363s ]
SQL: SHOW COLUMNS FROM `dy_coupon_card` [ RunTime:0.0006s ]
SQL: SELECT * FROM `dy_coupon_card` ORDER BY handlingtime desc LIMIT 3   [ RunTime:0.0002s ]
INFO: [ app_end ] --START--
INFO: Run Behavior\ShowPageTraceBehavior [ RunTime:0.000355s ]
INFO: [ app_end ] --END-- [ RunTime:0.000392s ]

[ 2018-02-11T17:27:26+08:00 ] 223.104.105.208 /test/index.php/Activity/MobileList/getloanh5?jsoncallback=jsonp2
INFO: [ app_init ] --START--
INFO: Run Behavior\BuildLiteBehavior [ RunTime:0.000010s ]
INFO: [ app_init ] --END-- [ RunTime:0.000209s ]
INFO: [ app_begin ] --START--
INFO: Run Behavior\ReadHtmlCacheBehavior [ RunTime:0.000276s ]
INFO: [ app_begin ] --END-- [ RunTime:0.000306s ]
SQL: SHOW COLUMNS FROM `dy_coupon_loan` [ RunTime:0.0005s ]
SQL: SELECT * FROM dy_coupon_loan a INNER JOIN dy_coupon_loancate b on a.cate=b.id   [ RunTime:0.0003s ]
INFO: [ app_end ] --START--
INFO: Run Behavior\ShowPageTraceBehavior [ RunTime:0.000302s ]
INFO: [ app_end ] --END-- [ RunTime:0.000338s ]

[ 2018-02-11T18:00:29+08:00 ] 223.104.19.99 /test/index.php/Activity/MobileList/getcardh5?jsoncallback=jsonp1
INFO: [ app_init ] --START--
INFO: Run Behavior\BuildLiteBehavior [ RunTime:0.000010s ]
INFO: [ app_init ] --END-- [ RunTime:0.000214s ]
INFO: [ app_begin ] --START--
INFO: Run Behavior\ReadHtmlCacheBehavior [ RunTime:0.000296s ]
INFO: [ app_begin ] --END-- [ RunTime:0.000330s ]
SQL: SHOW COLUMNS FROM `dy_coupon_card` [ RunTime:0.0005s ]
SQL: SELECT * FROM `dy_coupon_card` ORDER BY handlingtime desc LIMIT 3   [ RunTime:0.0002s ]
INFO: [ app_end ] --START--
INFO: Run Behavior\ShowPageTraceBehavior [ RunTime:0.000314s ]
INFO: [ app_end ] --END-- [ RunTime:0.000348s ]

[ 2018-02-11T18:00:29+08:00 ] 223.104.19.99 /test/index.php/Activity/MobileList/getloanh5?jsoncallback=jsonp2
INFO: [ app_init ] --START--
INFO: Run Behavior\BuildLiteBehavior [ RunTime:0.000009s ]
INFO: [ app_init ] --END-- [ RunTime:0.000210s ]
INFO: [ app_begin ] --START--
INFO: Run Behavior\ReadHtmlCacheBehavior [ RunTime:0.000266s ]
INFO: [ app_begin ] --END-- [ RunTime:0.000297s ]
SQL: SHOW COLUMNS FROM `dy_coupon_loan` [ RunTime:0.0006s ]
SQL: SELECT * FROM dy_coupon_loan a INNER JOIN dy_coupon_loancate b on a.cate=b.id   [ RunTime:0.0003s ]
INFO: [ app_end ] --START--
INFO: Run Behavior\ShowPageTraceBehavior [ RunTime:0.000304s ]
INFO: [ app_end ] --END-- [ RunTime:0.000334s ]

[ 2018-02-11T18:28:12+08:00 ] 115.172.61.76 /test/index.php/Activity/MobileList/getcardh5?jsoncallback=jsonp1
INFO: [ app_init ] --START--
INFO: Run Behavior\BuildLiteBehavior [ RunTime:0.000009s ]
INFO: [ app_init ] --END-- [ RunTime:0.000209s ]
INFO: [ app_begin ] --START--
INFO: Run Behavior\ReadHtmlCacheBehavior [ RunTime:0.000265s ]
INFO: [ app_begin ] --END-- [ RunTime:0.000295s ]
SQL: SHOW COLUMNS FROM `dy_coupon_card` [ RunTime:0.0005s ]
SQL: SELECT * FROM `dy_coupon_card` ORDER BY handlingtime desc LIMIT 3   [ RunTime:0.0002s ]
INFO: [ app_end ] --START--
INFO: Run Behavior\ShowPageTraceBehavior [ RunTime:0.000313s ]
INFO: [ app_end ] --END-- [ RunTime:0.000349s ]

[ 2018-02-11T18:28:12+08:00 ] 115.172.61.76 /test/index.php/Activity/MobileList/getloanh5?jsoncallback=jsonp2
INFO: [ app_init ] --START--
INFO: Run Behavior\BuildLiteBehavior [ RunTime:0.000011s ]
INFO: [ app_init ] --END-- [ RunTime:0.000230s ]
INFO: [ app_begin ] --START--
INFO: Run Behavior\ReadHtmlCacheBehavior [ RunTime:0.000305s ]
INFO: [ app_begin ] --END-- [ RunTime:0.000340s ]
SQL: SHOW COLUMNS FROM `dy_coupon_loan` [ RunTime:0.0004s ]
SQL: SELECT * FROM dy_coupon_loan a INNER JOIN dy_coupon_loancate b on a.cate=b.id   [ RunTime:0.0002s ]
INFO: [ app_end ] --START--
INFO: Run Behavior\ShowPageTraceBehavior [ RunTime:0.000289s ]
INFO: [ app_end ] --END-- [ RunTime:0.000326s ]

[ 2018-02-11T19:14:08+08:00 ] 49.90.52.47 /test/index.php/Activity/MobileList/getcardh5?jsoncallback=jsonp1
INFO: [ app_init ] --START--
INFO: Run Behavior\BuildLiteBehavior [ RunTime:0.000009s ]
INFO: [ app_init ] --END-- [ RunTime:0.000205s ]
INFO: [ app_begin ] --START--
INFO: Run Behavior\ReadHtmlCacheBehavior [ RunTime:0.000278s ]
INFO: [ app_begin ] --END-- [ RunTime:0.000308s ]
SQL: SHOW COLUMNS FROM `dy_coupon_card` [ RunTime:0.0006s ]
SQL: SELECT * FROM `dy_coupon_card` ORDER BY handlingtime desc LIMIT 3   [ RunTime:0.0002s ]
INFO: [ app_end ] --START--
INFO: Run Behavior\ShowPageTraceBehavior [ RunTime:0.000309s ]
INFO: [ app_end ] --END-- [ RunTime:0.000355s ]

[ 2018-02-11T19:14:08+08:00 ] 49.90.52.47 /test/index.php/Activity/MobileList/getloanh5?jsoncallback=jsonp2
INFO: [ app_init ] --START--
INFO: Run Behavior\BuildLiteBehavior [ RunTime:0.000009s ]
INFO: [ app_init ] --END-- [ RunTime:0.000225s ]
INFO: [ app_begin ] --START--
INFO: Run Behavior\ReadHtmlCacheBehavior [ RunTime:0.000275s ]
INFO: [ app_begin ] --END-- [ RunTime:0.000308s ]
SQL: SHOW COLUMNS FROM `dy_coupon_loan` [ RunTime:0.0004s ]
SQL: SELECT * FROM dy_coupon_loan a INNER JOIN dy_coupon_loancate b on a.cate=b.id   [ RunTime:0.0003s ]
INFO: [ app_end ] --START--
INFO: Run Behavior\ShowPageTraceBehavior [ RunTime:0.000292s ]
INFO: [ app_end ] --END-- [ RunTime:0.000328s ]

[ 2018-02-11T20:22:41+08:00 ] 36.17.93.250 /test/index.php/Activity/Game/getuserinfo
INFO: [ app_init ] --START--
INFO: Run Behavior\BuildLiteBehavior [ RunTime:0.000015s ]
INFO: [ app_init ] --END-- [ RunTime:0.000324s ]
INFO: [ app_begin ] --START--
INFO: Run Behavior\ReadHtmlCacheBehavior [ RunTime:0.000334s ]
INFO: [ app_begin ] --END-- [ RunTime:0.000373s ]
SQL: SHOW COLUMNS FROM `dy_coupon_user` [ RunTime:0.0007s ]
SQL: SELECT `last_login_time` FROM `dy_coupon_user` WHERE ( `last_login_time` >= 1518278400 AND `last_login_time` <= 1518364799  ) AND `id` = '324195' LIMIT 1   [ RunTime:0.0002s ]
SQL: UPDATE `dy_coupon_user` SET `last_login_time`='1518351761' WHERE ( id=324195 ) [ RunTime:0.0002s ]
SQL: SELECT a.nickname,a.gamesex,a.headimg,a.level,a.id,a.experience,a.score as nowscore,b.score,b.share,c.uppic,c.uppic2 FROM dy_coupon_user a INNER JOIN dy_coupon_user_level b on a.level+1=b.level INNER JOIN dy_coupon_user_level c on a.level=c.level  WHERE ( a.id=324195 ) LIMIT 1   [ RunTime:0.0004s ]
SQL: SHOW COLUMNS FROM `dy_coupon_user_level` [ RunTime:0.0004s ]
SQL: SELECT `pic` FROM `dy_coupon_user_level` WHERE ( level=1 ) LIMIT 1   [ RunTime:0.0002s ]
NOTIC: [8] Undefined variable: uv /opt/lampp/htdocs/test/Application/Activity/Controller/GameController.class.php 第 104 行.
SQL: SHOW COLUMNS FROM `dy_active_share` [ RunTime:0.0004s ]
SQL: SELECT COUNT(*) AS tp_count FROM `dy_active_share` WHERE ( member_id=324195 ) LIMIT 1   [ RunTime:0.0011s ]

[ 2018-02-11T20:22:41+08:00 ] 36.17.93.250 /test/index.php/Activity/Game/iffirstlogin
INFO: [ app_init ] --START--
INFO: Run Behavior\BuildLiteBehavior [ RunTime:0.000018s ]
INFO: [ app_init ] --END-- [ RunTime:0.000380s ]
INFO: [ app_begin ] --START--
INFO: Run Behavior\ReadHtmlCacheBehavior [ RunTime:0.000327s ]
INFO: [ app_begin ] --END-- [ RunTime:0.000363s ]
SQL: SHOW COLUMNS FROM `dy_coupon_user` [ RunTime:0.0007s ]
SQL: SELECT `gamesex`,`score` FROM `dy_coupon_user` WHERE `id` = 324195 LIMIT 1   [ RunTime:0.0002s ]

[ 2018-02-11T20:47:40+08:00 ] 112.28.168.49 /test/index.php/Activity/MobileList/getcardh5?jsoncallback=jsonp1
INFO: [ app_init ] --START--
INFO: Run Behavior\BuildLiteBehavior [ RunTime:0.000012s ]
INFO: [ app_init ] --END-- [ RunTime:0.000244s ]
INFO: [ app_begin ] --START--
INFO: Run Behavior\ReadHtmlCacheBehavior [ RunTime:0.000283s ]
INFO: [ app_begin ] --END-- [ RunTime:0.000317s ]
SQL: SHOW COLUMNS FROM `dy_coupon_card` [ RunTime:0.0006s ]
SQL: SELECT * FROM `dy_coupon_card` ORDER BY handlingtime desc LIMIT 3   [ RunTime:0.0002s ]
INFO: [ app_end ] --START--
INFO: Run Behavior\ShowPageTraceBehavior [ RunTime:0.000303s ]
INFO: [ app_end ] --END-- [ RunTime:0.000338s ]

[ 2018-02-11T20:47:40+08:00 ] 112.28.168.49 /test/index.php/Activity/MobileList/getloanh5?jsoncallback=jsonp2
INFO: [ app_init ] --START--
INFO: Run Behavior\BuildLiteBehavior [ RunTime:0.000010s ]
INFO: [ app_init ] --END-- [ RunTime:0.000237s ]
INFO: [ app_begin ] --START--
INFO: Run Behavior\ReadHtmlCacheBehavior [ RunTime:0.000315s ]
INFO: [ app_begin ] --END-- [ RunTime:0.000351s ]
SQL: SHOW COLUMNS FROM `dy_coupon_loan` [ RunTime:0.0005s ]
SQL: SELECT * FROM dy_coupon_loan a INNER JOIN dy_coupon_loancate b on a.cate=b.id   [ RunTime:0.0003s ]
INFO: [ app_end ] --START--
INFO: Run Behavior\ShowPageTraceBehavior [ RunTime:0.000301s ]
INFO: [ app_end ] --END-- [ RunTime:0.000336s ]

[ 2018-02-11T21:12:30+08:00 ] 27.221.112.164 /test/index.php/Activity/register/index?uid=324166&from=singlemessage&isappinstalled=0
INFO: [ app_init ] --START--
INFO: Run Behavior\BuildLiteBehavior [ RunTime:0.000011s ]
INFO: [ app_init ] --END-- [ RunTime:0.000257s ]
INFO: [ app_begin ] --START--
INFO: Run Behavior\ReadHtmlCacheBehavior [ RunTime:0.000315s ]
INFO: [ app_begin ] --END-- [ RunTime:0.000350s ]
SQL: SHOW COLUMNS FROM `dy_coupon_user` [ RunTime:0.0006s ]
SQL: SELECT `invitation_code`,`nickname` FROM `dy_coupon_user` WHERE ( id=324166 ) LIMIT 1   [ RunTime:0.0002s ]
INFO: [ view_parse ] --START--
INFO: [ template_filter ] --START--
INFO: Run Behavior\ContentReplaceBehavior [ RunTime:0.000031s ]
INFO: [ template_filter ] --END-- [ RunTime:0.000063s ]
INFO: Run Behavior\ParseTemplateBehavior [ RunTime:0.010856s ]
INFO: [ view_parse ] --END-- [ RunTime:0.010898s ]
INFO: [ view_filter ] --START--
INFO: Run Behavior\WriteHtmlCacheBehavior [ RunTime:0.000091s ]
INFO: [ view_filter ] --END-- [ RunTime:0.000112s ]
INFO: [ app_end ] --START--
INFO: Run Behavior\ShowPageTraceBehavior [ RunTime:0.000280s ]
INFO: [ app_end ] --END-- [ RunTime:0.000309s ]

[ 2018-02-11T21:36:55+08:00 ] 171.94.245.246 /test/index.php/Activity/MobileList/getcardh5?jsoncallback=jsonp1
INFO: [ app_init ] --START--
INFO: Run Behavior\BuildLiteBehavior [ RunTime:0.000011s ]
INFO: [ app_init ] --END-- [ RunTime:0.000223s ]
INFO: [ app_begin ] --START--
INFO: Run Behavior\ReadHtmlCacheBehavior [ RunTime:0.000282s ]
INFO: [ app_begin ] --END-- [ RunTime:0.000314s ]
SQL: SHOW COLUMNS FROM `dy_coupon_card` [ RunTime:0.0005s ]
SQL: SELECT * FROM `dy_coupon_card` ORDER BY handlingtime desc LIMIT 3   [ RunTime:0.0002s ]
INFO: [ app_end ] --START--
INFO: Run Behavior\ShowPageTraceBehavior [ RunTime:0.000299s ]
INFO: [ app_end ] --END-- [ RunTime:0.000331s ]

[ 2018-02-11T21:36:55+08:00 ] 171.94.245.246 /test/index.php/Activity/MobileList/getloanh5?jsoncallback=jsonp2
INFO: [ app_init ] --START--
INFO: Run Behavior\BuildLiteBehavior [ RunTime:0.000010s ]
INFO: [ app_init ] --END-- [ RunTime:0.000243s ]
INFO: [ app_begin ] --START--
INFO: Run Behavior\ReadHtmlCacheBehavior [ RunTime:0.000308s ]
INFO: [ app_begin ] --END-- [ RunTime:0.000342s ]
SQL: SHOW COLUMNS FROM `dy_coupon_loan` [ RunTime:0.0006s ]
SQL: SELECT * FROM dy_coupon_loan a INNER JOIN dy_coupon_loancate b on a.cate=b.id   [ RunTime:0.0003s ]
INFO: [ app_end ] --START--
INFO: Run Behavior\ShowPageTraceBehavior [ RunTime:0.000354s ]
INFO: [ app_end ] --END-- [ RunTime:0.000396s ]

[ 2018-02-11T22:09:24+08:00 ] 124.67.21.81 /test/index.php/Activity/MobileList/getcardh5?jsoncallback=jsonp1
INFO: [ app_init ] --START--
INFO: Run Behavior\BuildLiteBehavior [ RunTime:0.000009s ]
INFO: [ app_init ] --END-- [ RunTime:0.000214s ]
INFO: [ app_begin ] --START--
INFO: Run Behavior\ReadHtmlCacheBehavior [ RunTime:0.000291s ]
INFO: [ app_begin ] --END-- [ RunTime:0.000324s ]
SQL: SHOW COLUMNS FROM `dy_coupon_card` [ RunTime:0.0005s ]
SQL: SELECT * FROM `dy_coupon_card` ORDER BY handlingtime desc LIMIT 3   [ RunTime:0.0002s ]
INFO: [ app_end ] --START--
INFO: Run Behavior\ShowPageTraceBehavior [ RunTime:0.000321s ]
INFO: [ app_end ] --END-- [ RunTime:0.000357s ]

[ 2018-02-11T22:09:24+08:00 ] 124.67.21.81 /test/index.php/Activity/MobileList/getloanh5?jsoncallback=jsonp2
INFO: [ app_init ] --START--
INFO: Run Behavior\BuildLiteBehavior [ RunTime:0.000008s ]
INFO: [ app_init ] --END-- [ RunTime:0.000194s ]
INFO: [ app_begin ] --START--
INFO: Run Behavior\ReadHtmlCacheBehavior [ RunTime:0.000258s ]
INFO: [ app_begin ] --END-- [ RunTime:0.000288s ]
SQL: SHOW COLUMNS FROM `dy_coupon_loan` [ RunTime:0.0004s ]
SQL: SELECT * FROM dy_coupon_loan a INNER JOIN dy_coupon_loancate b on a.cate=b.id   [ RunTime:0.0002s ]
INFO: [ app_end ] --START--
INFO: Run Behavior\ShowPageTraceBehavior [ RunTime:0.000290s ]
INFO: [ app_end ] --END-- [ RunTime:0.000321s ]

[ 2018-02-11T22:20:29+08:00 ] 123.136.118.44 /test/index.php/Activity/MobileList/getcardh5?jsoncallback=jsonp1
INFO: [ app_init ] --START--
INFO: Run Behavior\BuildLiteBehavior [ RunTime:0.000018s ]
INFO: [ app_init ] --END-- [ RunTime:0.000237s ]
INFO: [ app_begin ] --START--
INFO: Run Behavior\ReadHtmlCacheBehavior [ RunTime:0.000272s ]
INFO: [ app_begin ] --END-- [ RunTime:0.000305s ]
SQL: SHOW COLUMNS FROM `dy_coupon_card` [ RunTime:0.0005s ]
SQL: SELECT * FROM `dy_coupon_card` ORDER BY handlingtime desc LIMIT 3   [ RunTime:0.0002s ]
INFO: [ app_end ] --START--
INFO: Run Behavior\ShowPageTraceBehavior [ RunTime:0.000303s ]
INFO: [ app_end ] --END-- [ RunTime:0.000337s ]

[ 2018-02-11T22:20:29+08:00 ] 123.136.118.44 /test/index.php/Activity/MobileList/getloanh5?jsoncallback=jsonp2
INFO: [ app_init ] --START--
INFO: Run Behavior\BuildLiteBehavior [ RunTime:0.000012s ]
INFO: [ app_init ] --END-- [ RunTime:0.000256s ]
INFO: [ app_begin ] --START--
INFO: Run Behavior\ReadHtmlCacheBehavior [ RunTime:0.000283s ]
INFO: [ app_begin ] --END-- [ RunTime:0.000326s ]
SQL: SHOW COLUMNS FROM `dy_coupon_loan` [ RunTime:0.0006s ]
SQL: SELECT * FROM dy_coupon_loan a INNER JOIN dy_coupon_loancate b on a.cate=b.id   [ RunTime:0.0003s ]
INFO: [ app_end ] --START--
INFO: Run Behavior\ShowPageTraceBehavior [ RunTime:0.000333s ]
INFO: [ app_end ] --END-- [ RunTime:0.000373s ]

