[ 2018-02-13T15:55:52+08:00 ] 60.186.206.43 /test/index.php/Admin/Login/index.html
INFO: [ app_init ] --START--
INFO: Run Behavior\BuildLiteBehavior [ RunTime:0.000014s ]
INFO: [ app_init ] --END-- [ RunTime:0.000322s ]
INFO: [ app_begin ] --START--
INFO: Run Behavior\ReadHtmlCacheBehavior [ RunTime:0.000328s ]
INFO: [ app_begin ] --END-- [ RunTime:0.000361s ]
INFO: [ view_parse ] --START--
INFO: [ template_filter ] --START--
INFO: Run Behavior\ContentReplaceBehavior [ RunTime:0.000043s ]
INFO: [ template_filter ] --END-- [ RunTime:0.000088s ]
INFO: Run Behavior\ParseTemplateBehavior [ RunTime:0.004181s ]
INFO: [ view_parse ] --END-- [ RunTime:0.004223s ]
INFO: [ view_filter ] --START--
INFO: Run Behavior\WriteHtmlCacheBehavior [ RunTime:0.000088s ]
INFO: [ view_filter ] --END-- [ RunTime:0.000110s ]
INFO: [ app_end ] --START--
INFO: Run Behavior\ShowPageTraceBehavior [ RunTime:0.000281s ]
INFO: [ app_end ] --END-- [ RunTime:0.000310s ]

[ 2018-02-13T15:55:53+08:00 ] 60.186.206.43 /test/index.php/Admin/Login/login.html
INFO: [ app_init ] --START--
INFO: Run Behavior\BuildLiteBehavior [ RunTime:0.000014s ]
INFO: [ app_init ] --END-- [ RunTime:0.000275s ]
INFO: [ app_begin ] --START--
INFO: Run Behavior\ReadHtmlCacheBehavior [ RunTime:0.000323s ]
INFO: [ app_begin ] --END-- [ RunTime:0.000357s ]
SQL: SHOW COLUMNS FROM `dy_admin` [ RunTime:0.0017s ]
SQL: SELECT * FROM `dy_admin` WHERE `user_name` = 'dayu' LIMIT 1   [ RunTime:0.0004s ]
NOTIC: [8] Undefined index: username /opt/lampp/htdocs/test/Application/Admin/Controller/LoginController.class.php 第 26 行.
INFO: [ view_parse ] --START--
INFO: [ template_filter ] --START--
INFO: Run Behavior\ContentReplaceBehavior [ RunTime:0.000028s ]
INFO: [ template_filter ] --END-- [ RunTime:0.000064s ]
INFO: Run Behavior\ParseTemplateBehavior [ RunTime:0.003243s ]
INFO: [ view_parse ] --END-- [ RunTime:0.003285s ]
INFO: [ view_filter ] --START--
INFO: Run Behavior\WriteHtmlCacheBehavior [ RunTime:0.000085s ]
INFO: [ view_filter ] --END-- [ RunTime:0.000107s ]
INFO: [ app_end ] --START--
INFO: Run Behavior\ShowPageTraceBehavior [ RunTime:0.000326s ]
INFO: [ app_end ] --END-- [ RunTime:0.000355s ]

[ 2018-02-13T15:55:55+08:00 ] 60.186.206.43 /test/index.php/Admin/Login/index.html
INFO: [ app_init ] --START--
INFO: Run Behavior\BuildLiteBehavior [ RunTime:0.000015s ]
INFO: [ app_init ] --END-- [ RunTime:0.000289s ]
INFO: [ app_begin ] --START--
INFO: Run Behavior\ReadHtmlCacheBehavior [ RunTime:0.000345s ]
INFO: [ app_begin ] --END-- [ RunTime:0.000378s ]

[ 2018-02-13T15:55:55+08:00 ] 60.186.206.43 /test/index.php/Admin/Index/index.html
INFO: [ app_init ] --START--
INFO: Run Behavior\BuildLiteBehavior [ RunTime:0.000010s ]
INFO: [ app_init ] --END-- [ RunTime:0.000225s ]
INFO: [ app_begin ] --START--
INFO: Run Behavior\ReadHtmlCacheBehavior [ RunTime:0.000301s ]
INFO: [ app_begin ] --END-- [ RunTime:0.000332s ]
INFO: [ view_parse ] --START--
INFO: [ template_filter ] --START--
INFO: Run Behavior\ContentReplaceBehavior [ RunTime:0.000033s ]
INFO: [ template_filter ] --END-- [ RunTime:0.000066s ]
INFO: Run Behavior\ParseTemplateBehavior [ RunTime:0.007361s ]
INFO: [ view_parse ] --END-- [ RunTime:0.007393s ]
INFO: [ view_filter ] --START--
INFO: Run Behavior\WriteHtmlCacheBehavior [ RunTime:0.000094s ]
INFO: [ view_filter ] --END-- [ RunTime:0.000130s ]
INFO: [ app_end ] --START--
INFO: Run Behavior\ShowPageTraceBehavior [ RunTime:0.000271s ]
INFO: [ app_end ] --END-- [ RunTime:0.000301s ]

[ 2018-02-13T15:55:57+08:00 ] 60.186.206.43 /test/index.php/Admin/User/index.html
INFO: [ app_init ] --START--
INFO: Run Behavior\BuildLiteBehavior [ RunTime:0.000010s ]
INFO: [ app_init ] --END-- [ RunTime:0.000207s ]
INFO: [ app_begin ] --START--
INFO: Run Behavior\ReadHtmlCacheBehavior [ RunTime:0.000291s ]
INFO: [ app_begin ] --END-- [ RunTime:0.000321s ]
NOTIC: [8] Undefined index: date /opt/lampp/htdocs/test/Application/Admin/Controller/UserController.class.php 第 27 行.
SQL: SHOW COLUMNS FROM `dy_coupon_user` [ RunTime:0.0006s ]
SQL: SELECT COUNT(*) AS tp_count FROM `dy_coupon_user` LIMIT 1   [ RunTime:0.0001s ]
SQL: SELECT COUNT(*) AS tp_count FROM `dy_coupon_user` WHERE ( system=1 ) LIMIT 1   [ RunTime:0.0002s ]
SQL: SELECT COUNT(*) AS tp_count FROM `dy_coupon_user` WHERE ( system=2 ) LIMIT 1   [ RunTime:0.0002s ]
SQL: SHOW COLUMNS FROM `dy_click_uv` [ RunTime:0.0003s ]
SQL: SELECT COUNT(*) AS tp_count FROM `dy_click_uv` LIMIT 1   [ RunTime:0.0001s ]
SQL: SELECT COUNT(*) AS tp_count FROM `dy_click_uv` WHERE ( create_day=1518451200 ) LIMIT 1   [ RunTime:0.0001s ]
SQL: SELECT COUNT(*) AS tp_count FROM `dy_coupon_user` WHERE ( `last_login_time` >= 1518451200 AND `last_login_time` <= 1518537599  ) LIMIT 1   [ RunTime:0.0002s ]
SQL: SHOW COLUMNS FROM `dy_active_share` [ RunTime:0.0003s ]
SQL: SELECT COUNT(*) AS tp_count FROM `dy_active_share` LIMIT 1   [ RunTime:0.0001s ]
SQL: SELECT COUNT(*) AS tp_count FROM `dy_active_share` WHERE ( create_day=1518451200 ) LIMIT 1   [ RunTime:0.0010s ]
SQL: SELECT * FROM `dy_active_share` WHERE ( create_day=1518451200 ) GROUP BY member_id  [ RunTime:0.0010s ]
SQL: SELECT COUNT(*) AS tp_count FROM `dy_active_share` WHERE `create_day` = 1518451200 AND `cate` = 1 LIMIT 1   [ RunTime:0.0010s ]
SQL: SELECT * FROM `dy_active_share` WHERE `create_day` = 1518451200 AND `cate` = 1 GROUP BY member_id  [ RunTime:0.0010s ]
SQL: SELECT COUNT(*) AS tp_count FROM `dy_active_share` WHERE `create_day` = 1518451200 AND `cate` = 2 LIMIT 1   [ RunTime:0.0010s ]
SQL: SELECT * FROM `dy_active_share` WHERE `create_day` = 1518451200 AND `cate` = 2 GROUP BY member_id  [ RunTime:0.0010s ]
SQL: SELECT COUNT(*) AS tp_count FROM `dy_active_share` WHERE `create_day` = 1518451200 AND `cate` = 3 LIMIT 1   [ RunTime:0.0010s ]
SQL: SELECT * FROM `dy_active_share` WHERE `create_day` = 1518451200 AND `cate` = 3 GROUP BY member_id  [ RunTime:0.0010s ]
INFO: [ view_parse ] --START--
INFO: [ template_filter ] --START--
INFO: Run Behavior\ContentReplaceBehavior [ RunTime:0.000038s ]
INFO: [ template_filter ] --END-- [ RunTime:0.000067s ]
INFO: Run Behavior\ParseTemplateBehavior [ RunTime:0.006903s ]
INFO: [ view_parse ] --END-- [ RunTime:0.006933s ]
INFO: [ view_filter ] --START--
INFO: Run Behavior\WriteHtmlCacheBehavior [ RunTime:0.000082s ]
INFO: [ view_filter ] --END-- [ RunTime:0.000104s ]
INFO: [ app_end ] --START--
INFO: Run Behavior\ShowPageTraceBehavior [ RunTime:0.000300s ]
INFO: [ app_end ] --END-- [ RunTime:0.000329s ]

[ 2018-02-13T15:56:44+08:00 ] 60.186.206.43 /test/index.php/Admin/Active/active.html
INFO: [ app_init ] --START--
INFO: Run Behavior\BuildLiteBehavior [ RunTime:0.000018s ]
INFO: [ app_init ] --END-- [ RunTime:0.000348s ]
INFO: [ app_begin ] --START--
INFO: Run Behavior\ReadHtmlCacheBehavior [ RunTime:0.000347s ]
INFO: [ app_begin ] --END-- [ RunTime:0.000384s ]
SQL: SHOW COLUMNS FROM `dy_active_temp_item` [ RunTime:0.0007s ]
SQL: SELECT COUNT(*) AS tp_count FROM `dy_active_temp_item` WHERE `title` LIKE '%' LIMIT 1   [ RunTime:0.0002s ]
SQL: SELECT * FROM `dy_active_temp_item` WHERE `title` LIKE '%' ORDER BY status ,create_time desc LIMIT 0,8   [ RunTime:0.0003s ]
SQL: SHOW COLUMNS FROM `dy_active_user` [ RunTime:0.0004s ]
SQL: SELECT COUNT(*) AS tp_count FROM `dy_active_user` WHERE `active_id` = 42 AND `join_times` > 0 AND ( `create_day` >= 1518451200 AND `create_day` <= 1518537599  ) LIMIT 1   [ RunTime:0.0002s ]
SQL: SELECT COUNT(*) AS tp_count FROM `dy_active_user` WHERE `active_id` = 42 AND `join_times` >= 0 AND ( `create_day` >= 1518451200 AND `create_day` <= 1518537599  ) LIMIT 1   [ RunTime:0.0002s ]
SQL: SELECT COUNT(*) AS tp_count FROM `dy_active_user` WHERE `active_id` = 54 AND `join_times` > 0 AND ( `create_day` >= 1518451200 AND `create_day` <= 1518537599  ) LIMIT 1   [ RunTime:0.0002s ]
SQL: SELECT COUNT(*) AS tp_count FROM `dy_active_user` WHERE `active_id` = 54 AND `join_times` >= 0 AND ( `create_day` >= 1518451200 AND `create_day` <= 1518537599  ) LIMIT 1   [ RunTime:0.0002s ]
SQL: SELECT COUNT(*) AS tp_count FROM `dy_active_user` WHERE `active_id` = 52 AND `join_times` > 0 AND ( `create_day` >= 1518451200 AND `create_day` <= 1518537599  ) LIMIT 1   [ RunTime:0.0002s ]
SQL: SELECT COUNT(*) AS tp_count FROM `dy_active_user` WHERE `active_id` = 52 AND `join_times` >= 0 AND ( `create_day` >= 1518451200 AND `create_day` <= 1518537599  ) LIMIT 1   [ RunTime:0.0002s ]
SQL: SELECT COUNT(*) AS tp_count FROM `dy_active_user` WHERE `active_id` = 65 AND `join_times` > 0 AND ( `create_day` >= 1518451200 AND `create_day` <= 1518537599  ) LIMIT 1   [ RunTime:0.0002s ]
SQL: SELECT COUNT(*) AS tp_count FROM `dy_active_user` WHERE `active_id` = 65 AND `join_times` >= 0 AND ( `create_day` >= 1518451200 AND `create_day` <= 1518537599  ) LIMIT 1   [ RunTime:0.0002s ]
SQL: SELECT COUNT(*) AS tp_count FROM `dy_active_user` WHERE `active_id` = 55 AND `join_times` > 0 AND ( `create_day` >= 1518451200 AND `create_day` <= 1518537599  ) LIMIT 1   [ RunTime:0.0002s ]
SQL: SELECT COUNT(*) AS tp_count FROM `dy_active_user` WHERE `active_id` = 55 AND `join_times` >= 0 AND ( `create_day` >= 1518451200 AND `create_day` <= 1518537599  ) LIMIT 1   [ RunTime:0.0002s ]
SQL: SELECT COUNT(*) AS tp_count FROM `dy_active_user` WHERE `active_id` = 61 AND `join_times` > 0 AND ( `create_day` >= 1518451200 AND `create_day` <= 1518537599  ) LIMIT 1   [ RunTime:0.0002s ]
SQL: SELECT COUNT(*) AS tp_count FROM `dy_active_user` WHERE `active_id` = 61 AND `join_times` >= 0 AND ( `create_day` >= 1518451200 AND `create_day` <= 1518537599  ) LIMIT 1   [ RunTime:0.0002s ]
SQL: SELECT COUNT(*) AS tp_count FROM `dy_active_user` WHERE `active_id` = 59 AND `join_times` > 0 AND ( `create_day` >= 1518451200 AND `create_day` <= 1518537599  ) LIMIT 1   [ RunTime:0.0002s ]
SQL: SELECT COUNT(*) AS tp_count FROM `dy_active_user` WHERE `active_id` = 59 AND `join_times` >= 0 AND ( `create_day` >= 1518451200 AND `create_day` <= 1518537599  ) LIMIT 1   [ RunTime:0.0002s ]
SQL: SELECT COUNT(*) AS tp_count FROM `dy_active_user` WHERE `active_id` = 60 AND `join_times` > 0 AND ( `create_day` >= 1518451200 AND `create_day` <= 1518537599  ) LIMIT 1   [ RunTime:0.0002s ]
SQL: SELECT COUNT(*) AS tp_count FROM `dy_active_user` WHERE `active_id` = 60 AND `join_times` >= 0 AND ( `create_day` >= 1518451200 AND `create_day` <= 1518537599  ) LIMIT 1   [ RunTime:0.0002s ]
SQL: SELECT COUNT(distinct(uid)) AS tp_count FROM `dy_active_user` WHERE ( `create_day` >= 1518451200 AND `create_day` <= 1518537599  ) LIMIT 1   [ RunTime:0.0002s ]
SQL: SHOW COLUMNS FROM `dy_active_user_record` [ RunTime:0.0004s ]
SQL: SELECT COUNT(distinct(uid)) AS tp_count FROM `dy_active_user_record` WHERE ( `create_day` >= 1518451200 AND `create_day` <= 1518537599  ) LIMIT 1   [ RunTime:0.0214s ]
INFO: [ view_parse ] --START--
INFO: [ template_filter ] --START--
INFO: Run Behavior\ContentReplaceBehavior [ RunTime:0.000075s ]
INFO: [ template_filter ] --END-- [ RunTime:0.000113s ]
NOTIC: [2] Division by zero /opt/lampp/htdocs/test/Application/Runtime/Cache/Admin/b7d13e50965de7f69af8be9447a2c370.php 第 292 行.
NOTIC: [8] Undefined index: url /opt/lampp/htdocs/test/Application/Runtime/Cache/Admin/b7d13e50965de7f69af8be9447a2c370.php 第 309 行.
NOTIC: [2] Division by zero /opt/lampp/htdocs/test/Application/Runtime/Cache/Admin/b7d13e50965de7f69af8be9447a2c370.php 第 321 行.
NOTIC: [8] Undefined index: url /opt/lampp/htdocs/test/Application/Runtime/Cache/Admin/b7d13e50965de7f69af8be9447a2c370.php 第 309 行.
NOTIC: [2] Division by zero /opt/lampp/htdocs/test/Application/Runtime/Cache/Admin/b7d13e50965de7f69af8be9447a2c370.php 第 321 行.
NOTIC: [8] Undefined index: url /opt/lampp/htdocs/test/Application/Runtime/Cache/Admin/b7d13e50965de7f69af8be9447a2c370.php 第 309 行.
NOTIC: [2] Division by zero /opt/lampp/htdocs/test/Application/Runtime/Cache/Admin/b7d13e50965de7f69af8be9447a2c370.php 第 321 行.
NOTIC: [8] Undefined index: url /opt/lampp/htdocs/test/Application/Runtime/Cache/Admin/b7d13e50965de7f69af8be9447a2c370.php 第 309 行.
NOTIC: [2] Division by zero /opt/lampp/htdocs/test/Application/Runtime/Cache/Admin/b7d13e50965de7f69af8be9447a2c370.php 第 321 行.
NOTIC: [8] Undefined index: url /opt/lampp/htdocs/test/Application/Runtime/Cache/Admin/b7d13e50965de7f69af8be9447a2c370.php 第 309 行.
NOTIC: [2] Division by zero /opt/lampp/htdocs/test/Application/Runtime/Cache/Admin/b7d13e50965de7f69af8be9447a2c370.php 第 321 行.
NOTIC: [8] Undefined index: url /opt/lampp/htdocs/test/Application/Runtime/Cache/Admin/b7d13e50965de7f69af8be9447a2c370.php 第 309 行.
NOTIC: [2] Division by zero /opt/lampp/htdocs/test/Application/Runtime/Cache/Admin/b7d13e50965de7f69af8be9447a2c370.php 第 321 行.
NOTIC: [8] Undefined index: url /opt/lampp/htdocs/test/Application/Runtime/Cache/Admin/b7d13e50965de7f69af8be9447a2c370.php 第 309 行.
NOTIC: [2] Division by zero /opt/lampp/htdocs/test/Application/Runtime/Cache/Admin/b7d13e50965de7f69af8be9447a2c370.php 第 321 行.
NOTIC: [8] Undefined index: url /opt/lampp/htdocs/test/Application/Runtime/Cache/Admin/b7d13e50965de7f69af8be9447a2c370.php 第 309 行.
NOTIC: [2] Division by zero /opt/lampp/htdocs/test/Application/Runtime/Cache/Admin/b7d13e50965de7f69af8be9447a2c370.php 第 321 行.
NOTIC: [8] Undefined variable: page /opt/lampp/htdocs/test/Application/Runtime/Cache/Admin/b7d13e50965de7f69af8be9447a2c370.php 第 356 行.
INFO: Run Behavior\ParseTemplateBehavior [ RunTime:0.011183s ]
INFO: [ view_parse ] --END-- [ RunTime:0.011216s ]
INFO: [ view_filter ] --START--
INFO: Run Behavior\WriteHtmlCacheBehavior [ RunTime:0.000098s ]
INFO: [ view_filter ] --END-- [ RunTime:0.000120s ]
INFO: [ app_end ] --START--
INFO: Run Behavior\ShowPageTraceBehavior [ RunTime:0.000340s ]
INFO: [ app_end ] --END-- [ RunTime:0.000373s ]

[ 2018-02-13T15:57:03+08:00 ] 60.186.206.43 /test/index.php/Admin/Active/active.html?name=&starttime=2018-02-05&overtime=2018-02-11
INFO: [ app_init ] --START--
INFO: Run Behavior\BuildLiteBehavior [ RunTime:0.000012s ]
INFO: [ app_init ] --END-- [ RunTime:0.000220s ]
INFO: [ app_begin ] --START--
INFO: Run Behavior\ReadHtmlCacheBehavior [ RunTime:0.000276s ]
INFO: [ app_begin ] --END-- [ RunTime:0.000307s ]
SQL: SHOW COLUMNS FROM `dy_active_temp_item` [ RunTime:0.0006s ]
SQL: SELECT COUNT(*) AS tp_count FROM `dy_active_temp_item` WHERE `title` LIKE '%' LIMIT 1   [ RunTime:0.0002s ]
SQL: SELECT * FROM `dy_active_temp_item` WHERE `title` LIKE '%' ORDER BY status ,create_time desc LIMIT 0,8   [ RunTime:0.0003s ]
SQL: SHOW COLUMNS FROM `dy_active_user` [ RunTime:0.0004s ]
SQL: SELECT COUNT(*) AS tp_count FROM `dy_active_user` WHERE `active_id` = 42 AND `join_times` > 0 AND ( `create_day` >= 1517760000 AND `create_day` <= 1518278400  ) LIMIT 1   [ RunTime:0.0002s ]
SQL: SELECT COUNT(*) AS tp_count FROM `dy_active_user` WHERE `active_id` = 42 AND `join_times` >= 0 AND ( `create_day` >= 1517760000 AND `create_day` <= 1518278400  ) LIMIT 1   [ RunTime:0.0002s ]
SQL: SELECT COUNT(*) AS tp_count FROM `dy_active_user` WHERE `active_id` = 54 AND `join_times` > 0 AND ( `create_day` >= 1517760000 AND `create_day` <= 1518278400  ) LIMIT 1   [ RunTime:0.0002s ]
SQL: SELECT COUNT(*) AS tp_count FROM `dy_active_user` WHERE `active_id` = 54 AND `join_times` >= 0 AND ( `create_day` >= 1517760000 AND `create_day` <= 1518278400  ) LIMIT 1   [ RunTime:0.0002s ]
SQL: SELECT COUNT(*) AS tp_count FROM `dy_active_user` WHERE `active_id` = 52 AND `join_times` > 0 AND ( `create_day` >= 1517760000 AND `create_day` <= 1518278400  ) LIMIT 1   [ RunTime:0.0002s ]
SQL: SELECT COUNT(*) AS tp_count FROM `dy_active_user` WHERE `active_id` = 52 AND `join_times` >= 0 AND ( `create_day` >= 1517760000 AND `create_day` <= 1518278400  ) LIMIT 1   [ RunTime:0.0002s ]
SQL: SELECT COUNT(*) AS tp_count FROM `dy_active_user` WHERE `active_id` = 65 AND `join_times` > 0 AND ( `create_day` >= 1517760000 AND `create_day` <= 1518278400  ) LIMIT 1   [ RunTime:0.0002s ]
SQL: SELECT COUNT(*) AS tp_count FROM `dy_active_user` WHERE `active_id` = 65 AND `join_times` >= 0 AND ( `create_day` >= 1517760000 AND `create_day` <= 1518278400  ) LIMIT 1   [ RunTime:0.0002s ]
SQL: SELECT COUNT(*) AS tp_count FROM `dy_active_user` WHERE `active_id` = 55 AND `join_times` > 0 AND ( `create_day` >= 1517760000 AND `create_day` <= 1518278400  ) LIMIT 1   [ RunTime:0.0002s ]
SQL: SELECT COUNT(*) AS tp_count FROM `dy_active_user` WHERE `active_id` = 55 AND `join_times` >= 0 AND ( `create_day` >= 1517760000 AND `create_day` <= 1518278400  ) LIMIT 1   [ RunTime:0.0002s ]
SQL: SELECT COUNT(*) AS tp_count FROM `dy_active_user` WHERE `active_id` = 61 AND `join_times` > 0 AND ( `create_day` >= 1517760000 AND `create_day` <= 1518278400  ) LIMIT 1   [ RunTime:0.0002s ]
SQL: SELECT COUNT(*) AS tp_count FROM `dy_active_user` WHERE `active_id` = 61 AND `join_times` >= 0 AND ( `create_day` >= 1517760000 AND `create_day` <= 1518278400  ) LIMIT 1   [ RunTime:0.0002s ]
SQL: SELECT COUNT(*) AS tp_count FROM `dy_active_user` WHERE `active_id` = 59 AND `join_times` > 0 AND ( `create_day` >= 1517760000 AND `create_day` <= 1518278400  ) LIMIT 1   [ RunTime:0.0002s ]
SQL: SELECT COUNT(*) AS tp_count FROM `dy_active_user` WHERE `active_id` = 59 AND `join_times` >= 0 AND ( `create_day` >= 1517760000 AND `create_day` <= 1518278400  ) LIMIT 1   [ RunTime:0.0002s ]
SQL: SELECT COUNT(*) AS tp_count FROM `dy_active_user` WHERE `active_id` = 60 AND `join_times` > 0 AND ( `create_day` >= 1517760000 AND `create_day` <= 1518278400  ) LIMIT 1   [ RunTime:0.0002s ]
SQL: SELECT COUNT(*) AS tp_count FROM `dy_active_user` WHERE `active_id` = 60 AND `join_times` >= 0 AND ( `create_day` >= 1517760000 AND `create_day` <= 1518278400  ) LIMIT 1   [ RunTime:0.0002s ]
SQL: SELECT COUNT(distinct(uid)) AS tp_count FROM `dy_active_user` WHERE ( `create_day` >= 1517760000 AND `create_day` <= 1518278400  ) LIMIT 1   [ RunTime:0.0002s ]
SQL: SHOW COLUMNS FROM `dy_active_user_record` [ RunTime:0.0004s ]
SQL: SELECT COUNT(distinct(uid)) AS tp_count FROM `dy_active_user_record` WHERE ( `create_day` >= 1517760000 AND `create_day` <= 1518278400  ) LIMIT 1   [ RunTime:0.0002s ]
INFO: [ view_parse ] --START--
INFO: [ template_filter ] --START--
INFO: Run Behavior\ContentReplaceBehavior [ RunTime:0.000069s ]
INFO: [ template_filter ] --END-- [ RunTime:0.000102s ]
NOTIC: [8] Undefined index: url /opt/lampp/htdocs/test/Application/Runtime/Cache/Admin/b7d13e50965de7f69af8be9447a2c370.php 第 309 行.
NOTIC: [8] Undefined index: url /opt/lampp/htdocs/test/Application/Runtime/Cache/Admin/b7d13e50965de7f69af8be9447a2c370.php 第 309 行.
NOTIC: [8] Undefined index: url /opt/lampp/htdocs/test/Application/Runtime/Cache/Admin/b7d13e50965de7f69af8be9447a2c370.php 第 309 行.
NOTIC: [8] Undefined index: url /opt/lampp/htdocs/test/Application/Runtime/Cache/Admin/b7d13e50965de7f69af8be9447a2c370.php 第 309 行.
NOTIC: [8] Undefined index: url /opt/lampp/htdocs/test/Application/Runtime/Cache/Admin/b7d13e50965de7f69af8be9447a2c370.php 第 309 行.
NOTIC: [8] Undefined index: url /opt/lampp/htdocs/test/Application/Runtime/Cache/Admin/b7d13e50965de7f69af8be9447a2c370.php 第 309 行.
NOTIC: [2] Division by zero /opt/lampp/htdocs/test/Application/Runtime/Cache/Admin/b7d13e50965de7f69af8be9447a2c370.php 第 321 行.
NOTIC: [8] Undefined index: url /opt/lampp/htdocs/test/Application/Runtime/Cache/Admin/b7d13e50965de7f69af8be9447a2c370.php 第 309 行.
NOTIC: [2] Division by zero /opt/lampp/htdocs/test/Application/Runtime/Cache/Admin/b7d13e50965de7f69af8be9447a2c370.php 第 321 行.
NOTIC: [8] Undefined index: url /opt/lampp/htdocs/test/Application/Runtime/Cache/Admin/b7d13e50965de7f69af8be9447a2c370.php 第 309 行.
NOTIC: [2] Division by zero /opt/lampp/htdocs/test/Application/Runtime/Cache/Admin/b7d13e50965de7f69af8be9447a2c370.php 第 321 行.
NOTIC: [8] Undefined variable: page /opt/lampp/htdocs/test/Application/Runtime/Cache/Admin/b7d13e50965de7f69af8be9447a2c370.php 第 356 行.
INFO: Run Behavior\ParseTemplateBehavior [ RunTime:0.010499s ]
INFO: [ view_parse ] --END-- [ RunTime:0.010524s ]
INFO: [ view_filter ] --START--
INFO: Run Behavior\WriteHtmlCacheBehavior [ RunTime:0.000097s ]
INFO: [ view_filter ] --END-- [ RunTime:0.000120s ]
INFO: [ app_end ] --START--
INFO: Run Behavior\ShowPageTraceBehavior [ RunTime:0.000296s ]
INFO: [ app_end ] --END-- [ RunTime:0.000328s ]

[ 2018-02-13T15:57:55+08:00 ] 60.186.206.43 /test/index.php/Admin/Active/coupon.html
INFO: [ app_init ] --START--
INFO: Run Behavior\BuildLiteBehavior [ RunTime:0.000010s ]
INFO: [ app_init ] --END-- [ RunTime:0.000227s ]
INFO: [ app_begin ] --START--
INFO: Run Behavior\ReadHtmlCacheBehavior [ RunTime:0.000297s ]
INFO: [ app_begin ] --END-- [ RunTime:0.000345s ]
SQL: SHOW COLUMNS FROM `dy_adver_cert` [ RunTime:0.0007s ]
SQL: SELECT COUNT(*) AS tp_count FROM `dy_adver_cert` WHERE `title` LIKE '%' LIMIT 1   [ RunTime:0.0002s ]
SQL: SELECT * FROM `dy_adver_cert` WHERE `title` LIKE '%' ORDER BY status desc,weight desc,new_add desc,arpu desc,create_time asc LIMIT 0,5   [ RunTime:0.0003s ]
SQL: SHOW COLUMNS FROM `dy_active_user_record` [ RunTime:0.0004s ]
SQL: SELECT COUNT(*) AS tp_count FROM `dy_active_user_record` WHERE `cert_id` = 246 AND ( `create_day` >= 1518451200 AND `create_day` <= 1518537599  ) LIMIT 1   [ RunTime:0.0002s ]
SQL: SELECT COUNT(distinct(uid)) AS tp_count FROM `dy_active_user_record` WHERE `cert_id` = 246 AND ( `create_day` >= 1518451200 AND `create_day` <= 1518537599  ) LIMIT 1   [ RunTime:0.0002s ]
NOTIC: [8] Undefined index: cost_money /opt/lampp/htdocs/test/Application/Admin/Controller/ActiveController.class.php 第 202 行.
NOTIC: [2] Division by zero /opt/lampp/htdocs/test/Application/Admin/Controller/ActiveController.class.php 第 202 行.
SQL: SELECT COUNT(*) AS tp_count FROM `dy_active_user_record` WHERE `cert_id` = 246 AND ( `create_day` >= 1518451200 AND `create_day` <= 1518537599  ) AND `status` = 1 LIMIT 1   [ RunTime:0.0002s ]
SQL: SELECT COUNT(distinct(uid)) AS tp_count FROM `dy_active_user_record` WHERE `cert_id` = 246 AND ( `create_day` >= 1518451200 AND `create_day` <= 1518537599  ) AND `status` = 1 LIMIT 1   [ RunTime:0.0002s ]
NOTIC: [8] Undefined index: cost_money /opt/lampp/htdocs/test/Application/Admin/Controller/ActiveController.class.php 第 205 行.
NOTIC: [2] Division by zero /opt/lampp/htdocs/test/Application/Admin/Controller/ActiveController.class.php 第 205 行.
NOTIC: [2] Division by zero /opt/lampp/htdocs/test/Application/Admin/Controller/ActiveController.class.php 第 206 行.
SQL: SELECT COUNT(*) AS tp_count FROM `dy_active_user_record` WHERE `cert_id` = 231 AND ( `create_day` >= 1518451200 AND `create_day` <= 1518537599  ) LIMIT 1   [ RunTime:0.0002s ]
SQL: SELECT COUNT(distinct(uid)) AS tp_count FROM `dy_active_user_record` WHERE `cert_id` = 231 AND ( `create_day` >= 1518451200 AND `create_day` <= 1518537599  ) LIMIT 1   [ RunTime:0.0002s ]
NOTIC: [8] Undefined index: cost_money /opt/lampp/htdocs/test/Application/Admin/Controller/ActiveController.class.php 第 202 行.
NOTIC: [2] Division by zero /opt/lampp/htdocs/test/Application/Admin/Controller/ActiveController.class.php 第 202 行.
SQL: SELECT COUNT(*) AS tp_count FROM `dy_active_user_record` WHERE `cert_id` = 231 AND ( `create_day` >= 1518451200 AND `create_day` <= 1518537599  ) AND `status` = 1 LIMIT 1   [ RunTime:0.0002s ]
SQL: SELECT COUNT(distinct(uid)) AS tp_count FROM `dy_active_user_record` WHERE `cert_id` = 231 AND ( `create_day` >= 1518451200 AND `create_day` <= 1518537599  ) AND `status` = 1 LIMIT 1   [ RunTime:0.0002s ]
NOTIC: [8] Undefined index: cost_money /opt/lampp/htdocs/test/Application/Admin/Controller/ActiveController.class.php 第 205 行.
NOTIC: [2] Division by zero /opt/lampp/htdocs/test/Application/Admin/Controller/ActiveController.class.php 第 205 行.
NOTIC: [2] Division by zero /opt/lampp/htdocs/test/Application/Admin/Controller/ActiveController.class.php 第 206 行.
SQL: SELECT COUNT(*) AS tp_count FROM `dy_active_user_record` WHERE `cert_id` = 230 AND ( `create_day` >= 1518451200 AND `create_day` <= 1518537599  ) LIMIT 1   [ RunTime:0.0002s ]
SQL: SELECT COUNT(distinct(uid)) AS tp_count FROM `dy_active_user_record` WHERE `cert_id` = 230 AND ( `create_day` >= 1518451200 AND `create_day` <= 1518537599  ) LIMIT 1   [ RunTime:0.0002s ]
NOTIC: [8] Undefined index: cost_money /opt/lampp/htdocs/test/Application/Admin/Controller/ActiveController.class.php 第 202 行.
NOTIC: [2] Division by zero /opt/lampp/htdocs/test/Application/Admin/Controller/ActiveController.class.php 第 202 行.
SQL: SELECT COUNT(*) AS tp_count FROM `dy_active_user_record` WHERE `cert_id` = 230 AND ( `create_day` >= 1518451200 AND `create_day` <= 1518537599  ) AND `status` = 1 LIMIT 1   [ RunTime:0.0002s ]
SQL: SELECT COUNT(distinct(uid)) AS tp_count FROM `dy_active_user_record` WHERE `cert_id` = 230 AND ( `create_day` >= 1518451200 AND `create_day` <= 1518537599  ) AND `status` = 1 LIMIT 1   [ RunTime:0.0002s ]
NOTIC: [8] Undefined index: cost_money /opt/lampp/htdocs/test/Application/Admin/Controller/ActiveController.class.php 第 205 行.
NOTIC: [2] Division by zero /opt/lampp/htdocs/test/Application/Admin/Controller/ActiveController.class.php 第 205 行.
NOTIC: [2] Division by zero /opt/lampp/htdocs/test/Application/Admin/Controller/ActiveController.class.php 第 206 行.
SQL: SELECT COUNT(*) AS tp_count FROM `dy_active_user_record` WHERE `cert_id` = 233 AND ( `create_day` >= 1518451200 AND `create_day` <= 1518537599  ) LIMIT 1   [ RunTime:0.0002s ]
SQL: SELECT COUNT(distinct(uid)) AS tp_count FROM `dy_active_user_record` WHERE `cert_id` = 233 AND ( `create_day` >= 1518451200 AND `create_day` <= 1518537599  ) LIMIT 1   [ RunTime:0.0002s ]
NOTIC: [8] Undefined index: cost_money /opt/lampp/htdocs/test/Application/Admin/Controller/ActiveController.class.php 第 202 行.
NOTIC: [2] Division by zero /opt/lampp/htdocs/test/Application/Admin/Controller/ActiveController.class.php 第 202 行.
SQL: SELECT COUNT(*) AS tp_count FROM `dy_active_user_record` WHERE `cert_id` = 233 AND ( `create_day` >= 1518451200 AND `create_day` <= 1518537599  ) AND `status` = 1 LIMIT 1   [ RunTime:0.0002s ]
SQL: SELECT COUNT(distinct(uid)) AS tp_count FROM `dy_active_user_record` WHERE `cert_id` = 233 AND ( `create_day` >= 1518451200 AND `create_day` <= 1518537599  ) AND `status` = 1 LIMIT 1   [ RunTime:0.0002s ]
NOTIC: [8] Undefined index: cost_money /opt/lampp/htdocs/test/Application/Admin/Controller/ActiveController.class.php 第 205 行.
NOTIC: [2] Division by zero /opt/lampp/htdocs/test/Application/Admin/Controller/ActiveController.class.php 第 205 行.
NOTIC: [2] Division by zero /opt/lampp/htdocs/test/Application/Admin/Controller/ActiveController.class.php 第 206 行.
SQL: SELECT COUNT(*) AS tp_count FROM `dy_active_user_record` WHERE `cert_id` = 236 AND ( `create_day` >= 1518451200 AND `create_day` <= 1518537599  ) LIMIT 1   [ RunTime:0.0002s ]
SQL: SELECT COUNT(distinct(uid)) AS tp_count FROM `dy_active_user_record` WHERE `cert_id` = 236 AND ( `create_day` >= 1518451200 AND `create_day` <= 1518537599  ) LIMIT 1   [ RunTime:0.0002s ]
NOTIC: [8] Undefined index: cost_money /opt/lampp/htdocs/test/Application/Admin/Controller/ActiveController.class.php 第 202 行.
NOTIC: [2] Division by zero /opt/lampp/htdocs/test/Application/Admin/Controller/ActiveController.class.php 第 202 行.
SQL: SELECT COUNT(*) AS tp_count FROM `dy_active_user_record` WHERE `cert_id` = 236 AND ( `create_day` >= 1518451200 AND `create_day` <= 1518537599  ) AND `status` = 1 LIMIT 1   [ RunTime:0.0002s ]
SQL: SELECT COUNT(distinct(uid)) AS tp_count FROM `dy_active_user_record` WHERE `cert_id` = 236 AND ( `create_day` >= 1518451200 AND `create_day` <= 1518537599  ) AND `status` = 1 LIMIT 1   [ RunTime:0.0002s ]
NOTIC: [8] Undefined index: cost_money /opt/lampp/htdocs/test/Application/Admin/Controller/ActiveController.class.php 第 205 行.
NOTIC: [2] Division by zero /opt/lampp/htdocs/test/Application/Admin/Controller/ActiveController.class.php 第 205 行.
NOTIC: [2] Division by zero /opt/lampp/htdocs/test/Application/Admin/Controller/ActiveController.class.php 第 206 行.
INFO: [ view_parse ] --START--
INFO: [ template_filter ] --START--
INFO: Run Behavior\ContentReplaceBehavior [ RunTime:0.000069s ]
INFO: [ template_filter ] --END-- [ RunTime:0.000102s ]
NOTIC: [8] Undefined variable: total /opt/lampp/htdocs/test/Application/Runtime/Cache/Admin/12d1e4e5385d0e6cc59fae6e536e9169.php 第 294 行.
NOTIC: [8] Undefined variable: total /opt/lampp/htdocs/test/Application/Runtime/Cache/Admin/12d1e4e5385d0e6cc59fae6e536e9169.php 第 299 行.
NOTIC: [8] Undefined variable: total /opt/lampp/htdocs/test/Application/Runtime/Cache/Admin/12d1e4e5385d0e6cc59fae6e536e9169.php 第 300 行.
NOTIC: [8] Undefined variable: total /opt/lampp/htdocs/test/Application/Runtime/Cache/Admin/12d1e4e5385d0e6cc59fae6e536e9169.php 第 301 行.
NOTIC: [8] Undefined variable: total /opt/lampp/htdocs/test/Application/Runtime/Cache/Admin/12d1e4e5385d0e6cc59fae6e536e9169.php 第 301 行.
NOTIC: [2] Division by zero /opt/lampp/htdocs/test/Application/Runtime/Cache/Admin/12d1e4e5385d0e6cc59fae6e536e9169.php 第 301 行.
NOTIC: [8] Undefined variable: total /opt/lampp/htdocs/test/Application/Runtime/Cache/Admin/12d1e4e5385d0e6cc59fae6e536e9169.php 第 302 行.
NOTIC: [8] Undefined variable: total /opt/lampp/htdocs/test/Application/Runtime/Cache/Admin/12d1e4e5385d0e6cc59fae6e536e9169.php 第 303 行.
NOTIC: [8] Undefined variable: total /opt/lampp/htdocs/test/Application/Runtime/Cache/Admin/12d1e4e5385d0e6cc59fae6e536e9169.php 第 304 行.
NOTIC: [8] Undefined variable: total /opt/lampp/htdocs/test/Application/Runtime/Cache/Admin/12d1e4e5385d0e6cc59fae6e536e9169.php 第 305 行.
NOTIC: [8] Undefined variable: total /opt/lampp/htdocs/test/Application/Runtime/Cache/Admin/12d1e4e5385d0e6cc59fae6e536e9169.php 第 305 行.
NOTIC: [2] Division by zero /opt/lampp/htdocs/test/Application/Runtime/Cache/Admin/12d1e4e5385d0e6cc59fae6e536e9169.php 第 305 行.
NOTIC: [8] Undefined variable: total /opt/lampp/htdocs/test/Application/Runtime/Cache/Admin/12d1e4e5385d0e6cc59fae6e536e9169.php 第 306 行.
NOTIC: [8] Undefined variable: total /opt/lampp/htdocs/test/Application/Runtime/Cache/Admin/12d1e4e5385d0e6cc59fae6e536e9169.php 第 307 行.
NOTIC: [8] Undefined variable: total /opt/lampp/htdocs/test/Application/Runtime/Cache/Admin/12d1e4e5385d0e6cc59fae6e536e9169.php 第 308 行.
NOTIC: [8] Undefined variable: total /opt/lampp/htdocs/test/Application/Runtime/Cache/Admin/12d1e4e5385d0e6cc59fae6e536e9169.php 第 309 行.
NOTIC: [8] Undefined variable: total /opt/lampp/htdocs/test/Application/Runtime/Cache/Admin/12d1e4e5385d0e6cc59fae6e536e9169.php 第 310 行.
NOTIC: [8] Undefined variable: total /opt/lampp/htdocs/test/Application/Runtime/Cache/Admin/12d1e4e5385d0e6cc59fae6e536e9169.php 第 311 行.
NOTIC: [8] Undefined variable: total /opt/lampp/htdocs/test/Application/Runtime/Cache/Admin/12d1e4e5385d0e6cc59fae6e536e9169.php 第 312 行.
NOTIC: [8] Undefined index: company /opt/lampp/htdocs/test/Application/Runtime/Cache/Admin/12d1e4e5385d0e6cc59fae6e536e9169.php 第 335 行.
NOTIC: [2] Division by zero /opt/lampp/htdocs/test/Application/Runtime/Cache/Admin/12d1e4e5385d0e6cc59fae6e536e9169.php 第 340 行.
NOTIC: [2] Division by zero /opt/lampp/htdocs/test/Application/Runtime/Cache/Admin/12d1e4e5385d0e6cc59fae6e536e9169.php 第 344 行.
NOTIC: [8] Undefined index: cost_money /opt/lampp/htdocs/test/Application/Runtime/Cache/Admin/12d1e4e5385d0e6cc59fae6e536e9169.php 第 347 行.
NOTIC: [8] Undefined variable: total /opt/lampp/htdocs/test/Application/Runtime/Cache/Admin/12d1e4e5385d0e6cc59fae6e536e9169.php 第 352 行.
NOTIC: [2] Division by zero /opt/lampp/htdocs/test/Application/Runtime/Cache/Admin/12d1e4e5385d0e6cc59fae6e536e9169.php 第 352 行.
NOTIC: [8] Undefined index: company /opt/lampp/htdocs/test/Application/Runtime/Cache/Admin/12d1e4e5385d0e6cc59fae6e536e9169.php 第 335 行.
NOTIC: [2] Division by zero /opt/lampp/htdocs/test/Application/Runtime/Cache/Admin/12d1e4e5385d0e6cc59fae6e536e9169.php 第 340 行.
NOTIC: [2] Division by zero /opt/lampp/htdocs/test/Application/Runtime/Cache/Admin/12d1e4e5385d0e6cc59fae6e536e9169.php 第 344 行.
NOTIC: [8] Undefined index: cost_money /opt/lampp/htdocs/test/Application/Runtime/Cache/Admin/12d1e4e5385d0e6cc59fae6e536e9169.php 第 347 行.
NOTIC: [8] Undefined variable: total /opt/lampp/htdocs/test/Application/Runtime/Cache/Admin/12d1e4e5385d0e6cc59fae6e536e9169.php 第 352 行.
NOTIC: [2] Division by zero /opt/lampp/htdocs/test/Application/Runtime/Cache/Admin/12d1e4e5385d0e6cc59fae6e536e9169.php 第 352 行.
NOTIC: [8] Undefined index: company /opt/lampp/htdocs/test/Application/Runtime/Cache/Admin/12d1e4e5385d0e6cc59fae6e536e9169.php 第 335 行.
NOTIC: [2] Division by zero /opt/lampp/htdocs/test/Application/Runtime/Cache/Admin/12d1e4e5385d0e6cc59fae6e536e9169.php 第 340 行.
NOTIC: [2] Division by zero /opt/lampp/htdocs/test/Application/Runtime/Cache/Admin/12d1e4e5385d0e6cc59fae6e536e9169.php 第 344 行.
NOTIC: [8] Undefined index: cost_money /opt/lampp/htdocs/test/Application/Runtime/Cache/Admin/12d1e4e5385d0e6cc59fae6e536e9169.php 第 347 行.
NOTIC: [8] Undefined variable: total /opt/lampp/htdocs/test/Application/Runtime/Cache/Admin/12d1e4e5385d0e6cc59fae6e536e9169.php 第 352 行.
NOTIC: [2] Division by zero /opt/lampp/htdocs/test/Application/Runtime/Cache/Admin/12d1e4e5385d0e6cc59fae6e536e9169.php 第 352 行.
NOTIC: [8] Undefined index: company /opt/lampp/htdocs/test/Application/Runtime/Cache/Admin/12d1e4e5385d0e6cc59fae6e536e9169.php 第 335 行.
NOTIC: [2] Division by zero /opt/lampp/htdocs/test/Application/Runtime/Cache/Admin/12d1e4e5385d0e6cc59fae6e536e9169.php 第 340 行.
NOTIC: [2] Division by zero /opt/lampp/htdocs/test/Application/Runtime/Cache/Admin/12d1e4e5385d0e6cc59fae6e536e9169.php 第 344 行.
NOTIC: [8] Undefined index: cost_money /opt/lampp/htdocs/test/Application/Runtime/Cache/Admin/12d1e4e5385d0e6cc59fae6e536e9169.php 第 347 行.
NOTIC: [8] Undefined variable: total /opt/lampp/htdocs/test/Application/Runtime/Cache/Admin/12d1e4e5385d0e6cc59fae6e536e9169.php 第 352 行.
NOTIC: [2] Division by zero /opt/lampp/htdocs/test/Application/Runtime/Cache/Admin/12d1e4e5385d0e6cc59fae6e536e9169.php 第 352 行.
NOTIC: [8] Undefined index: company /opt/lampp/htdocs/test/Application/Runtime/Cache/Admin/12d1e4e5385d0e6cc59fae6e536e9169.php 第 335 行.
NOTIC: [2] Division by zero /opt/lampp/htdocs/test/Application/Runtime/Cache/Admin/12d1e4e5385d0e6cc59fae6e536e9169.php 第 340 行.
NOTIC: [2] Division by zero /opt/lampp/htdocs/test/Application/Runtime/Cache/Admin/12d1e4e5385d0e6cc59fae6e536e9169.php 第 344 行.
NOTIC: [8] Undefined index: cost_money /opt/lampp/htdocs/test/Application/Runtime/Cache/Admin/12d1e4e5385d0e6cc59fae6e536e9169.php 第 347 行.
NOTIC: [8] Undefined variable: total /opt/lampp/htdocs/test/Application/Runtime/Cache/Admin/12d1e4e5385d0e6cc59fae6e536e9169.php 第 352 行.
NOTIC: [2] Division by zero /opt/lampp/htdocs/test/Application/Runtime/Cache/Admin/12d1e4e5385d0e6cc59fae6e536e9169.php 第 352 行.
INFO: Run Behavior\ParseTemplateBehavior [ RunTime:0.011538s ]
INFO: [ view_parse ] --END-- [ RunTime:0.011567s ]
INFO: [ view_filter ] --START--
INFO: Run Behavior\WriteHtmlCacheBehavior [ RunTime:0.000096s ]
INFO: [ view_filter ] --END-- [ RunTime:0.000119s ]
INFO: [ app_end ] --START--
INFO: Run Behavior\ShowPageTraceBehavior [ RunTime:0.000295s ]
INFO: [ app_end ] --END-- [ RunTime:0.000328s ]

[ 2018-02-13T15:58:06+08:00 ] 60.186.206.43 /test/index.php/Admin/Active/coupon.html?name=&starttime=2018-02-05&overtime=2018-02-11
INFO: [ app_init ] --START--
INFO: Run Behavior\BuildLiteBehavior [ RunTime:0.000009s ]
INFO: [ app_init ] --END-- [ RunTime:0.000233s ]
INFO: [ app_begin ] --START--
INFO: Run Behavior\ReadHtmlCacheBehavior [ RunTime:0.000330s ]
INFO: [ app_begin ] --END-- [ RunTime:0.000371s ]
SQL: SHOW COLUMNS FROM `dy_adver_cert` [ RunTime:0.0007s ]
SQL: SELECT COUNT(*) AS tp_count FROM `dy_adver_cert` WHERE `title` LIKE '%' LIMIT 1   [ RunTime:0.0002s ]
SQL: SELECT * FROM `dy_adver_cert` WHERE `title` LIKE '%' ORDER BY status desc,weight desc,new_add desc,arpu desc,create_time asc LIMIT 0,5   [ RunTime:0.0002s ]
SQL: SHOW COLUMNS FROM `dy_active_user_record` [ RunTime:0.0004s ]
SQL: SELECT COUNT(*) AS tp_count FROM `dy_active_user_record` WHERE `cert_id` = 246 AND ( `create_day` >= 1517760000 AND `create_day` <= 1518278400  ) LIMIT 1   [ RunTime:0.0002s ]
SQL: SELECT COUNT(distinct(uid)) AS tp_count FROM `dy_active_user_record` WHERE `cert_id` = 246 AND ( `create_day` >= 1517760000 AND `create_day` <= 1518278400  ) LIMIT 1   [ RunTime:0.0002s ]
NOTIC: [8] Undefined index: cost_money /opt/lampp/htdocs/test/Application/Admin/Controller/ActiveController.class.php 第 202 行.
SQL: SELECT COUNT(*) AS tp_count FROM `dy_active_user_record` WHERE `cert_id` = 246 AND ( `create_day` >= 1517760000 AND `create_day` <= 1518278400  ) AND `status` = 1 LIMIT 1   [ RunTime:0.0002s ]
SQL: SELECT COUNT(distinct(uid)) AS tp_count FROM `dy_active_user_record` WHERE `cert_id` = 246 AND ( `create_day` >= 1517760000 AND `create_day` <= 1518278400  ) AND `status` = 1 LIMIT 1   [ RunTime:0.0002s ]
NOTIC: [8] Undefined index: cost_money /opt/lampp/htdocs/test/Application/Admin/Controller/ActiveController.class.php 第 205 行.
SQL: SELECT COUNT(*) AS tp_count FROM `dy_active_user_record` WHERE `cert_id` = 231 AND ( `create_day` >= 1517760000 AND `create_day` <= 1518278400  ) LIMIT 1   [ RunTime:0.0003s ]
SQL: SELECT COUNT(distinct(uid)) AS tp_count FROM `dy_active_user_record` WHERE `cert_id` = 231 AND ( `create_day` >= 1517760000 AND `create_day` <= 1518278400  ) LIMIT 1   [ RunTime:0.0002s ]
NOTIC: [8] Undefined index: cost_money /opt/lampp/htdocs/test/Application/Admin/Controller/ActiveController.class.php 第 202 行.
SQL: SELECT COUNT(*) AS tp_count FROM `dy_active_user_record` WHERE `cert_id` = 231 AND ( `create_day` >= 1517760000 AND `create_day` <= 1518278400  ) AND `status` = 1 LIMIT 1   [ RunTime:0.0002s ]
SQL: SELECT COUNT(distinct(uid)) AS tp_count FROM `dy_active_user_record` WHERE `cert_id` = 231 AND ( `create_day` >= 1517760000 AND `create_day` <= 1518278400  ) AND `status` = 1 LIMIT 1   [ RunTime:0.0003s ]
NOTIC: [8] Undefined index: cost_money /opt/lampp/htdocs/test/Application/Admin/Controller/ActiveController.class.php 第 205 行.
SQL: SELECT COUNT(*) AS tp_count FROM `dy_active_user_record` WHERE `cert_id` = 230 AND ( `create_day` >= 1517760000 AND `create_day` <= 1518278400  ) LIMIT 1   [ RunTime:0.0002s ]
SQL: SELECT COUNT(distinct(uid)) AS tp_count FROM `dy_active_user_record` WHERE `cert_id` = 230 AND ( `create_day` >= 1517760000 AND `create_day` <= 1518278400  ) LIMIT 1   [ RunTime:0.0002s ]
NOTIC: [8] Undefined index: cost_money /opt/lampp/htdocs/test/Application/Admin/Controller/ActiveController.class.php 第 202 行.
SQL: SELECT COUNT(*) AS tp_count FROM `dy_active_user_record` WHERE `cert_id` = 230 AND ( `create_day` >= 1517760000 AND `create_day` <= 1518278400  ) AND `status` = 1 LIMIT 1   [ RunTime:0.0002s ]
SQL: SELECT COUNT(distinct(uid)) AS tp_count FROM `dy_active_user_record` WHERE `cert_id` = 230 AND ( `create_day` >= 1517760000 AND `create_day` <= 1518278400  ) AND `status` = 1 LIMIT 1   [ RunTime:0.0002s ]
NOTIC: [8] Undefined index: cost_money /opt/lampp/htdocs/test/Application/Admin/Controller/ActiveController.class.php 第 205 行.
SQL: SELECT COUNT(*) AS tp_count FROM `dy_active_user_record` WHERE `cert_id` = 233 AND ( `create_day` >= 1517760000 AND `create_day` <= 1518278400  ) LIMIT 1   [ RunTime:0.0002s ]
SQL: SELECT COUNT(distinct(uid)) AS tp_count FROM `dy_active_user_record` WHERE `cert_id` = 233 AND ( `create_day` >= 1517760000 AND `create_day` <= 1518278400  ) LIMIT 1   [ RunTime:0.0002s ]
NOTIC: [8] Undefined index: cost_money /opt/lampp/htdocs/test/Application/Admin/Controller/ActiveController.class.php 第 202 行.
SQL: SELECT COUNT(*) AS tp_count FROM `dy_active_user_record` WHERE `cert_id` = 233 AND ( `create_day` >= 1517760000 AND `create_day` <= 1518278400  ) AND `status` = 1 LIMIT 1   [ RunTime:0.0002s ]
SQL: SELECT COUNT(distinct(uid)) AS tp_count FROM `dy_active_user_record` WHERE `cert_id` = 233 AND ( `create_day` >= 1517760000 AND `create_day` <= 1518278400  ) AND `status` = 1 LIMIT 1   [ RunTime:0.0003s ]
NOTIC: [8] Undefined index: cost_money /opt/lampp/htdocs/test/Application/Admin/Controller/ActiveController.class.php 第 205 行.
SQL: SELECT COUNT(*) AS tp_count FROM `dy_active_user_record` WHERE `cert_id` = 236 AND ( `create_day` >= 1517760000 AND `create_day` <= 1518278400  ) LIMIT 1   [ RunTime:0.0002s ]
SQL: SELECT COUNT(distinct(uid)) AS tp_count FROM `dy_active_user_record` WHERE `cert_id` = 236 AND ( `create_day` >= 1517760000 AND `create_day` <= 1518278400  ) LIMIT 1   [ RunTime:0.0002s ]
NOTIC: [8] Undefined index: cost_money /opt/lampp/htdocs/test/Application/Admin/Controller/ActiveController.class.php 第 202 行.
SQL: SELECT COUNT(*) AS tp_count FROM `dy_active_user_record` WHERE `cert_id` = 236 AND ( `create_day` >= 1517760000 AND `create_day` <= 1518278400  ) AND `status` = 1 LIMIT 1   [ RunTime:0.0002s ]
SQL: SELECT COUNT(distinct(uid)) AS tp_count FROM `dy_active_user_record` WHERE `cert_id` = 236 AND ( `create_day` >= 1517760000 AND `create_day` <= 1518278400  ) AND `status` = 1 LIMIT 1   [ RunTime:0.0002s ]
NOTIC: [8] Undefined index: cost_money /opt/lampp/htdocs/test/Application/Admin/Controller/ActiveController.class.php 第 205 行.
INFO: [ view_parse ] --START--
INFO: [ template_filter ] --START--
INFO: Run Behavior\ContentReplaceBehavior [ RunTime:0.000070s ]
INFO: [ template_filter ] --END-- [ RunTime:0.000104s ]
NOTIC: [8] Undefined variable: total /opt/lampp/htdocs/test/Application/Runtime/Cache/Admin/12d1e4e5385d0e6cc59fae6e536e9169.php 第 294 行.
NOTIC: [8] Undefined variable: total /opt/lampp/htdocs/test/Application/Runtime/Cache/Admin/12d1e4e5385d0e6cc59fae6e536e9169.php 第 299 行.
NOTIC: [8] Undefined variable: total /opt/lampp/htdocs/test/Application/Runtime/Cache/Admin/12d1e4e5385d0e6cc59fae6e536e9169.php 第 300 行.
NOTIC: [8] Undefined variable: total /opt/lampp/htdocs/test/Application/Runtime/Cache/Admin/12d1e4e5385d0e6cc59fae6e536e9169.php 第 301 行.
NOTIC: [8] Undefined variable: total /opt/lampp/htdocs/test/Application/Runtime/Cache/Admin/12d1e4e5385d0e6cc59fae6e536e9169.php 第 301 行.
NOTIC: [2] Division by zero /opt/lampp/htdocs/test/Application/Runtime/Cache/Admin/12d1e4e5385d0e6cc59fae6e536e9169.php 第 301 行.
NOTIC: [8] Undefined variable: total /opt/lampp/htdocs/test/Application/Runtime/Cache/Admin/12d1e4e5385d0e6cc59fae6e536e9169.php 第 302 行.
NOTIC: [8] Undefined variable: total /opt/lampp/htdocs/test/Application/Runtime/Cache/Admin/12d1e4e5385d0e6cc59fae6e536e9169.php 第 303 行.
NOTIC: [8] Undefined variable: total /opt/lampp/htdocs/test/Application/Runtime/Cache/Admin/12d1e4e5385d0e6cc59fae6e536e9169.php 第 304 行.
NOTIC: [8] Undefined variable: total /opt/lampp/htdocs/test/Application/Runtime/Cache/Admin/12d1e4e5385d0e6cc59fae6e536e9169.php 第 305 行.
NOTIC: [8] Undefined variable: total /opt/lampp/htdocs/test/Application/Runtime/Cache/Admin/12d1e4e5385d0e6cc59fae6e536e9169.php 第 305 行.
NOTIC: [2] Division by zero /opt/lampp/htdocs/test/Application/Runtime/Cache/Admin/12d1e4e5385d0e6cc59fae6e536e9169.php 第 305 行.
NOTIC: [8] Undefined variable: total /opt/lampp/htdocs/test/Application/Runtime/Cache/Admin/12d1e4e5385d0e6cc59fae6e536e9169.php 第 306 行.
NOTIC: [8] Undefined variable: total /opt/lampp/htdocs/test/Application/Runtime/Cache/Admin/12d1e4e5385d0e6cc59fae6e536e9169.php 第 307 行.
NOTIC: [8] Undefined variable: total /opt/lampp/htdocs/test/Application/Runtime/Cache/Admin/12d1e4e5385d0e6cc59fae6e536e9169.php 第 308 行.
NOTIC: [8] Undefined variable: total /opt/lampp/htdocs/test/Application/Runtime/Cache/Admin/12d1e4e5385d0e6cc59fae6e536e9169.php 第 309 行.
NOTIC: [8] Undefined variable: total /opt/lampp/htdocs/test/Application/Runtime/Cache/Admin/12d1e4e5385d0e6cc59fae6e536e9169.php 第 310 行.
NOTIC: [8] Undefined variable: total /opt/lampp/htdocs/test/Application/Runtime/Cache/Admin/12d1e4e5385d0e6cc59fae6e536e9169.php 第 311 行.
NOTIC: [8] Undefined variable: total /opt/lampp/htdocs/test/Application/Runtime/Cache/Admin/12d1e4e5385d0e6cc59fae6e536e9169.php 第 312 行.
NOTIC: [8] Undefined index: company /opt/lampp/htdocs/test/Application/Runtime/Cache/Admin/12d1e4e5385d0e6cc59fae6e536e9169.php 第 335 行.
NOTIC: [8] Undefined index: cost_money /opt/lampp/htdocs/test/Application/Runtime/Cache/Admin/12d1e4e5385d0e6cc59fae6e536e9169.php 第 347 行.
NOTIC: [8] Undefined variable: total /opt/lampp/htdocs/test/Application/Runtime/Cache/Admin/12d1e4e5385d0e6cc59fae6e536e9169.php 第 352 行.
NOTIC: [2] Division by zero /opt/lampp/htdocs/test/Application/Runtime/Cache/Admin/12d1e4e5385d0e6cc59fae6e536e9169.php 第 352 行.
NOTIC: [8] Undefined index: company /opt/lampp/htdocs/test/Application/Runtime/Cache/Admin/12d1e4e5385d0e6cc59fae6e536e9169.php 第 335 行.
NOTIC: [8] Undefined index: cost_money /opt/lampp/htdocs/test/Application/Runtime/Cache/Admin/12d1e4e5385d0e6cc59fae6e536e9169.php 第 347 行.
NOTIC: [8] Undefined variable: total /opt/lampp/htdocs/test/Application/Runtime/Cache/Admin/12d1e4e5385d0e6cc59fae6e536e9169.php 第 352 行.
NOTIC: [2] Division by zero /opt/lampp/htdocs/test/Application/Runtime/Cache/Admin/12d1e4e5385d0e6cc59fae6e536e9169.php 第 352 行.
NOTIC: [8] Undefined index: company /opt/lampp/htdocs/test/Application/Runtime/Cache/Admin/12d1e4e5385d0e6cc59fae6e536e9169.php 第 335 行.
NOTIC: [8] Undefined index: cost_money /opt/lampp/htdocs/test/Application/Runtime/Cache/Admin/12d1e4e5385d0e6cc59fae6e536e9169.php 第 347 行.
NOTIC: [8] Undefined variable: total /opt/lampp/htdocs/test/Application/Runtime/Cache/Admin/12d1e4e5385d0e6cc59fae6e536e9169.php 第 352 行.
NOTIC: [2] Division by zero /opt/lampp/htdocs/test/Application/Runtime/Cache/Admin/12d1e4e5385d0e6cc59fae6e536e9169.php 第 352 行.
NOTIC: [8] Undefined index: company /opt/lampp/htdocs/test/Application/Runtime/Cache/Admin/12d1e4e5385d0e6cc59fae6e536e9169.php 第 335 行.
NOTIC: [8] Undefined index: cost_money /opt/lampp/htdocs/test/Application/Runtime/Cache/Admin/12d1e4e5385d0e6cc59fae6e536e9169.php 第 347 行.
NOTIC: [8] Undefined variable: total /opt/lampp/htdocs/test/Application/Runtime/Cache/Admin/12d1e4e5385d0e6cc59fae6e536e9169.php 第 352 行.
NOTIC: [2] Division by zero /opt/lampp/htdocs/test/Application/Runtime/Cache/Admin/12d1e4e5385d0e6cc59fae6e536e9169.php 第 352 行.
NOTIC: [8] Undefined index: company /opt/lampp/htdocs/test/Application/Runtime/Cache/Admin/12d1e4e5385d0e6cc59fae6e536e9169.php 第 335 行.
NOTIC: [8] Undefined index: cost_money /opt/lampp/htdocs/test/Application/Runtime/Cache/Admin/12d1e4e5385d0e6cc59fae6e536e9169.php 第 347 行.
NOTIC: [8] Undefined variable: total /opt/lampp/htdocs/test/Application/Runtime/Cache/Admin/12d1e4e5385d0e6cc59fae6e536e9169.php 第 352 行.
NOTIC: [2] Division by zero /opt/lampp/htdocs/test/Application/Runtime/Cache/Admin/12d1e4e5385d0e6cc59fae6e536e9169.php 第 352 行.
INFO: Run Behavior\ParseTemplateBehavior [ RunTime:0.011830s ]
INFO: [ view_parse ] --END-- [ RunTime:0.011859s ]
INFO: [ view_filter ] --START--
INFO: Run Behavior\WriteHtmlCacheBehavior [ RunTime:0.000095s ]
INFO: [ view_filter ] --END-- [ RunTime:0.000118s ]
INFO: [ app_end ] --START--
INFO: Run Behavior\ShowPageTraceBehavior [ RunTime:0.000325s ]
INFO: [ app_end ] --END-- [ RunTime:0.000357s ]

[ 2018-02-13T16:01:26+08:00 ] 60.186.206.43 /test/index.php/Admin/Active/coupon.html?name=&starttime=2018-02-10&overtime=2018-02-28
INFO: [ app_init ] --START--
INFO: Run Behavior\BuildLiteBehavior [ RunTime:0.000010s ]
INFO: [ app_init ] --END-- [ RunTime:0.000228s ]
INFO: [ app_begin ] --START--
INFO: Run Behavior\ReadHtmlCacheBehavior [ RunTime:0.000287s ]
INFO: [ app_begin ] --END-- [ RunTime:0.000319s ]
SQL: SHOW COLUMNS FROM `dy_adver_cert` [ RunTime:0.0007s ]
SQL: SELECT COUNT(*) AS tp_count FROM `dy_adver_cert` WHERE `title` LIKE '%' LIMIT 1   [ RunTime:0.0002s ]
SQL: SELECT * FROM `dy_adver_cert` WHERE `title` LIKE '%' ORDER BY status desc,weight desc,new_add desc,arpu desc,create_time asc LIMIT 0,5   [ RunTime:0.0002s ]
SQL: SHOW COLUMNS FROM `dy_active_user_record` [ RunTime:0.0004s ]
SQL: SELECT COUNT(*) AS tp_count FROM `dy_active_user_record` WHERE `cert_id` = 246 AND ( `create_day` >= 1518192000 AND `create_day` <= 1519747200  ) LIMIT 1   [ RunTime:0.0002s ]
SQL: SELECT COUNT(distinct(uid)) AS tp_count FROM `dy_active_user_record` WHERE `cert_id` = 246 AND ( `create_day` >= 1518192000 AND `create_day` <= 1519747200  ) LIMIT 1   [ RunTime:0.0002s ]
NOTIC: [8] Undefined index: cost_money /opt/lampp/htdocs/test/Application/Admin/Controller/ActiveController.class.php 第 202 行.
SQL: SELECT COUNT(*) AS tp_count FROM `dy_active_user_record` WHERE `cert_id` = 246 AND ( `create_day` >= 1518192000 AND `create_day` <= 1519747200  ) AND `status` = 1 LIMIT 1   [ RunTime:0.0002s ]
SQL: SELECT COUNT(distinct(uid)) AS tp_count FROM `dy_active_user_record` WHERE `cert_id` = 246 AND ( `create_day` >= 1518192000 AND `create_day` <= 1519747200  ) AND `status` = 1 LIMIT 1   [ RunTime:0.0002s ]
NOTIC: [8] Undefined index: cost_money /opt/lampp/htdocs/test/Application/Admin/Controller/ActiveController.class.php 第 205 行.
SQL: SELECT COUNT(*) AS tp_count FROM `dy_active_user_record` WHERE `cert_id` = 231 AND ( `create_day` >= 1518192000 AND `create_day` <= 1519747200  ) LIMIT 1   [ RunTime:0.0002s ]
SQL: SELECT COUNT(distinct(uid)) AS tp_count FROM `dy_active_user_record` WHERE `cert_id` = 231 AND ( `create_day` >= 1518192000 AND `create_day` <= 1519747200  ) LIMIT 1   [ RunTime:0.0002s ]
NOTIC: [8] Undefined index: cost_money /opt/lampp/htdocs/test/Application/Admin/Controller/ActiveController.class.php 第 202 行.
SQL: SELECT COUNT(*) AS tp_count FROM `dy_active_user_record` WHERE `cert_id` = 231 AND ( `create_day` >= 1518192000 AND `create_day` <= 1519747200  ) AND `status` = 1 LIMIT 1   [ RunTime:0.0002s ]
SQL: SELECT COUNT(distinct(uid)) AS tp_count FROM `dy_active_user_record` WHERE `cert_id` = 231 AND ( `create_day` >= 1518192000 AND `create_day` <= 1519747200  ) AND `status` = 1 LIMIT 1   [ RunTime:0.0002s ]
NOTIC: [8] Undefined index: cost_money /opt/lampp/htdocs/test/Application/Admin/Controller/ActiveController.class.php 第 205 行.
SQL: SELECT COUNT(*) AS tp_count FROM `dy_active_user_record` WHERE `cert_id` = 230 AND ( `create_day` >= 1518192000 AND `create_day` <= 1519747200  ) LIMIT 1   [ RunTime:0.0002s ]
SQL: SELECT COUNT(distinct(uid)) AS tp_count FROM `dy_active_user_record` WHERE `cert_id` = 230 AND ( `create_day` >= 1518192000 AND `create_day` <= 1519747200  ) LIMIT 1   [ RunTime:0.0002s ]
NOTIC: [8] Undefined index: cost_money /opt/lampp/htdocs/test/Application/Admin/Controller/ActiveController.class.php 第 202 行.
NOTIC: [2] Division by zero /opt/lampp/htdocs/test/Application/Admin/Controller/ActiveController.class.php 第 202 行.
SQL: SELECT COUNT(*) AS tp_count FROM `dy_active_user_record` WHERE `cert_id` = 230 AND ( `create_day` >= 1518192000 AND `create_day` <= 1519747200  ) AND `status` = 1 LIMIT 1   [ RunTime:0.0002s ]
SQL: SELECT COUNT(distinct(uid)) AS tp_count FROM `dy_active_user_record` WHERE `cert_id` = 230 AND ( `create_day` >= 1518192000 AND `create_day` <= 1519747200  ) AND `status` = 1 LIMIT 1   [ RunTime:0.0002s ]
NOTIC: [8] Undefined index: cost_money /opt/lampp/htdocs/test/Application/Admin/Controller/ActiveController.class.php 第 205 行.
NOTIC: [2] Division by zero /opt/lampp/htdocs/test/Application/Admin/Controller/ActiveController.class.php 第 205 行.
NOTIC: [2] Division by zero /opt/lampp/htdocs/test/Application/Admin/Controller/ActiveController.class.php 第 206 行.
SQL: SELECT COUNT(*) AS tp_count FROM `dy_active_user_record` WHERE `cert_id` = 233 AND ( `create_day` >= 1518192000 AND `create_day` <= 1519747200  ) LIMIT 1   [ RunTime:0.0002s ]
SQL: SELECT COUNT(distinct(uid)) AS tp_count FROM `dy_active_user_record` WHERE `cert_id` = 233 AND ( `create_day` >= 1518192000 AND `create_day` <= 1519747200  ) LIMIT 1   [ RunTime:0.0002s ]
NOTIC: [8] Undefined index: cost_money /opt/lampp/htdocs/test/Application/Admin/Controller/ActiveController.class.php 第 202 行.
SQL: SELECT COUNT(*) AS tp_count FROM `dy_active_user_record` WHERE `cert_id` = 233 AND ( `create_day` >= 1518192000 AND `create_day` <= 1519747200  ) AND `status` = 1 LIMIT 1   [ RunTime:0.0002s ]
SQL: SELECT COUNT(distinct(uid)) AS tp_count FROM `dy_active_user_record` WHERE `cert_id` = 233 AND ( `create_day` >= 1518192000 AND `create_day` <= 1519747200  ) AND `status` = 1 LIMIT 1   [ RunTime:0.0002s ]
NOTIC: [8] Undefined index: cost_money /opt/lampp/htdocs/test/Application/Admin/Controller/ActiveController.class.php 第 205 行.
SQL: SELECT COUNT(*) AS tp_count FROM `dy_active_user_record` WHERE `cert_id` = 236 AND ( `create_day` >= 1518192000 AND `create_day` <= 1519747200  ) LIMIT 1   [ RunTime:0.0002s ]
SQL: SELECT COUNT(distinct(uid)) AS tp_count FROM `dy_active_user_record` WHERE `cert_id` = 236 AND ( `create_day` >= 1518192000 AND `create_day` <= 1519747200  ) LIMIT 1   [ RunTime:0.0002s ]
NOTIC: [8] Undefined index: cost_money /opt/lampp/htdocs/test/Application/Admin/Controller/ActiveController.class.php 第 202 行.
SQL: SELECT COUNT(*) AS tp_count FROM `dy_active_user_record` WHERE `cert_id` = 236 AND ( `create_day` >= 1518192000 AND `create_day` <= 1519747200  ) AND `status` = 1 LIMIT 1   [ RunTime:0.0002s ]
SQL: SELECT COUNT(distinct(uid)) AS tp_count FROM `dy_active_user_record` WHERE `cert_id` = 236 AND ( `create_day` >= 1518192000 AND `create_day` <= 1519747200  ) AND `status` = 1 LIMIT 1   [ RunTime:0.0002s ]
NOTIC: [8] Undefined index: cost_money /opt/lampp/htdocs/test/Application/Admin/Controller/ActiveController.class.php 第 205 行.
NOTIC: [2] Division by zero /opt/lampp/htdocs/test/Application/Admin/Controller/ActiveController.class.php 第 205 行.
INFO: [ view_parse ] --START--
INFO: [ template_filter ] --START--
INFO: Run Behavior\ContentReplaceBehavior [ RunTime:0.000076s ]
INFO: [ template_filter ] --END-- [ RunTime:0.000110s ]
NOTIC: [8] Undefined variable: total /opt/lampp/htdocs/test/Application/Runtime/Cache/Admin/12d1e4e5385d0e6cc59fae6e536e9169.php 第 294 行.
NOTIC: [8] Undefined variable: total /opt/lampp/htdocs/test/Application/Runtime/Cache/Admin/12d1e4e5385d0e6cc59fae6e536e9169.php 第 299 行.
NOTIC: [8] Undefined variable: total /opt/lampp/htdocs/test/Application/Runtime/Cache/Admin/12d1e4e5385d0e6cc59fae6e536e9169.php 第 300 行.
NOTIC: [8] Undefined variable: total /opt/lampp/htdocs/test/Application/Runtime/Cache/Admin/12d1e4e5385d0e6cc59fae6e536e9169.php 第 301 行.
NOTIC: [8] Undefined variable: total /opt/lampp/htdocs/test/Application/Runtime/Cache/Admin/12d1e4e5385d0e6cc59fae6e536e9169.php 第 301 行.
NOTIC: [2] Division by zero /opt/lampp/htdocs/test/Application/Runtime/Cache/Admin/12d1e4e5385d0e6cc59fae6e536e9169.php 第 301 行.
NOTIC: [8] Undefined variable: total /opt/lampp/htdocs/test/Application/Runtime/Cache/Admin/12d1e4e5385d0e6cc59fae6e536e9169.php 第 302 行.
NOTIC: [8] Undefined variable: total /opt/lampp/htdocs/test/Application/Runtime/Cache/Admin/12d1e4e5385d0e6cc59fae6e536e9169.php 第 303 行.
NOTIC: [8] Undefined variable: total /opt/lampp/htdocs/test/Application/Runtime/Cache/Admin/12d1e4e5385d0e6cc59fae6e536e9169.php 第 304 行.
NOTIC: [8] Undefined variable: total /opt/lampp/htdocs/test/Application/Runtime/Cache/Admin/12d1e4e5385d0e6cc59fae6e536e9169.php 第 305 行.
NOTIC: [8] Undefined variable: total /opt/lampp/htdocs/test/Application/Runtime/Cache/Admin/12d1e4e5385d0e6cc59fae6e536e9169.php 第 305 行.
NOTIC: [2] Division by zero /opt/lampp/htdocs/test/Application/Runtime/Cache/Admin/12d1e4e5385d0e6cc59fae6e536e9169.php 第 305 行.
NOTIC: [8] Undefined variable: total /opt/lampp/htdocs/test/Application/Runtime/Cache/Admin/12d1e4e5385d0e6cc59fae6e536e9169.php 第 306 行.
NOTIC: [8] Undefined variable: total /opt/lampp/htdocs/test/Application/Runtime/Cache/Admin/12d1e4e5385d0e6cc59fae6e536e9169.php 第 307 行.
NOTIC: [8] Undefined variable: total /opt/lampp/htdocs/test/Application/Runtime/Cache/Admin/12d1e4e5385d0e6cc59fae6e536e9169.php 第 308 行.
NOTIC: [8] Undefined variable: total /opt/lampp/htdocs/test/Application/Runtime/Cache/Admin/12d1e4e5385d0e6cc59fae6e536e9169.php 第 309 行.
NOTIC: [8] Undefined variable: total /opt/lampp/htdocs/test/Application/Runtime/Cache/Admin/12d1e4e5385d0e6cc59fae6e536e9169.php 第 310 行.
NOTIC: [8] Undefined variable: total /opt/lampp/htdocs/test/Application/Runtime/Cache/Admin/12d1e4e5385d0e6cc59fae6e536e9169.php 第 311 行.
NOTIC: [8] Undefined variable: total /opt/lampp/htdocs/test/Application/Runtime/Cache/Admin/12d1e4e5385d0e6cc59fae6e536e9169.php 第 312 行.
NOTIC: [8] Undefined index: company /opt/lampp/htdocs/test/Application/Runtime/Cache/Admin/12d1e4e5385d0e6cc59fae6e536e9169.php 第 335 行.
NOTIC: [8] Undefined index: cost_money /opt/lampp/htdocs/test/Application/Runtime/Cache/Admin/12d1e4e5385d0e6cc59fae6e536e9169.php 第 347 行.
NOTIC: [8] Undefined variable: total /opt/lampp/htdocs/test/Application/Runtime/Cache/Admin/12d1e4e5385d0e6cc59fae6e536e9169.php 第 352 行.
NOTIC: [2] Division by zero /opt/lampp/htdocs/test/Application/Runtime/Cache/Admin/12d1e4e5385d0e6cc59fae6e536e9169.php 第 352 行.
NOTIC: [8] Undefined index: company /opt/lampp/htdocs/test/Application/Runtime/Cache/Admin/12d1e4e5385d0e6cc59fae6e536e9169.php 第 335 行.
NOTIC: [8] Undefined index: cost_money /opt/lampp/htdocs/test/Application/Runtime/Cache/Admin/12d1e4e5385d0e6cc59fae6e536e9169.php 第 347 行.
NOTIC: [8] Undefined variable: total /opt/lampp/htdocs/test/Application/Runtime/Cache/Admin/12d1e4e5385d0e6cc59fae6e536e9169.php 第 352 行.
NOTIC: [2] Division by zero /opt/lampp/htdocs/test/Application/Runtime/Cache/Admin/12d1e4e5385d0e6cc59fae6e536e9169.php 第 352 行.
NOTIC: [8] Undefined index: company /opt/lampp/htdocs/test/Application/Runtime/Cache/Admin/12d1e4e5385d0e6cc59fae6e536e9169.php 第 335 行.
NOTIC: [2] Division by zero /opt/lampp/htdocs/test/Application/Runtime/Cache/Admin/12d1e4e5385d0e6cc59fae6e536e9169.php 第 340 行.
NOTIC: [2] Division by zero /opt/lampp/htdocs/test/Application/Runtime/Cache/Admin/12d1e4e5385d0e6cc59fae6e536e9169.php 第 344 行.
NOTIC: [8] Undefined index: cost_money /opt/lampp/htdocs/test/Application/Runtime/Cache/Admin/12d1e4e5385d0e6cc59fae6e536e9169.php 第 347 行.
NOTIC: [8] Undefined variable: total /opt/lampp/htdocs/test/Application/Runtime/Cache/Admin/12d1e4e5385d0e6cc59fae6e536e9169.php 第 352 行.
NOTIC: [2] Division by zero /opt/lampp/htdocs/test/Application/Runtime/Cache/Admin/12d1e4e5385d0e6cc59fae6e536e9169.php 第 352 行.
NOTIC: [8] Undefined index: company /opt/lampp/htdocs/test/Application/Runtime/Cache/Admin/12d1e4e5385d0e6cc59fae6e536e9169.php 第 335 行.
NOTIC: [8] Undefined index: cost_money /opt/lampp/htdocs/test/Application/Runtime/Cache/Admin/12d1e4e5385d0e6cc59fae6e536e9169.php 第 347 行.
NOTIC: [8] Undefined variable: total /opt/lampp/htdocs/test/Application/Runtime/Cache/Admin/12d1e4e5385d0e6cc59fae6e536e9169.php 第 352 行.
NOTIC: [2] Division by zero /opt/lampp/htdocs/test/Application/Runtime/Cache/Admin/12d1e4e5385d0e6cc59fae6e536e9169.php 第 352 行.
NOTIC: [8] Undefined index: company /opt/lampp/htdocs/test/Application/Runtime/Cache/Admin/12d1e4e5385d0e6cc59fae6e536e9169.php 第 335 行.
NOTIC: [2] Division by zero /opt/lampp/htdocs/test/Application/Runtime/Cache/Admin/12d1e4e5385d0e6cc59fae6e536e9169.php 第 344 行.
NOTIC: [8] Undefined index: cost_money /opt/lampp/htdocs/test/Application/Runtime/Cache/Admin/12d1e4e5385d0e6cc59fae6e536e9169.php 第 347 行.
NOTIC: [8] Undefined variable: total /opt/lampp/htdocs/test/Application/Runtime/Cache/Admin/12d1e4e5385d0e6cc59fae6e536e9169.php 第 352 行.
NOTIC: [2] Division by zero /opt/lampp/htdocs/test/Application/Runtime/Cache/Admin/12d1e4e5385d0e6cc59fae6e536e9169.php 第 352 行.
INFO: Run Behavior\ParseTemplateBehavior [ RunTime:0.011447s ]
INFO: [ view_parse ] --END-- [ RunTime:0.011474s ]
INFO: [ view_filter ] --START--
INFO: Run Behavior\WriteHtmlCacheBehavior [ RunTime:0.000102s ]
INFO: [ view_filter ] --END-- [ RunTime:0.000124s ]
INFO: [ app_end ] --START--
INFO: Run Behavior\ShowPageTraceBehavior [ RunTime:0.000298s ]
INFO: [ app_end ] --END-- [ RunTime:0.000329s ]

[ 2018-02-13T16:01:51+08:00 ] 60.186.206.43 /test/index.php/Admin/Active/active.html
INFO: [ app_init ] --START--
INFO: Run Behavior\BuildLiteBehavior [ RunTime:0.000010s ]
INFO: [ app_init ] --END-- [ RunTime:0.000228s ]
INFO: [ app_begin ] --START--
INFO: Run Behavior\ReadHtmlCacheBehavior [ RunTime:0.000265s ]
INFO: [ app_begin ] --END-- [ RunTime:0.000295s ]
SQL: SHOW COLUMNS FROM `dy_active_temp_item` [ RunTime:0.0006s ]
SQL: SELECT COUNT(*) AS tp_count FROM `dy_active_temp_item` WHERE `title` LIKE '%' LIMIT 1   [ RunTime:0.0002s ]
SQL: SELECT * FROM `dy_active_temp_item` WHERE `title` LIKE '%' ORDER BY status ,create_time desc LIMIT 0,8   [ RunTime:0.0003s ]
SQL: SHOW COLUMNS FROM `dy_active_user` [ RunTime:0.0003s ]
SQL: SELECT COUNT(*) AS tp_count FROM `dy_active_user` WHERE `active_id` = 42 AND `join_times` > 0 AND ( `create_day` >= 1518451200 AND `create_day` <= 1518537599  ) LIMIT 1   [ RunTime:0.0002s ]
SQL: SELECT COUNT(*) AS tp_count FROM `dy_active_user` WHERE `active_id` = 42 AND `join_times` >= 0 AND ( `create_day` >= 1518451200 AND `create_day` <= 1518537599  ) LIMIT 1   [ RunTime:0.0002s ]
SQL: SELECT COUNT(*) AS tp_count FROM `dy_active_user` WHERE `active_id` = 54 AND `join_times` > 0 AND ( `create_day` >= 1518451200 AND `create_day` <= 1518537599  ) LIMIT 1   [ RunTime:0.0002s ]
SQL: SELECT COUNT(*) AS tp_count FROM `dy_active_user` WHERE `active_id` = 54 AND `join_times` >= 0 AND ( `create_day` >= 1518451200 AND `create_day` <= 1518537599  ) LIMIT 1   [ RunTime:0.0002s ]
SQL: SELECT COUNT(*) AS tp_count FROM `dy_active_user` WHERE `active_id` = 52 AND `join_times` > 0 AND ( `create_day` >= 1518451200 AND `create_day` <= 1518537599  ) LIMIT 1   [ RunTime:0.0002s ]
SQL: SELECT COUNT(*) AS tp_count FROM `dy_active_user` WHERE `active_id` = 52 AND `join_times` >= 0 AND ( `create_day` >= 1518451200 AND `create_day` <= 1518537599  ) LIMIT 1   [ RunTime:0.0002s ]
SQL: SELECT COUNT(*) AS tp_count FROM `dy_active_user` WHERE `active_id` = 65 AND `join_times` > 0 AND ( `create_day` >= 1518451200 AND `create_day` <= 1518537599  ) LIMIT 1   [ RunTime:0.0002s ]
SQL: SELECT COUNT(*) AS tp_count FROM `dy_active_user` WHERE `active_id` = 65 AND `join_times` >= 0 AND ( `create_day` >= 1518451200 AND `create_day` <= 1518537599  ) LIMIT 1   [ RunTime:0.0002s ]
SQL: SELECT COUNT(*) AS tp_count FROM `dy_active_user` WHERE `active_id` = 55 AND `join_times` > 0 AND ( `create_day` >= 1518451200 AND `create_day` <= 1518537599  ) LIMIT 1   [ RunTime:0.0002s ]
SQL: SELECT COUNT(*) AS tp_count FROM `dy_active_user` WHERE `active_id` = 55 AND `join_times` >= 0 AND ( `create_day` >= 1518451200 AND `create_day` <= 1518537599  ) LIMIT 1   [ RunTime:0.0002s ]
SQL: SELECT COUNT(*) AS tp_count FROM `dy_active_user` WHERE `active_id` = 61 AND `join_times` > 0 AND ( `create_day` >= 1518451200 AND `create_day` <= 1518537599  ) LIMIT 1   [ RunTime:0.0002s ]
SQL: SELECT COUNT(*) AS tp_count FROM `dy_active_user` WHERE `active_id` = 61 AND `join_times` >= 0 AND ( `create_day` >= 1518451200 AND `create_day` <= 1518537599  ) LIMIT 1   [ RunTime:0.0002s ]
SQL: SELECT COUNT(*) AS tp_count FROM `dy_active_user` WHERE `active_id` = 59 AND `join_times` > 0 AND ( `create_day` >= 1518451200 AND `create_day` <= 1518537599  ) LIMIT 1   [ RunTime:0.0002s ]
SQL: SELECT COUNT(*) AS tp_count FROM `dy_active_user` WHERE `active_id` = 59 AND `join_times` >= 0 AND ( `create_day` >= 1518451200 AND `create_day` <= 1518537599  ) LIMIT 1   [ RunTime:0.0002s ]
SQL: SELECT COUNT(*) AS tp_count FROM `dy_active_user` WHERE `active_id` = 60 AND `join_times` > 0 AND ( `create_day` >= 1518451200 AND `create_day` <= 1518537599  ) LIMIT 1   [ RunTime:0.0002s ]
SQL: SELECT COUNT(*) AS tp_count FROM `dy_active_user` WHERE `active_id` = 60 AND `join_times` >= 0 AND ( `create_day` >= 1518451200 AND `create_day` <= 1518537599  ) LIMIT 1   [ RunTime:0.0002s ]
SQL: SELECT COUNT(distinct(uid)) AS tp_count FROM `dy_active_user` WHERE ( `create_day` >= 1518451200 AND `create_day` <= 1518537599  ) LIMIT 1   [ RunTime:0.0002s ]
SQL: SHOW COLUMNS FROM `dy_active_user_record` [ RunTime:0.0004s ]
SQL: SELECT COUNT(distinct(uid)) AS tp_count FROM `dy_active_user_record` WHERE ( `create_day` >= 1518451200 AND `create_day` <= 1518537599  ) LIMIT 1   [ RunTime:0.0002s ]
INFO: [ view_parse ] --START--
INFO: [ template_filter ] --START--
INFO: Run Behavior\ContentReplaceBehavior [ RunTime:0.000053s ]
INFO: [ template_filter ] --END-- [ RunTime:0.000083s ]
NOTIC: [2] Division by zero /opt/lampp/htdocs/test/Application/Runtime/Cache/Admin/b7d13e50965de7f69af8be9447a2c370.php 第 292 行.
NOTIC: [8] Undefined index: url /opt/lampp/htdocs/test/Application/Runtime/Cache/Admin/b7d13e50965de7f69af8be9447a2c370.php 第 309 行.
NOTIC: [2] Division by zero /opt/lampp/htdocs/test/Application/Runtime/Cache/Admin/b7d13e50965de7f69af8be9447a2c370.php 第 321 行.
NOTIC: [8] Undefined index: url /opt/lampp/htdocs/test/Application/Runtime/Cache/Admin/b7d13e50965de7f69af8be9447a2c370.php 第 309 行.
NOTIC: [2] Division by zero /opt/lampp/htdocs/test/Application/Runtime/Cache/Admin/b7d13e50965de7f69af8be9447a2c370.php 第 321 行.
NOTIC: [8] Undefined index: url /opt/lampp/htdocs/test/Application/Runtime/Cache/Admin/b7d13e50965de7f69af8be9447a2c370.php 第 309 行.
NOTIC: [2] Division by zero /opt/lampp/htdocs/test/Application/Runtime/Cache/Admin/b7d13e50965de7f69af8be9447a2c370.php 第 321 行.
NOTIC: [8] Undefined index: url /opt/lampp/htdocs/test/Application/Runtime/Cache/Admin/b7d13e50965de7f69af8be9447a2c370.php 第 309 行.
NOTIC: [2] Division by zero /opt/lampp/htdocs/test/Application/Runtime/Cache/Admin/b7d13e50965de7f69af8be9447a2c370.php 第 321 行.
NOTIC: [8] Undefined index: url /opt/lampp/htdocs/test/Application/Runtime/Cache/Admin/b7d13e50965de7f69af8be9447a2c370.php 第 309 行.
NOTIC: [2] Division by zero /opt/lampp/htdocs/test/Application/Runtime/Cache/Admin/b7d13e50965de7f69af8be9447a2c370.php 第 321 行.
NOTIC: [8] Undefined index: url /opt/lampp/htdocs/test/Application/Runtime/Cache/Admin/b7d13e50965de7f69af8be9447a2c370.php 第 309 行.
NOTIC: [2] Division by zero /opt/lampp/htdocs/test/Application/Runtime/Cache/Admin/b7d13e50965de7f69af8be9447a2c370.php 第 321 行.
NOTIC: [8] Undefined index: url /opt/lampp/htdocs/test/Application/Runtime/Cache/Admin/b7d13e50965de7f69af8be9447a2c370.php 第 309 行.
NOTIC: [2] Division by zero /opt/lampp/htdocs/test/Application/Runtime/Cache/Admin/b7d13e50965de7f69af8be9447a2c370.php 第 321 行.
NOTIC: [8] Undefined index: url /opt/lampp/htdocs/test/Application/Runtime/Cache/Admin/b7d13e50965de7f69af8be9447a2c370.php 第 309 行.
NOTIC: [2] Division by zero /opt/lampp/htdocs/test/Application/Runtime/Cache/Admin/b7d13e50965de7f69af8be9447a2c370.php 第 321 行.
NOTIC: [8] Undefined variable: page /opt/lampp/htdocs/test/Application/Runtime/Cache/Admin/b7d13e50965de7f69af8be9447a2c370.php 第 356 行.
INFO: Run Behavior\ParseTemplateBehavior [ RunTime:0.009591s ]
INFO: [ view_parse ] --END-- [ RunTime:0.009617s ]
INFO: [ view_filter ] --START--
INFO: Run Behavior\WriteHtmlCacheBehavior [ RunTime:0.000090s ]
INFO: [ view_filter ] --END-- [ RunTime:0.000112s ]
INFO: [ app_end ] --START--
INFO: Run Behavior\ShowPageTraceBehavior [ RunTime:0.000277s ]
INFO: [ app_end ] --END-- [ RunTime:0.000306s ]

[ 2018-02-13T16:02:49+08:00 ] 60.186.206.43 /test/index.php/Admin/Active/active.html?name=&starttime=2018-02-05&overtime=2018-02-13%2023:59:59
INFO: [ app_init ] --START--
INFO: Run Behavior\BuildLiteBehavior [ RunTime:0.000010s ]
INFO: [ app_init ] --END-- [ RunTime:0.000233s ]
INFO: [ app_begin ] --START--
INFO: Run Behavior\ReadHtmlCacheBehavior [ RunTime:0.000315s ]
INFO: [ app_begin ] --END-- [ RunTime:0.000346s ]
SQL: SHOW COLUMNS FROM `dy_active_temp_item` [ RunTime:0.0006s ]
SQL: SELECT COUNT(*) AS tp_count FROM `dy_active_temp_item` WHERE `title` LIKE '%' LIMIT 1   [ RunTime:0.0002s ]
SQL: SELECT * FROM `dy_active_temp_item` WHERE `title` LIKE '%' ORDER BY status ,create_time desc LIMIT 0,8   [ RunTime:0.0003s ]
SQL: SHOW COLUMNS FROM `dy_active_user` [ RunTime:0.0004s ]
SQL: SELECT COUNT(*) AS tp_count FROM `dy_active_user` WHERE `active_id` = 42 AND `join_times` > 0 AND ( `create_day` >= 1517760000 AND `create_day` <= 1518537599  ) LIMIT 1   [ RunTime:0.0002s ]
SQL: SELECT COUNT(*) AS tp_count FROM `dy_active_user` WHERE `active_id` = 42 AND `join_times` >= 0 AND ( `create_day` >= 1517760000 AND `create_day` <= 1518537599  ) LIMIT 1   [ RunTime:0.0002s ]
SQL: SELECT COUNT(*) AS tp_count FROM `dy_active_user` WHERE `active_id` = 54 AND `join_times` > 0 AND ( `create_day` >= 1517760000 AND `create_day` <= 1518537599  ) LIMIT 1   [ RunTime:0.0002s ]
SQL: SELECT COUNT(*) AS tp_count FROM `dy_active_user` WHERE `active_id` = 54 AND `join_times` >= 0 AND ( `create_day` >= 1517760000 AND `create_day` <= 1518537599  ) LIMIT 1   [ RunTime:0.0002s ]
SQL: SELECT COUNT(*) AS tp_count FROM `dy_active_user` WHERE `active_id` = 52 AND `join_times` > 0 AND ( `create_day` >= 1517760000 AND `create_day` <= 1518537599  ) LIMIT 1   [ RunTime:0.0002s ]
SQL: SELECT COUNT(*) AS tp_count FROM `dy_active_user` WHERE `active_id` = 52 AND `join_times` >= 0 AND ( `create_day` >= 1517760000 AND `create_day` <= 1518537599  ) LIMIT 1   [ RunTime:0.0002s ]
SQL: SELECT COUNT(*) AS tp_count FROM `dy_active_user` WHERE `active_id` = 65 AND `join_times` > 0 AND ( `create_day` >= 1517760000 AND `create_day` <= 1518537599  ) LIMIT 1   [ RunTime:0.0002s ]
SQL: SELECT COUNT(*) AS tp_count FROM `dy_active_user` WHERE `active_id` = 65 AND `join_times` >= 0 AND ( `create_day` >= 1517760000 AND `create_day` <= 1518537599  ) LIMIT 1   [ RunTime:0.0002s ]
SQL: SELECT COUNT(*) AS tp_count FROM `dy_active_user` WHERE `active_id` = 55 AND `join_times` > 0 AND ( `create_day` >= 1517760000 AND `create_day` <= 1518537599  ) LIMIT 1   [ RunTime:0.0002s ]
SQL: SELECT COUNT(*) AS tp_count FROM `dy_active_user` WHERE `active_id` = 55 AND `join_times` >= 0 AND ( `create_day` >= 1517760000 AND `create_day` <= 1518537599  ) LIMIT 1   [ RunTime:0.0002s ]
SQL: SELECT COUNT(*) AS tp_count FROM `dy_active_user` WHERE `active_id` = 61 AND `join_times` > 0 AND ( `create_day` >= 1517760000 AND `create_day` <= 1518537599  ) LIMIT 1   [ RunTime:0.0002s ]
SQL: SELECT COUNT(*) AS tp_count FROM `dy_active_user` WHERE `active_id` = 61 AND `join_times` >= 0 AND ( `create_day` >= 1517760000 AND `create_day` <= 1518537599  ) LIMIT 1   [ RunTime:0.0002s ]
SQL: SELECT COUNT(*) AS tp_count FROM `dy_active_user` WHERE `active_id` = 59 AND `join_times` > 0 AND ( `create_day` >= 1517760000 AND `create_day` <= 1518537599  ) LIMIT 1   [ RunTime:0.0002s ]
SQL: SELECT COUNT(*) AS tp_count FROM `dy_active_user` WHERE `active_id` = 59 AND `join_times` >= 0 AND ( `create_day` >= 1517760000 AND `create_day` <= 1518537599  ) LIMIT 1   [ RunTime:0.0002s ]
SQL: SELECT COUNT(*) AS tp_count FROM `dy_active_user` WHERE `active_id` = 60 AND `join_times` > 0 AND ( `create_day` >= 1517760000 AND `create_day` <= 1518537599  ) LIMIT 1   [ RunTime:0.0002s ]
SQL: SELECT COUNT(*) AS tp_count FROM `dy_active_user` WHERE `active_id` = 60 AND `join_times` >= 0 AND ( `create_day` >= 1517760000 AND `create_day` <= 1518537599  ) LIMIT 1   [ RunTime:0.0003s ]
SQL: SELECT COUNT(distinct(uid)) AS tp_count FROM `dy_active_user` WHERE ( `create_day` >= 1517760000 AND `create_day` <= 1518537599  ) LIMIT 1   [ RunTime:0.0003s ]
SQL: SHOW COLUMNS FROM `dy_active_user_record` [ RunTime:0.0005s ]
SQL: SELECT COUNT(distinct(uid)) AS tp_count FROM `dy_active_user_record` WHERE ( `create_day` >= 1517760000 AND `create_day` <= 1518537599  ) LIMIT 1   [ RunTime:0.0003s ]
INFO: [ view_parse ] --START--
INFO: [ template_filter ] --START--
INFO: Run Behavior\ContentReplaceBehavior [ RunTime:0.000074s ]
INFO: [ template_filter ] --END-- [ RunTime:0.000107s ]
NOTIC: [8] Undefined index: url /opt/lampp/htdocs/test/Application/Runtime/Cache/Admin/b7d13e50965de7f69af8be9447a2c370.php 第 309 行.
NOTIC: [8] Undefined index: url /opt/lampp/htdocs/test/Application/Runtime/Cache/Admin/b7d13e50965de7f69af8be9447a2c370.php 第 309 行.
NOTIC: [8] Undefined index: url /opt/lampp/htdocs/test/Application/Runtime/Cache/Admin/b7d13e50965de7f69af8be9447a2c370.php 第 309 行.
NOTIC: [8] Undefined index: url /opt/lampp/htdocs/test/Application/Runtime/Cache/Admin/b7d13e50965de7f69af8be9447a2c370.php 第 309 行.
NOTIC: [8] Undefined index: url /opt/lampp/htdocs/test/Application/Runtime/Cache/Admin/b7d13e50965de7f69af8be9447a2c370.php 第 309 行.
NOTIC: [8] Undefined index: url /opt/lampp/htdocs/test/Application/Runtime/Cache/Admin/b7d13e50965de7f69af8be9447a2c370.php 第 309 行.
NOTIC: [2] Division by zero /opt/lampp/htdocs/test/Application/Runtime/Cache/Admin/b7d13e50965de7f69af8be9447a2c370.php 第 321 行.
NOTIC: [8] Undefined index: url /opt/lampp/htdocs/test/Application/Runtime/Cache/Admin/b7d13e50965de7f69af8be9447a2c370.php 第 309 行.
NOTIC: [2] Division by zero /opt/lampp/htdocs/test/Application/Runtime/Cache/Admin/b7d13e50965de7f69af8be9447a2c370.php 第 321 行.
NOTIC: [8] Undefined index: url /opt/lampp/htdocs/test/Application/Runtime/Cache/Admin/b7d13e50965de7f69af8be9447a2c370.php 第 309 行.
NOTIC: [2] Division by zero /opt/lampp/htdocs/test/Application/Runtime/Cache/Admin/b7d13e50965de7f69af8be9447a2c370.php 第 321 行.
NOTIC: [8] Undefined variable: page /opt/lampp/htdocs/test/Application/Runtime/Cache/Admin/b7d13e50965de7f69af8be9447a2c370.php 第 356 行.
INFO: Run Behavior\ParseTemplateBehavior [ RunTime:0.010613s ]
INFO: [ view_parse ] --END-- [ RunTime:0.010638s ]
INFO: [ view_filter ] --START--
INFO: Run Behavior\WriteHtmlCacheBehavior [ RunTime:0.000095s ]
INFO: [ view_filter ] --END-- [ RunTime:0.000117s ]
INFO: [ app_end ] --START--
INFO: Run Behavior\ShowPageTraceBehavior [ RunTime:0.000306s ]
INFO: [ app_end ] --END-- [ RunTime:0.000338s ]

[ 2018-02-13T16:02:56+08:00 ] 60.186.206.43 /test/index.php/Admin/Active/active.html?name=&starttime=2018-02-10&overtime=2018-02-13%2023:59:59
INFO: [ app_init ] --START--
INFO: Run Behavior\BuildLiteBehavior [ RunTime:0.000011s ]
INFO: [ app_init ] --END-- [ RunTime:0.000225s ]
INFO: [ app_begin ] --START--
INFO: Run Behavior\ReadHtmlCacheBehavior [ RunTime:0.000308s ]
INFO: [ app_begin ] --END-- [ RunTime:0.000341s ]
SQL: SHOW COLUMNS FROM `dy_active_temp_item` [ RunTime:0.0006s ]
SQL: SELECT COUNT(*) AS tp_count FROM `dy_active_temp_item` WHERE `title` LIKE '%' LIMIT 1   [ RunTime:0.0002s ]
SQL: SELECT * FROM `dy_active_temp_item` WHERE `title` LIKE '%' ORDER BY status ,create_time desc LIMIT 0,8   [ RunTime:0.0002s ]
SQL: SHOW COLUMNS FROM `dy_active_user` [ RunTime:0.0004s ]
SQL: SELECT COUNT(*) AS tp_count FROM `dy_active_user` WHERE `active_id` = 42 AND `join_times` > 0 AND ( `create_day` >= 1518192000 AND `create_day` <= 1518537599  ) LIMIT 1   [ RunTime:0.0002s ]
SQL: SELECT COUNT(*) AS tp_count FROM `dy_active_user` WHERE `active_id` = 42 AND `join_times` >= 0 AND ( `create_day` >= 1518192000 AND `create_day` <= 1518537599  ) LIMIT 1   [ RunTime:0.0002s ]
SQL: SELECT COUNT(*) AS tp_count FROM `dy_active_user` WHERE `active_id` = 54 AND `join_times` > 0 AND ( `create_day` >= 1518192000 AND `create_day` <= 1518537599  ) LIMIT 1   [ RunTime:0.0002s ]
SQL: SELECT COUNT(*) AS tp_count FROM `dy_active_user` WHERE `active_id` = 54 AND `join_times` >= 0 AND ( `create_day` >= 1518192000 AND `create_day` <= 1518537599  ) LIMIT 1   [ RunTime:0.0002s ]
SQL: SELECT COUNT(*) AS tp_count FROM `dy_active_user` WHERE `active_id` = 52 AND `join_times` > 0 AND ( `create_day` >= 1518192000 AND `create_day` <= 1518537599  ) LIMIT 1   [ RunTime:0.0002s ]
SQL: SELECT COUNT(*) AS tp_count FROM `dy_active_user` WHERE `active_id` = 52 AND `join_times` >= 0 AND ( `create_day` >= 1518192000 AND `create_day` <= 1518537599  ) LIMIT 1   [ RunTime:0.0002s ]
SQL: SELECT COUNT(*) AS tp_count FROM `dy_active_user` WHERE `active_id` = 65 AND `join_times` > 0 AND ( `create_day` >= 1518192000 AND `create_day` <= 1518537599  ) LIMIT 1   [ RunTime:0.0002s ]
SQL: SELECT COUNT(*) AS tp_count FROM `dy_active_user` WHERE `active_id` = 65 AND `join_times` >= 0 AND ( `create_day` >= 1518192000 AND `create_day` <= 1518537599  ) LIMIT 1   [ RunTime:0.0002s ]
SQL: SELECT COUNT(*) AS tp_count FROM `dy_active_user` WHERE `active_id` = 55 AND `join_times` > 0 AND ( `create_day` >= 1518192000 AND `create_day` <= 1518537599  ) LIMIT 1   [ RunTime:0.0002s ]
SQL: SELECT COUNT(*) AS tp_count FROM `dy_active_user` WHERE `active_id` = 55 AND `join_times` >= 0 AND ( `create_day` >= 1518192000 AND `create_day` <= 1518537599  ) LIMIT 1   [ RunTime:0.0002s ]
SQL: SELECT COUNT(*) AS tp_count FROM `dy_active_user` WHERE `active_id` = 61 AND `join_times` > 0 AND ( `create_day` >= 1518192000 AND `create_day` <= 1518537599  ) LIMIT 1   [ RunTime:0.0002s ]
SQL: SELECT COUNT(*) AS tp_count FROM `dy_active_user` WHERE `active_id` = 61 AND `join_times` >= 0 AND ( `create_day` >= 1518192000 AND `create_day` <= 1518537599  ) LIMIT 1   [ RunTime:0.0002s ]
SQL: SELECT COUNT(*) AS tp_count FROM `dy_active_user` WHERE `active_id` = 59 AND `join_times` > 0 AND ( `create_day` >= 1518192000 AND `create_day` <= 1518537599  ) LIMIT 1   [ RunTime:0.0002s ]
SQL: SELECT COUNT(*) AS tp_count FROM `dy_active_user` WHERE `active_id` = 59 AND `join_times` >= 0 AND ( `create_day` >= 1518192000 AND `create_day` <= 1518537599  ) LIMIT 1   [ RunTime:0.0002s ]
SQL: SELECT COUNT(*) AS tp_count FROM `dy_active_user` WHERE `active_id` = 60 AND `join_times` > 0 AND ( `create_day` >= 1518192000 AND `create_day` <= 1518537599  ) LIMIT 1   [ RunTime:0.0002s ]
SQL: SELECT COUNT(*) AS tp_count FROM `dy_active_user` WHERE `active_id` = 60 AND `join_times` >= 0 AND ( `create_day` >= 1518192000 AND `create_day` <= 1518537599  ) LIMIT 1   [ RunTime:0.0002s ]
SQL: SELECT COUNT(distinct(uid)) AS tp_count FROM `dy_active_user` WHERE ( `create_day` >= 1518192000 AND `create_day` <= 1518537599  ) LIMIT 1   [ RunTime:0.0002s ]
SQL: SHOW COLUMNS FROM `dy_active_user_record` [ RunTime:0.0004s ]
SQL: SELECT COUNT(distinct(uid)) AS tp_count FROM `dy_active_user_record` WHERE ( `create_day` >= 1518192000 AND `create_day` <= 1518537599  ) LIMIT 1   [ RunTime:0.0002s ]
INFO: [ view_parse ] --START--
INFO: [ template_filter ] --START--
INFO: Run Behavior\ContentReplaceBehavior [ RunTime:0.000064s ]
INFO: [ template_filter ] --END-- [ RunTime:0.000096s ]
NOTIC: [8] Undefined index: url /opt/lampp/htdocs/test/Application/Runtime/Cache/Admin/b7d13e50965de7f69af8be9447a2c370.php 第 309 行.
NOTIC: [8] Undefined index: url /opt/lampp/htdocs/test/Application/Runtime/Cache/Admin/b7d13e50965de7f69af8be9447a2c370.php 第 309 行.
NOTIC: [8] Undefined index: url /opt/lampp/htdocs/test/Application/Runtime/Cache/Admin/b7d13e50965de7f69af8be9447a2c370.php 第 309 行.
NOTIC: [2] Division by zero /opt/lampp/htdocs/test/Application/Runtime/Cache/Admin/b7d13e50965de7f69af8be9447a2c370.php 第 321 行.
NOTIC: [8] Undefined index: url /opt/lampp/htdocs/test/Application/Runtime/Cache/Admin/b7d13e50965de7f69af8be9447a2c370.php 第 309 行.
NOTIC: [2] Division by zero /opt/lampp/htdocs/test/Application/Runtime/Cache/Admin/b7d13e50965de7f69af8be9447a2c370.php 第 321 行.
NOTIC: [8] Undefined index: url /opt/lampp/htdocs/test/Application/Runtime/Cache/Admin/b7d13e50965de7f69af8be9447a2c370.php 第 309 行.
NOTIC: [8] Undefined index: url /opt/lampp/htdocs/test/Application/Runtime/Cache/Admin/b7d13e50965de7f69af8be9447a2c370.php 第 309 行.
NOTIC: [2] Division by zero /opt/lampp/htdocs/test/Application/Runtime/Cache/Admin/b7d13e50965de7f69af8be9447a2c370.php 第 321 行.
NOTIC: [8] Undefined index: url /opt/lampp/htdocs/test/Application/Runtime/Cache/Admin/b7d13e50965de7f69af8be9447a2c370.php 第 309 行.
NOTIC: [2] Division by zero /opt/lampp/htdocs/test/Application/Runtime/Cache/Admin/b7d13e50965de7f69af8be9447a2c370.php 第 321 行.
NOTIC: [8] Undefined index: url /opt/lampp/htdocs/test/Application/Runtime/Cache/Admin/b7d13e50965de7f69af8be9447a2c370.php 第 309 行.
NOTIC: [2] Division by zero /opt/lampp/htdocs/test/Application/Runtime/Cache/Admin/b7d13e50965de7f69af8be9447a2c370.php 第 321 行.
NOTIC: [8] Undefined variable: page /opt/lampp/htdocs/test/Application/Runtime/Cache/Admin/b7d13e50965de7f69af8be9447a2c370.php 第 356 行.
INFO: Run Behavior\ParseTemplateBehavior [ RunTime:0.010387s ]
INFO: [ view_parse ] --END-- [ RunTime:0.010422s ]
INFO: [ view_filter ] --START--
INFO: Run Behavior\WriteHtmlCacheBehavior [ RunTime:0.000094s ]
INFO: [ view_filter ] --END-- [ RunTime:0.000115s ]
INFO: [ app_end ] --START--
INFO: Run Behavior\ShowPageTraceBehavior [ RunTime:0.000308s ]
INFO: [ app_end ] --END-- [ RunTime:0.000340s ]

[ 2018-02-13T16:03:26+08:00 ] 60.186.206.43 /test/index.php/Admin/User/index.html
INFO: [ app_init ] --START--
INFO: Run Behavior\BuildLiteBehavior [ RunTime:0.000010s ]
INFO: [ app_init ] --END-- [ RunTime:0.000261s ]
INFO: [ app_begin ] --START--
INFO: Run Behavior\ReadHtmlCacheBehavior [ RunTime:0.000282s ]
INFO: [ app_begin ] --END-- [ RunTime:0.000316s ]
NOTIC: [8] Undefined index: date /opt/lampp/htdocs/test/Application/Admin/Controller/UserController.class.php 第 27 行.
SQL: SHOW COLUMNS FROM `dy_coupon_user` [ RunTime:0.0007s ]
SQL: SELECT COUNT(*) AS tp_count FROM `dy_coupon_user` LIMIT 1   [ RunTime:0.0001s ]
SQL: SELECT COUNT(*) AS tp_count FROM `dy_coupon_user` WHERE ( system=1 ) LIMIT 1   [ RunTime:0.0002s ]
SQL: SELECT COUNT(*) AS tp_count FROM `dy_coupon_user` WHERE ( system=2 ) LIMIT 1   [ RunTime:0.0002s ]
SQL: SHOW COLUMNS FROM `dy_click_uv` [ RunTime:0.0003s ]
SQL: SELECT COUNT(*) AS tp_count FROM `dy_click_uv` LIMIT 1   [ RunTime:0.0002s ]
SQL: SELECT COUNT(*) AS tp_count FROM `dy_click_uv` WHERE ( create_day=1518451200 ) LIMIT 1   [ RunTime:0.0002s ]
SQL: SELECT COUNT(*) AS tp_count FROM `dy_coupon_user` WHERE ( `last_login_time` >= 1518451200 AND `last_login_time` <= 1518537599  ) LIMIT 1   [ RunTime:0.0002s ]
SQL: SHOW COLUMNS FROM `dy_active_share` [ RunTime:0.0003s ]
SQL: SELECT COUNT(*) AS tp_count FROM `dy_active_share` LIMIT 1   [ RunTime:0.0001s ]
SQL: SELECT COUNT(*) AS tp_count FROM `dy_active_share` WHERE ( create_day=1518451200 ) LIMIT 1   [ RunTime:0.0010s ]
SQL: SELECT * FROM `dy_active_share` WHERE ( create_day=1518451200 ) GROUP BY member_id  [ RunTime:0.0010s ]
SQL: SELECT COUNT(*) AS tp_count FROM `dy_active_share` WHERE `create_day` = 1518451200 AND `cate` = 1 LIMIT 1   [ RunTime:0.0010s ]
SQL: SELECT * FROM `dy_active_share` WHERE `create_day` = 1518451200 AND `cate` = 1 GROUP BY member_id  [ RunTime:0.0010s ]
SQL: SELECT COUNT(*) AS tp_count FROM `dy_active_share` WHERE `create_day` = 1518451200 AND `cate` = 2 LIMIT 1   [ RunTime:0.0010s ]
SQL: SELECT * FROM `dy_active_share` WHERE `create_day` = 1518451200 AND `cate` = 2 GROUP BY member_id  [ RunTime:0.0010s ]
SQL: SELECT COUNT(*) AS tp_count FROM `dy_active_share` WHERE `create_day` = 1518451200 AND `cate` = 3 LIMIT 1   [ RunTime:0.0010s ]
SQL: SELECT * FROM `dy_active_share` WHERE `create_day` = 1518451200 AND `cate` = 3 GROUP BY member_id  [ RunTime:0.0010s ]
INFO: [ view_parse ] --START--
INFO: [ template_filter ] --START--
INFO: Run Behavior\ContentReplaceBehavior [ RunTime:0.000048s ]
INFO: [ template_filter ] --END-- [ RunTime:0.000081s ]
INFO: Run Behavior\ParseTemplateBehavior [ RunTime:0.007667s ]
INFO: [ view_parse ] --END-- [ RunTime:0.007718s ]
INFO: [ view_filter ] --START--
INFO: Run Behavior\WriteHtmlCacheBehavior [ RunTime:0.000091s ]
INFO: [ view_filter ] --END-- [ RunTime:0.000115s ]
INFO: [ app_end ] --START--
INFO: Run Behavior\ShowPageTraceBehavior [ RunTime:0.000323s ]
INFO: [ app_end ] --END-- [ RunTime:0.000356s ]

