[ 2018-02-21T21:50:55+08:00 ] 122.234.121.135 /test/index.php/admin/login/index.html
INFO: [ app_init ] --START--
INFO: Run Behavior\BuildLiteBehavior [ RunTime:0.000022s ]
INFO: [ app_init ] --END-- [ RunTime:0.000384s ]
INFO: [ app_begin ] --START--
INFO: Run Behavior\ReadHtmlCacheBehavior [ RunTime:0.000366s ]
INFO: [ app_begin ] --END-- [ RunTime:0.000407s ]
INFO: [ view_parse ] --START--
INFO: [ template_filter ] --START--
INFO: Run Behavior\ContentReplaceBehavior [ RunTime:0.000042s ]
INFO: [ template_filter ] --END-- [ RunTime:0.000077s ]
INFO: Run Behavior\ParseTemplateBehavior [ RunTime:0.004806s ]
INFO: [ view_parse ] --END-- [ RunTime:0.004861s ]
INFO: [ view_filter ] --START--
INFO: Run Behavior\WriteHtmlCacheBehavior [ RunTime:0.000097s ]
INFO: [ view_filter ] --END-- [ RunTime:0.000125s ]
INFO: [ app_end ] --START--
INFO: Run Behavior\ShowPageTraceBehavior [ RunTime:0.000303s ]
INFO: [ app_end ] --END-- [ RunTime:0.000338s ]

[ 2018-02-21T21:51:06+08:00 ] 122.234.121.135 /test/index.php/Admin/Login/login.html
INFO: [ app_init ] --START--
INFO: Run Behavior\BuildLiteBehavior [ RunTime:0.000017s ]
INFO: [ app_init ] --END-- [ RunTime:0.000345s ]
INFO: [ app_begin ] --START--
INFO: Run Behavior\ReadHtmlCacheBehavior [ RunTime:0.000381s ]
INFO: [ app_begin ] --END-- [ RunTime:0.000423s ]
SQL: SHOW COLUMNS FROM `dy_admin` [ RunTime:0.0005s ]
SQL: SELECT * FROM `dy_admin` WHERE `user_name` = 'zhoujj' LIMIT 1   [ RunTime:0.0200s ]
NOTIC: [8] Undefined index: username /opt/lampp/htdocs/test/Application/Admin/Controller/LoginController.class.php 第 26 行.
INFO: [ view_parse ] --START--
INFO: [ template_filter ] --START--
INFO: Run Behavior\ContentReplaceBehavior [ RunTime:0.000036s ]
INFO: [ template_filter ] --END-- [ RunTime:0.000081s ]
INFO: Run Behavior\ParseTemplateBehavior [ RunTime:0.014902s ]
INFO: [ view_parse ] --END-- [ RunTime:0.014970s ]
INFO: [ view_filter ] --START--
INFO: Run Behavior\WriteHtmlCacheBehavior [ RunTime:0.000095s ]
INFO: [ view_filter ] --END-- [ RunTime:0.000125s ]
INFO: [ app_end ] --START--
INFO: Run Behavior\ShowPageTraceBehavior [ RunTime:0.000329s ]
INFO: [ app_end ] --END-- [ RunTime:0.000361s ]

[ 2018-02-21T21:51:07+08:00 ] 122.234.121.135 /test/index.php/admin/login/index.html
INFO: [ app_init ] --START--
INFO: Run Behavior\BuildLiteBehavior [ RunTime:0.000013s ]
INFO: [ app_init ] --END-- [ RunTime:0.000291s ]
INFO: [ app_begin ] --START--
INFO: Run Behavior\ReadHtmlCacheBehavior [ RunTime:0.000378s ]
INFO: [ app_begin ] --END-- [ RunTime:0.000413s ]

[ 2018-02-21T21:51:07+08:00 ] 122.234.121.135 /test/index.php/Admin/Index/index.html
INFO: [ app_init ] --START--
INFO: Run Behavior\BuildLiteBehavior [ RunTime:0.000018s ]
INFO: [ app_init ] --END-- [ RunTime:0.000222s ]
INFO: [ app_begin ] --START--
INFO: Run Behavior\ReadHtmlCacheBehavior [ RunTime:0.000258s ]
INFO: [ app_begin ] --END-- [ RunTime:0.000299s ]
INFO: [ view_parse ] --START--
INFO: [ template_filter ] --START--
INFO: Run Behavior\ContentReplaceBehavior [ RunTime:0.000036s ]
INFO: [ template_filter ] --END-- [ RunTime:0.000072s ]
INFO: Run Behavior\ParseTemplateBehavior [ RunTime:0.010612s ]
INFO: [ view_parse ] --END-- [ RunTime:0.010652s ]
INFO: [ view_filter ] --START--
INFO: Run Behavior\WriteHtmlCacheBehavior [ RunTime:0.000085s ]
INFO: [ view_filter ] --END-- [ RunTime:0.000107s ]
INFO: [ app_end ] --START--
INFO: Run Behavior\ShowPageTraceBehavior [ RunTime:0.000329s ]
INFO: [ app_end ] --END-- [ RunTime:0.000364s ]

[ 2018-02-21T21:51:10+08:00 ] 122.234.121.135 /test/index.php/Admin/Active/coupon.html
INFO: [ app_init ] --START--
INFO: Run Behavior\BuildLiteBehavior [ RunTime:0.000013s ]
INFO: [ app_init ] --END-- [ RunTime:0.000248s ]
INFO: [ app_begin ] --START--
INFO: Run Behavior\ReadHtmlCacheBehavior [ RunTime:0.000297s ]
INFO: [ app_begin ] --END-- [ RunTime:0.000336s ]
SQL: SHOW COLUMNS FROM `dy_adver_cert` [ RunTime:0.0007s ]
SQL: SELECT COUNT(*) AS tp_count FROM `dy_adver_cert` WHERE `title` LIKE '%' LIMIT 1   [ RunTime:0.0002s ]
SQL: SELECT * FROM `dy_adver_cert` WHERE `title` LIKE '%' ORDER BY status desc,weight desc,new_add desc,arpu desc,create_time asc LIMIT 0,5   [ RunTime:0.0002s ]
SQL: SHOW COLUMNS FROM `dy_active_user_record` [ RunTime:0.0004s ]
SQL: SELECT COUNT(*) AS tp_count FROM `dy_active_user_record` WHERE `cert_id` = 246 AND ( `create_day` >= 1519142400 AND `create_day` <= 1519228799  ) LIMIT 1   [ RunTime:0.0003s ]
SQL: SELECT COUNT(distinct(uid)) AS tp_count FROM `dy_active_user_record` WHERE `cert_id` = 246 AND ( `create_day` >= 1519142400 AND `create_day` <= 1519228799  ) LIMIT 1   [ RunTime:0.0050s ]
NOTIC: [8] Undefined index: cost_money /opt/lampp/htdocs/test/Application/Admin/Controller/ActiveController.class.php 第 202 行.
NOTIC: [2] Division by zero /opt/lampp/htdocs/test/Application/Admin/Controller/ActiveController.class.php 第 202 行.
SQL: SELECT COUNT(*) AS tp_count FROM `dy_active_user_record` WHERE `cert_id` = 246 AND ( `create_day` >= 1519142400 AND `create_day` <= 1519228799  ) AND `status` = 1 LIMIT 1   [ RunTime:0.0002s ]
SQL: SELECT COUNT(distinct(uid)) AS tp_count FROM `dy_active_user_record` WHERE `cert_id` = 246 AND ( `create_day` >= 1519142400 AND `create_day` <= 1519228799  ) AND `status` = 1 LIMIT 1   [ RunTime:0.0002s ]
NOTIC: [8] Undefined index: cost_money /opt/lampp/htdocs/test/Application/Admin/Controller/ActiveController.class.php 第 205 行.
NOTIC: [2] Division by zero /opt/lampp/htdocs/test/Application/Admin/Controller/ActiveController.class.php 第 205 行.
NOTIC: [2] Division by zero /opt/lampp/htdocs/test/Application/Admin/Controller/ActiveController.class.php 第 206 行.
SQL: SELECT COUNT(*) AS tp_count FROM `dy_active_user_record` WHERE `cert_id` = 231 AND ( `create_day` >= 1519142400 AND `create_day` <= 1519228799  ) LIMIT 1   [ RunTime:0.0002s ]
SQL: SELECT COUNT(distinct(uid)) AS tp_count FROM `dy_active_user_record` WHERE `cert_id` = 231 AND ( `create_day` >= 1519142400 AND `create_day` <= 1519228799  ) LIMIT 1   [ RunTime:0.0002s ]
NOTIC: [8] Undefined index: cost_money /opt/lampp/htdocs/test/Application/Admin/Controller/ActiveController.class.php 第 202 行.
NOTIC: [2] Division by zero /opt/lampp/htdocs/test/Application/Admin/Controller/ActiveController.class.php 第 202 行.
SQL: SELECT COUNT(*) AS tp_count FROM `dy_active_user_record` WHERE `cert_id` = 231 AND ( `create_day` >= 1519142400 AND `create_day` <= 1519228799  ) AND `status` = 1 LIMIT 1   [ RunTime:0.0002s ]
SQL: SELECT COUNT(distinct(uid)) AS tp_count FROM `dy_active_user_record` WHERE `cert_id` = 231 AND ( `create_day` >= 1519142400 AND `create_day` <= 1519228799  ) AND `status` = 1 LIMIT 1   [ RunTime:0.0002s ]
NOTIC: [8] Undefined index: cost_money /opt/lampp/htdocs/test/Application/Admin/Controller/ActiveController.class.php 第 205 行.
NOTIC: [2] Division by zero /opt/lampp/htdocs/test/Application/Admin/Controller/ActiveController.class.php 第 205 行.
NOTIC: [2] Division by zero /opt/lampp/htdocs/test/Application/Admin/Controller/ActiveController.class.php 第 206 行.
SQL: SELECT COUNT(*) AS tp_count FROM `dy_active_user_record` WHERE `cert_id` = 230 AND ( `create_day` >= 1519142400 AND `create_day` <= 1519228799  ) LIMIT 1   [ RunTime:0.0002s ]
SQL: SELECT COUNT(distinct(uid)) AS tp_count FROM `dy_active_user_record` WHERE `cert_id` = 230 AND ( `create_day` >= 1519142400 AND `create_day` <= 1519228799  ) LIMIT 1   [ RunTime:0.0002s ]
NOTIC: [8] Undefined index: cost_money /opt/lampp/htdocs/test/Application/Admin/Controller/ActiveController.class.php 第 202 行.
NOTIC: [2] Division by zero /opt/lampp/htdocs/test/Application/Admin/Controller/ActiveController.class.php 第 202 行.
SQL: SELECT COUNT(*) AS tp_count FROM `dy_active_user_record` WHERE `cert_id` = 230 AND ( `create_day` >= 1519142400 AND `create_day` <= 1519228799  ) AND `status` = 1 LIMIT 1   [ RunTime:0.0003s ]
SQL: SELECT COUNT(distinct(uid)) AS tp_count FROM `dy_active_user_record` WHERE `cert_id` = 230 AND ( `create_day` >= 1519142400 AND `create_day` <= 1519228799  ) AND `status` = 1 LIMIT 1   [ RunTime:0.0003s ]
NOTIC: [8] Undefined index: cost_money /opt/lampp/htdocs/test/Application/Admin/Controller/ActiveController.class.php 第 205 行.
NOTIC: [2] Division by zero /opt/lampp/htdocs/test/Application/Admin/Controller/ActiveController.class.php 第 205 行.
NOTIC: [2] Division by zero /opt/lampp/htdocs/test/Application/Admin/Controller/ActiveController.class.php 第 206 行.
SQL: SELECT COUNT(*) AS tp_count FROM `dy_active_user_record` WHERE `cert_id` = 233 AND ( `create_day` >= 1519142400 AND `create_day` <= 1519228799  ) LIMIT 1   [ RunTime:0.0002s ]
SQL: SELECT COUNT(distinct(uid)) AS tp_count FROM `dy_active_user_record` WHERE `cert_id` = 233 AND ( `create_day` >= 1519142400 AND `create_day` <= 1519228799  ) LIMIT 1   [ RunTime:0.0002s ]
NOTIC: [8] Undefined index: cost_money /opt/lampp/htdocs/test/Application/Admin/Controller/ActiveController.class.php 第 202 行.
NOTIC: [2] Division by zero /opt/lampp/htdocs/test/Application/Admin/Controller/ActiveController.class.php 第 202 行.
SQL: SELECT COUNT(*) AS tp_count FROM `dy_active_user_record` WHERE `cert_id` = 233 AND ( `create_day` >= 1519142400 AND `create_day` <= 1519228799  ) AND `status` = 1 LIMIT 1   [ RunTime:0.0002s ]
SQL: SELECT COUNT(distinct(uid)) AS tp_count FROM `dy_active_user_record` WHERE `cert_id` = 233 AND ( `create_day` >= 1519142400 AND `create_day` <= 1519228799  ) AND `status` = 1 LIMIT 1   [ RunTime:0.0002s ]
NOTIC: [8] Undefined index: cost_money /opt/lampp/htdocs/test/Application/Admin/Controller/ActiveController.class.php 第 205 行.
NOTIC: [2] Division by zero /opt/lampp/htdocs/test/Application/Admin/Controller/ActiveController.class.php 第 205 行.
NOTIC: [2] Division by zero /opt/lampp/htdocs/test/Application/Admin/Controller/ActiveController.class.php 第 206 行.
SQL: SELECT COUNT(*) AS tp_count FROM `dy_active_user_record` WHERE `cert_id` = 236 AND ( `create_day` >= 1519142400 AND `create_day` <= 1519228799  ) LIMIT 1   [ RunTime:0.0002s ]
SQL: SELECT COUNT(distinct(uid)) AS tp_count FROM `dy_active_user_record` WHERE `cert_id` = 236 AND ( `create_day` >= 1519142400 AND `create_day` <= 1519228799  ) LIMIT 1   [ RunTime:0.0003s ]
NOTIC: [8] Undefined index: cost_money /opt/lampp/htdocs/test/Application/Admin/Controller/ActiveController.class.php 第 202 行.
NOTIC: [2] Division by zero /opt/lampp/htdocs/test/Application/Admin/Controller/ActiveController.class.php 第 202 行.
SQL: SELECT COUNT(*) AS tp_count FROM `dy_active_user_record` WHERE `cert_id` = 236 AND ( `create_day` >= 1519142400 AND `create_day` <= 1519228799  ) AND `status` = 1 LIMIT 1   [ RunTime:0.0002s ]
SQL: SELECT COUNT(distinct(uid)) AS tp_count FROM `dy_active_user_record` WHERE `cert_id` = 236 AND ( `create_day` >= 1519142400 AND `create_day` <= 1519228799  ) AND `status` = 1 LIMIT 1   [ RunTime:0.0002s ]
NOTIC: [8] Undefined index: cost_money /opt/lampp/htdocs/test/Application/Admin/Controller/ActiveController.class.php 第 205 行.
NOTIC: [2] Division by zero /opt/lampp/htdocs/test/Application/Admin/Controller/ActiveController.class.php 第 205 行.
NOTIC: [2] Division by zero /opt/lampp/htdocs/test/Application/Admin/Controller/ActiveController.class.php 第 206 行.
INFO: [ view_parse ] --START--
INFO: [ template_filter ] --START--
INFO: Run Behavior\ContentReplaceBehavior [ RunTime:0.000069s ]
INFO: [ template_filter ] --END-- [ RunTime:0.000102s ]
NOTIC: [8] Undefined variable: total /opt/lampp/htdocs/test/Application/Runtime/Cache/Admin/12d1e4e5385d0e6cc59fae6e536e9169.php 第 294 行.
NOTIC: [8] Undefined variable: total /opt/lampp/htdocs/test/Application/Runtime/Cache/Admin/12d1e4e5385d0e6cc59fae6e536e9169.php 第 299 行.
NOTIC: [8] Undefined variable: total /opt/lampp/htdocs/test/Application/Runtime/Cache/Admin/12d1e4e5385d0e6cc59fae6e536e9169.php 第 300 行.
NOTIC: [8] Undefined variable: total /opt/lampp/htdocs/test/Application/Runtime/Cache/Admin/12d1e4e5385d0e6cc59fae6e536e9169.php 第 301 行.
NOTIC: [8] Undefined variable: total /opt/lampp/htdocs/test/Application/Runtime/Cache/Admin/12d1e4e5385d0e6cc59fae6e536e9169.php 第 301 行.
NOTIC: [2] Division by zero /opt/lampp/htdocs/test/Application/Runtime/Cache/Admin/12d1e4e5385d0e6cc59fae6e536e9169.php 第 301 行.
NOTIC: [8] Undefined variable: total /opt/lampp/htdocs/test/Application/Runtime/Cache/Admin/12d1e4e5385d0e6cc59fae6e536e9169.php 第 302 行.
NOTIC: [8] Undefined variable: total /opt/lampp/htdocs/test/Application/Runtime/Cache/Admin/12d1e4e5385d0e6cc59fae6e536e9169.php 第 303 行.
NOTIC: [8] Undefined variable: total /opt/lampp/htdocs/test/Application/Runtime/Cache/Admin/12d1e4e5385d0e6cc59fae6e536e9169.php 第 304 行.
NOTIC: [8] Undefined variable: total /opt/lampp/htdocs/test/Application/Runtime/Cache/Admin/12d1e4e5385d0e6cc59fae6e536e9169.php 第 305 行.
NOTIC: [8] Undefined variable: total /opt/lampp/htdocs/test/Application/Runtime/Cache/Admin/12d1e4e5385d0e6cc59fae6e536e9169.php 第 305 行.
NOTIC: [2] Division by zero /opt/lampp/htdocs/test/Application/Runtime/Cache/Admin/12d1e4e5385d0e6cc59fae6e536e9169.php 第 305 行.
NOTIC: [8] Undefined variable: total /opt/lampp/htdocs/test/Application/Runtime/Cache/Admin/12d1e4e5385d0e6cc59fae6e536e9169.php 第 306 行.
NOTIC: [8] Undefined variable: total /opt/lampp/htdocs/test/Application/Runtime/Cache/Admin/12d1e4e5385d0e6cc59fae6e536e9169.php 第 307 行.
NOTIC: [8] Undefined variable: total /opt/lampp/htdocs/test/Application/Runtime/Cache/Admin/12d1e4e5385d0e6cc59fae6e536e9169.php 第 308 行.
NOTIC: [8] Undefined variable: total /opt/lampp/htdocs/test/Application/Runtime/Cache/Admin/12d1e4e5385d0e6cc59fae6e536e9169.php 第 309 行.
NOTIC: [8] Undefined variable: total /opt/lampp/htdocs/test/Application/Runtime/Cache/Admin/12d1e4e5385d0e6cc59fae6e536e9169.php 第 310 行.
NOTIC: [8] Undefined variable: total /opt/lampp/htdocs/test/Application/Runtime/Cache/Admin/12d1e4e5385d0e6cc59fae6e536e9169.php 第 311 行.
NOTIC: [8] Undefined variable: total /opt/lampp/htdocs/test/Application/Runtime/Cache/Admin/12d1e4e5385d0e6cc59fae6e536e9169.php 第 312 行.
NOTIC: [8] Undefined index: company /opt/lampp/htdocs/test/Application/Runtime/Cache/Admin/12d1e4e5385d0e6cc59fae6e536e9169.php 第 335 行.
NOTIC: [2] Division by zero /opt/lampp/htdocs/test/Application/Runtime/Cache/Admin/12d1e4e5385d0e6cc59fae6e536e9169.php 第 340 行.
NOTIC: [2] Division by zero /opt/lampp/htdocs/test/Application/Runtime/Cache/Admin/12d1e4e5385d0e6cc59fae6e536e9169.php 第 344 行.
NOTIC: [8] Undefined index: cost_money /opt/lampp/htdocs/test/Application/Runtime/Cache/Admin/12d1e4e5385d0e6cc59fae6e536e9169.php 第 347 行.
NOTIC: [8] Undefined variable: total /opt/lampp/htdocs/test/Application/Runtime/Cache/Admin/12d1e4e5385d0e6cc59fae6e536e9169.php 第 352 行.
NOTIC: [2] Division by zero /opt/lampp/htdocs/test/Application/Runtime/Cache/Admin/12d1e4e5385d0e6cc59fae6e536e9169.php 第 352 行.
NOTIC: [8] Undefined index: company /opt/lampp/htdocs/test/Application/Runtime/Cache/Admin/12d1e4e5385d0e6cc59fae6e536e9169.php 第 335 行.
NOTIC: [2] Division by zero /opt/lampp/htdocs/test/Application/Runtime/Cache/Admin/12d1e4e5385d0e6cc59fae6e536e9169.php 第 340 行.
NOTIC: [2] Division by zero /opt/lampp/htdocs/test/Application/Runtime/Cache/Admin/12d1e4e5385d0e6cc59fae6e536e9169.php 第 344 行.
NOTIC: [8] Undefined index: cost_money /opt/lampp/htdocs/test/Application/Runtime/Cache/Admin/12d1e4e5385d0e6cc59fae6e536e9169.php 第 347 行.
NOTIC: [8] Undefined variable: total /opt/lampp/htdocs/test/Application/Runtime/Cache/Admin/12d1e4e5385d0e6cc59fae6e536e9169.php 第 352 行.
NOTIC: [2] Division by zero /opt/lampp/htdocs/test/Application/Runtime/Cache/Admin/12d1e4e5385d0e6cc59fae6e536e9169.php 第 352 行.
NOTIC: [8] Undefined index: company /opt/lampp/htdocs/test/Application/Runtime/Cache/Admin/12d1e4e5385d0e6cc59fae6e536e9169.php 第 335 行.
NOTIC: [2] Division by zero /opt/lampp/htdocs/test/Application/Runtime/Cache/Admin/12d1e4e5385d0e6cc59fae6e536e9169.php 第 340 行.
NOTIC: [2] Division by zero /opt/lampp/htdocs/test/Application/Runtime/Cache/Admin/12d1e4e5385d0e6cc59fae6e536e9169.php 第 344 行.
NOTIC: [8] Undefined index: cost_money /opt/lampp/htdocs/test/Application/Runtime/Cache/Admin/12d1e4e5385d0e6cc59fae6e536e9169.php 第 347 行.
NOTIC: [8] Undefined variable: total /opt/lampp/htdocs/test/Application/Runtime/Cache/Admin/12d1e4e5385d0e6cc59fae6e536e9169.php 第 352 行.
NOTIC: [2] Division by zero /opt/lampp/htdocs/test/Application/Runtime/Cache/Admin/12d1e4e5385d0e6cc59fae6e536e9169.php 第 352 行.
NOTIC: [8] Undefined index: company /opt/lampp/htdocs/test/Application/Runtime/Cache/Admin/12d1e4e5385d0e6cc59fae6e536e9169.php 第 335 行.
NOTIC: [2] Division by zero /opt/lampp/htdocs/test/Application/Runtime/Cache/Admin/12d1e4e5385d0e6cc59fae6e536e9169.php 第 340 行.
NOTIC: [2] Division by zero /opt/lampp/htdocs/test/Application/Runtime/Cache/Admin/12d1e4e5385d0e6cc59fae6e536e9169.php 第 344 行.
NOTIC: [8] Undefined index: cost_money /opt/lampp/htdocs/test/Application/Runtime/Cache/Admin/12d1e4e5385d0e6cc59fae6e536e9169.php 第 347 行.
NOTIC: [8] Undefined variable: total /opt/lampp/htdocs/test/Application/Runtime/Cache/Admin/12d1e4e5385d0e6cc59fae6e536e9169.php 第 352 行.
NOTIC: [2] Division by zero /opt/lampp/htdocs/test/Application/Runtime/Cache/Admin/12d1e4e5385d0e6cc59fae6e536e9169.php 第 352 行.
NOTIC: [8] Undefined index: company /opt/lampp/htdocs/test/Application/Runtime/Cache/Admin/12d1e4e5385d0e6cc59fae6e536e9169.php 第 335 行.
NOTIC: [2] Division by zero /opt/lampp/htdocs/test/Application/Runtime/Cache/Admin/12d1e4e5385d0e6cc59fae6e536e9169.php 第 340 行.
NOTIC: [2] Division by zero /opt/lampp/htdocs/test/Application/Runtime/Cache/Admin/12d1e4e5385d0e6cc59fae6e536e9169.php 第 344 行.
NOTIC: [8] Undefined index: cost_money /opt/lampp/htdocs/test/Application/Runtime/Cache/Admin/12d1e4e5385d0e6cc59fae6e536e9169.php 第 347 行.
NOTIC: [8] Undefined variable: total /opt/lampp/htdocs/test/Application/Runtime/Cache/Admin/12d1e4e5385d0e6cc59fae6e536e9169.php 第 352 行.
NOTIC: [2] Division by zero /opt/lampp/htdocs/test/Application/Runtime/Cache/Admin/12d1e4e5385d0e6cc59fae6e536e9169.php 第 352 行.
INFO: Run Behavior\ParseTemplateBehavior [ RunTime:0.012139s ]
INFO: [ view_parse ] --END-- [ RunTime:0.012176s ]
INFO: [ view_filter ] --START--
INFO: Run Behavior\WriteHtmlCacheBehavior [ RunTime:0.000093s ]
INFO: [ view_filter ] --END-- [ RunTime:0.000115s ]
INFO: [ app_end ] --START--
INFO: Run Behavior\ShowPageTraceBehavior [ RunTime:0.000301s ]
INFO: [ app_end ] --END-- [ RunTime:0.000331s ]

[ 2018-02-21T21:51:11+08:00 ] 122.234.121.135 /test/index.php/Admin/User/index.html
INFO: [ app_init ] --START--
INFO: Run Behavior\BuildLiteBehavior [ RunTime:0.000017s ]
INFO: [ app_init ] --END-- [ RunTime:0.000284s ]
INFO: [ app_begin ] --START--
INFO: Run Behavior\ReadHtmlCacheBehavior [ RunTime:0.000338s ]
INFO: [ app_begin ] --END-- [ RunTime:0.000376s ]
NOTIC: [8] Undefined index: date /opt/lampp/htdocs/test/Application/Admin/Controller/UserController.class.php 第 27 行.
SQL: SHOW COLUMNS FROM `dy_coupon_user` [ RunTime:0.0007s ]
SQL: SELECT COUNT(*) AS tp_count FROM `dy_coupon_user` LIMIT 1   [ RunTime:0.0001s ]
SQL: SELECT COUNT(*) AS tp_count FROM `dy_coupon_user` WHERE ( system=1 ) LIMIT 1   [ RunTime:0.0002s ]
SQL: SELECT COUNT(*) AS tp_count FROM `dy_coupon_user` WHERE ( system=2 ) LIMIT 1   [ RunTime:0.0002s ]
SQL: SHOW COLUMNS FROM `dy_click_uv` [ RunTime:0.0003s ]
SQL: SELECT COUNT(*) AS tp_count FROM `dy_click_uv` LIMIT 1   [ RunTime:0.0002s ]
SQL: SELECT COUNT(*) AS tp_count FROM `dy_click_uv` WHERE ( create_day=1519142400 ) LIMIT 1   [ RunTime:0.0002s ]
SQL: SELECT COUNT(*) AS tp_count FROM `dy_coupon_user` WHERE ( `last_login_time` >= 1519142400 AND `last_login_time` <= 1519228799  ) LIMIT 1   [ RunTime:0.0002s ]
SQL: SHOW COLUMNS FROM `dy_active_share` [ RunTime:0.0003s ]
SQL: SELECT COUNT(*) AS tp_count FROM `dy_active_share` LIMIT 1   [ RunTime:0.0001s ]
SQL: SELECT COUNT(*) AS tp_count FROM `dy_active_share` WHERE ( create_day=1519142400 ) LIMIT 1   [ RunTime:0.0010s ]
SQL: SELECT * FROM `dy_active_share` WHERE ( create_day=1519142400 ) GROUP BY member_id  [ RunTime:0.0010s ]
SQL: SELECT COUNT(*) AS tp_count FROM `dy_active_share` WHERE `create_day` = 1519142400 AND `cate` = 1 LIMIT 1   [ RunTime:0.0010s ]
SQL: SELECT * FROM `dy_active_share` WHERE `create_day` = 1519142400 AND `cate` = 1 GROUP BY member_id  [ RunTime:0.0010s ]
SQL: SELECT COUNT(*) AS tp_count FROM `dy_active_share` WHERE `create_day` = 1519142400 AND `cate` = 2 LIMIT 1   [ RunTime:0.0010s ]
SQL: SELECT * FROM `dy_active_share` WHERE `create_day` = 1519142400 AND `cate` = 2 GROUP BY member_id  [ RunTime:0.0010s ]
SQL: SELECT COUNT(*) AS tp_count FROM `dy_active_share` WHERE `create_day` = 1519142400 AND `cate` = 3 LIMIT 1   [ RunTime:0.0010s ]
SQL: SELECT * FROM `dy_active_share` WHERE `create_day` = 1519142400 AND `cate` = 3 GROUP BY member_id  [ RunTime:0.0010s ]
INFO: [ view_parse ] --START--
INFO: [ template_filter ] --START--
INFO: Run Behavior\ContentReplaceBehavior [ RunTime:0.000059s ]
INFO: [ template_filter ] --END-- [ RunTime:0.000095s ]
INFO: Run Behavior\ParseTemplateBehavior [ RunTime:0.007651s ]
INFO: [ view_parse ] --END-- [ RunTime:0.007684s ]
INFO: [ view_filter ] --START--
INFO: Run Behavior\WriteHtmlCacheBehavior [ RunTime:0.000091s ]
INFO: [ view_filter ] --END-- [ RunTime:0.000116s ]
INFO: [ app_end ] --START--
INFO: Run Behavior\ShowPageTraceBehavior [ RunTime:0.000288s ]
INFO: [ app_end ] --END-- [ RunTime:0.000321s ]

[ 2018-02-21T21:51:21+08:00 ] 101.226.33.200 /test/index.php/Admin/User/index.html
INFO: [ app_init ] --START--
INFO: Run Behavior\BuildLiteBehavior [ RunTime:0.000014s ]
INFO: [ app_init ] --END-- [ RunTime:0.000309s ]
INFO: [ app_begin ] --START--
INFO: Run Behavior\ReadHtmlCacheBehavior [ RunTime:0.000444s ]
INFO: [ app_begin ] --END-- [ RunTime:0.000494s ]

[ 2018-02-21T21:51:21+08:00 ] 101.226.33.200 /test/index.php/Admin/Login/index.html
INFO: [ app_init ] --START--
INFO: Run Behavior\BuildLiteBehavior [ RunTime:0.000011s ]
INFO: [ app_init ] --END-- [ RunTime:0.000246s ]
INFO: [ app_begin ] --START--
INFO: Run Behavior\ReadHtmlCacheBehavior [ RunTime:0.000309s ]
INFO: [ app_begin ] --END-- [ RunTime:0.000345s ]
INFO: [ view_parse ] --START--
INFO: [ template_filter ] --START--
INFO: Run Behavior\ContentReplaceBehavior [ RunTime:0.000033s ]
INFO: [ template_filter ] --END-- [ RunTime:0.000076s ]
INFO: Run Behavior\ParseTemplateBehavior [ RunTime:0.004514s ]
INFO: [ view_parse ] --END-- [ RunTime:0.004572s ]
INFO: [ view_filter ] --START--
INFO: Run Behavior\WriteHtmlCacheBehavior [ RunTime:0.000088s ]
INFO: [ view_filter ] --END-- [ RunTime:0.000111s ]
INFO: [ app_end ] --START--
INFO: Run Behavior\ShowPageTraceBehavior [ RunTime:0.000329s ]
INFO: [ app_end ] --END-- [ RunTime:0.000387s ]

[ 2018-02-21T21:51:55+08:00 ] 101.226.33.237 /test/index.php/admin/login/index.html
INFO: [ app_init ] --START--
INFO: Run Behavior\BuildLiteBehavior [ RunTime:0.000010s ]
INFO: [ app_init ] --END-- [ RunTime:0.000219s ]
INFO: [ app_begin ] --START--
INFO: Run Behavior\ReadHtmlCacheBehavior [ RunTime:0.000300s ]
INFO: [ app_begin ] --END-- [ RunTime:0.000340s ]
INFO: [ view_parse ] --START--
INFO: [ template_filter ] --START--
INFO: Run Behavior\ContentReplaceBehavior [ RunTime:0.000030s ]
INFO: [ template_filter ] --END-- [ RunTime:0.000061s ]
INFO: Run Behavior\ParseTemplateBehavior [ RunTime:0.004031s ]
INFO: [ view_parse ] --END-- [ RunTime:0.004078s ]
INFO: [ view_filter ] --START--
INFO: Run Behavior\WriteHtmlCacheBehavior [ RunTime:0.000088s ]
INFO: [ view_filter ] --END-- [ RunTime:0.000112s ]
INFO: [ app_end ] --START--
INFO: Run Behavior\ShowPageTraceBehavior [ RunTime:0.000295s ]
INFO: [ app_end ] --END-- [ RunTime:0.000333s ]

[ 2018-02-21T21:52:05+08:00 ] 61.129.8.250 /test/index.php/Admin/Login/login.html
INFO: [ app_init ] --START--
INFO: Run Behavior\BuildLiteBehavior [ RunTime:0.000010s ]
INFO: [ app_init ] --END-- [ RunTime:0.000245s ]
INFO: [ app_begin ] --START--
INFO: Run Behavior\ReadHtmlCacheBehavior [ RunTime:0.000277s ]
INFO: [ app_begin ] --END-- [ RunTime:0.000319s ]
INFO: [ app_end ] --START--
INFO: Run Behavior\ShowPageTraceBehavior [ RunTime:0.000293s ]
INFO: [ app_end ] --END-- [ RunTime:0.000335s ]

[ 2018-02-21T21:52:10+08:00 ] 101.226.102.97 /test/index.php/Admin/Active/coupon.html
INFO: [ app_init ] --START--
INFO: Run Behavior\BuildLiteBehavior [ RunTime:0.000010s ]
INFO: [ app_init ] --END-- [ RunTime:0.000216s ]
INFO: [ app_begin ] --START--
INFO: Run Behavior\ReadHtmlCacheBehavior [ RunTime:0.000286s ]
INFO: [ app_begin ] --END-- [ RunTime:0.000318s ]

[ 2018-02-21T21:52:11+08:00 ] 61.129.7.254 /test/index.php/Admin/User/index.html
INFO: [ app_init ] --START--
INFO: Run Behavior\BuildLiteBehavior [ RunTime:0.000011s ]
INFO: [ app_init ] --END-- [ RunTime:0.000233s ]
INFO: [ app_begin ] --START--
INFO: Run Behavior\ReadHtmlCacheBehavior [ RunTime:0.000295s ]
INFO: [ app_begin ] --END-- [ RunTime:0.000328s ]

[ 2018-02-21T21:54:59+08:00 ] 101.226.65.107 /test/index.php/Admin/User/index.html
INFO: [ app_init ] --START--
INFO: Run Behavior\BuildLiteBehavior [ RunTime:0.000012s ]
INFO: [ app_init ] --END-- [ RunTime:0.000293s ]
INFO: [ app_begin ] --START--
INFO: Run Behavior\ReadHtmlCacheBehavior [ RunTime:0.000310s ]
INFO: [ app_begin ] --END-- [ RunTime:0.000345s ]

[ 2018-02-21T21:54:59+08:00 ] 101.226.65.107 /test/index.php/Admin/Login/index.html
INFO: [ app_init ] --START--
INFO: Run Behavior\BuildLiteBehavior [ RunTime:0.000010s ]
INFO: [ app_init ] --END-- [ RunTime:0.000234s ]
INFO: [ app_begin ] --START--
INFO: Run Behavior\ReadHtmlCacheBehavior [ RunTime:0.000270s ]
INFO: [ app_begin ] --END-- [ RunTime:0.000302s ]
INFO: [ view_parse ] --START--
INFO: [ template_filter ] --START--
INFO: Run Behavior\ContentReplaceBehavior [ RunTime:0.000036s ]
INFO: [ template_filter ] --END-- [ RunTime:0.000071s ]
INFO: Run Behavior\ParseTemplateBehavior [ RunTime:0.004131s ]
INFO: [ view_parse ] --END-- [ RunTime:0.004171s ]
INFO: [ view_filter ] --START--
INFO: Run Behavior\WriteHtmlCacheBehavior [ RunTime:0.000085s ]
INFO: [ view_filter ] --END-- [ RunTime:0.000114s ]
INFO: [ app_end ] --START--
INFO: Run Behavior\ShowPageTraceBehavior [ RunTime:0.000287s ]
INFO: [ app_end ] --END-- [ RunTime:0.000317s ]

