[ 2018-02-06T09:46:05+08:00 ] 60.177.236.150 /test/index.php/Admin/Active/active_add.html
INFO: [ app_init ] --START--
INFO: Run Behavior\BuildLiteBehavior [ RunTime:0.000011s ]
INFO: [ app_init ] --END-- [ RunTime:0.000237s ]
INFO: [ app_begin ] --START--
INFO: Run Behavior\ReadHtmlCacheBehavior [ RunTime:0.000277s ]
INFO: [ app_begin ] --END-- [ RunTime:0.000308s ]
INFO: [ view_parse ] --START--
INFO: [ template_filter ] --START--
INFO: Run Behavior\ContentReplaceBehavior [ RunTime:0.000055s ]
INFO: [ template_filter ] --END-- [ RunTime:0.000104s ]
NOTIC: [8] Undefined variable: list /opt/lampp/htdocs/test/Application/Runtime/Cache/Admin/1e3d4c96def7956b4cadac524d6fea96.php 第 261 行.
NOTIC: [8] Undefined variable: list /opt/lampp/htdocs/test/Application/Runtime/Cache/Admin/1e3d4c96def7956b4cadac524d6fea96.php 第 273 行.
INFO: Run Behavior\ParseTemplateBehavior [ RunTime:0.021331s ]
INFO: [ view_parse ] --END-- [ RunTime:0.021380s ]
INFO: [ view_filter ] --START--
INFO: Run Behavior\WriteHtmlCacheBehavior [ RunTime:0.000110s ]
INFO: [ view_filter ] --END-- [ RunTime:0.000134s ]
INFO: [ app_end ] --START--
INFO: Run Behavior\ShowPageTraceBehavior [ RunTime:0.000320s ]
INFO: [ app_end ] --END-- [ RunTime:0.000358s ]

[ 2018-02-06T09:47:11+08:00 ] 101.226.66.181 /test/index.php/admin/active/active_add.html
INFO: [ app_init ] --START--
INFO: Run Behavior\BuildLiteBehavior [ RunTime:0.000011s ]
INFO: [ app_init ] --END-- [ RunTime:0.000225s ]
INFO: [ app_begin ] --START--
INFO: Run Behavior\ReadHtmlCacheBehavior [ RunTime:0.000273s ]
INFO: [ app_begin ] --END-- [ RunTime:0.000306s ]

[ 2018-02-06T17:11:50+08:00 ] 60.177.236.150 /test/index.php/Admin/Coupon/index.html
INFO: [ app_init ] --START--
INFO: Run Behavior\BuildLiteBehavior [ RunTime:0.000012s ]
INFO: [ app_init ] --END-- [ RunTime:0.000245s ]
INFO: [ app_begin ] --START--
INFO: Run Behavior\ReadHtmlCacheBehavior [ RunTime:0.000295s ]
INFO: [ app_begin ] --END-- [ RunTime:0.000328s ]

[ 2018-02-06T17:11:50+08:00 ] 60.177.236.150 /test/index.php/Admin/Login/index.html
INFO: [ app_init ] --START--
INFO: Run Behavior\BuildLiteBehavior [ RunTime:0.000009s ]
INFO: [ app_init ] --END-- [ RunTime:0.000228s ]
INFO: [ app_begin ] --START--
INFO: Run Behavior\ReadHtmlCacheBehavior [ RunTime:0.000272s ]
INFO: [ app_begin ] --END-- [ RunTime:0.000303s ]
INFO: [ view_parse ] --START--
INFO: [ template_filter ] --START--
INFO: Run Behavior\ContentReplaceBehavior [ RunTime:0.000037s ]
INFO: [ template_filter ] --END-- [ RunTime:0.000071s ]
INFO: Run Behavior\ParseTemplateBehavior [ RunTime:0.004144s ]
INFO: [ view_parse ] --END-- [ RunTime:0.004197s ]
INFO: [ view_filter ] --START--
INFO: Run Behavior\WriteHtmlCacheBehavior [ RunTime:0.000089s ]
INFO: [ view_filter ] --END-- [ RunTime:0.000110s ]
INFO: [ app_end ] --START--
INFO: Run Behavior\ShowPageTraceBehavior [ RunTime:0.000284s ]
INFO: [ app_end ] --END-- [ RunTime:0.000314s ]

[ 2018-02-06T17:11:56+08:00 ] 60.177.236.150 /test/index.php/Admin/Login/login.html
INFO: [ app_init ] --START--
INFO: Run Behavior\BuildLiteBehavior [ RunTime:0.000010s ]
INFO: [ app_init ] --END-- [ RunTime:0.000221s ]
INFO: [ app_begin ] --START--
INFO: Run Behavior\ReadHtmlCacheBehavior [ RunTime:0.000301s ]
INFO: [ app_begin ] --END-- [ RunTime:0.000345s ]
SQL: SHOW COLUMNS FROM `dy_admin` [ RunTime:0.0005s ]
SQL: SELECT * FROM `dy_admin` WHERE `user_name` = 'zhoujj' LIMIT 1   [ RunTime:0.0002s ]
NOTIC: [8] Undefined index: username /opt/lampp/htdocs/test/Application/Admin/Controller/LoginController.class.php 第 26 行.
INFO: [ view_parse ] --START--
INFO: [ template_filter ] --START--
INFO: Run Behavior\ContentReplaceBehavior [ RunTime:0.000029s ]
INFO: [ template_filter ] --END-- [ RunTime:0.000064s ]
INFO: Run Behavior\ParseTemplateBehavior [ RunTime:0.003875s ]
INFO: [ view_parse ] --END-- [ RunTime:0.003915s ]
INFO: [ view_filter ] --START--
INFO: Run Behavior\WriteHtmlCacheBehavior [ RunTime:0.000083s ]
INFO: [ view_filter ] --END-- [ RunTime:0.000105s ]
INFO: [ app_end ] --START--
INFO: Run Behavior\ShowPageTraceBehavior [ RunTime:0.000336s ]
INFO: [ app_end ] --END-- [ RunTime:0.000366s ]

[ 2018-02-06T17:11:57+08:00 ] 60.177.236.150 /test/index.php/Admin/Login/index.html
INFO: [ app_init ] --START--
INFO: Run Behavior\BuildLiteBehavior [ RunTime:0.000010s ]
INFO: [ app_init ] --END-- [ RunTime:0.000230s ]
INFO: [ app_begin ] --START--
INFO: Run Behavior\ReadHtmlCacheBehavior [ RunTime:0.000287s ]
INFO: [ app_begin ] --END-- [ RunTime:0.000317s ]

[ 2018-02-06T17:11:57+08:00 ] 60.177.236.150 /test/index.php/Admin/Index/index.html
INFO: [ app_init ] --START--
INFO: Run Behavior\BuildLiteBehavior [ RunTime:0.000009s ]
INFO: [ app_init ] --END-- [ RunTime:0.000200s ]
INFO: [ app_begin ] --START--
INFO: Run Behavior\ReadHtmlCacheBehavior [ RunTime:0.000261s ]
INFO: [ app_begin ] --END-- [ RunTime:0.000292s ]
INFO: [ view_parse ] --START--
INFO: [ template_filter ] --START--
INFO: Run Behavior\ContentReplaceBehavior [ RunTime:0.000031s ]
INFO: [ template_filter ] --END-- [ RunTime:0.000062s ]
INFO: Run Behavior\ParseTemplateBehavior [ RunTime:0.005412s ]
INFO: [ view_parse ] --END-- [ RunTime:0.005443s ]
INFO: [ view_filter ] --START--
INFO: Run Behavior\WriteHtmlCacheBehavior [ RunTime:0.000086s ]
INFO: [ view_filter ] --END-- [ RunTime:0.000108s ]
INFO: [ app_end ] --START--
INFO: Run Behavior\ShowPageTraceBehavior [ RunTime:0.000290s ]
INFO: [ app_end ] --END-- [ RunTime:0.000319s ]

[ 2018-02-06T17:11:59+08:00 ] 60.177.236.150 /test/index.php/Admin/Coupon/index.html
INFO: [ app_init ] --START--
INFO: Run Behavior\BuildLiteBehavior [ RunTime:0.000010s ]
INFO: [ app_init ] --END-- [ RunTime:0.000209s ]
INFO: [ app_begin ] --START--
INFO: Run Behavior\ReadHtmlCacheBehavior [ RunTime:0.000286s ]
INFO: [ app_begin ] --END-- [ RunTime:0.000329s ]
SQL: SHOW COLUMNS FROM `dy_coupon_category` [ RunTime:0.0005s ]
SQL: SELECT * FROM `dy_coupon_category` WHERE ( pid=0 )  [ RunTime:0.0002s ]
SQL: SHOW COLUMNS FROM `dy_coupon_coupon` [ RunTime:0.0011s ]
NOTIC: [8] Undefined variable: map1 /opt/lampp/htdocs/test/Application/Admin/Controller/CouponController.class.php 第 47 行.
SQL: SELECT COUNT(*) AS tp_count FROM `dy_coupon_coupon` LIMIT 1   [ RunTime:0.0001s ]
SQL: SELECT a.id,a.title,a.validate,a.description,a.upvote,a.enddate,a.collect,b.title as catename FROM dy_coupon_coupon a INNER JOIN dy_coupon_category b on a.cateid=b.id  ORDER BY a.id desc LIMIT 0,10   [ RunTime:0.0003s ]
INFO: [ view_parse ] --START--
INFO: [ template_filter ] --START--
INFO: Run Behavior\ContentReplaceBehavior [ RunTime:0.000052s ]
INFO: [ template_filter ] --END-- [ RunTime:0.000084s ]
INFO: Run Behavior\ParseTemplateBehavior [ RunTime:0.009028s ]
INFO: [ view_parse ] --END-- [ RunTime:0.009064s ]
INFO: [ view_filter ] --START--
INFO: Run Behavior\WriteHtmlCacheBehavior [ RunTime:0.000104s ]
INFO: [ view_filter ] --END-- [ RunTime:0.000133s ]
INFO: [ app_end ] --START--
INFO: Run Behavior\ShowPageTraceBehavior [ RunTime:0.000307s ]
INFO: [ app_end ] --END-- [ RunTime:0.000339s ]

[ 2018-02-06T17:12:03+08:00 ] 60.177.236.150 /test/index.php/Admin/Coupon/index_destroy.html?id=102
INFO: [ app_init ] --START--
INFO: Run Behavior\BuildLiteBehavior [ RunTime:0.000010s ]
INFO: [ app_init ] --END-- [ RunTime:0.000209s ]
INFO: [ app_begin ] --START--
INFO: Run Behavior\ReadHtmlCacheBehavior [ RunTime:0.000288s ]
INFO: [ app_begin ] --END-- [ RunTime:0.000329s ]
SQL: SHOW COLUMNS FROM `dy_coupon_coupon` [ RunTime:0.0006s ]
SQL: DELETE FROM `dy_coupon_coupon` WHERE `id` = 102 [ RunTime:0.0002s ]
INFO: [ app_end ] --START--
INFO: Run Behavior\ShowPageTraceBehavior [ RunTime:0.000296s ]
INFO: [ app_end ] --END-- [ RunTime:0.000332s ]

[ 2018-02-06T17:12:03+08:00 ] 60.177.236.150 /test/index.php/Admin/Coupon/index.html
INFO: [ app_init ] --START--
INFO: Run Behavior\BuildLiteBehavior [ RunTime:0.000012s ]
INFO: [ app_init ] --END-- [ RunTime:0.000212s ]
INFO: [ app_begin ] --START--
INFO: Run Behavior\ReadHtmlCacheBehavior [ RunTime:0.000265s ]
INFO: [ app_begin ] --END-- [ RunTime:0.000295s ]
SQL: SHOW COLUMNS FROM `dy_coupon_category` [ RunTime:0.0005s ]
SQL: SELECT * FROM `dy_coupon_category` WHERE ( pid=0 )  [ RunTime:0.0002s ]
SQL: SHOW COLUMNS FROM `dy_coupon_coupon` [ RunTime:0.0004s ]
NOTIC: [8] Undefined variable: map1 /opt/lampp/htdocs/test/Application/Admin/Controller/CouponController.class.php 第 47 行.
SQL: SELECT COUNT(*) AS tp_count FROM `dy_coupon_coupon` LIMIT 1   [ RunTime:0.0001s ]
SQL: SELECT a.id,a.title,a.validate,a.description,a.upvote,a.enddate,a.collect,b.title as catename FROM dy_coupon_coupon a INNER JOIN dy_coupon_category b on a.cateid=b.id  ORDER BY a.id desc LIMIT 0,10   [ RunTime:0.0003s ]
INFO: [ view_parse ] --START--
INFO: [ template_filter ] --START--
INFO: Run Behavior\ContentReplaceBehavior [ RunTime:0.000040s ]
INFO: [ template_filter ] --END-- [ RunTime:0.000071s ]
INFO: Run Behavior\ParseTemplateBehavior [ RunTime:0.007944s ]
INFO: [ view_parse ] --END-- [ RunTime:0.007975s ]
INFO: [ view_filter ] --START--
INFO: Run Behavior\WriteHtmlCacheBehavior [ RunTime:0.000088s ]
INFO: [ view_filter ] --END-- [ RunTime:0.000110s ]
INFO: [ app_end ] --START--
INFO: Run Behavior\ShowPageTraceBehavior [ RunTime:0.000278s ]
INFO: [ app_end ] --END-- [ RunTime:0.000308s ]

[ 2018-02-06T17:12:59+08:00 ] 61.151.178.169 /test/index.php/admin/index/index.html
INFO: [ app_init ] --START--
INFO: Run Behavior\BuildLiteBehavior [ RunTime:0.000009s ]
INFO: [ app_init ] --END-- [ RunTime:0.000212s ]
INFO: [ app_begin ] --START--
INFO: Run Behavior\ReadHtmlCacheBehavior [ RunTime:0.000274s ]
INFO: [ app_begin ] --END-- [ RunTime:0.000307s ]

[ 2018-02-06T17:19:51+08:00 ] 60.177.236.150 /test/index.php/Admin/Active/coupon.html
INFO: [ app_init ] --START--
INFO: Run Behavior\BuildLiteBehavior [ RunTime:0.000010s ]
INFO: [ app_init ] --END-- [ RunTime:0.000231s ]
INFO: [ app_begin ] --START--
INFO: Run Behavior\ReadHtmlCacheBehavior [ RunTime:0.000277s ]
INFO: [ app_begin ] --END-- [ RunTime:0.000309s ]
SQL: SHOW COLUMNS FROM `dy_adver_cert` [ RunTime:0.0007s ]
SQL: SELECT COUNT(*) AS tp_count FROM `dy_adver_cert` WHERE `title` LIKE '%' LIMIT 1   [ RunTime:0.0002s ]
SQL: SELECT * FROM `dy_adver_cert` WHERE `title` LIKE '%' ORDER BY status desc,weight desc,new_add desc,arpu desc,create_time asc LIMIT 0,5   [ RunTime:0.0002s ]
SQL: SHOW COLUMNS FROM `dy_active_user_record` [ RunTime:0.0004s ]
SQL: SELECT COUNT(*) AS tp_count FROM `dy_active_user_record` WHERE `cert_id` = 236 AND ( `create_day` >= 1517846400 AND `create_day` <= 1517932799  ) LIMIT 1   [ RunTime:0.0002s ]
SQL: SELECT COUNT(distinct(uid)) AS tp_count FROM `dy_active_user_record` WHERE `cert_id` = 236 AND ( `create_day` >= 1517846400 AND `create_day` <= 1517932799  ) LIMIT 1   [ RunTime:0.0002s ]
NOTIC: [8] Undefined index: cost_money /opt/lampp/htdocs/test/Application/Admin/Controller/ActiveController.class.php 第 202 行.
SQL: SELECT COUNT(*) AS tp_count FROM `dy_active_user_record` WHERE `cert_id` = 236 AND ( `create_day` >= 1517846400 AND `create_day` <= 1517932799  ) AND `status` = 1 LIMIT 1   [ RunTime:0.0002s ]
SQL: SELECT COUNT(distinct(uid)) AS tp_count FROM `dy_active_user_record` WHERE `cert_id` = 236 AND ( `create_day` >= 1517846400 AND `create_day` <= 1517932799  ) AND `status` = 1 LIMIT 1   [ RunTime:0.0002s ]
NOTIC: [8] Undefined index: cost_money /opt/lampp/htdocs/test/Application/Admin/Controller/ActiveController.class.php 第 205 行.
NOTIC: [2] Division by zero /opt/lampp/htdocs/test/Application/Admin/Controller/ActiveController.class.php 第 205 行.
SQL: SELECT COUNT(*) AS tp_count FROM `dy_active_user_record` WHERE `cert_id` = 1 AND ( `create_day` >= 1517846400 AND `create_day` <= 1517932799  ) LIMIT 1   [ RunTime:0.0002s ]
SQL: SELECT COUNT(distinct(uid)) AS tp_count FROM `dy_active_user_record` WHERE `cert_id` = 1 AND ( `create_day` >= 1517846400 AND `create_day` <= 1517932799  ) LIMIT 1   [ RunTime:0.0002s ]
NOTIC: [8] Undefined index: cost_money /opt/lampp/htdocs/test/Application/Admin/Controller/ActiveController.class.php 第 202 行.
NOTIC: [2] Division by zero /opt/lampp/htdocs/test/Application/Admin/Controller/ActiveController.class.php 第 202 行.
SQL: SELECT COUNT(*) AS tp_count FROM `dy_active_user_record` WHERE `cert_id` = 1 AND ( `create_day` >= 1517846400 AND `create_day` <= 1517932799  ) AND `status` = 1 LIMIT 1   [ RunTime:0.0002s ]
SQL: SELECT COUNT(distinct(uid)) AS tp_count FROM `dy_active_user_record` WHERE `cert_id` = 1 AND ( `create_day` >= 1517846400 AND `create_day` <= 1517932799  ) AND `status` = 1 LIMIT 1   [ RunTime:0.0002s ]
NOTIC: [8] Undefined index: cost_money /opt/lampp/htdocs/test/Application/Admin/Controller/ActiveController.class.php 第 205 行.
NOTIC: [2] Division by zero /opt/lampp/htdocs/test/Application/Admin/Controller/ActiveController.class.php 第 205 行.
NOTIC: [2] Division by zero /opt/lampp/htdocs/test/Application/Admin/Controller/ActiveController.class.php 第 206 行.
SQL: SELECT COUNT(*) AS tp_count FROM `dy_active_user_record` WHERE `cert_id` = 223 AND ( `create_day` >= 1517846400 AND `create_day` <= 1517932799  ) LIMIT 1   [ RunTime:0.0002s ]
SQL: SELECT COUNT(distinct(uid)) AS tp_count FROM `dy_active_user_record` WHERE `cert_id` = 223 AND ( `create_day` >= 1517846400 AND `create_day` <= 1517932799  ) LIMIT 1   [ RunTime:0.0002s ]
NOTIC: [8] Undefined index: cost_money /opt/lampp/htdocs/test/Application/Admin/Controller/ActiveController.class.php 第 202 行.
NOTIC: [2] Division by zero /opt/lampp/htdocs/test/Application/Admin/Controller/ActiveController.class.php 第 202 行.
SQL: SELECT COUNT(*) AS tp_count FROM `dy_active_user_record` WHERE `cert_id` = 223 AND ( `create_day` >= 1517846400 AND `create_day` <= 1517932799  ) AND `status` = 1 LIMIT 1   [ RunTime:0.0002s ]
SQL: SELECT COUNT(distinct(uid)) AS tp_count FROM `dy_active_user_record` WHERE `cert_id` = 223 AND ( `create_day` >= 1517846400 AND `create_day` <= 1517932799  ) AND `status` = 1 LIMIT 1   [ RunTime:0.0002s ]
NOTIC: [8] Undefined index: cost_money /opt/lampp/htdocs/test/Application/Admin/Controller/ActiveController.class.php 第 205 行.
NOTIC: [2] Division by zero /opt/lampp/htdocs/test/Application/Admin/Controller/ActiveController.class.php 第 205 行.
NOTIC: [2] Division by zero /opt/lampp/htdocs/test/Application/Admin/Controller/ActiveController.class.php 第 206 行.
SQL: SELECT COUNT(*) AS tp_count FROM `dy_active_user_record` WHERE `cert_id` = 227 AND ( `create_day` >= 1517846400 AND `create_day` <= 1517932799  ) LIMIT 1   [ RunTime:0.0002s ]
SQL: SELECT COUNT(distinct(uid)) AS tp_count FROM `dy_active_user_record` WHERE `cert_id` = 227 AND ( `create_day` >= 1517846400 AND `create_day` <= 1517932799  ) LIMIT 1   [ RunTime:0.0003s ]
NOTIC: [8] Undefined index: cost_money /opt/lampp/htdocs/test/Application/Admin/Controller/ActiveController.class.php 第 202 行.
NOTIC: [2] Division by zero /opt/lampp/htdocs/test/Application/Admin/Controller/ActiveController.class.php 第 202 行.
SQL: SELECT COUNT(*) AS tp_count FROM `dy_active_user_record` WHERE `cert_id` = 227 AND ( `create_day` >= 1517846400 AND `create_day` <= 1517932799  ) AND `status` = 1 LIMIT 1   [ RunTime:0.0002s ]
SQL: SELECT COUNT(distinct(uid)) AS tp_count FROM `dy_active_user_record` WHERE `cert_id` = 227 AND ( `create_day` >= 1517846400 AND `create_day` <= 1517932799  ) AND `status` = 1 LIMIT 1   [ RunTime:0.0002s ]
NOTIC: [8] Undefined index: cost_money /opt/lampp/htdocs/test/Application/Admin/Controller/ActiveController.class.php 第 205 行.
NOTIC: [2] Division by zero /opt/lampp/htdocs/test/Application/Admin/Controller/ActiveController.class.php 第 205 行.
NOTIC: [2] Division by zero /opt/lampp/htdocs/test/Application/Admin/Controller/ActiveController.class.php 第 206 行.
SQL: SELECT COUNT(*) AS tp_count FROM `dy_active_user_record` WHERE `cert_id` = 231 AND ( `create_day` >= 1517846400 AND `create_day` <= 1517932799  ) LIMIT 1   [ RunTime:0.0002s ]
SQL: SELECT COUNT(distinct(uid)) AS tp_count FROM `dy_active_user_record` WHERE `cert_id` = 231 AND ( `create_day` >= 1517846400 AND `create_day` <= 1517932799  ) LIMIT 1   [ RunTime:0.0003s ]
NOTIC: [8] Undefined index: cost_money /opt/lampp/htdocs/test/Application/Admin/Controller/ActiveController.class.php 第 202 行.
NOTIC: [2] Division by zero /opt/lampp/htdocs/test/Application/Admin/Controller/ActiveController.class.php 第 202 行.
SQL: SELECT COUNT(*) AS tp_count FROM `dy_active_user_record` WHERE `cert_id` = 231 AND ( `create_day` >= 1517846400 AND `create_day` <= 1517932799  ) AND `status` = 1 LIMIT 1   [ RunTime:0.0004s ]
SQL: SELECT COUNT(distinct(uid)) AS tp_count FROM `dy_active_user_record` WHERE `cert_id` = 231 AND ( `create_day` >= 1517846400 AND `create_day` <= 1517932799  ) AND `status` = 1 LIMIT 1   [ RunTime:0.0002s ]
NOTIC: [8] Undefined index: cost_money /opt/lampp/htdocs/test/Application/Admin/Controller/ActiveController.class.php 第 205 行.
NOTIC: [2] Division by zero /opt/lampp/htdocs/test/Application/Admin/Controller/ActiveController.class.php 第 205 行.
NOTIC: [2] Division by zero /opt/lampp/htdocs/test/Application/Admin/Controller/ActiveController.class.php 第 206 行.
INFO: [ view_parse ] --START--
INFO: [ template_filter ] --START--
INFO: Run Behavior\ContentReplaceBehavior [ RunTime:0.000063s ]
INFO: [ template_filter ] --END-- [ RunTime:0.000095s ]
NOTIC: [8] Undefined variable: total /opt/lampp/htdocs/test/Application/Runtime/Cache/Admin/12d1e4e5385d0e6cc59fae6e536e9169.php 第 294 行.
NOTIC: [8] Undefined variable: total /opt/lampp/htdocs/test/Application/Runtime/Cache/Admin/12d1e4e5385d0e6cc59fae6e536e9169.php 第 299 行.
NOTIC: [8] Undefined variable: total /opt/lampp/htdocs/test/Application/Runtime/Cache/Admin/12d1e4e5385d0e6cc59fae6e536e9169.php 第 300 行.
NOTIC: [8] Undefined variable: total /opt/lampp/htdocs/test/Application/Runtime/Cache/Admin/12d1e4e5385d0e6cc59fae6e536e9169.php 第 301 行.
NOTIC: [8] Undefined variable: total /opt/lampp/htdocs/test/Application/Runtime/Cache/Admin/12d1e4e5385d0e6cc59fae6e536e9169.php 第 301 行.
NOTIC: [2] Division by zero /opt/lampp/htdocs/test/Application/Runtime/Cache/Admin/12d1e4e5385d0e6cc59fae6e536e9169.php 第 301 行.
NOTIC: [8] Undefined variable: total /opt/lampp/htdocs/test/Application/Runtime/Cache/Admin/12d1e4e5385d0e6cc59fae6e536e9169.php 第 302 行.
NOTIC: [8] Undefined variable: total /opt/lampp/htdocs/test/Application/Runtime/Cache/Admin/12d1e4e5385d0e6cc59fae6e536e9169.php 第 303 行.
NOTIC: [8] Undefined variable: total /opt/lampp/htdocs/test/Application/Runtime/Cache/Admin/12d1e4e5385d0e6cc59fae6e536e9169.php 第 304 行.
NOTIC: [8] Undefined variable: total /opt/lampp/htdocs/test/Application/Runtime/Cache/Admin/12d1e4e5385d0e6cc59fae6e536e9169.php 第 305 行.
NOTIC: [8] Undefined variable: total /opt/lampp/htdocs/test/Application/Runtime/Cache/Admin/12d1e4e5385d0e6cc59fae6e536e9169.php 第 305 行.
NOTIC: [2] Division by zero /opt/lampp/htdocs/test/Application/Runtime/Cache/Admin/12d1e4e5385d0e6cc59fae6e536e9169.php 第 305 行.
NOTIC: [8] Undefined variable: total /opt/lampp/htdocs/test/Application/Runtime/Cache/Admin/12d1e4e5385d0e6cc59fae6e536e9169.php 第 306 行.
NOTIC: [8] Undefined variable: total /opt/lampp/htdocs/test/Application/Runtime/Cache/Admin/12d1e4e5385d0e6cc59fae6e536e9169.php 第 307 行.
NOTIC: [8] Undefined variable: total /opt/lampp/htdocs/test/Application/Runtime/Cache/Admin/12d1e4e5385d0e6cc59fae6e536e9169.php 第 308 行.
NOTIC: [8] Undefined variable: total /opt/lampp/htdocs/test/Application/Runtime/Cache/Admin/12d1e4e5385d0e6cc59fae6e536e9169.php 第 309 行.
NOTIC: [8] Undefined variable: total /opt/lampp/htdocs/test/Application/Runtime/Cache/Admin/12d1e4e5385d0e6cc59fae6e536e9169.php 第 310 行.
NOTIC: [8] Undefined variable: total /opt/lampp/htdocs/test/Application/Runtime/Cache/Admin/12d1e4e5385d0e6cc59fae6e536e9169.php 第 311 行.
NOTIC: [8] Undefined variable: total /opt/lampp/htdocs/test/Application/Runtime/Cache/Admin/12d1e4e5385d0e6cc59fae6e536e9169.php 第 312 行.
NOTIC: [8] Undefined index: company /opt/lampp/htdocs/test/Application/Runtime/Cache/Admin/12d1e4e5385d0e6cc59fae6e536e9169.php 第 335 行.
NOTIC: [2] Division by zero /opt/lampp/htdocs/test/Application/Runtime/Cache/Admin/12d1e4e5385d0e6cc59fae6e536e9169.php 第 344 行.
NOTIC: [8] Undefined index: cost_money /opt/lampp/htdocs/test/Application/Runtime/Cache/Admin/12d1e4e5385d0e6cc59fae6e536e9169.php 第 347 行.
NOTIC: [8] Undefined variable: total /opt/lampp/htdocs/test/Application/Runtime/Cache/Admin/12d1e4e5385d0e6cc59fae6e536e9169.php 第 352 行.
NOTIC: [2] Division by zero /opt/lampp/htdocs/test/Application/Runtime/Cache/Admin/12d1e4e5385d0e6cc59fae6e536e9169.php 第 352 行.
NOTIC: [8] Undefined index: company /opt/lampp/htdocs/test/Application/Runtime/Cache/Admin/12d1e4e5385d0e6cc59fae6e536e9169.php 第 335 行.
NOTIC: [2] Division by zero /opt/lampp/htdocs/test/Application/Runtime/Cache/Admin/12d1e4e5385d0e6cc59fae6e536e9169.php 第 340 行.
NOTIC: [2] Division by zero /opt/lampp/htdocs/test/Application/Runtime/Cache/Admin/12d1e4e5385d0e6cc59fae6e536e9169.php 第 344 行.
NOTIC: [8] Undefined index: cost_money /opt/lampp/htdocs/test/Application/Runtime/Cache/Admin/12d1e4e5385d0e6cc59fae6e536e9169.php 第 347 行.
NOTIC: [8] Undefined variable: total /opt/lampp/htdocs/test/Application/Runtime/Cache/Admin/12d1e4e5385d0e6cc59fae6e536e9169.php 第 352 行.
NOTIC: [2] Division by zero /opt/lampp/htdocs/test/Application/Runtime/Cache/Admin/12d1e4e5385d0e6cc59fae6e536e9169.php 第 352 行.
NOTIC: [8] Undefined index: company /opt/lampp/htdocs/test/Application/Runtime/Cache/Admin/12d1e4e5385d0e6cc59fae6e536e9169.php 第 335 行.
NOTIC: [2] Division by zero /opt/lampp/htdocs/test/Application/Runtime/Cache/Admin/12d1e4e5385d0e6cc59fae6e536e9169.php 第 340 行.
NOTIC: [2] Division by zero /opt/lampp/htdocs/test/Application/Runtime/Cache/Admin/12d1e4e5385d0e6cc59fae6e536e9169.php 第 344 行.
NOTIC: [8] Undefined index: cost_money /opt/lampp/htdocs/test/Application/Runtime/Cache/Admin/12d1e4e5385d0e6cc59fae6e536e9169.php 第 347 行.
NOTIC: [8] Undefined variable: total /opt/lampp/htdocs/test/Application/Runtime/Cache/Admin/12d1e4e5385d0e6cc59fae6e536e9169.php 第 352 行.
NOTIC: [2] Division by zero /opt/lampp/htdocs/test/Application/Runtime/Cache/Admin/12d1e4e5385d0e6cc59fae6e536e9169.php 第 352 行.
NOTIC: [8] Undefined index: company /opt/lampp/htdocs/test/Application/Runtime/Cache/Admin/12d1e4e5385d0e6cc59fae6e536e9169.php 第 335 行.
NOTIC: [2] Division by zero /opt/lampp/htdocs/test/Application/Runtime/Cache/Admin/12d1e4e5385d0e6cc59fae6e536e9169.php 第 340 行.
NOTIC: [2] Division by zero /opt/lampp/htdocs/test/Application/Runtime/Cache/Admin/12d1e4e5385d0e6cc59fae6e536e9169.php 第 344 行.
NOTIC: [8] Undefined index: cost_money /opt/lampp/htdocs/test/Application/Runtime/Cache/Admin/12d1e4e5385d0e6cc59fae6e536e9169.php 第 347 行.
NOTIC: [8] Undefined variable: total /opt/lampp/htdocs/test/Application/Runtime/Cache/Admin/12d1e4e5385d0e6cc59fae6e536e9169.php 第 352 行.
NOTIC: [2] Division by zero /opt/lampp/htdocs/test/Application/Runtime/Cache/Admin/12d1e4e5385d0e6cc59fae6e536e9169.php 第 352 行.
NOTIC: [8] Undefined index: company /opt/lampp/htdocs/test/Application/Runtime/Cache/Admin/12d1e4e5385d0e6cc59fae6e536e9169.php 第 335 行.
NOTIC: [2] Division by zero /opt/lampp/htdocs/test/Application/Runtime/Cache/Admin/12d1e4e5385d0e6cc59fae6e536e9169.php 第 340 行.
NOTIC: [2] Division by zero /opt/lampp/htdocs/test/Application/Runtime/Cache/Admin/12d1e4e5385d0e6cc59fae6e536e9169.php 第 344 行.
NOTIC: [8] Undefined index: cost_money /opt/lampp/htdocs/test/Application/Runtime/Cache/Admin/12d1e4e5385d0e6cc59fae6e536e9169.php 第 347 行.
NOTIC: [8] Undefined variable: total /opt/lampp/htdocs/test/Application/Runtime/Cache/Admin/12d1e4e5385d0e6cc59fae6e536e9169.php 第 352 行.
NOTIC: [2] Division by zero /opt/lampp/htdocs/test/Application/Runtime/Cache/Admin/12d1e4e5385d0e6cc59fae6e536e9169.php 第 352 行.
INFO: Run Behavior\ParseTemplateBehavior [ RunTime:0.012249s ]
INFO: [ view_parse ] --END-- [ RunTime:0.012278s ]
INFO: [ view_filter ] --START--
INFO: Run Behavior\WriteHtmlCacheBehavior [ RunTime:0.000101s ]
INFO: [ view_filter ] --END-- [ RunTime:0.000124s ]
INFO: [ app_end ] --START--
INFO: Run Behavior\ShowPageTraceBehavior [ RunTime:0.000318s ]
INFO: [ app_end ] --END-- [ RunTime:0.000348s ]

[ 2018-02-06T17:19:52+08:00 ] 60.177.236.150 /test/index.php/Admin/Active/coupon_add.html
INFO: [ app_init ] --START--
INFO: Run Behavior\BuildLiteBehavior [ RunTime:0.000012s ]
INFO: [ app_init ] --END-- [ RunTime:0.000235s ]
INFO: [ app_begin ] --START--
INFO: Run Behavior\ReadHtmlCacheBehavior [ RunTime:0.000316s ]
INFO: [ app_begin ] --END-- [ RunTime:0.000354s ]
INFO: [ view_parse ] --START--
INFO: [ template_filter ] --START--
INFO: Run Behavior\ContentReplaceBehavior [ RunTime:0.000049s ]
INFO: [ template_filter ] --END-- [ RunTime:0.000082s ]
NOTIC: [8] Undefined variable: list /opt/lampp/htdocs/test/Application/Runtime/Cache/Admin/b00ad33c3db4f53a793f5910be475e62.php 第 261 行.
NOTIC: [8] Undefined variable: list /opt/lampp/htdocs/test/Application/Runtime/Cache/Admin/b00ad33c3db4f53a793f5910be475e62.php 第 273 行.
INFO: Run Behavior\ParseTemplateBehavior [ RunTime:0.007220s ]
INFO: [ view_parse ] --END-- [ RunTime:0.007258s ]
INFO: [ view_filter ] --START--
INFO: Run Behavior\WriteHtmlCacheBehavior [ RunTime:0.000104s ]
INFO: [ view_filter ] --END-- [ RunTime:0.000127s ]
INFO: [ app_end ] --START--
INFO: Run Behavior\ShowPageTraceBehavior [ RunTime:0.000302s ]
INFO: [ app_end ] --END-- [ RunTime:0.000332s ]

[ 2018-02-06T17:36:21+08:00 ] 60.177.236.150 /test/index.php/Admin/Active/coupon_add.html
INFO: [ app_init ] --START--
INFO: Run Behavior\BuildLiteBehavior [ RunTime:0.000011s ]
INFO: [ app_init ] --END-- [ RunTime:0.000284s ]
INFO: [ app_begin ] --START--
INFO: Run Behavior\ReadHtmlCacheBehavior [ RunTime:0.000324s ]
INFO: [ app_begin ] --END-- [ RunTime:0.000360s ]
INFO: [ view_parse ] --START--
INFO: [ template_filter ] --START--
INFO: Run Behavior\ContentReplaceBehavior [ RunTime:0.000060s ]
INFO: [ template_filter ] --END-- [ RunTime:0.000093s ]
NOTIC: [8] Undefined variable: list /opt/lampp/htdocs/test/Application/Runtime/Cache/Admin/b00ad33c3db4f53a793f5910be475e62.php 第 271 行.
NOTIC: [8] Undefined variable: list /opt/lampp/htdocs/test/Application/Runtime/Cache/Admin/b00ad33c3db4f53a793f5910be475e62.php 第 282 行.
NOTIC: [8] Undefined variable: starttime /opt/lampp/htdocs/test/Application/Runtime/Cache/Admin/b00ad33c3db4f53a793f5910be475e62.php 第 335 行.
INFO: Run Behavior\ParseTemplateBehavior [ RunTime:0.008415s ]
INFO: [ view_parse ] --END-- [ RunTime:0.008447s ]
INFO: [ view_filter ] --START--
INFO: Run Behavior\WriteHtmlCacheBehavior [ RunTime:0.000126s ]
INFO: [ view_filter ] --END-- [ RunTime:0.000156s ]
INFO: [ app_end ] --START--
INFO: Run Behavior\ShowPageTraceBehavior [ RunTime:0.000602s ]
INFO: [ app_end ] --END-- [ RunTime:0.000634s ]

[ 2018-02-06T17:36:53+08:00 ] 60.177.236.150 /test/index.php/Admin/Active/active.html
INFO: [ app_init ] --START--
INFO: Run Behavior\BuildLiteBehavior [ RunTime:0.000011s ]
INFO: [ app_init ] --END-- [ RunTime:0.000251s ]
INFO: [ app_begin ] --START--
INFO: Run Behavior\ReadHtmlCacheBehavior [ RunTime:0.000307s ]
INFO: [ app_begin ] --END-- [ RunTime:0.000342s ]
SQL: SHOW COLUMNS FROM `dy_active_temp_item` [ RunTime:0.0006s ]
SQL: SELECT COUNT(*) AS tp_count FROM `dy_active_temp_item` WHERE `title` LIKE '%' LIMIT 1   [ RunTime:0.0002s ]
SQL: SELECT * FROM `dy_active_temp_item` WHERE `title` LIKE '%' ORDER BY status ,create_time desc LIMIT 0,8   [ RunTime:0.0003s ]
SQL: SHOW COLUMNS FROM `dy_active_user` [ RunTime:0.0004s ]
SQL: SELECT COUNT(*) AS tp_count FROM `dy_active_user` WHERE `active_id` = 42 AND `join_times` > 0 AND ( `create_day` >= 1517846400 AND `create_day` <= 1517932799  ) LIMIT 1   [ RunTime:0.0002s ]
SQL: SELECT COUNT(*) AS tp_count FROM `dy_active_user` WHERE `active_id` = 42 AND `join_times` >= 0 AND ( `create_day` >= 1517846400 AND `create_day` <= 1517932799  ) LIMIT 1   [ RunTime:0.0002s ]
SQL: SELECT COUNT(*) AS tp_count FROM `dy_active_user` WHERE `active_id` = 54 AND `join_times` > 0 AND ( `create_day` >= 1517846400 AND `create_day` <= 1517932799  ) LIMIT 1   [ RunTime:0.0002s ]
SQL: SELECT COUNT(*) AS tp_count FROM `dy_active_user` WHERE `active_id` = 54 AND `join_times` >= 0 AND ( `create_day` >= 1517846400 AND `create_day` <= 1517932799  ) LIMIT 1   [ RunTime:0.0002s ]
SQL: SELECT COUNT(*) AS tp_count FROM `dy_active_user` WHERE `active_id` = 52 AND `join_times` > 0 AND ( `create_day` >= 1517846400 AND `create_day` <= 1517932799  ) LIMIT 1   [ RunTime:0.0002s ]
SQL: SELECT COUNT(*) AS tp_count FROM `dy_active_user` WHERE `active_id` = 52 AND `join_times` >= 0 AND ( `create_day` >= 1517846400 AND `create_day` <= 1517932799  ) LIMIT 1   [ RunTime:0.0002s ]
SQL: SELECT COUNT(*) AS tp_count FROM `dy_active_user` WHERE `active_id` = 65 AND `join_times` > 0 AND ( `create_day` >= 1517846400 AND `create_day` <= 1517932799  ) LIMIT 1   [ RunTime:0.0002s ]
SQL: SELECT COUNT(*) AS tp_count FROM `dy_active_user` WHERE `active_id` = 65 AND `join_times` >= 0 AND ( `create_day` >= 1517846400 AND `create_day` <= 1517932799  ) LIMIT 1   [ RunTime:0.0002s ]
SQL: SELECT COUNT(*) AS tp_count FROM `dy_active_user` WHERE `active_id` = 55 AND `join_times` > 0 AND ( `create_day` >= 1517846400 AND `create_day` <= 1517932799  ) LIMIT 1   [ RunTime:0.0002s ]
SQL: SELECT COUNT(*) AS tp_count FROM `dy_active_user` WHERE `active_id` = 55 AND `join_times` >= 0 AND ( `create_day` >= 1517846400 AND `create_day` <= 1517932799  ) LIMIT 1   [ RunTime:0.0002s ]
SQL: SELECT COUNT(*) AS tp_count FROM `dy_active_user` WHERE `active_id` = 61 AND `join_times` > 0 AND ( `create_day` >= 1517846400 AND `create_day` <= 1517932799  ) LIMIT 1   [ RunTime:0.0002s ]
SQL: SELECT COUNT(*) AS tp_count FROM `dy_active_user` WHERE `active_id` = 61 AND `join_times` >= 0 AND ( `create_day` >= 1517846400 AND `create_day` <= 1517932799  ) LIMIT 1   [ RunTime:0.0002s ]
SQL: SELECT COUNT(*) AS tp_count FROM `dy_active_user` WHERE `active_id` = 59 AND `join_times` > 0 AND ( `create_day` >= 1517846400 AND `create_day` <= 1517932799  ) LIMIT 1   [ RunTime:0.0002s ]
SQL: SELECT COUNT(*) AS tp_count FROM `dy_active_user` WHERE `active_id` = 59 AND `join_times` >= 0 AND ( `create_day` >= 1517846400 AND `create_day` <= 1517932799  ) LIMIT 1   [ RunTime:0.0002s ]
SQL: SELECT COUNT(*) AS tp_count FROM `dy_active_user` WHERE `active_id` = 60 AND `join_times` > 0 AND ( `create_day` >= 1517846400 AND `create_day` <= 1517932799  ) LIMIT 1   [ RunTime:0.0002s ]
SQL: SELECT COUNT(*) AS tp_count FROM `dy_active_user` WHERE `active_id` = 60 AND `join_times` >= 0 AND ( `create_day` >= 1517846400 AND `create_day` <= 1517932799  ) LIMIT 1   [ RunTime:0.0002s ]
SQL: SELECT COUNT(distinct(uid)) AS tp_count FROM `dy_active_user` WHERE ( `create_day` >= 1517846400 AND `create_day` <= 1517932799  ) LIMIT 1   [ RunTime:0.0002s ]
SQL: SHOW COLUMNS FROM `dy_active_user_record` [ RunTime:0.0004s ]
SQL: SELECT COUNT(distinct(uid)) AS tp_count FROM `dy_active_user_record` WHERE ( `create_day` >= 1517846400 AND `create_day` <= 1517932799  ) LIMIT 1   [ RunTime:0.0002s ]
INFO: [ view_parse ] --START--
INFO: [ template_filter ] --START--
INFO: Run Behavior\ContentReplaceBehavior [ RunTime:0.000059s ]
INFO: [ template_filter ] --END-- [ RunTime:0.000091s ]
NOTIC: [8] Undefined index: url /opt/lampp/htdocs/test/Application/Runtime/Cache/Admin/b7d13e50965de7f69af8be9447a2c370.php 第 309 行.
NOTIC: [8] Undefined index: url /opt/lampp/htdocs/test/Application/Runtime/Cache/Admin/b7d13e50965de7f69af8be9447a2c370.php 第 309 行.
NOTIC: [2] Division by zero /opt/lampp/htdocs/test/Application/Runtime/Cache/Admin/b7d13e50965de7f69af8be9447a2c370.php 第 321 行.
NOTIC: [8] Undefined index: url /opt/lampp/htdocs/test/Application/Runtime/Cache/Admin/b7d13e50965de7f69af8be9447a2c370.php 第 309 行.
NOTIC: [2] Division by zero /opt/lampp/htdocs/test/Application/Runtime/Cache/Admin/b7d13e50965de7f69af8be9447a2c370.php 第 321 行.
NOTIC: [8] Undefined index: url /opt/lampp/htdocs/test/Application/Runtime/Cache/Admin/b7d13e50965de7f69af8be9447a2c370.php 第 309 行.
NOTIC: [2] Division by zero /opt/lampp/htdocs/test/Application/Runtime/Cache/Admin/b7d13e50965de7f69af8be9447a2c370.php 第 321 行.
NOTIC: [8] Undefined index: url /opt/lampp/htdocs/test/Application/Runtime/Cache/Admin/b7d13e50965de7f69af8be9447a2c370.php 第 309 行.
NOTIC: [8] Undefined index: url /opt/lampp/htdocs/test/Application/Runtime/Cache/Admin/b7d13e50965de7f69af8be9447a2c370.php 第 309 行.
NOTIC: [2] Division by zero /opt/lampp/htdocs/test/Application/Runtime/Cache/Admin/b7d13e50965de7f69af8be9447a2c370.php 第 321 行.
NOTIC: [8] Undefined index: url /opt/lampp/htdocs/test/Application/Runtime/Cache/Admin/b7d13e50965de7f69af8be9447a2c370.php 第 309 行.
NOTIC: [2] Division by zero /opt/lampp/htdocs/test/Application/Runtime/Cache/Admin/b7d13e50965de7f69af8be9447a2c370.php 第 321 行.
NOTIC: [8] Undefined index: url /opt/lampp/htdocs/test/Application/Runtime/Cache/Admin/b7d13e50965de7f69af8be9447a2c370.php 第 309 行.
NOTIC: [2] Division by zero /opt/lampp/htdocs/test/Application/Runtime/Cache/Admin/b7d13e50965de7f69af8be9447a2c370.php 第 321 行.
NOTIC: [8] Undefined variable: page /opt/lampp/htdocs/test/Application/Runtime/Cache/Admin/b7d13e50965de7f69af8be9447a2c370.php 第 356 行.
INFO: Run Behavior\ParseTemplateBehavior [ RunTime:0.010731s ]
INFO: [ view_parse ] --END-- [ RunTime:0.010778s ]
INFO: [ view_filter ] --START--
INFO: Run Behavior\WriteHtmlCacheBehavior [ RunTime:0.000092s ]
INFO: [ view_filter ] --END-- [ RunTime:0.000115s ]
INFO: [ app_end ] --START--
INFO: Run Behavior\ShowPageTraceBehavior [ RunTime:0.000295s ]
INFO: [ app_end ] --END-- [ RunTime:0.000325s ]

[ 2018-02-06T17:36:55+08:00 ] 60.177.236.150 /test/index.php/Admin/Active/coupon.html
INFO: [ app_init ] --START--
INFO: Run Behavior\BuildLiteBehavior [ RunTime:0.000010s ]
INFO: [ app_init ] --END-- [ RunTime:0.000218s ]
INFO: [ app_begin ] --START--
INFO: Run Behavior\ReadHtmlCacheBehavior [ RunTime:0.000275s ]
INFO: [ app_begin ] --END-- [ RunTime:0.000307s ]
SQL: SHOW COLUMNS FROM `dy_adver_cert` [ RunTime:0.0007s ]
SQL: SELECT COUNT(*) AS tp_count FROM `dy_adver_cert` WHERE `title` LIKE '%' LIMIT 1   [ RunTime:0.0002s ]
SQL: SELECT * FROM `dy_adver_cert` WHERE `title` LIKE '%' ORDER BY status desc,weight desc,new_add desc,arpu desc,create_time asc LIMIT 0,5   [ RunTime:0.0002s ]
SQL: SHOW COLUMNS FROM `dy_active_user_record` [ RunTime:0.0004s ]
SQL: SELECT COUNT(*) AS tp_count FROM `dy_active_user_record` WHERE `cert_id` = 236 AND ( `create_day` >= 1517846400 AND `create_day` <= 1517932799  ) LIMIT 1   [ RunTime:0.0002s ]
SQL: SELECT COUNT(distinct(uid)) AS tp_count FROM `dy_active_user_record` WHERE `cert_id` = 236 AND ( `create_day` >= 1517846400 AND `create_day` <= 1517932799  ) LIMIT 1   [ RunTime:0.0002s ]
NOTIC: [8] Undefined index: cost_money /opt/lampp/htdocs/test/Application/Admin/Controller/ActiveController.class.php 第 202 行.
SQL: SELECT COUNT(*) AS tp_count FROM `dy_active_user_record` WHERE `cert_id` = 236 AND ( `create_day` >= 1517846400 AND `create_day` <= 1517932799  ) AND `status` = 1 LIMIT 1   [ RunTime:0.0002s ]
SQL: SELECT COUNT(distinct(uid)) AS tp_count FROM `dy_active_user_record` WHERE `cert_id` = 236 AND ( `create_day` >= 1517846400 AND `create_day` <= 1517932799  ) AND `status` = 1 LIMIT 1   [ RunTime:0.0002s ]
NOTIC: [8] Undefined index: cost_money /opt/lampp/htdocs/test/Application/Admin/Controller/ActiveController.class.php 第 205 行.
NOTIC: [2] Division by zero /opt/lampp/htdocs/test/Application/Admin/Controller/ActiveController.class.php 第 205 行.
SQL: SELECT COUNT(*) AS tp_count FROM `dy_active_user_record` WHERE `cert_id` = 1 AND ( `create_day` >= 1517846400 AND `create_day` <= 1517932799  ) LIMIT 1   [ RunTime:0.0002s ]
SQL: SELECT COUNT(distinct(uid)) AS tp_count FROM `dy_active_user_record` WHERE `cert_id` = 1 AND ( `create_day` >= 1517846400 AND `create_day` <= 1517932799  ) LIMIT 1   [ RunTime:0.0002s ]
NOTIC: [8] Undefined index: cost_money /opt/lampp/htdocs/test/Application/Admin/Controller/ActiveController.class.php 第 202 行.
NOTIC: [2] Division by zero /opt/lampp/htdocs/test/Application/Admin/Controller/ActiveController.class.php 第 202 行.
SQL: SELECT COUNT(*) AS tp_count FROM `dy_active_user_record` WHERE `cert_id` = 1 AND ( `create_day` >= 1517846400 AND `create_day` <= 1517932799  ) AND `status` = 1 LIMIT 1   [ RunTime:0.0002s ]
SQL: SELECT COUNT(distinct(uid)) AS tp_count FROM `dy_active_user_record` WHERE `cert_id` = 1 AND ( `create_day` >= 1517846400 AND `create_day` <= 1517932799  ) AND `status` = 1 LIMIT 1   [ RunTime:0.0002s ]
NOTIC: [8] Undefined index: cost_money /opt/lampp/htdocs/test/Application/Admin/Controller/ActiveController.class.php 第 205 行.
NOTIC: [2] Division by zero /opt/lampp/htdocs/test/Application/Admin/Controller/ActiveController.class.php 第 205 行.
NOTIC: [2] Division by zero /opt/lampp/htdocs/test/Application/Admin/Controller/ActiveController.class.php 第 206 行.
SQL: SELECT COUNT(*) AS tp_count FROM `dy_active_user_record` WHERE `cert_id` = 223 AND ( `create_day` >= 1517846400 AND `create_day` <= 1517932799  ) LIMIT 1   [ RunTime:0.0002s ]
SQL: SELECT COUNT(distinct(uid)) AS tp_count FROM `dy_active_user_record` WHERE `cert_id` = 223 AND ( `create_day` >= 1517846400 AND `create_day` <= 1517932799  ) LIMIT 1   [ RunTime:0.0002s ]
NOTIC: [8] Undefined index: cost_money /opt/lampp/htdocs/test/Application/Admin/Controller/ActiveController.class.php 第 202 行.
NOTIC: [2] Division by zero /opt/lampp/htdocs/test/Application/Admin/Controller/ActiveController.class.php 第 202 行.
SQL: SELECT COUNT(*) AS tp_count FROM `dy_active_user_record` WHERE `cert_id` = 223 AND ( `create_day` >= 1517846400 AND `create_day` <= 1517932799  ) AND `status` = 1 LIMIT 1   [ RunTime:0.0002s ]
SQL: SELECT COUNT(distinct(uid)) AS tp_count FROM `dy_active_user_record` WHERE `cert_id` = 223 AND ( `create_day` >= 1517846400 AND `create_day` <= 1517932799  ) AND `status` = 1 LIMIT 1   [ RunTime:0.0002s ]
NOTIC: [8] Undefined index: cost_money /opt/lampp/htdocs/test/Application/Admin/Controller/ActiveController.class.php 第 205 行.
NOTIC: [2] Division by zero /opt/lampp/htdocs/test/Application/Admin/Controller/ActiveController.class.php 第 205 行.
NOTIC: [2] Division by zero /opt/lampp/htdocs/test/Application/Admin/Controller/ActiveController.class.php 第 206 行.
SQL: SELECT COUNT(*) AS tp_count FROM `dy_active_user_record` WHERE `cert_id` = 227 AND ( `create_day` >= 1517846400 AND `create_day` <= 1517932799  ) LIMIT 1   [ RunTime:0.0002s ]
SQL: SELECT COUNT(distinct(uid)) AS tp_count FROM `dy_active_user_record` WHERE `cert_id` = 227 AND ( `create_day` >= 1517846400 AND `create_day` <= 1517932799  ) LIMIT 1   [ RunTime:0.0002s ]
NOTIC: [8] Undefined index: cost_money /opt/lampp/htdocs/test/Application/Admin/Controller/ActiveController.class.php 第 202 行.
NOTIC: [2] Division by zero /opt/lampp/htdocs/test/Application/Admin/Controller/ActiveController.class.php 第 202 行.
SQL: SELECT COUNT(*) AS tp_count FROM `dy_active_user_record` WHERE `cert_id` = 227 AND ( `create_day` >= 1517846400 AND `create_day` <= 1517932799  ) AND `status` = 1 LIMIT 1   [ RunTime:0.0002s ]
SQL: SELECT COUNT(distinct(uid)) AS tp_count FROM `dy_active_user_record` WHERE `cert_id` = 227 AND ( `create_day` >= 1517846400 AND `create_day` <= 1517932799  ) AND `status` = 1 LIMIT 1   [ RunTime:0.0002s ]
NOTIC: [8] Undefined index: cost_money /opt/lampp/htdocs/test/Application/Admin/Controller/ActiveController.class.php 第 205 行.
NOTIC: [2] Division by zero /opt/lampp/htdocs/test/Application/Admin/Controller/ActiveController.class.php 第 205 行.
NOTIC: [2] Division by zero /opt/lampp/htdocs/test/Application/Admin/Controller/ActiveController.class.php 第 206 行.
SQL: SELECT COUNT(*) AS tp_count FROM `dy_active_user_record` WHERE `cert_id` = 231 AND ( `create_day` >= 1517846400 AND `create_day` <= 1517932799  ) LIMIT 1   [ RunTime:0.0002s ]
SQL: SELECT COUNT(distinct(uid)) AS tp_count FROM `dy_active_user_record` WHERE `cert_id` = 231 AND ( `create_day` >= 1517846400 AND `create_day` <= 1517932799  ) LIMIT 1   [ RunTime:0.0002s ]
NOTIC: [8] Undefined index: cost_money /opt/lampp/htdocs/test/Application/Admin/Controller/ActiveController.class.php 第 202 行.
NOTIC: [2] Division by zero /opt/lampp/htdocs/test/Application/Admin/Controller/ActiveController.class.php 第 202 行.
SQL: SELECT COUNT(*) AS tp_count FROM `dy_active_user_record` WHERE `cert_id` = 231 AND ( `create_day` >= 1517846400 AND `create_day` <= 1517932799  ) AND `status` = 1 LIMIT 1   [ RunTime:0.0002s ]
SQL: SELECT COUNT(distinct(uid)) AS tp_count FROM `dy_active_user_record` WHERE `cert_id` = 231 AND ( `create_day` >= 1517846400 AND `create_day` <= 1517932799  ) AND `status` = 1 LIMIT 1   [ RunTime:0.0002s ]
NOTIC: [8] Undefined index: cost_money /opt/lampp/htdocs/test/Application/Admin/Controller/ActiveController.class.php 第 205 行.
NOTIC: [2] Division by zero /opt/lampp/htdocs/test/Application/Admin/Controller/ActiveController.class.php 第 205 行.
NOTIC: [2] Division by zero /opt/lampp/htdocs/test/Application/Admin/Controller/ActiveController.class.php 第 206 行.
INFO: [ view_parse ] --START--
INFO: [ template_filter ] --START--
INFO: Run Behavior\ContentReplaceBehavior [ RunTime:0.000058s ]
INFO: [ template_filter ] --END-- [ RunTime:0.000089s ]
NOTIC: [8] Undefined variable: total /opt/lampp/htdocs/test/Application/Runtime/Cache/Admin/12d1e4e5385d0e6cc59fae6e536e9169.php 第 294 行.
NOTIC: [8] Undefined variable: total /opt/lampp/htdocs/test/Application/Runtime/Cache/Admin/12d1e4e5385d0e6cc59fae6e536e9169.php 第 299 行.
NOTIC: [8] Undefined variable: total /opt/lampp/htdocs/test/Application/Runtime/Cache/Admin/12d1e4e5385d0e6cc59fae6e536e9169.php 第 300 行.
NOTIC: [8] Undefined variable: total /opt/lampp/htdocs/test/Application/Runtime/Cache/Admin/12d1e4e5385d0e6cc59fae6e536e9169.php 第 301 行.
NOTIC: [8] Undefined variable: total /opt/lampp/htdocs/test/Application/Runtime/Cache/Admin/12d1e4e5385d0e6cc59fae6e536e9169.php 第 301 行.
NOTIC: [2] Division by zero /opt/lampp/htdocs/test/Application/Runtime/Cache/Admin/12d1e4e5385d0e6cc59fae6e536e9169.php 第 301 行.
NOTIC: [8] Undefined variable: total /opt/lampp/htdocs/test/Application/Runtime/Cache/Admin/12d1e4e5385d0e6cc59fae6e536e9169.php 第 302 行.
NOTIC: [8] Undefined variable: total /opt/lampp/htdocs/test/Application/Runtime/Cache/Admin/12d1e4e5385d0e6cc59fae6e536e9169.php 第 303 行.
NOTIC: [8] Undefined variable: total /opt/lampp/htdocs/test/Application/Runtime/Cache/Admin/12d1e4e5385d0e6cc59fae6e536e9169.php 第 304 行.
NOTIC: [8] Undefined variable: total /opt/lampp/htdocs/test/Application/Runtime/Cache/Admin/12d1e4e5385d0e6cc59fae6e536e9169.php 第 305 行.
NOTIC: [8] Undefined variable: total /opt/lampp/htdocs/test/Application/Runtime/Cache/Admin/12d1e4e5385d0e6cc59fae6e536e9169.php 第 305 行.
NOTIC: [2] Division by zero /opt/lampp/htdocs/test/Application/Runtime/Cache/Admin/12d1e4e5385d0e6cc59fae6e536e9169.php 第 305 行.
NOTIC: [8] Undefined variable: total /opt/lampp/htdocs/test/Application/Runtime/Cache/Admin/12d1e4e5385d0e6cc59fae6e536e9169.php 第 306 行.
NOTIC: [8] Undefined variable: total /opt/lampp/htdocs/test/Application/Runtime/Cache/Admin/12d1e4e5385d0e6cc59fae6e536e9169.php 第 307 行.
NOTIC: [8] Undefined variable: total /opt/lampp/htdocs/test/Application/Runtime/Cache/Admin/12d1e4e5385d0e6cc59fae6e536e9169.php 第 308 行.
NOTIC: [8] Undefined variable: total /opt/lampp/htdocs/test/Application/Runtime/Cache/Admin/12d1e4e5385d0e6cc59fae6e536e9169.php 第 309 行.
NOTIC: [8] Undefined variable: total /opt/lampp/htdocs/test/Application/Runtime/Cache/Admin/12d1e4e5385d0e6cc59fae6e536e9169.php 第 310 行.
NOTIC: [8] Undefined variable: total /opt/lampp/htdocs/test/Application/Runtime/Cache/Admin/12d1e4e5385d0e6cc59fae6e536e9169.php 第 311 行.
NOTIC: [8] Undefined variable: total /opt/lampp/htdocs/test/Application/Runtime/Cache/Admin/12d1e4e5385d0e6cc59fae6e536e9169.php 第 312 行.
NOTIC: [8] Undefined index: company /opt/lampp/htdocs/test/Application/Runtime/Cache/Admin/12d1e4e5385d0e6cc59fae6e536e9169.php 第 335 行.
NOTIC: [2] Division by zero /opt/lampp/htdocs/test/Application/Runtime/Cache/Admin/12d1e4e5385d0e6cc59fae6e536e9169.php 第 344 行.
NOTIC: [8] Undefined index: cost_money /opt/lampp/htdocs/test/Application/Runtime/Cache/Admin/12d1e4e5385d0e6cc59fae6e536e9169.php 第 347 行.
NOTIC: [8] Undefined variable: total /opt/lampp/htdocs/test/Application/Runtime/Cache/Admin/12d1e4e5385d0e6cc59fae6e536e9169.php 第 352 行.
NOTIC: [2] Division by zero /opt/lampp/htdocs/test/Application/Runtime/Cache/Admin/12d1e4e5385d0e6cc59fae6e536e9169.php 第 352 行.
NOTIC: [8] Undefined index: company /opt/lampp/htdocs/test/Application/Runtime/Cache/Admin/12d1e4e5385d0e6cc59fae6e536e9169.php 第 335 行.
NOTIC: [2] Division by zero /opt/lampp/htdocs/test/Application/Runtime/Cache/Admin/12d1e4e5385d0e6cc59fae6e536e9169.php 第 340 行.
NOTIC: [2] Division by zero /opt/lampp/htdocs/test/Application/Runtime/Cache/Admin/12d1e4e5385d0e6cc59fae6e536e9169.php 第 344 行.
NOTIC: [8] Undefined index: cost_money /opt/lampp/htdocs/test/Application/Runtime/Cache/Admin/12d1e4e5385d0e6cc59fae6e536e9169.php 第 347 行.
NOTIC: [8] Undefined variable: total /opt/lampp/htdocs/test/Application/Runtime/Cache/Admin/12d1e4e5385d0e6cc59fae6e536e9169.php 第 352 行.
NOTIC: [2] Division by zero /opt/lampp/htdocs/test/Application/Runtime/Cache/Admin/12d1e4e5385d0e6cc59fae6e536e9169.php 第 352 行.
NOTIC: [8] Undefined index: company /opt/lampp/htdocs/test/Application/Runtime/Cache/Admin/12d1e4e5385d0e6cc59fae6e536e9169.php 第 335 行.
NOTIC: [2] Division by zero /opt/lampp/htdocs/test/Application/Runtime/Cache/Admin/12d1e4e5385d0e6cc59fae6e536e9169.php 第 340 行.
NOTIC: [2] Division by zero /opt/lampp/htdocs/test/Application/Runtime/Cache/Admin/12d1e4e5385d0e6cc59fae6e536e9169.php 第 344 行.
NOTIC: [8] Undefined index: cost_money /opt/lampp/htdocs/test/Application/Runtime/Cache/Admin/12d1e4e5385d0e6cc59fae6e536e9169.php 第 347 行.
NOTIC: [8] Undefined variable: total /opt/lampp/htdocs/test/Application/Runtime/Cache/Admin/12d1e4e5385d0e6cc59fae6e536e9169.php 第 352 行.
NOTIC: [2] Division by zero /opt/lampp/htdocs/test/Application/Runtime/Cache/Admin/12d1e4e5385d0e6cc59fae6e536e9169.php 第 352 行.
NOTIC: [8] Undefined index: company /opt/lampp/htdocs/test/Application/Runtime/Cache/Admin/12d1e4e5385d0e6cc59fae6e536e9169.php 第 335 行.
NOTIC: [2] Division by zero /opt/lampp/htdocs/test/Application/Runtime/Cache/Admin/12d1e4e5385d0e6cc59fae6e536e9169.php 第 340 行.
NOTIC: [2] Division by zero /opt/lampp/htdocs/test/Application/Runtime/Cache/Admin/12d1e4e5385d0e6cc59fae6e536e9169.php 第 344 行.
NOTIC: [8] Undefined index: cost_money /opt/lampp/htdocs/test/Application/Runtime/Cache/Admin/12d1e4e5385d0e6cc59fae6e536e9169.php 第 347 行.
NOTIC: [8] Undefined variable: total /opt/lampp/htdocs/test/Application/Runtime/Cache/Admin/12d1e4e5385d0e6cc59fae6e536e9169.php 第 352 行.
NOTIC: [2] Division by zero /opt/lampp/htdocs/test/Application/Runtime/Cache/Admin/12d1e4e5385d0e6cc59fae6e536e9169.php 第 352 行.
NOTIC: [8] Undefined index: company /opt/lampp/htdocs/test/Application/Runtime/Cache/Admin/12d1e4e5385d0e6cc59fae6e536e9169.php 第 335 行.
NOTIC: [2] Division by zero /opt/lampp/htdocs/test/Application/Runtime/Cache/Admin/12d1e4e5385d0e6cc59fae6e536e9169.php 第 340 行.
NOTIC: [2] Division by zero /opt/lampp/htdocs/test/Application/Runtime/Cache/Admin/12d1e4e5385d0e6cc59fae6e536e9169.php 第 344 行.
NOTIC: [8] Undefined index: cost_money /opt/lampp/htdocs/test/Application/Runtime/Cache/Admin/12d1e4e5385d0e6cc59fae6e536e9169.php 第 347 行.
NOTIC: [8] Undefined variable: total /opt/lampp/htdocs/test/Application/Runtime/Cache/Admin/12d1e4e5385d0e6cc59fae6e536e9169.php 第 352 行.
NOTIC: [2] Division by zero /opt/lampp/htdocs/test/Application/Runtime/Cache/Admin/12d1e4e5385d0e6cc59fae6e536e9169.php 第 352 行.
INFO: Run Behavior\ParseTemplateBehavior [ RunTime:0.010575s ]
INFO: [ view_parse ] --END-- [ RunTime:0.010603s ]
INFO: [ view_filter ] --START--
INFO: Run Behavior\WriteHtmlCacheBehavior [ RunTime:0.000097s ]
INFO: [ view_filter ] --END-- [ RunTime:0.000119s ]
INFO: [ app_end ] --START--
INFO: Run Behavior\ShowPageTraceBehavior [ RunTime:0.000268s ]
INFO: [ app_end ] --END-- [ RunTime:0.000298s ]

[ 2018-02-06T17:36:56+08:00 ] 60.177.236.150 /test/index.php/Admin/Active/coupon_add.html
INFO: [ app_init ] --START--
INFO: Run Behavior\BuildLiteBehavior [ RunTime:0.000010s ]
INFO: [ app_init ] --END-- [ RunTime:0.000239s ]
INFO: [ app_begin ] --START--
INFO: Run Behavior\ReadHtmlCacheBehavior [ RunTime:0.000295s ]
INFO: [ app_begin ] --END-- [ RunTime:0.000328s ]
INFO: [ view_parse ] --START--
INFO: [ template_filter ] --START--
INFO: Run Behavior\ContentReplaceBehavior [ RunTime:0.000054s ]
INFO: [ template_filter ] --END-- [ RunTime:0.000085s ]
NOTIC: [8] Undefined variable: list /opt/lampp/htdocs/test/Application/Runtime/Cache/Admin/b00ad33c3db4f53a793f5910be475e62.php 第 271 行.
NOTIC: [8] Undefined variable: list /opt/lampp/htdocs/test/Application/Runtime/Cache/Admin/b00ad33c3db4f53a793f5910be475e62.php 第 282 行.
NOTIC: [8] Undefined variable: starttime /opt/lampp/htdocs/test/Application/Runtime/Cache/Admin/b00ad33c3db4f53a793f5910be475e62.php 第 335 行.
INFO: Run Behavior\ParseTemplateBehavior [ RunTime:0.007289s ]
INFO: [ view_parse ] --END-- [ RunTime:0.007321s ]
INFO: [ view_filter ] --START--
INFO: Run Behavior\WriteHtmlCacheBehavior [ RunTime:0.000086s ]
INFO: [ view_filter ] --END-- [ RunTime:0.000122s ]
INFO: [ app_end ] --START--
INFO: Run Behavior\ShowPageTraceBehavior [ RunTime:0.000300s ]
INFO: [ app_end ] --END-- [ RunTime:0.000328s ]

[ 2018-02-06T17:37:55+08:00 ] 101.226.225.59 /test/index.php/admin/active/active.html
INFO: [ app_init ] --START--
INFO: Run Behavior\BuildLiteBehavior [ RunTime:0.000009s ]
INFO: [ app_init ] --END-- [ RunTime:0.000218s ]
INFO: [ app_begin ] --START--
INFO: Run Behavior\ReadHtmlCacheBehavior [ RunTime:0.000298s ]
INFO: [ app_begin ] --END-- [ RunTime:0.000330s ]

